2023-06-22 19:55:46,118 [INFO] root tankworker.py:153	Log file created
2023-06-22 19:55:46,118 [INFO] root tankworker.py:157	Logging handler <FileHandler /var/loadtest/tank_errors.log (WARNING)> added
2023-06-22 19:55:46,118 [INFO] root tankworker.py:157	Logging handler <StreamHandler <stdout> (INFO)> added
2023-06-22 19:55:46,118 [INFO] root tankworker.py:157	Logging handler <StreamHandler <stderr> (NOTSET)> added
2023-06-22 19:55:46,127 [INFO] root tankworker.py:69	Created a folder for the test. /var/loadtest/logs/2023-06-22_19-55-46.099784
2023-06-22 19:55:46,127 [INFO] yandextank.core.tankcore tankcore.py:254	Configuring plugins...
2023-06-22 19:55:46,128 [INFO] yandextank.core.tankcore tankcore.py:205	Loading plugins...
2023-06-22 19:55:46,128 [INFO] yandextank.core.tankcore tankcore.py:215	Trying to import module: autostop
2023-06-22 19:55:46,128 [INFO] yandextank.core.tankcore tankcore.py:216	Path: yandextank.plugins.Autostop
2023-06-22 19:55:46,128 [INFO] yandextank.core.tankcore tankcore.py:215	Trying to import module: console
2023-06-22 19:55:46,128 [INFO] yandextank.core.tankcore tankcore.py:216	Path: yandextank.plugins.Console
2023-06-22 19:55:46,128 [INFO] yandextank.core.tankcore tankcore.py:215	Trying to import module: json_report
2023-06-22 19:55:46,128 [INFO] yandextank.core.tankcore tankcore.py:216	Path: yandextank.plugins.JsonReport
2023-06-22 19:55:46,128 [INFO] yandextank.core.tankcore tankcore.py:215	Trying to import module: phantom
2023-06-22 19:55:46,128 [INFO] yandextank.core.tankcore tankcore.py:216	Path: yandextank.plugins.Phantom
2023-06-22 19:55:46,129 [INFO] yandextank.core.tankcore tankcore.py:215	Trying to import module: rcheck
2023-06-22 19:55:46,129 [INFO] yandextank.core.tankcore tankcore.py:216	Path: yandextank.plugins.ResourceCheck
2023-06-22 19:55:46,129 [INFO] yandextank.core.tankcore tankcore.py:215	Trying to import module: shellexec
2023-06-22 19:55:46,129 [INFO] yandextank.core.tankcore tankcore.py:216	Path: yandextank.plugins.ShellExec
2023-06-22 19:55:46,129 [INFO] yandextank.core.tankcore tankcore.py:215	Trying to import module: rcassert
2023-06-22 19:55:46,129 [INFO] yandextank.core.tankcore tankcore.py:216	Path: yandextank.plugins.RCAssert
2023-06-22 19:55:46,132 [INFO] yandextank.common.util util.py:578	Testing connection to resolved address 172.24.0.2 and port 80
2023-06-22 19:55:46,132 [INFO] yandextank.plugins.Phantom.utils utils.py:277	Resolved server into 172.24.0.2:80
2023-06-22 19:55:46,132 [INFO] yandextank.stepper.main main.py:197	Configuring StepperWrapper...
2023-06-22 19:55:46,133 [INFO] yandextank.stepper.main main.py:251	Using cached stpd-file: /var/loadtest/logs/_9076aced7b202675576c8d51436c18ff.stpd
2023-06-22 19:55:46,133 [INFO] yandextank.stepper.main main.py:254	rps_schedule is set. Overriding cached instances param from config: 1000
2023-06-22 19:55:46,135 [INFO] yandextank.core.tankcore tankcore.py:268	Preparing test...
2023-06-22 19:55:46,141 [INFO] yandextank.common.interfaces plugin.py:38	Checking tank resources...
2023-06-22 19:55:46,146 [INFO] yandextank.core.tankcore tankcore.py:278	Starting test...
2023-06-22 19:55:46,147 [INFO] yandextank.aggregator.tank_aggregator tank_aggregator.py:65	using verbose histogram
2023-06-22 19:55:46,149 [INFO] yandextank.core.tankcore tankcore.py:285	Plugin plugin_autostop required 0.000007 seconds to start
2023-06-22 19:55:46,149 [INFO] yandextank.core.tankcore tankcore.py:285	Plugin plugin_console required 0.000003 seconds to start
2023-06-22 19:55:46,149 [INFO] yandextank.core.tankcore tankcore.py:285	Plugin plugin_json_report required 0.000006 seconds to start
2023-06-22 19:55:46,152 [INFO] yandextank.core.tankcore tankcore.py:285	Plugin plugin_phantom required 0.002889 seconds to start
2023-06-22 19:55:46,152 [INFO] yandextank.core.tankcore tankcore.py:285	Plugin plugin_rcheck required 0.000006 seconds to start
2023-06-22 19:55:46,152 [INFO] yandextank.core.tankcore tankcore.py:285	Plugin plugin_shellexec required 0.000007 seconds to start
2023-06-22 19:55:46,152 [INFO] yandextank.core.tankcore tankcore.py:285	Plugin plugin_rcassert required 0.000006 seconds to start
2023-06-22 19:55:46,153 [INFO] yandextank.core.tankcore tankcore.py:294	Waiting for test to finish...
2023-06-22 19:55:46,153 [INFO] yandextank.core.tankcore tankcore.py:295	Artifacts dir: /var/loadtest/logs/2023-06-22_19-55-46.099784
2023-06-22 19:56:46,387 [INFO] yandextank.plugins.Phantom.plugin plugin.py:155	Phantom done its work with exit code: 0
2023-06-22 19:56:46,387 [INFO] yandextank.core.tankcore tankcore.py:331	Finishing test...
2023-06-22 19:56:46,388 [INFO] yandextank.core.tankcore tankcore.py:334	Stopping load generator and aggregator
2023-06-22 19:56:46,388 [INFO] yandextank.aggregator.tank_aggregator tank_aggregator.py:126	Closing stats reader
2023-06-22 19:56:46,388 [INFO] yandextank.aggregator.tank_aggregator tank_aggregator.py:129	Waiting for gun drain to finish
2023-06-22 19:56:46,778 [INFO] yandextank.aggregator.tank_aggregator tank_aggregator.py:131	Waiting for stats drain to finish
2023-06-22 19:56:46,795 [INFO] yandextank.aggregator.tank_aggregator tank_aggregator.py:133	Collecting remaining data
2023-06-22 19:56:46,796 [INFO] yandextank.aggregator.tank_aggregator tank_aggregator.py:111	Timestamps without stats:
2023-06-22 19:56:46,796 [INFO] yandextank.aggregator.tank_aggregator tank_aggregator.py:113	1687463806
2023-06-22 19:56:46,800 [INFO] yandextank.core.tankcore tankcore.py:338	Stopping monitoring
2023-06-22 19:56:46,800 [INFO] yandextank.core.tankcore tankcore.py:361	Post-processing test...
2023-06-22 19:56:46,800 [INFO] yandextank.common.util util.py:816	Trying to clean up
2023-06-22 19:56:46,801 [INFO] yandextank.core.tankcore tankcore.py:562	Cleaning up plugin plugin_autostop
2023-06-22 19:56:46,801 [INFO] yandextank.core.tankcore tankcore.py:562	Cleaning up plugin plugin_console
2023-06-22 19:56:46,801 [INFO] yandextank.core.tankcore tankcore.py:562	Cleaning up plugin plugin_json_report
2023-06-22 19:56:46,801 [INFO] yandextank.core.tankcore tankcore.py:562	Cleaning up plugin plugin_phantom
2023-06-22 19:56:46,801 [INFO] yandextank.core.tankcore tankcore.py:562	Cleaning up plugin plugin_rcheck
2023-06-22 19:56:46,801 [INFO] yandextank.core.tankcore tankcore.py:562	Cleaning up plugin plugin_shellexec
2023-06-22 19:56:46,801 [INFO] yandextank.core.tankcore tankcore.py:562	Cleaning up plugin plugin_rcassert
2023-06-22 19:56:46,801 [INFO] yandextank.core.tankcore tankcore.py:630	Releasing lock: /var/lock/lunapark_tg0tq4sr.lock
2023-06-22 19:56:46,803 [INFO] yandextank.core.tankcore tankcore.py:405	Artifacts dir: /var/loadtest/logs/2023-06-22_19-55-46.099784
2023-06-22 19:56:46,803 [INFO] yandextank.core.tankcore tankcore.py:461	File not found to collect: validation_error.yaml
2023-06-22 19:56:46,803 [INFO] yandextank.core.tankcore tankcore.py:466	File already exists: /var/loadtest/logs/2023-06-22_19-55-46.099784/answ_snu29fus.log
2023-06-22 19:56:46,803 [INFO] yandextank.core.tankcore tankcore.py:466	File already exists: /var/loadtest/logs/2023-06-22_19-55-46.099784/phout_0wbbo3b9.log
2023-06-22 19:56:46,803 [INFO] yandextank.core.tankcore tankcore.py:466	File already exists: /var/loadtest/logs/2023-06-22_19-55-46.099784/phantom_stat_prxbeudo.log
2023-06-22 19:56:46,803 [INFO] yandextank.core.tankcore tankcore.py:466	File already exists: /var/loadtest/logs/2023-06-22_19-55-46.099784/phantom_cdnb_7iu.log
2023-06-22 19:56:46,803 [INFO] yandextank.core.tankcore tankcore.py:466	File already exists: /var/loadtest/logs/2023-06-22_19-55-46.099784/phantom_2xb79bhl.conf
2023-06-22 19:56:46,803 [INFO] yandextank.core.tankcore tankcore.py:466	File already exists: /var/loadtest/logs/2023-06-22_19-55-46.099784/phantom_stdout_stderr_1uz193sf.log
