2023-06-26 11:41:18,513 [INFO] root tankworker.py:153	Log file created
2023-06-26 11:41:18,513 [INFO] root tankworker.py:157	Logging handler <FileHandler /var/loadtest/tank_errors.log (WARNING)> added
2023-06-26 11:41:18,513 [INFO] root tankworker.py:157	Logging handler <StreamHandler <stdout> (INFO)> added
2023-06-26 11:41:18,513 [INFO] root tankworker.py:157	Logging handler <StreamHandler <stderr> (NOTSET)> added
2023-06-26 11:41:18,521 [INFO] root tankworker.py:69	Created a folder for the test. /var/loadtest/logs/2023-06-26_11-41-18.492096
2023-06-26 11:41:18,522 [INFO] yandextank.core.tankcore tankcore.py:254	Configuring plugins...
2023-06-26 11:41:18,522 [INFO] yandextank.core.tankcore tankcore.py:205	Loading plugins...
2023-06-26 11:41:18,522 [INFO] yandextank.core.tankcore tankcore.py:215	Trying to import module: autostop
2023-06-26 11:41:18,522 [INFO] yandextank.core.tankcore tankcore.py:216	Path: yandextank.plugins.Autostop
2023-06-26 11:41:18,523 [INFO] yandextank.core.tankcore tankcore.py:215	Trying to import module: console
2023-06-26 11:41:18,523 [INFO] yandextank.core.tankcore tankcore.py:216	Path: yandextank.plugins.Console
2023-06-26 11:41:18,523 [INFO] yandextank.core.tankcore tankcore.py:215	Trying to import module: json_report
2023-06-26 11:41:18,523 [INFO] yandextank.core.tankcore tankcore.py:216	Path: yandextank.plugins.JsonReport
2023-06-26 11:41:18,523 [INFO] yandextank.core.tankcore tankcore.py:215	Trying to import module: phantom
2023-06-26 11:41:18,523 [INFO] yandextank.core.tankcore tankcore.py:216	Path: yandextank.plugins.Phantom
2023-06-26 11:41:18,523 [INFO] yandextank.core.tankcore tankcore.py:215	Trying to import module: rcheck
2023-06-26 11:41:18,523 [INFO] yandextank.core.tankcore tankcore.py:216	Path: yandextank.plugins.ResourceCheck
2023-06-26 11:41:18,523 [INFO] yandextank.core.tankcore tankcore.py:215	Trying to import module: shellexec
2023-06-26 11:41:18,523 [INFO] yandextank.core.tankcore tankcore.py:216	Path: yandextank.plugins.ShellExec
2023-06-26 11:41:18,524 [INFO] yandextank.core.tankcore tankcore.py:215	Trying to import module: rcassert
2023-06-26 11:41:18,524 [INFO] yandextank.core.tankcore tankcore.py:216	Path: yandextank.plugins.RCAssert
2023-06-26 11:41:18,528 [INFO] yandextank.common.util util.py:578	Testing connection to resolved address 172.24.0.4 and port 80
2023-06-26 11:41:18,528 [INFO] yandextank.plugins.Phantom.utils utils.py:277	Resolved server into 172.24.0.4:80
2023-06-26 11:41:18,528 [INFO] yandextank.stepper.main main.py:197	Configuring StepperWrapper...
2023-06-26 11:41:18,528 [INFO] yandextank.stepper.main main.py:251	Using cached stpd-file: /var/loadtest/logs/_2d29849af2bafb7a3d9fa7c4448bb742.stpd
2023-06-26 11:41:18,529 [INFO] yandextank.stepper.main main.py:254	rps_schedule is set. Overriding cached instances param from config: 1000
2023-06-26 11:41:18,531 [INFO] yandextank.core.tankcore tankcore.py:268	Preparing test...
2023-06-26 11:41:18,542 [INFO] yandextank.common.interfaces plugin.py:38	Checking tank resources...
2023-06-26 11:41:18,547 [INFO] yandextank.core.tankcore tankcore.py:278	Starting test...
2023-06-26 11:41:18,549 [INFO] yandextank.aggregator.tank_aggregator tank_aggregator.py:65	using verbose histogram
2023-06-26 11:41:18,550 [INFO] yandextank.core.tankcore tankcore.py:285	Plugin plugin_autostop required 0.000005 seconds to start
2023-06-26 11:41:18,551 [INFO] yandextank.core.tankcore tankcore.py:285	Plugin plugin_console required 0.000003 seconds to start
2023-06-26 11:41:18,551 [INFO] yandextank.core.tankcore tankcore.py:285	Plugin plugin_json_report required 0.000002 seconds to start
2023-06-26 11:41:18,554 [INFO] yandextank.core.tankcore tankcore.py:285	Plugin plugin_phantom required 0.002812 seconds to start
2023-06-26 11:41:18,554 [INFO] yandextank.core.tankcore tankcore.py:285	Plugin plugin_rcheck required 0.000005 seconds to start
2023-06-26 11:41:18,554 [INFO] yandextank.core.tankcore tankcore.py:285	Plugin plugin_shellexec required 0.000007 seconds to start
2023-06-26 11:41:18,554 [INFO] yandextank.core.tankcore tankcore.py:285	Plugin plugin_rcassert required 0.000002 seconds to start
2023-06-26 11:41:18,555 [INFO] yandextank.core.tankcore tankcore.py:294	Waiting for test to finish...
2023-06-26 11:41:18,555 [INFO] yandextank.core.tankcore tankcore.py:295	Artifacts dir: /var/loadtest/logs/2023-06-26_11-41-18.492096
2023-06-26 11:43:45,866 [INFO] yandextank.plugins.Phantom.plugin plugin.py:155	Phantom done its work with exit code: 0
2023-06-26 11:43:45,866 [INFO] yandextank.core.tankcore tankcore.py:331	Finishing test...
2023-06-26 11:43:45,867 [INFO] yandextank.core.tankcore tankcore.py:334	Stopping load generator and aggregator
2023-06-26 11:43:45,867 [INFO] yandextank.aggregator.tank_aggregator tank_aggregator.py:126	Closing stats reader
2023-06-26 11:43:45,867 [INFO] yandextank.aggregator.tank_aggregator tank_aggregator.py:129	Waiting for gun drain to finish
2023-06-26 11:43:46,139 [INFO] yandextank.aggregator.tank_aggregator tank_aggregator.py:131	Waiting for stats drain to finish
2023-06-26 11:43:46,262 [INFO] yandextank.aggregator.tank_aggregator tank_aggregator.py:133	Collecting remaining data
2023-06-26 11:43:46,262 [INFO] yandextank.aggregator.tank_aggregator tank_aggregator.py:111	Timestamps without stats:
2023-06-26 11:43:46,262 [INFO] yandextank.aggregator.tank_aggregator tank_aggregator.py:113	1687779825
2023-06-26 11:43:46,264 [INFO] yandextank.core.tankcore tankcore.py:338	Stopping monitoring
2023-06-26 11:43:46,264 [INFO] yandextank.core.tankcore tankcore.py:361	Post-processing test...
2023-06-26 11:43:46,265 [INFO] yandextank.common.util util.py:816	Trying to clean up
2023-06-26 11:43:46,265 [INFO] yandextank.core.tankcore tankcore.py:562	Cleaning up plugin plugin_autostop
2023-06-26 11:43:46,265 [INFO] yandextank.core.tankcore tankcore.py:562	Cleaning up plugin plugin_console
2023-06-26 11:43:46,265 [INFO] yandextank.core.tankcore tankcore.py:562	Cleaning up plugin plugin_json_report
2023-06-26 11:43:46,265 [INFO] yandextank.core.tankcore tankcore.py:562	Cleaning up plugin plugin_phantom
2023-06-26 11:43:46,265 [INFO] yandextank.core.tankcore tankcore.py:562	Cleaning up plugin plugin_rcheck
2023-06-26 11:43:46,265 [INFO] yandextank.core.tankcore tankcore.py:562	Cleaning up plugin plugin_shellexec
2023-06-26 11:43:46,265 [INFO] yandextank.core.tankcore tankcore.py:562	Cleaning up plugin plugin_rcassert
2023-06-26 11:43:46,265 [INFO] yandextank.core.tankcore tankcore.py:630	Releasing lock: /var/lock/lunapark_su5fd1xi.lock
2023-06-26 11:43:46,267 [INFO] yandextank.core.tankcore tankcore.py:405	Artifacts dir: /var/loadtest/logs/2023-06-26_11-41-18.492096
2023-06-26 11:43:46,267 [INFO] yandextank.core.tankcore tankcore.py:461	File not found to collect: validation_error.yaml
2023-06-26 11:43:46,267 [INFO] yandextank.core.tankcore tankcore.py:466	File already exists: /var/loadtest/logs/2023-06-26_11-41-18.492096/answ_kwcuncj2.log
2023-06-26 11:43:46,267 [INFO] yandextank.core.tankcore tankcore.py:466	File already exists: /var/loadtest/logs/2023-06-26_11-41-18.492096/phout_13d9or2z.log
2023-06-26 11:43:46,267 [INFO] yandextank.core.tankcore tankcore.py:466	File already exists: /var/loadtest/logs/2023-06-26_11-41-18.492096/phantom_stat_zv2c1p_x.log
2023-06-26 11:43:46,267 [INFO] yandextank.core.tankcore tankcore.py:466	File already exists: /var/loadtest/logs/2023-06-26_11-41-18.492096/phantom_voz1mfg3.log
2023-06-26 11:43:46,267 [INFO] yandextank.core.tankcore tankcore.py:466	File already exists: /var/loadtest/logs/2023-06-26_11-41-18.492096/phantom_4a9l3cet.conf
2023-06-26 11:43:46,267 [INFO] yandextank.core.tankcore tankcore.py:466	File already exists: /var/loadtest/logs/2023-06-26_11-41-18.492096/phantom_stdout_stderr_svdy1j2b.log
