"2023-07-07 14:31:42.225 +0000" : {
  "main_scheduler" : {
    "bqs" : {
      "00037" : {
        "mmconts" : [0, 200, 201],
        "acts" : [277, 276],
        "tstate" : { "idle" : 993998, "run" : 6265, "locked" : 543, "mmap" : 0 }
      },
      "00038" : {
        "mmconts" : [0, 200, 201],
        "acts" : [69, 68],
        "tstate" : { "idle" : 988809, "run" : 10208, "locked" : 94, "mmap" : 1656 }
      },
      "00039" : {
        "mmconts" : [0, 200, 201],
        "acts" : [272, 271],
        "tstate" : { "idle" : 994241, "run" : 6470, "locked" : 11, "mmap" : 23 }
      },
      "00040" : {
        "mmconts" : [0, 200, 201],
        "acts" : [272, 271],
        "tstate" : { "idle" : 994548, "run" : 6175, "locked" : 1, "mmap" : 3 }
      },
      "00041" : {
        "mmconts" : [0, 200, 201],
        "acts" : [264, 263],
        "tstate" : { "idle" : 994573, "run" : 6129, "locked" : 0, "mmap" : 6 }
      }
    }
  },
  "benchmark_io" : {
    "simple_times" : {
      "mcount" : {
        "mcount" : { "41 -- 65" : 3, "25 -- 41" : 5, "16 -- 25" : 5, "10 -- 16" : 18, "6 -- 10" : 76 }
      }
    },
    "stream_method" : {
      "conns" : [108, 107],
      "in" : [3901648, 3897933],
      "out" : [3456, 3452],
      "mmtasks" : [0, 1, 6],
      "load" : 0.018,
      "mcount" : {
        "mcount" : { "Success" : 107 }
      },
      "http_proto0" : {
        "mcount" : {
          "mcount" : { "OK" : 107 }
        }
      },
      "source_log" : {
        "delta" : [0, 0, 663]
      },
      "loggers" : {
        "brief_logger" : {
          "records" : [107, 106],
          "out" : [6045, 6038]
        }
      }
    }
  }
},
"2023-07-07 14:31:43.225 +0000" : {
  "main_scheduler" : {
    "bqs" : {
      "00037" : {
        "mmconts" : [201, 201, 201],
        "acts" : [94, 93],
        "tstate" : { "idle" : 994490, "run" : 5813, "locked" : 0, "mmap" : 0 }
      },
      "00038" : {
        "mmconts" : [201, 201, 201],
        "acts" : [81, 80],
        "tstate" : { "idle" : 994508, "run" : 5795, "locked" : 0, "mmap" : 0 }
      },
      "00039" : {
        "mmconts" : [201, 201, 201],
        "acts" : [86, 85],
        "tstate" : { "idle" : 994611, "run" : 5692, "locked" : 0, "mmap" : 0 }
      },
      "00040" : {
        "mmconts" : [201, 201, 201],
        "acts" : [95, 94],
        "tstate" : { "idle" : 994552, "run" : 5750, "locked" : 0, "mmap" : 0 }
      },
      "00041" : {
        "mmconts" : [201, 201, 201],
        "acts" : [85, 84],
        "tstate" : { "idle" : 994428, "run" : 5874, "locked" : 0, "mmap" : 0 }
      }
    }
  },
  "benchmark_io" : {
    "simple_times" : {
      "mcount" : {
        "mcount" : { "10 -- 16" : 55, "6 -- 10" : 67 }
      }
    },
    "stream_method" : {
      "conns" : [123, 122],
      "in" : [4448608, 4447367],
      "out" : [3936, 3934],
      "mmtasks" : [0, 1, 2],
      "load" : 0.019,
      "mcount" : {
        "mcount" : { "Success" : 122 }
      },
      "http_proto0" : {
        "mcount" : {
          "mcount" : { "OK" : 122 }
        }
      },
      "source_log" : {
        "delta" : [0, 0, 0]
      },
      "loggers" : {
        "brief_logger" : {
          "records" : [122, 121],
          "out" : [6918, 6916]
        }
      }
    }
  }
},
"2023-07-07 14:31:44.224 +0000" : {
  "main_scheduler" : {
    "bqs" : {
      "00037" : {
        "mmconts" : [201, 201, 201],
        "acts" : [105, 105],
        "tstate" : { "idle" : 992752, "run" : 6450, "locked" : 0, "mmap" : 0 }
      },
      "00038" : {
        "mmconts" : [201, 201, 201],
        "acts" : [89, 89],
        "tstate" : { "idle" : 992367, "run" : 6836, "locked" : 0, "mmap" : 0 }
      },
      "00039" : {
        "mmconts" : [201, 201, 201],
        "acts" : [99, 99],
        "tstate" : { "idle" : 992422, "run" : 6780, "locked" : 0, "mmap" : 0 }
      },
      "00040" : {
        "mmconts" : [201, 201, 201],
        "acts" : [101, 101],
        "tstate" : { "idle" : 992917, "run" : 6286, "locked" : 0, "mmap" : 0 }
      },
      "00041" : {
        "mmconts" : [201, 201, 201],
        "acts" : [89, 89],
        "tstate" : { "idle" : 992440, "run" : 6763, "locked" : 0, "mmap" : 0 }
      }
    }
  },
  "benchmark_io" : {
    "simple_times" : {
      "mcount" : {
        "mcount" : { "16 -- 25" : 2, "10 -- 16" : 54, "6 -- 10" : 82 }
      }
    },
    "stream_method" : {
      "conns" : [137, 137],
      "in" : [5032032, 5035965],
      "out" : [4384, 4387],
      "mmtasks" : [0, 1, 3],
      "load" : 0.019,
      "mcount" : {
        "mcount" : { "Success" : 138 }
      },
      "http_proto0" : {
        "mcount" : {
          "mcount" : { "OK" : 138 }
        }
      },
      "source_log" : {
        "delta" : [0, 0, 0]
      },
      "loggers" : {
        "brief_logger" : {
          "records" : [138, 138],
          "out" : [7845, 7851]
        }
      }
    }
  }
},
"2023-07-07 14:31:45.225 +0000" : {
  "main_scheduler" : {
    "bqs" : {
      "00037" : {
        "mmconts" : [201, 201, 201],
        "acts" : [118, 117],
        "tstate" : { "idle" : 993956, "run" : 6971, "locked" : 0, "mmap" : 0 }
      },
      "00038" : {
        "mmconts" : [201, 201, 201],
        "acts" : [101, 100],
        "tstate" : { "idle" : 993784, "run" : 7143, "locked" : 0, "mmap" : 0 }
      },
      "00039" : {
        "mmconts" : [201, 201, 201],
        "acts" : [101, 100],
        "tstate" : { "idle" : 993500, "run" : 7427, "locked" : 0, "mmap" : 0 }
      },
      "00040" : {
        "mmconts" : [201, 201, 201],
        "acts" : [118, 117],
        "tstate" : { "idle" : 993330, "run" : 7597, "locked" : 0, "mmap" : 0 }
      },
      "00041" : {
        "mmconts" : [201, 201, 201],
        "acts" : [100, 99],
        "tstate" : { "idle" : 993287, "run" : 7640, "locked" : 0, "mmap" : 0 }
      }
    }
  },
  "benchmark_io" : {
    "simple_times" : {
      "mcount" : {
        "mcount" : { "16 -- 25" : 1, "10 -- 16" : 54, "6 -- 10" : 97 }
      }
    },
    "stream_method" : {
      "conns" : [153, 152],
      "in" : [5542528, 5537477],
      "out" : [4896, 4891],
      "mmtasks" : [0, 1, 3],
      "load" : 0.019,
      "mcount" : {
        "mcount" : { "Success" : 152 }
      },
      "http_proto0" : {
        "mcount" : {
          "mcount" : { "OK" : 152 }
        }
      },
      "source_log" : {
        "delta" : [0, 0, 0]
      },
      "loggers" : {
        "brief_logger" : {
          "records" : [152, 151],
          "out" : [8624, 8616]
        }
      }
    }
  }
},
"2023-07-07 14:31:46.225 +0000" : {
  "main_scheduler" : {
    "bqs" : {
      "00037" : {
        "mmconts" : [201, 201, 201],
        "acts" : [127, 127],
        "tstate" : { "idle" : 992170, "run" : 7705, "locked" : 0, "mmap" : 0 }
      },
      "00038" : {
        "mmconts" : [201, 201, 201],
        "acts" : [109, 109],
        "tstate" : { "idle" : 991960, "run" : 7915, "locked" : 0, "mmap" : 0 }
      },
      "00039" : {
        "mmconts" : [201, 201, 201],
        "acts" : [116, 116],
        "tstate" : { "idle" : 991625, "run" : 8251, "locked" : 0, "mmap" : 0 }
      },
      "00040" : {
        "mmconts" : [201, 201, 201],
        "acts" : [129, 129],
        "tstate" : { "idle" : 991997, "run" : 7878, "locked" : 0, "mmap" : 0 }
      },
      "00041" : {
        "mmconts" : [201, 201, 201],
        "acts" : [108, 108],
        "tstate" : { "idle" : 991977, "run" : 7899, "locked" : 0, "mmap" : 0 }
      }
    }
  },
  "benchmark_io" : {
    "simple_times" : {
      "mcount" : {
        "mcount" : { "10 -- 16" : 49, "6 -- 10" : 118 }
      }
    },
    "stream_method" : {
      "conns" : [167, 167],
      "in" : [6089488, 6090212],
      "out" : [5344, 5344],
      "mmtasks" : [1, 1, 3],
      "load" : 0.020,
      "mcount" : {
        "mcount" : { "Success" : 167 }
      },
      "http_proto0" : {
        "mcount" : {
          "mcount" : { "OK" : 167 }
        }
      },
      "source_log" : {
        "delta" : [0, 0, 0]
      },
      "loggers" : {
        "brief_logger" : {
          "records" : [167, 167],
          "out" : [9431, 9432]
        }
      }
    }
  }
},
"2023-07-07 14:31:47.225 +0000" : {
  "main_scheduler" : {
    "bqs" : {
      "00037" : {
        "mmconts" : [201, 201, 201],
        "acts" : [139, 139],
        "tstate" : { "idle" : 992063, "run" : 7915, "locked" : 0, "mmap" : 0 }
      },
      "00038" : {
        "mmconts" : [201, 201, 201],
        "acts" : [127, 127],
        "tstate" : { "idle" : 991520, "run" : 8459, "locked" : 0, "mmap" : 0 }
      },
      "00039" : {
        "mmconts" : [201, 201, 201],
        "acts" : [132, 132],
        "tstate" : { "idle" : 991677, "run" : 8301, "locked" : 0, "mmap" : 0 }
      },
      "00040" : {
        "mmconts" : [201, 201, 201],
        "acts" : [135, 135],
        "tstate" : { "idle" : 991503, "run" : 8476, "locked" : 0, "mmap" : 0 }
      },
      "00041" : {
        "mmconts" : [201, 201, 201],
        "acts" : [127, 127],
        "tstate" : { "idle" : 991719, "run" : 8259, "locked" : 0, "mmap" : 0 }
      }
    }
  },
  "benchmark_io" : {
    "simple_times" : {
      "mcount" : {
        "mcount" : { "10 -- 16" : 73, "6 -- 10" : 109 }
      }
    },
    "stream_method" : {
      "conns" : [183, 183],
      "in" : [6636448, 6636540],
      "out" : [5856, 5856],
      "mmtasks" : [1, 1, 4],
      "load" : 0.018,
      "mcount" : {
        "mcount" : { "Success" : 182 }
      },
      "http_proto0" : {
        "mcount" : {
          "mcount" : { "OK" : 182 }
        }
      },
      "source_log" : {
        "delta" : [0, 0, 0]
      },
      "loggers" : {
        "brief_logger" : {
          "records" : [182, 182],
          "out" : [10295, 10295]
        }
      }
    }
  }
},
"2023-07-07 14:31:48.225 +0000" : {
  "main_scheduler" : {
    "bqs" : {
      "00037" : {
        "mmconts" : [201, 201, 201],
        "acts" : [152, 152],
        "tstate" : { "idle" : 991267, "run" : 8462, "locked" : 0, "mmap" : 0 }
      },
      "00038" : {
        "mmconts" : [201, 201, 201],
        "acts" : [136, 136],
        "tstate" : { "idle" : 991254, "run" : 8474, "locked" : 0, "mmap" : 0 }
      },
      "00039" : {
        "mmconts" : [201, 201, 201],
        "acts" : [143, 143],
        "tstate" : { "idle" : 990975, "run" : 8753, "locked" : 0, "mmap" : 0 }
      },
      "00040" : {
        "mmconts" : [201, 201, 201],
        "acts" : [159, 159],
        "tstate" : { "idle" : 991223, "run" : 8505, "locked" : 0, "mmap" : 0 }
      },
      "00041" : {
        "mmconts" : [201, 201, 201],
        "acts" : [135, 135],
        "tstate" : { "idle" : 991121, "run" : 8607, "locked" : 0, "mmap" : 0 }
      }
    }
  },
  "benchmark_io" : {
    "simple_times" : {
      "mcount" : {
        "mcount" : { "25 -- 41" : 2, "16 -- 25" : 24, "10 -- 16" : 60, "6 -- 10" : 111 }
      }
    },
    "stream_method" : {
      "conns" : [197, 197],
      "in" : [7183408, 7185441],
      "out" : [6304, 6305],
      "mmtasks" : [1, 2, 6],
      "load" : 0.015,
      "mcount" : {
        "mcount" : { "Success" : 197 }
      },
      "http_proto0" : {
        "mcount" : {
          "mcount" : { "OK" : 197 }
        }
      },
      "source_log" : {
        "delta" : [0, 0, 0]
      },
      "loggers" : {
        "brief_logger" : {
          "records" : [197, 197],
          "out" : [11148, 11151]
        }
      }
    }
  }
},
"2023-07-07 14:31:49.226 +0000" : {
  "main_scheduler" : {
    "bqs" : {
      "00037" : {
        "mmconts" : [201, 201, 201],
        "acts" : [158, 157],
        "tstate" : { "idle" : 992488, "run" : 9201, "locked" : 0, "mmap" : 0 }
      },
      "00038" : {
        "mmconts" : [201, 201, 201],
        "acts" : [164, 163],
        "tstate" : { "idle" : 992561, "run" : 9127, "locked" : 0, "mmap" : 0 }
      },
      "00039" : {
        "mmconts" : [201, 201, 201],
        "acts" : [161, 160],
        "tstate" : { "idle" : 992565, "run" : 9124, "locked" : 0, "mmap" : 0 }
      },
      "00040" : {
        "mmconts" : [201, 201, 201],
        "acts" : [165, 164],
        "tstate" : { "idle" : 992335, "run" : 9353, "locked" : 0, "mmap" : 0 }
      },
      "00041" : {
        "mmconts" : [201, 201, 201],
        "acts" : [156, 155],
        "tstate" : { "idle" : 992259, "run" : 9429, "locked" : 0, "mmap" : 0 }
      }
    }
  },
  "benchmark_io" : {
    "simple_times" : {
      "mcount" : {
        "mcount" : { "16 -- 25" : 16, "10 -- 16" : 112, "6 -- 10" : 84 }
      }
    },
    "stream_method" : {
      "conns" : [213, 212],
      "in" : [7730368, 7717271],
      "out" : [6816, 6804],
      "mmtasks" : [0, 2, 5],
      "load" : 0.015,
      "mcount" : {
        "mcount" : { "Success" : 212 }
      },
      "http_proto0" : {
        "mcount" : {
          "mcount" : { "OK" : 212 }
        }
      },
      "source_log" : {
        "delta" : [0, 0, 0]
      },
      "loggers" : {
        "brief_logger" : {
          "records" : [212, 211],
          "out" : [12104, 12083]
        }
      }
    }
  }
}