1688740301.225		18177	5711	72	12303	91	17885	32	36464	0	200
1688740301.233		11964	92	33	11720	119	11721	32	36464	0	200
1688740301.243		11280	107	40	11011	122	11017	32	36464	0	200
1688740301.253		10303	95	41	10052	115	10053	32	36464	0	200
1688740301.264		8740	85	19	8525	111	8522	32	36464	0	200
1688740301.274		7181	74	21	7026	60	7025	32	36464	0	200
1688740301.283		7090	69	21	6907	93	6905	32	36464	0	200
1688740301.294		7079	63	37	6915	64	6914	32	36464	0	200
1688740301.303		7793	63	18	7655	57	7652	32	36464	0	200
1688740301.314		8138	64	18	7982	74	7981	32	36464	0	200
1688740301.323		10035	74	22	9841	98	9839	32	36464	0	200
1688740301.334		8194	95	18	8011	70	8011	32	36464	0	200
1688740301.343		8540	83	36	8345	76	8345	32	36464	0	200
1688740301.352		11574	70	20	11394	90	11410	32	36464	0	200
1688740301.362		24105	126	27	23880	72	23880	32	36464	0	200
1688740301.372		15331	103	24	15147	57	15152	32	36464	0	200
1688740301.382		12469	93	23	12284	69	12282	32	36464	0	200
1688740301.392		9507	105	28	9312	62	9312	32	36464	0	200
1688740301.401		7439	71	18	7238	112	7235	32	36464	0	200
1688740301.412		7367	110	21	7157	79	7157	32	36464	0	200
1688740301.422		8166	112	18	7946	90	7953	32	36464	0	200
1688740301.431		8621	83	29	8344	165	8423	32	36464	0	200
1688740301.440		9468	73	22	9266	107	9263	32	36464	0	200
1688740301.450		7990	72	21	7817	80	7815	32	36464	0	200
1688740301.459		7210	86	24	6977	123	6978	32	36464	0	200
1688740301.470		7715	96	46	7486	87	7496	32	36464	0	200
1688740301.479		8535	66	32	8326	111	8324	32	36464	0	200
1688740301.489		8003	78	23	7818	84	7816	32	36464	0	200
1688740301.498		8179	75	21	8004	79	8003	32	36464	0	200
1688740301.507		7612	85	22	7410	95	7409	32	36464	0	200
1688740301.518		7389	85	34	7197	73	7195	32	36464	0	200
1688740301.527		6928	88	17	6728	95	6726	32	36464	0	200
1688740301.537		25783	198	64	25177	344	25301	32	36464	0	200
1688740301.547		26673	303	101	26104	165	26109	32	36464	0	200
1688740301.555		49928	240	87	49425	176	49434	32	36464	0	200
1688740301.565		48537	221	76	48007	233	48111	32	36464	0	200
1688740301.575		42136	192	69	41782	93	41785	32	36464	0	200
1688740301.584		35316	239	79	34901	97	34913	32	36464	0	200
1688740301.594		38174	228	86	37771	89	37794	32	36464	0	200
1688740301.604		34093	240	72	33675	106	33681	32	36464	0	200
1688740301.612		28316	183	61	27990	82	27996	32	36464	0	200
1688740301.622		19954	157	50	19673	74	19682	32	36464	0	200
1688740301.631		19763	127	36	19535	65	19540	32	36464	0	200
1688740301.640		12307	91	24	12129	63	12130	32	36464	0	200
1688740301.651		8812	95	27	8629	61	8629	32	36464	0	200
1688740301.660		7319	69	19	7144	87	7142	32	36464	0	200
1688740301.670		7975	61	33	7811	70	7809	32	36464	0	200
1688740301.678		8625	83	22	8449	71	8450	32	36464	0	200
1688740301.688		9981	68	19	9805	89	9817	32	36464	0	200
1688740301.698		10479	89	21	10277	92	10277	32	36464	0	200
1688740301.706		14495	142	37	14233	83	14233	32	36464	0	200
1688740301.716		13788	102	27	13561	98	13558	32	36464	0	200
1688740301.725		9630	121	33	9387	89	9392	32	36464	0	200
1688740301.735		7972	95	22	7757	98	7754	32	36464	0	200
1688740301.743		8050	77	22	7880	71	7878	32	36464	0	200
1688740301.753		8883	78	29	8689	87	8705	32	36464	0	200
1688740301.762		8042	111	27	7794	110	7793	32	36464	0	200
1688740301.772		8721	96	22	8493	110	8491	32	36464	0	200
1688740301.781		8081	76	37	7855	113	7854	32	36464	0	200
1688740301.789		7574	73	21	7384	96	7382	32	36464	0	200
1688740301.799		7953	89	18	7785	61	7787	32	36464	0	200
1688740301.808		7816	71	21	7658	66	7656	32	36464	0	200
1688740301.817		8058	77	22	7854	105	7852	32	36464	0	200
1688740301.827		7673	82	23	7454	114	7486	32	36464	0	200
1688740301.836		8111	87	35	7883	106	7882	32	36464	0	200
1688740301.845		8297	74	22	8104	97	8103	32	36464	0	200
1688740301.854		8839	98	22	8634	85	8632	32	36464	0	200
1688740301.864		8243	96	28	8053	66	8055	32	36464	0	200
1688740301.873		8012	84	23	7791	114	7789	32	36464	0	200
1688740301.882		7802	72	22	7627	81	7626	32	36464	0	200
1688740301.891		7337	92	32	7108	105	7108	32	36464	0	200
1688740301.899		7499	93	24	7310	72	7310	32	36464	0	200
1688740301.909		7355	89	34	7153	79	7151	32	36464	0	200
1688740301.918		7790	95	22	7558	115	7556	32	36464	0	200
1688740301.927		7726	81	22	7515	108	7513	32	36464	0	200
1688740301.935		7535	68	26	7337	104	7337	32	36464	0	200
1688740301.946		8359	74	21	8186	78	8185	32	36464	0	200
1688740301.954		8971	142	37	8714	78	8732	32	36464	0	200
1688740301.964		7508	95	25	7284	104	7284	32	36464	0	200
1688740301.972		7292	70	22	7118	82	7116	32	36464	0	200
1688740301.982		7714	73	38	7548	55	7559	32	36464	0	200
1688740301.989		8212	75	19	8015	103	8013	32	36464	0	200
1688740301.998		8500	80	23	8316	81	8316	32	36464	0	200
1688740302.007		8137	89	26	7940	82	7938	32	36464	0	200
1688740302.017		8440	92	24	8229	95	8227	32	36464	0	200
1688740302.025		8441	92	26	8229	94	8231	32	36464	0	200
1688740302.034		8280	94	23	8081	82	8081	32	36464	0	200
1688740302.044		7653	81	23	7475	74	7474	32	36464	0	200
1688740302.052		8176	88	25	7962	101	7962	32	36464	0	200
1688740302.061		8369	73	22	8210	64	8208	32	36464	0	200
1688740302.071		8420	58	17	8243	102	8226	32	36464	0	200
1688740302.079		8982	101	28	8777	76	8781	32	36464	0	200
1688740302.088		9438	99	22	9217	100	9220	32	36464	0	200
1688740302.096		10789	98	23	10607	61	10609	32	36464	0	200
1688740302.105		11776	103	23	11556	94	11558	32	36464	0	200
1688740302.114		10435	88	23	10249	75	10260	32	36464	0	200
1688740302.123		9581	86	23	9415	57	9422	32	36464	0	200
1688740302.132		8991	81	20	8786	104	8788	32	36464	0	200
1688740302.141		9426	88	27	9233	78	9238	32	36464	0	200
1688740302.150		9911	98	22	9700	91	9702	32	36464	0	200
1688740302.158		11906	112	27	11667	100	11669	32	36464	0	200
1688740302.167		12671	118	33	12403	117	12403	32	36464	0	200
1688740302.176		10819	116	33	10600	70	10603	32	36464	0	200
1688740302.184		10887	78	37	10690	82	10692	32	36464	0	200
1688740302.194		11337	99	21	11108	109	11105	32	36464	0	200
1688740302.202		9762	86	22	9578	76	9588	32	36464	0	200
1688740302.210		9581	104	28	9343	106	9344	32	36464	0	200
1688740302.219		9422	90	24	9226	82	9226	32	36464	0	200
1688740302.229		9106	72	36	8894	104	8917	32	36464	0	200
1688740302.238		9722	89	24	9534	75	9551	32	36464	0	200
1688740302.246		11765	94	23	11559	89	11561	32	36464	0	200
1688740302.255		9297	80	21	9079	117	9091	32	36464	0	200
1688740302.263		9644	127	27	9414	76	9416	32	36464	0	200
1688740302.272		9561	85	22	9374	80	9375	32	36464	0	200
1688740302.280		11233	116	29	11006	82	11006	32	36464	0	200
1688740302.288		10649	96	28	10446	79	10452	32	36464	0	200
1688740302.298		8882	79	22	8696	85	8696	32	36464	0	200
1688740302.307		10468	89	22	10285	72	10285	32	36464	0	200
1688740302.314		9935	86	38	9723	88	9725	32	36464	0	200
1688740302.323		9398	110	30	9192	66	9193	32	36464	0	200
1688740302.332		9960	89	23	9786	62	9799	32	36464	0	200
1688740302.340		9460	92	23	9273	72	9275	32	36464	0	200
1688740302.349		9147	88	25	8973	61	8982	32	36464	0	200
1688740302.358		9568	81	21	9402	64	9412	32	36464	0	200
1688740302.366		11043	88	23	10854	78	10855	32	36464	0	200
1688740302.374		9499	78	22	9334	65	9333	32	36464	0	200
1688740302.384		9131	82	20	8938	91	8942	32	36464	0	200
1688740302.392		8765	91	23	8586	65	8591	32	36464	0	200
1688740302.400		10979	89	21	10790	79	10799	32	36464	0	200
1688740302.408		10867	99	32	10656	80	10658	32	36464	0	200
1688740302.418		11705	93	22	11516	74	11513	32	36464	0	200
1688740302.426		12065	119	32	11848	66	11848	32	36464	0	200
1688740302.434		11437	114	32	11199	92	11203	32	36464	0	200
1688740302.443		10637	118	35	10387	97	10393	32	36464	0	200
1688740302.452		10602	89	31	10407	75	10409	32	36464	0	200
1688740302.459		11487	106	26	11261	94	11262	32	36464	0	200
1688740302.467		11223	90	22	11039	72	11040	32	36464	0	200
1688740302.477		11084	115	27	10852	90	10853	32	36464	0	200
1688740302.484		11875	94	24	11697	60	11706	32	36464	0	200
1688740302.493		11322	87	23	11141	71	11142	32	36464	0	200
1688740302.501		11694	99	38	11487	70	11495	32	36464	0	200
1688740302.509		10369	97	26	10157	89	10170	32	36464	0	200
1688740302.518		9493	111	26	9259	97	9262	32	36464	0	200
1688740302.527		9062	105	23	8844	90	8855	32	36464	0	200
1688740302.535		9697	80	52	9484	81	9486	32	36464	0	200
1688740302.544		10345	86	22	10173	64	10181	32	36464	0	200
1688740302.551		10614	97	33	10406	78	10410	32	36464	0	200
1688740302.561		10856	102	26	10656	72	10667	32	36464	0	200
1688740302.568		10674	90	25	10488	71	10500	32	36464	0	200
1688740302.576		9950	91	27	9676	156	9676	32	36464	0	200
1688740302.586		8637	111	29	8402	95	8416	32	36464	0	200
1688740302.593		9169	81	21	8987	80	8992	32	36464	0	200
1688740302.601		10057	108	31	9833	85	9842	32	36464	0	200
1688740302.610		9490	96	23	9289	82	9293	32	36464	0	200
1688740302.618		10914	91	23	10740	60	10742	32	36464	0	200
1688740302.626		11274	89	25	11068	92	11078	32	36464	0	200
1688740302.634		11219	107	31	11006	75	11009	32	36464	0	200
1688740302.643		9563	99	27	9376	61	9376	32	36464	0	200
1688740302.652		8319	78	37	8151	53	8155	32	36464	0	200
1688740302.660		8627	105	57	8382	83	8384	32	36464	0	200
1688740302.668		8401	97	27	8209	68	8219	32	36464	0	200
1688740302.675		10385	103	42	10182	58	10184	32	36464	0	200
1688740302.684		9001	93	36	8819	53	8824	32	36464	0	200
1688740302.692		8988	90	22	8809	67	8813	32	36464	0	200
1688740302.700		8911	90	23	8733	65	8739	32	36464	0	200
1688740302.708		9205	94	24	9015	72	9025	32	36464	0	200
1688740302.716		9190	94	24	8997	75	8996	32	36464	0	200
1688740302.726		10835	87	22	10668	58	10669	32	36464	0	200
1688740302.734		10918	84	22	10752	60	10762	32	36464	0	200
1688740302.742		10607	86	37	10409	75	10410	32	36464	0	200
1688740302.749		11575	83	24	11394	74	11392	32	36464	0	200
1688740302.757		10866	118	32	10630	86	10633	32	36464	0	200
1688740302.765		10923	98	27	10725	73	10729	32	36464	0	200
1688740302.773		9207	86	32	9016	73	9026	32	36464	0	200
1688740302.782		8526	79	22	8348	77	8360	32	36464	0	200
1688740302.790		7942	85	21	7771	65	7779	32	36464	0	200
1688740302.799		8876	110	20	8669	77	8671	32	36464	0	200
1688740302.807		10597	85	21	10416	75	10416	32	36464	0	200
1688740302.814		10945	100	29	10753	63	10764	32	36464	0	200
1688740302.822		10364	104	27	10152	81	10163	32	36464	0	200
1688740302.831		11938	118	31	11705	84	11725	32	36464	0	200
1688740302.838		7905	111	27	7693	74	7693	32	36464	0	200
1688740302.847		8030	73	29	7868	60	7869	32	36464	0	200
1688740302.855		8653	85	22	8464	82	8476	32	36464	0	200
1688740302.862		9194	102	25	9002	65	9004	32	36464	0	200
1688740302.870		9997	101	22	9779	95	9791	32	36464	0	200
1688740302.879		10999	122	33	10757	87	10757	32	36464	0	200
1688740302.887		10277	127	34	10044	72	10046	32	36464	0	200
1688740302.894		10134	90	32	9946	66	9954	32	36464	0	200
1688740302.903		11511	92	22	11297	100	11332	32	36464	0	200
1688740302.911		12240	98	29	12039	74	12039	32	36464	0	200
1688740302.918		8837	88	22	8652	75	8652	32	36464	0	200
1688740302.927		8998	88	22	8821	67	8827	32	36464	0	200
1688740302.935		8579	78	21	8416	64	8428	32	36464	0	200
1688740302.943		9059	85	35	8859	80	8860	32	36464	0	200
1688740302.950		10304	98	22	10126	58	10137	32	36464	0	200
1688740302.959		10698	88	22	10486	102	10486	32	36464	0	200
1688740302.966		11671	95	22	11473	81	11482	32	36464	0	200
1688740302.974		8420	103	28	8207	82	8207	32	36464	0	200
1688740302.983		9368	95	20	9180	73	9179	32	36464	0	200
1688740302.990		9956	116	31	9724	85	9734	32	36464	0	200
1688740302.997		11159	97	31	10967	64	10970	32	36464	0	200
1688740303.005		10537	87	22	10360	68	10361	32	36464	0	200
1688740303.013		9532	84	22	9364	62	9367	32	36464	0	200
1688740303.022		8998	117	26	8797	58	8799	32	36464	0	200
1688740303.030		8484	102	26	8272	84	8284	32	36464	0	200
1688740303.038		8081	99	26	7873	83	7885	32	36464	0	200
1688740303.046		8058	99	29	7858	72	7860	32	36464	0	200
1688740303.053		10120	87	39	9910	84	9910	32	36464	0	200
1688740303.060		9918	94	25	9739	60	9743	32	36464	0	200
1688740303.069		9147	93	25	8965	64	8973	32	36464	0	200
1688740303.076		10783	86	25	10595	77	10597	32	36464	0	200
1688740303.084		10823	111	26	10622	64	10627	32	36464	0	200
1688740303.092		9830	102	28	9643	57	9653	32	36464	0	200
1688740303.101		10072	98	22	9876	76	9880	32	36464	0	200
1688740303.108		9156	84	23	8972	77	8985	32	36464	0	200
1688740303.116		10653	86	22	10479	66	10480	32	36464	0	200
1688740303.124		8726	107	34	8517	68	8537	32	36464	0	200
1688740303.132		9539	90	23	9346	80	9351	32	36464	0	200
1688740303.138		9521	95	32	9295	99	9295	32	36464	0	200
1688740303.146		10600	91	25	10397	87	10404	32	36464	0	200
1688740303.154		11021	106	30	10826	59	10828	32	36464	0	200
1688740303.162		10616	90	23	10413	90	10413	32	36464	0	200
1688740303.170		10910	88	21	10744	57	10749	32	36464	0	200
1688740303.177		9325	87	22	9156	60	9160	32	36464	0	200
1688740303.186		8253	96	26	8056	75	8067	32	36464	0	200
1688740303.194		9456	83	22	9271	80	9273	32	36464	0	200
1688740303.200		11028	85	23	10857	63	10858	32	36464	0	200
1688740303.208		11480	78	22	11297	83	11296	32	36464	0	200
1688740303.216		11573	99	24	11384	66	11383	32	36464	0	200
1688740303.225		11439	106	39	11209	85	11239	32	36464	0	200
1688740303.232		8591	82	22	8408	79	8408	32	36464	0	200
1688740303.240		8981	91	23	8806	61	8807	32	36464	0	200
1688740303.247		11157	98	25	10941	93	10952	32	36464	0	200
1688740303.254		8891	86	23	8688	94	8690	32	36464	0	200
1688740303.262		8793	127	31	8573	62	8585	32	36464	0	200
1688740303.271		8166	91	21	7996	58	7995	32	36464	0	200
1688740303.277		8887	105	24	8676	82	8681	32	36464	0	200
1688740303.286		7473	82	21	7302	68	7311	32	36464	0	200
1688740303.293		7313	87	21	7134	71	7133	32	36464	0	200
1688740303.301		6899	91	25	6697	86	6698	32	36464	0	200
1688740303.309		8047	81	22	7889	55	7890	32	36464	0	200
1688740303.316		8338	90	23	8131	94	8136	32	36464	0	200
1688740303.323		9141	108	24	8946	63	8945	32	36464	0	200
1688740303.332		9141	99	21	8953	68	8955	32	36464	0	200
1688740303.338		10741	104	32	10542	63	10553	32	36464	0	200
1688740303.346		10436	93	27	10223	93	10223	32	36464	0	200
1688740303.354		10518	94	25	10338	61	10339	32	36464	0	200
1688740303.362		9780	84	25	9597	74	9613	32	36464	0	200
1688740303.369		9515	96	26	9329	64	9330	32	36464	0	200
1688740303.377		10658	96	30	10449	83	10451	32	36464	0	200
1688740303.384		9407	100	33	9150	124	9151	32	36464	0	200
1688740303.392		10301	113	30	10076	82	10077	32	36464	0	200
1688740303.399		10525	113	27	10302	83	10318	32	36464	0	200
1688740303.407		9109	102	31	8890	86	8893	32	36464	0	200
1688740303.415		9429	109	25	9221	74	9222	32	36464	0	200
1688740303.421		11555	86	30	11379	60	11380	32	36464	0	200
1688740303.430		10634	89	22	10439	84	10457	32	36464	0	200
1688740303.436		9175	75	29	8992	79	8999	32	36464	0	200
1688740303.444		9211	122	30	8983	76	8994	32	36464	0	200
1688740303.452		11981	98	35	11770	78	11786	32	36464	0	200
1688740303.459		11940	117	33	11709	81	11719	32	36464	0	200
1688740303.467		9036	111	31	8820	74	8832	32	36464	0	200
1688740303.475		9987	90	22	9810	65	9817	32	36464	0	200
1688740303.481		11347	92	31	11126	98	11126	32	36464	0	200
1688740303.489		10646	98	32	10407	109	10406	32	36464	0	200
1688740303.496		12182	109	33	11955	85	11981	32	36464	0	200
1688740303.504		9065	101	28	8868	68	8872	32	36464	0	200
1688740303.511		13575	96	25	13350	104	13365	32	36464	0	200
1688740303.518		10592	107	27	10367	91	10368	32	36464	0	200
1688740303.526		10423	85	39	10209	90	10209	32	36464	0	200
1688740303.534		9219	87	31	9028	73	9040	32	36464	0	200
1688740303.542		9221	96	22	9032	71	9031	32	36464	0	200
1688740303.548		9864	91	29	9684	60	9687	32	36464	0	200
1688740303.557		10014	116	27	9788	83	9787	32	36464	0	200
1688740303.563		8293	100	26	8094	73	8094	32	36464	0	200
1688740303.571		9156	104	29	8945	78	8958	32	36464	0	200
1688740303.579		10213	104	24	9971	114	9973	32	36464	0	200
1688740303.585		7967	112	31	7744	80	7745	32	36464	0	200
1688740303.593		7961	92	26	7786	57	7787	32	36464	0	200
1688740303.601		7042	80	18	6883	61	6893	32	36464	0	200
1688740303.607		8726	76	19	8575	56	8574	32	36464	0	200
1688740303.615		8939	95	21	8744	79	8744	32	36464	0	200
1688740303.623		10102	93	25	9896	88	9895	32	36464	0	200
1688740303.630		10405	93	21	10211	80	10210	32	36464	0	200
1688740303.637		10737	97	29	10529	82	10531	32	36464	0	200
1688740303.645		9618	96	26	9411	85	9410	32	36464	0	200
1688740303.652		9139	100	25	8941	73	8942	32	36464	0	200
1688740303.659		8661	102	29	8439	91	8438	32	36464	0	200
1688740303.667		9258	114	27	9047	70	9047	32	36464	0	200
1688740303.673		9375	88	25	9184	78	9185	32	36464	0	200
1688740303.681		10093	108	30	9898	57	9909	32	36464	0	200
1688740303.688		10297	99	32	10090	76	10093	32	36464	0	200
1688740303.695		11150	88	36	10967	59	10978	32	36464	0	200
1688740303.703		10102	121	34	9843	104	9844	32	36464	0	200
1688740303.710		11197	103	26	10951	117	10950	32	36464	0	200
1688740303.718		14814	101	29	14580	104	14605	32	36464	0	200
1688740303.733		11073	99	24	10871	79	10879	32	36464	0	200
1688740303.724		21170	188	38	20883	61	20888	32	36464	0	200
1688740303.740		13020	113	34	12795	78	12793	32	36464	0	200
1688740303.746		9157	96	36	8945	80	8950	32	36464	0	200
1688740303.754		10534	94	32	10344	64	10349	32	36464	0	200
1688740303.761		10245	107	33	10036	69	10037	32	36464	0	200
1688740303.768		10972	83	24	10758	107	10755	32	36464	0	200
1688740303.775		8653	82	21	8434	116	8434	32	36464	0	200
1688740303.783		13828	92	22	13621	93	13621	32	36464	0	200
1688740303.797		13607	69	17	13447	74	13450	32	36464	0	200
1688740303.791		22242	103	25	22052	62	22074	32	36464	0	200
1688740303.805		10108	82	25	9937	64	9948	32	36464	0	200
1688740303.811		12448	78	24	12248	98	12261	32	36464	0	200
1688740303.819		9111	112	35	8901	63	8904	32	36464	0	200
1688740303.827		9726	105	25	9491	105	9489	32	36464	0	200
1688740303.834		9984	96	26	9789	73	9797	32	36464	0	200
1688740303.840		8139	101	38	7940	60	7954	32	36464	0	200
1688740303.847		10430	99	25	10246	60	10246	32	36464	0	200
1688740303.854		9844	83	21	9663	77	9667	32	36464	0	200
1688740303.863		11502	93	23	11264	122	11265	32	36464	0	200
1688740303.869		8796	92	27	8598	79	8612	32	36464	0	200
1688740303.877		10099	108	30	9877	84	9878	32	36464	0	200
1688740303.884		10244	85	30	10052	77	10051	32	36464	0	200
1688740303.891		10339	76	21	10159	83	10163	32	36464	0	200
1688740303.898		7857	77	21	7695	64	7706	32	36464	0	200
1688740303.904		9044	94	32	8818	100	8825	32	36464	0	200
1688740303.912		9163	104	29	8963	67	8963	32	36464	0	200
1688740303.919		11773	94	26	11583	70	11585	32	36464	0	200
1688740303.927		10021	93	40	9773	115	9774	32	36464	0	200
1688740303.933		11606	80	22	11423	81	11441	32	36464	0	200
1688740303.941		10058	124	33	9810	91	9809	32	36464	0	200
1688740303.948		9639	97	32	9418	92	9424	32	36464	0	200
1688740303.954		10049	94	26	9823	106	9823	32	36464	0	200
1688740303.962		9672	98	28	9467	79	9477	32	36464	0	200
1688740303.968		9836	104	33	9619	80	9621	32	36464	0	200
1688740303.975		11509	96	32	11321	60	11322	32	36464	0	200
1688740303.984		9183	95	25	8988	75	8997	32	36464	0	200
1688740303.990		10793	90	28	10600	75	10602	32	36464	0	200
1688740303.998		10492	77	37	10304	74	10302	32	36464	0	200
1688740304.005		7890	107	31	7660	92	7662	32	36464	0	200
1688740304.011		8871	94	31	8636	110	8637	32	36464	0	200
1688740304.018		10246	96	26	10067	57	10068	32	36464	0	200
1688740304.025		10763	94	26	10538	105	10538	32	36464	0	200
1688740304.032		10671	103	26	10485	57	10485	32	36464	0	200
1688740304.040		9723	101	32	9508	82	9510	32	36464	0	200
1688740304.046		10820	90	27	10617	86	10621	32	36464	0	200
1688740304.053		7812	90	23	7638	61	7651	32	36464	0	200
1688740304.060		10048	94	23	9853	78	9854	32	36464	0	200
1688740304.067		10508	88	34	10318	68	10320	32	36464	0	200
1688740304.075		10092	76	21	9918	77	9922	32	36464	0	200
1688740304.081		7723	102	31	7503	87	7504	32	36464	0	200
1688740304.088		8438	103	32	8238	65	8238	32	36464	0	200
1688740304.095		9512	102	27	9296	87	9296	32	36464	0	200
1688740304.102		10875	102	30	10660	83	10666	32	36464	0	200
1688740304.109		10470	98	27	10286	59	10287	32	36464	0	200
1688740304.117		11558	96	27	11358	77	11375	32	36464	0	200
1688740304.123		8460	76	21	8286	77	8287	32	36464	0	200
1688740304.130		9562	105	27	9320	110	9321	32	36464	0	200
1688740304.137		10341	97	29	10156	59	10164	32	36464	0	200
1688740304.144		10231	94	26	10038	73	10039	32	36464	0	200
1688740304.152		9818	107	33	9582	96	9584	32	36464	0	200
1688740304.158		10364	80	37	10182	65	10189	32	36464	0	200
1688740304.165		10276	111	33	10067	65	10070	32	36464	0	200
1688740304.173		9977	105	29	9728	115	9728	32	36464	0	200
1688740304.179		8075	84	46	7859	86	7862	32	36464	0	200
1688740304.186		10084	101	23	9875	85	9876	32	36464	0	200
1688740304.193		10241	86	26	10051	78	10068	32	36464	0	200
1688740304.199		8337	104	29	8137	67	8143	32	36464	0	200
1688740304.207		8137	87	22	7969	59	7969	32	36464	0	200
1688740304.214		10180	94	30	9959	97	9973	32	36464	0	200
1688740304.220		8124	82	23	7959	60	7964	32	36464	0	200
1688740304.227		10809	102	22	10605	80	10614	32	36464	0	200
1688740304.235		10055	114	30	9814	97	9813	32	36464	0	200
1688740304.242		11614	83	29	11437	65	11438	32	36464	0	200
1688740304.249		13005	80	22	12812	91	12812	32	36464	0	200
1688740304.255		11127	101	29	10896	101	10896	32	36464	0	200
1688740304.261		14214	124	34	13932	124	13947	32	36464	0	200
1688740304.268		10468	106	32	10250	80	10252	32	36464	0	200
1688740304.276		11162	116	32	10936	78	10939	32	36464	0	200
1688740304.282		11685	97	26	11473	89	11499	32	36464	0	200
1688740304.289		12033	116	33	11803	81	11821	32	36464	0	200
1688740304.297		13877	99	32	13647	99	13648	32	36464	0	200
1688740304.302		10375	111	21	10185	58	10222	32	36464	0	200
1688740304.309		12351	81	21	12161	88	12177	32	36464	0	200
1688740304.317		9406	105	28	9178	95	9214	32	36464	0	200
1688740304.323		10158	90	25	9965	78	9965	32	36464	0	200
1688740304.331		10009	107	27	9813	62	9827	32	36464	0	200
1688740304.338		9372	93	27	9138	114	9139	32	36464	0	200
1688740304.344		11322	88	27	11131	76	11143	32	36464	0	200
1688740304.351		7598	85	26	7413	74	7423	32	36464	0	200
1688740304.358		9316	85	22	9132	77	9133	32	36464	0	200
1688740304.364		10583	80	23	10413	67	10421	32	36464	0	200
1688740304.372		9630	99	27	9416	88	9415	32	36464	0	200
1688740304.377		7925	86	32	7725	82	7733	32	36464	0	200
1688740304.385		9837	88	21	9669	59	9678	32	36464	0	200
1688740304.391		10550	79	46	10364	61	10365	32	36464	0	200
1688740304.399		9731	109	30	9524	68	9525	32	36464	0	200
1688740304.406		11044	100	31	10827	86	10825	32	36464	0	200
1688740304.412		8837	91	34	8619	93	8620	32	36464	0	200
1688740304.419		9816	102	26	9603	85	9603	32	36464	0	200
1688740304.426		13209	120	32	12974	83	12975	32	36464	0	200
1688740304.433		14423	125	29	14184	85	14202	32	36464	0	200
1688740304.439		10420	89	22	10211	98	10212	32	36464	0	200
1688740304.446		12936	108	30	12721	77	12721	32	36464	0	200
1688740304.452		9944	77	30	9755	82	9767	32	36464	0	200
1688740304.459		9980	107	24	9754	95	9754	32	36464	0	200
1688740304.465		7746	86	45	7547	68	7558	32	36464	0	200
1688740304.473		12190	120	23	11984	63	11984	32	36464	0	200
1688740304.480		16247	95	23	16065	64	16064	32	36464	0	200
1688740304.486		12421	67	20	12244	90	12255	32	36464	0	200
1688740304.492		15696	100	33	15469	94	15476	32	36464	0	200
1688740304.499		11331	109	29	11098	95	11098	32	36464	0	200
1688740304.507		16509	114	28	16263	104	16263	32	36464	0	200
1688740304.512		12791	90	21	12621	59	12625	32	36464	0	200
1688740304.520		14262	109	34	14031	88	14057	32	36464	0	200
1688740304.526		11293	74	25	11114	80	11112	32	36464	0	200
1688740304.533		12630	100	25	12405	100	12404	32	36464	0	200
1688740304.539		9958	92	25	9749	92	9748	32	36464	0	200
1688740304.546		9428	99	29	9229	71	9230	32	36464	0	200
1688740304.553		9706	85	27	9520	74	9519	32	36464	0	200
1688740304.560		6829	79	26	6599	125	6598	32	36464	0	200
1688740304.567		6589	88	17	6423	61	6425	32	36464	0	200
1688740304.573		9033	99	28	8849	57	8851	32	36464	0	200
1688740304.579		8979	84	28	8799	68	8802	32	36464	0	200
1688740304.587		9260	101	23	9042	94	9041	32	36464	0	200
1688740304.593		6734	83	23	6562	66	6566	32	36464	0	200
1688740304.600		8962	87	34	8777	64	8786	32	36464	0	200
1688740304.606		10293	83	21	10083	106	10080	32	36464	0	200
1688740304.612		9808	73	21	9622	92	9621	32	36464	0	200
1688740304.619		10939	86	28	10729	96	10739	32	36464	0	200
1688740304.626		9623	76	22	9460	65	9460	32	36464	0	200
1688740304.633		10175	91	25	9991	68	9996	32	36464	0	200
1688740304.639		8986	80	25	8777	104	8776	32	36464	0	200
1688740304.645		10511	102	31	10290	88	10291	32	36464	0	200
1688740304.652		11371	80	22	11179	90	11203	32	36464	0	200
1688740304.660		11730	106	28	11515	81	11514	32	36464	0	200
1688740304.665		9086	97	28	8854	107	8853	32	36464	0	200
1688740304.673		10091	106	26	9858	101	9872	32	36464	0	200
1688740304.678		7724	105	36	7522	61	7530	32	36464	0	200
1688740304.685		9449	83	21	9258	87	9258	32	36464	0	200
1688740304.692		10061	109	32	9826	94	9828	32	36464	0	200
1688740304.699		10604	105	33	10331	135	10331	32	36464	0	200
1688740304.705		9153	93	26	8957	77	8957	32	36464	0	200
1688740304.711		10217	110	32	9994	81	10008	32	36464	0	200
1688740304.719		9784	95	31	9555	103	9557	32	36464	0	200
1688740304.724		8355	103	32	8150	70	8152	32	36464	0	200
1688740304.731		9235	97	23	9047	68	9055	32	36464	0	200
1688740304.737		11164	92	30	10952	90	10964	32	36464	0	200
1688740304.744		10143	81	23	9972	67	9974	32	36464	0	200
1688740304.751		10511	104	34	10266	107	10264	32	36464	0	200
1688740304.758		9029	105	31	8796	97	8796	32	36464	0	200
1688740304.764		11578	121	32	11340	85	11356	32	36464	0	200
1688740304.771		9989	96	27	9788	78	9787	32	36464	0	200
1688740304.778		10071	92	27	9835	117	9834	32	36464	0	200
1688740304.783		8370	95	25	8177	73	8187	32	36464	0	200
1688740304.790		9608	98	21	9375	114	9374	32	36464	0	200
1688740304.797		10023	89	28	9820	86	9818	32	36464	0	200
1688740304.803		9953	90	27	9777	59	9777	32	36464	0	200
1688740304.810		9750	101	26	9551	72	9551	32	36464	0	200
1688740304.817		10350	100	28	10131	91	10130	32	36464	0	200
1688740304.822		8097	77	19	7947	54	7948	32	36464	0	200
1688740304.829		9742	87	23	9559	73	9562	32	36464	0	200
1688740304.835		10662	98	27	10479	58	10482	32	36464	0	200
1688740304.843		9419	95	27	9223	74	9226	32	36464	0	200
1688740304.848		8517	82	21	8340	74	8344	32	36464	0	200
1688740304.855		9489	109	27	9263	90	9265	32	36464	0	200
1688740304.862		9256	88	26	9081	61	9089	32	36464	0	200
1688740304.868		10664	109	33	10428	94	10429	32	36464	0	200
1688740304.875		9277	74	25	9108	70	9108	32	36464	0	200
1688740304.881		9347	89	39	9118	101	9133	32	36464	0	200
1688740304.887		10299	115	32	10076	76	10076	32	36464	0	200
1688740304.893		8761	112	33	8538	78	8548	32	36464	0	200
1688740304.901		9789	92	35	9553	109	9551	32	36464	0	200
1688740304.906		7645	102	33	7433	77	7435	32	36464	0	200
1688740304.914		8931	86	22	8767	56	8765	32	36464	0	200
1688740304.920		9830	99	27	9638	66	9639	32	36464	0	200
1688740304.926		11469	121	35	11238	75	11238	32	36464	0	200
1688740304.933		10074	108	28	9796	142	9795	32	36464	0	200
1688740304.938		8536	80	21	8358	77	8359	32	36464	0	200
1688740304.946		8908	98	22	8725	63	8728	32	36464	0	200
1688740304.952		9317	95	27	9129	66	9129	32	36464	0	200
1688740304.958		9855	106	32	9652	65	9664	32	36464	0	200
1688740304.964		12368	99	28	12144	97	12155	32	36464	0	200
1688740304.971		9439	87	22	9264	66	9262	32	36464	0	200
1688740304.977		11751	111	38	11514	88	11531	32	36464	0	200
1688740304.984		10070	105	27	9856	82	9856	32	36464	0	200
1688740304.990		13314	109	29	13100	76	13100	32	36464	0	200
1688740304.997		9751	113	33	9530	75	9532	32	36464	0	200
1688740305.003		9690	103	23	9492	72	9495	32	36464	0	200
1688740305.010		9478	94	27	9289	68	9310	32	36464	0	200
1688740305.015		10968	100	25	10756	87	10755	32	36464	0	200
1688740305.023		7403	90	28	7219	66	7228	32	36464	0	200
1688740305.028		9389	71	19	9228	71	9228	32	36464	0	200
1688740305.034		10057	72	21	9855	109	9855	32	36464	0	200
1688740305.041		9675	100	32	9481	62	9490	32	36464	0	200
1688740305.047		9924	76	21	9718	109	9716	32	36464	0	200
1688740305.053		9521	94	27	9333	67	9344	32	36464	0	200
1688740305.060		10015	91	27	9833	64	9832	32	36464	0	200
1688740305.067		8415	88	25	8226	76	8227	32	36464	0	200
1688740305.072		9072	96	30	8886	60	8891	32	36464	0	200
1688740305.080		9170	90	29	8983	68	8983	32	36464	0	200
1688740305.086		10061	80	21	9866	94	9882	32	36464	0	200
1688740305.091		7949	96	32	7766	55	7770	32	36464	0	200
1688740305.098		8965	108	21	8765	71	8766	32	36464	0	200
1688740305.104		9309	107	33	9099	70	9110	32	36464	0	200
1688740305.111		10196	115	30	9958	93	9958	32	36464	0	200
1688740305.117		9429	88	24	9242	75	9250	32	36464	0	200
1688740305.123		10027	104	33	9791	99	9790	32	36464	0	200
1688740305.129		9408	91	25	9229	63	9228	32	36464	0	200
1688740305.136		9040	76	21	8882	61	8890	32	36464	0	200
1688740305.142		9611	109	31	9405	66	9406	32	36464	0	200
1688740305.149		10267	98	32	10068	69	10067	32	36464	0	200
1688740305.156		12010	100	26	11802	82	11804	32	36464	0	200
1688740305.161		10384	97	26	10198	63	10197	32	36464	0	200
1688740305.167		11683	123	34	11450	76	11460	32	36464	0	200
1688740305.173		9939	100	31	9745	63	9751	32	36464	0	200
1688740305.180		11681	99	27	11466	89	11493	32	36464	0	200
1688740305.187		8948	95	27	8764	62	8766	32	36464	0	200
1688740305.193		10863	67	25	10694	77	10701	32	36464	0	200
1688740305.199		9546	99	25	9326	96	9324	32	36464	0	200
1688740305.205		11010	81	25	10808	96	10824	32	36464	0	200
1688740305.212		9908	102	34	9686	86	9702	32	36464	0	200
1688740305.217		10258	106	31	10049	72	10052	32	36464	0	200
1688740305.224		11069	83	23	10867	96	10883	32	36464	0	200
1688740305.230		14989	104	22	14751	112	14752	32	36464	0	200
1688740305.237		10444	79	24	10226	115	10224	32	36464	0	200
1688740305.242		13661	94	28	13450	89	13473	32	36464	0	200
1688740305.248		9702	81	29	9493	99	9493	32	36464	0	200
1688740305.256		10589	100	28	10391	70	10392	32	36464	0	200
1688740305.262		8856	91	31	8637	97	8637	32	36464	0	200
1688740305.267		9240	93	26	9058	63	9059	32	36464	0	200
1688740305.274		10737	85	29	10527	96	10536	32	36464	0	200
1688740305.280		9865	77	29	9684	75	9692	32	36464	0	200
1688740305.286		9460	103	25	9266	66	9274	32	36464	0	200
1688740305.293		10518	94	27	10322	75	10319	32	36464	0	200
1688740305.299		8572	107	33	8359	73	8364	32	36464	0	200
1688740305.304		10355	87	29	10153	86	10153	32	36464	0	200
1688740305.311		8777	81	29	8562	105	8560	32	36464	0	200
1688740305.317		11776	86	21	11586	83	11583	32	36464	0	200
1688740305.323		9334	102	23	9104	105	9119	32	36464	0	200
1688740305.329		10539	106	36	10323	74	10322	32	36464	0	200
1688740305.336		8383	79	21	8209	74	8221	32	36464	0	200
1688740305.342		10418	98	25	10209	86	10207	32	36464	0	200
1688740305.348		9807	81	23	9622	81	9622	32	36464	0	200
1688740305.355		10040	93	28	9847	72	9846	32	36464	0	200
1688740305.360		7885	106	32	7681	66	7687	32	36464	0	200
1688740305.366		10651	135	30	10421	65	10424	32	36464	0	200
1688740305.373		9571	100	34	9299	138	9301	32	36464	0	200
1688740305.380		10217	88	27	10013	89	10012	32	36464	0	200
1688740305.385		9565	71	37	9379	78	9392	32	36464	0	200
1688740305.391		12748	98	32	12541	77	12543	32	36464	0	200
1688740305.397		10636	115	32	10412	77	10411	32	36464	0	200
1688740305.404		11224	115	30	10973	106	10974	32	36464	0	200
1688740305.410		10325	113	33	10097	82	10097	32	36464	0	200
1688740305.416		9259	82	22	9073	82	9086	32	36464	0	200
1688740305.422		9603	90	24	9406	83	9410	32	36464	0	200
1688740305.429		10648	78	21	10475	74	10474	32	36464	0	200
1688740305.435		8166	78	25	7984	79	7988	32	36464	0	200
1688740305.440		9803	100	31	9606	66	9606	32	36464	0	200
1688740305.447		11199	110	31	10969	89	10970	32	36464	0	200
1688740305.453		8731	88	31	8529	83	8529	32	36464	0	200
1688740305.458		11858	86	31	11637	104	11651	32	36464	0	200
1688740305.465		9186	89	23	9012	62	9012	32	36464	0	200
1688740305.472		10010	82	29	9818	81	9831	32	36464	0	200
1688740305.477		9112	93	26	8915	78	8916	32	36464	0	200
1688740305.484		10162	101	30	9933	98	9944	32	36464	0	200
1688740305.489		9662	108	33	9439	82	9439	32	36464	0	200
1688740305.495		9211	103	48	8983	77	8982	32	36464	0	200
1688740305.501		10147	96	27	9938	86	9947	32	36464	0	200
1688740305.507		7756	87	23	7578	68	7580	32	36464	0	200
1688740305.514		8911	78	19	8689	125	8688	32	36464	0	200
1688740305.519		7969	89	24	7800	56	7809	32	36464	0	200
1688740305.526		8195	67	28	8040	60	8041	32	36464	0	200
1688740305.533		10882	77	42	10679	84	10677	32	36464	0	200
1688740305.538		8883	85	23	8701	74	8701	32	36464	0	200
1688740305.544		9675	92	32	9444	107	9445	32	36464	0	200
1688740305.550		11346	75	22	11166	83	11185	32	36464	0	200
1688740305.556		9348	98	27	9164	59	9166	32	36464	0	200
1688740305.562		10751	83	23	10552	93	10563	32	36464	0	200
1688740305.568		9826	95	26	9642	63	9654	32	36464	0	200
1688740305.575		10510	93	27	10306	84	10317	32	36464	0	200
1688740305.581		8787	93	32	8603	59	8608	32	36464	0	200
1688740305.587		9540	93	24	9342	81	9351	32	36464	0	200
1688740305.592		7778	88	25	7605	60	7616	32	36464	0	200
1688740305.599		8782	87	20	8602	73	8609	32	36464	0	200
1688740305.604		9774	102	31	9571	70	9571	32	36464	0	200
1688740305.611		8154	104	32	7952	66	7963	32	36464	0	200
1688740305.616		8264	96	27	8073	68	8073	32	36464	0	200
1688740305.622		9737	107	28	9512	90	9512	32	36464	0	200
1688740305.629		10454	82	36	10257	79	10272	32	36464	0	200
1688740305.634		9809	115	32	9593	69	9594	32	36464	0	200
1688740305.641		9785	101	29	9566	89	9583	32	36464	0	200
1688740305.647		8554	81	32	8352	89	8347	32	36464	0	200
1688740305.652		8239	90	30	8025	94	8043	32	36464	0	200
1688740305.658		11821	98	26	11610	87	11621	32	36464	0	200
1688740305.664		9722	101	27	9515	79	9520	32	36464	0	200
1688740305.671		9487	95	27	9261	104	9259	32	36464	0	200
1688740305.677		7533	101	30	7341	61	7342	32	36464	0	200
1688740305.682		8411	95	25	8232	59	8233	32	36464	0	200
1688740305.688		7959	92	27	7767	73	7784	32	36464	0	200
1688740305.695		10006	81	21	9806	98	9804	32	36464	0	200
1688740305.700		9498	123	34	9241	100	9253	32	36464	0	200
1688740305.706		9297	117	28	9088	64	9091	32	36464	0	200
1688740305.712		10010	91	23	9797	99	9796	32	36464	0	200
1688740305.718		8637	101	32	8431	73	8431	32	36464	0	200
1688740305.724		12047	93	27	11840	87	11839	32	36464	0	200
1688740305.730		10091	121	31	9877	62	9883	32	36464	0	200
1688740305.737		12346	88	22	12164	72	12165	32	36464	0	200
1688740305.742		10193	87	24	9992	90	9992	32	36464	0	200
1688740305.748		10445	115	45	10208	77	10222	32	36464	0	200
1688740305.754		7322	77	23	7169	53	7173	32	36464	0	200
1688740305.760		8350	83	26	8187	54	8193	32	36464	0	200
1688740305.766		8731	94	25	8546	66	8547	32	36464	0	200
1688740305.772		8769	71	25	8603	70	8602	32	36464	0	200
1688740305.779		9631	81	26	9453	71	9474	32	36464	0	200
1688740305.785		10110	98	28	9899	85	9897	32	36464	0	200
1688740305.791		10075	89	27	9876	83	9905	32	36464	0	200
1688740305.797		11262	81	20	11090	71	11087	32	36464	0	200
1688740305.802		9590	101	34	9398	57	9399	32	36464	0	200
1688740305.808		10383	101	31	10176	75	10187	32	36464	0	200
1688740305.814		8944	76	23	8773	72	8774	32	36464	0	200
1688740305.820		11768	80	23	11589	76	11587	32	36464	0	200
1688740305.825		10399	70	20	10199	110	10198	32	36464	0	200
1688740305.832		11981	121	31	11756	73	11755	32	36464	0	200
1688740305.838		9886	97	32	9675	82	9687	32	36464	0	200
1688740305.844		7443	100	33	7235	75	7242	32	36464	0	200
1688740305.850		10873	101	30	10661	81	10673	32	36464	0	200
1688740305.856		8979	93	25	8785	76	8785	32	36464	0	200
1688740305.862		9277	83	24	9066	104	9066	32	36464	0	200
1688740305.868		9535	79	23	9352	81	9355	32	36464	0	200
1688740305.874		8023	74	22	7871	56	7871	32	36464	0	200
1688740305.879		10086	77	22	9914	73	9925	32	36464	0	200
1688740305.885		8643	101	32	8385	125	8385	32	36464	0	200
1688740305.890		9165	85	31	8972	77	8959	32	36464	0	200
1688740305.896		9705	84	23	9524	74	9532	32	36464	0	200
1688740305.903		11881	86	28	11616	151	11616	32	36464	0	200
1688740305.909		9447	68	37	9239	103	9239	32	36464	0	200
1688740305.914		11494	111	31	11266	86	11266	32	36464	0	200
1688740305.920		9058	90	24	8852	92	8852	32	36464	0	200
1688740305.925		10972	104	28	10763	77	10764	32	36464	0	200
1688740305.932		8965	92	25	8783	65	8783	32	36464	0	200
1688740305.937		8810	87	24	8642	57	8647	32	36464	0	200
1688740305.943		10280	84	25	10090	81	10102	32	36464	0	200
1688740305.949		7865	82	20	7698	65	7708	32	36464	0	200
1688740305.956		9273	86	23	9053	111	9052	32	36464	0	200
1688740305.962		10428	114	32	10200	82	10212	32	36464	0	200
1688740305.966		9449	101	33	9255	60	9265	32	36464	0	200
1688740305.972		10108	80	21	9909	98	9909	32	36464	0	200
1688740305.979		9611	76	22	9433	80	9431	32	36464	0	200
1688740305.984		8720	79	22	8560	59	8564	32	36464	0	200
1688740305.990		10229	132	35	9915	147	9916	32	36464	0	200
1688740305.996		8241	81	30	8039	91	8053	32	36464	0	200
1688740306.001		9481	109	34	9258	80	9260	32	36464	0	200
1688740306.008		9924	101	33	9701	89	9712	32	36464	0	200
1688740306.013		9302	76	36	9115	75	9123	32	36464	0	200
1688740306.019		10231	107	32	9995	97	9995	32	36464	0	200
1688740306.025		8691	111	34	8472	74	8472	32	36464	0	200
1688740306.030		7894	84	25	7722	63	7726	32	36464	0	200
1688740306.037		9786	97	22	9567	100	9565	32	36464	0	200
1688740306.042		7057	89	25	6887	56	6896	32	36464	0	200
1688740306.049		8205	87	22	8010	86	8010	32	36464	0	200
1688740306.054		9209	93	42	8982	92	8983	32	36464	0	200
1688740306.059		9734	80	24	9547	83	9549	32	36464	0	200
1688740306.065		9348	76	41	9141	90	9140	32	36464	0	200
1688740306.072		12223	91	25	12031	76	12050	32	36464	0	200
1688740306.077		10773	87	25	10559	102	10559	32	36464	0	200
1688740306.083		11985	108	27	11772	78	11786	32	36464	0	200
1688740306.089		9909	92	25	9714	78	9715	32	36464	0	200
1688740306.095		10253	107	31	10023	92	10029	32	36464	0	200
1688740306.101		9721	102	34	9481	104	9481	32	36464	0	200
1688740306.107		8253	107	33	8040	73	8043	32	36464	0	200
1688740306.112		9657	111	32	9430	84	9440	32	36464	0	200
1688740306.118		8488	91	31	8305	61	8306	32	36464	0	200
1688740306.123		10307	79	21	10142	65	10142	32	36464	0	200
1688740306.130		8277	97	22	8082	76	8095	32	36464	0	200
1688740306.135		11334	79	22	11173	60	11177	32	36464	0	200
1688740306.140		10633	80	22	10440	91	10456	32	36464	0	200
1688740306.146		9425	97	22	9231	75	9231	32	36464	0	200
1688740306.152		10205	82	22	10027	74	10025	32	36464	0	200
1688740306.158		8075	97	31	7872	75	7882	32	36464	0	200
1688740306.163		10148	79	31	9924	114	9923	32	36464	0	200
1688740306.170		7697	103	27	7472	95	7499	32	36464	0	200
1688740306.176		9628	101	25	9397	105	9395	32	36464	0	200
1688740306.182		7467	77	31	7282	77	7281	32	36464	0	200
1688740306.186		7658	123	33	7413	89	7426	32	36464	0	200
1688740306.193		8901	109	26	8690	76	8695	32	36464	0	200
1688740306.199		11512	110	34	11297	71	11304	32	36464	0	200
1688740306.203		9809	79	21	9642	67	9642	32	36464	0	200
1688740306.209		13408	78	28	13226	76	13227	32	36464	0	200
1688740306.215		11236	68	19	11097	52	11102	32	36464	0	200
1688740306.222		15305	89	41	15087	88	15090	32	36464	0	200
1688740306.226		13548	99	24	13327	98	13342	32	36464	0	200
1688740306.232		10983	100	35	10738	110	10739	32	36464	0	200
1688740306.239		11733	107	30	11512	84	11513	32	36464	0	200
1688740306.243		9069	95	21	8896	57	8907	32	36464	0	200
1688740306.250		10098	103	30	9894	71	9898	32	36464	0	200
1688740306.255		8200	88	24	8013	75	8026	32	36464	0	200
1688740306.261		11563	88	26	11371	78	11382	32	36464	0	200
1688740306.266		9334	76	20	9161	77	9164	32	36464	0	200
1688740306.272		10013	100	27	9802	84	9817	32	36464	0	200
1688740306.279		7816	76	21	7655	64	7662	32	36464	0	200
1688740306.284		9362	81	22	9197	62	9206	32	36464	0	200
1688740306.290		10550	86	44	10330	90	10344	32	36464	0	200
1688740306.296		9208	75	36	9001	96	9011	32	36464	0	200
1688740306.300		9461	80	22	9301	58	9310	32	36464	0	200
1688740306.307		11327	95	25	11116	91	11116	32	36464	0	200
1688740306.312		8942	94	27	8745	76	8756	32	36464	0	200
1688740306.317		10428	106	29	10215	78	10215	32	36464	0	200
1688740306.323		8520	85	23	8335	77	8344	32	36464	0	200
1688740306.329		10986	101	31	10791	63	10794	32	36464	0	200
1688740306.335		9709	83	31	9462	133	9461	32	36464	0	200
1688740306.340		10232	113	28	9990	101	9996	32	36464	0	200
1688740306.347		8460	95	28	8270	67	8271	32	36464	0	200
1688740306.352		9847	104	32	9643	68	9647	32	36464	0	200
1688740306.357		8621	91	27	8435	68	8442	32	36464	0	200
1688740306.364		11621	95	27	11415	84	11416	32	36464	0	200
1688740306.368		8601	72	21	8448	60	8456	32	36464	0	200
1688740306.374		13718	78	23	13545	72	13543	32	36464	0	200
1688740306.381		8690	63	33	8527	67	8530	32	36464	0	200
1688740306.385		10838	100	31	10630	77	10634	32	36464	0	200
1688740306.391		9047	100	31	8834	82	8834	32	36464	0	200
1688740306.397		7179	88	30	6985	76	7000	32	36464	0	200
1688740306.403		9551	114	27	9329	81	9328	32	36464	0	200
1688740306.409		8144	90	22	7938	94	7938	32	36464	0	200
1688740306.414		9630	107	32	9386	105	9387	32	36464	0	200
1688740306.419		8792	84	31	8623	54	8624	32	36464	0	200
1688740306.425		9931	97	32	9717	85	9715	32	36464	0	200
1688740306.430		7848	92	29	7642	85	7646	32	36464	0	200
1688740306.437		9842	92	30	9638	82	9650	32	36464	0	200
1688740306.442		10120	101	31	9915	73	9931	32	36464	0	200
1688740306.447		12245	104	25	12031	85	12042	32	36464	0	200
1688740306.453		10255	79	22	10077	77	10100	32	36464	0	200
1688740306.458		15516	102	29	15310	75	15322	32	36464	0	200
1688740306.465		11666	82	26	11479	79	11497	32	36464	0	200
1688740306.470		13532	105	32	13320	75	13336	32	36464	0	200
1688740306.475		12205	72	21	12044	68	12060	32	36464	0	200
1688740306.482		15060	90	32	14852	86	14872	32	36464	0	200
1688740306.487		12725	72	18	12572	63	12585	32	36464	0	200
1688740306.493		14719	94	28	14504	93	14503	32	36464	0	200
1688740306.498		12076	64	33	11914	65	11914	32	36464	0	200
1688740306.503		9241	99	30	9040	72	9042	32	36464	0	200
1688740306.509		10330	105	29	10082	114	10083	32	36464	0	200
1688740306.514		8703	77	19	8550	57	8554	32	36464	0	200
1688740306.520		11297	91	25	11099	82	11098	32	36464	0	200
1688740306.526		8686	84	26	8482	94	8482	32	36464	0	200
1688740306.532		8653	91	21	8441	100	8440	32	36464	0	200
1688740306.537		11542	93	33	11337	79	11352	32	36464	0	200
1688740306.542		9574	85	24	9390	75	9390	32	36464	0	200
1688740306.549		9270	83	23	9102	62	9100	32	36464	0	200
1688740306.553		12168	95	26	11968	79	11988	32	36464	0	200
1688740306.559		10255	72	27	10083	73	10102	32	36464	0	200
1688740306.564		12777	83	20	12565	109	12565	32	36464	0	200
1688740306.571		9733	83	30	9547	73	9547	32	36464	0	200
1688740306.576		10649	117	27	10396	109	10431	32	36464	0	200
1688740306.581		8387	81	22	8228	56	8228	32	36464	0	200
1688740306.587		10276	87	26	10087	76	10098	32	36464	0	200
1688740306.593		8491	82	24	8324	61	8323	32	36464	0	200
1688740306.598		8587	94	26	8399	68	8399	32	36464	0	200
1688740306.603		7084	84	25	6887	88	6892	32	36464	0	200
1688740306.610		8060	97	25	7854	84	7854	32	36464	0	200
1688740306.614		8592	94	30	8398	70	8398	32	36464	0	200
1688740306.620		9405	86	25	9206	88	9204	32	36464	0	200
1688740306.625		7848	96	22	7633	97	7635	32	36464	0	200
1688740306.631		8419	93	23	8221	82	8222	32	36464	0	200
1688740306.637		9461	78	15	9269	99	9269	32	36464	0	200
1688740306.643		10001	76	22	9816	87	9827	32	36464	0	200
1688740306.648		8106	93	27	7929	57	7940	32	36464	0	200
1688740306.653		9148	71	18	8987	72	8986	32	36464	0	200
1688740306.659		7950	82	23	7780	65	7783	32	36464	0	200
1688740306.664		8888	82	24	8703	79	8704	32	36464	0	200
1688740306.670		8669	84	24	8467	94	8502	32	36464	0	200
1688740306.675		10924	86	24	10747	67	10745	32	36464	0	200
1688740306.680		9475	98	26	9274	77	9284	32	36464	0	200
1688740306.686		10895	98	27	10685	85	10685	32	36464	0	200
1688740306.691		9230	73	22	9075	60	9083	32	36464	0	200
1688740306.697		10130	84	23	9945	78	9946	32	36464	0	200
1688740306.703		8564	77	19	8400	68	8403	32	36464	0	200
1688740306.709		9131	99	24	8917	91	8916	32	36464	0	200
1688740306.714		8186	65	19	8047	55	8054	32	36464	0	200
1688740306.719		7961	101	27	7775	58	7777	32	36464	0	200
1688740306.725		9025	94	30	8826	75	8825	32	36464	0	200
1688740306.731		10765	90	29	10568	78	10567	32	36464	0	200
1688740306.736		8249	115	27	8047	60	8048	32	36464	0	200
1688740306.741		8857	83	22	8674	78	8682	32	36464	0	200
1688740306.746		6908	108	30	6711	59	6716	32	36464	0	200
1688740306.753		7203	79	19	7034	71	7033	32	36464	0	200
1688740306.757		10433	82	38	10230	83	10243	32	36464	0	200
1688740306.762		8583	112	31	8388	52	8398	32	36464	0	200
1688740306.768		8472	75	20	8299	78	8297	32	36464	0	200
1688740306.773		7315	76	35	7141	63	7145	32	36464	0	200
1688740306.779		8163	87	23	7990	63	7988	32	36464	0	200
1688740306.784		9478	82	22	9320	54	9318	32	36464	0	200
1688740306.791		10845	94	22	10645	84	10643	32	36464	0	200
1688740306.795		9238	65	21	9090	62	9094	32	36464	0	200
1688740306.802		10550	81	22	10381	66	10379	32	36464	0	200
1688740306.806		9247	79	22	9092	54	9095	32	36464	0	200
1688740306.813		9543	79	28	9353	83	9366	32	36464	0	200
1688740306.817		8503	66	19	8335	83	8333	32	36464	0	200
1688740306.822		11677	72	19	11514	72	11528	32	36464	0	200
1688740306.828		10799	79	22	10593	105	10613	32	36464	0	200
1688740306.834		9422	95	25	9232	70	9231	32	36464	0	200
1688740306.839		13842	92	25	13637	88	13635	32	36464	0	200
1688740306.844		11498	106	34	11279	79	11281	32	36464	0	200
1688740306.850		13360	79	20	13188	73	13183	32	36464	0	200
1688740306.855		10205	72	19	10035	79	10035	32	36464	0	200
1688740306.860		11884	100	28	11683	73	11689	32	36464	0	200
1688740306.866		8817	74	26	8636	81	8635	32	36464	0	200
1688740306.871		9648	78	18	9476	76	9475	32	36464	0	200
1688740306.878		8816	84	24	8601	107	8600	32	36464	0	200
1688740306.882		7801	81	24	7629	67	7638	32	36464	0	200
1688740306.888		8630	87	22	8449	72	8449	32	36464	0	200
1688740306.894		8311	91	25	8100	95	8100	32	36464	0	200
1688740306.899		6503	82	23	6340	58	6343	32	36464	0	200
1688740306.904		8181	88	22	7997	74	7996	32	36464	0	200
1688740306.909		7571	83	23	7371	94	7371	32	36464	0	200
1688740306.914		8985	77	22	8810	76	8816	32	36464	0	200
1688740306.921		9274	82	27	9085	80	9094	32	36464	0	200
1688740306.925		8945	93	27	8746	79	8748	32	36464	0	200
1688740306.932		9520	81	38	9323	78	9322	32	36464	0	200
1688740306.937		12012	81	46	11810	75	11824	32	36464	0	200
1688740306.941		9453	96	31	9268	58	9271	32	36464	0	200
1688740306.947		12757	98	26	12517	116	12516	32	36464	0	200
1688740306.952		9224	78	22	9045	79	9046	32	36464	0	200
1688740306.958		13873	142	34	13590	107	13591	32	36464	0	200
1688740306.964		10052	88	29	9877	58	9882	32	36464	0	200
1688740306.969		14010	101	31	13801	77	13807	32	36464	0	200
1688740306.975		9939	82	26	9770	61	9777	32	36464	0	200
1688740306.980		14732	100	33	14506	93	14509	32	36464	0	200
1688740306.984		11985	77	20	11815	73	11825	32	36464	0	200
1688740306.990		15088	87	26	14892	83	14897	32	36464	0	200
1688740306.995		12316	89	29	12112	86	12119	32	36464	0	200
1688740307.000		9344	82	24	9169	69	9174	32	36464	0	200
1688740307.011		9446	80	22	9261	83	9271	32	36464	0	200
1688740307.006		16249	95	24	16048	82	16059	32	36464	0	200
1688740307.018		13626	106	31	13355	134	13355	32	36464	0	200
1688740307.023		10998	82	22	10789	105	10789	32	36464	0	200
1688740307.028		14895	115	34	14659	87	14673	32	36464	0	200
1688740307.034		11068	73	21	10909	65	10917	32	36464	0	200
1688740307.039		9310	91	22	9144	53	9147	32	36464	0	200
1688740307.043		11408	92	22	11219	75	11233	32	36464	0	200
1688740307.050		8612	102	29	8372	109	8373	32	36464	0	200
1688740307.054		10643	76	18	10477	72	10474	32	36464	0	200
1688740307.060		9164	73	36	8985	70	8991	32	36464	0	200
1688740307.065		13837	93	22	13634	88	13634	32	36464	0	200
1688740307.070		10568	74	22	10407	65	10416	32	36464	0	200
1688740307.075		15822	69	25	15644	84	15660	32	36464	0	200
1688740307.081		12349	71	22	12127	129	12127	32	36464	0	200
1688740307.086		11131	86	24	10960	61	10961	32	36464	0	200
1688740307.092		16088	103	32	15866	87	15880	32	36464	0	200
1688740307.098		12128	90	24	11947	67	11963	32	36464	0	200
1688740307.102		8963	88	26	8796	53	8805	32	36464	0	200
1688740307.112		8933	66	18	8792	57	8791	32	36464	0	200
1688740307.108		14877	97	29	14685	66	14693	32	36464	0	200
1688740307.118		10970	89	24	10763	94	10764	32	36464	0	200
1688740307.123		8693	90	33	8481	89	8483	32	36464	0	200
1688740307.128		9829	78	19	9660	72	9660	32	36464	0	200
1688740307.134		7544	101	29	7325	89	7325	32	36464	0	200
1688740307.139		8525	87	24	8341	73	8354	32	36464	0	200
1688740307.144		6460	83	25	6288	64	6289	32	36464	0	200
1688740307.150		7697	79	19	7546	53	7550	32	36464	0	200
1688740307.155		8691	78	22	8513	78	8514	32	36464	0	200
1688740307.161		10649	101	31	10428	89	10439	32	36464	0	200
1688740307.166		8954	100	29	8740	85	8742	32	36464	0	200
1688740307.172		10446	108	21	10217	100	10218	32	36464	0	200
1688740307.177		8834	75	24	8654	81	8658	32	36464	0	200
1688740307.182		11328	100	31	11102	95	11102	32	36464	0	200
1688740307.187		9208	90	24	9007	87	9007	32	36464	0	200
1688740307.193		11691	102	25	11484	80	11492	32	36464	0	200
1688740307.197		10346	89	29	10122	106	10123	32	36464	0	200
1688740307.202		11747	101	33	11523	90	11537	32	36464	0	200
1688740307.208		8339	74	29	8160	76	8166	32	36464	0	200
1688740307.213		11647	104	30	11453	60	11454	32	36464	0	200
1688740307.218		8866	81	22	8685	78	8685	32	36464	0	200
1688740307.224		13642	104	30	13425	83	13426	32	36464	0	200
1688740307.229		10717	71	31	10536	79	10532	32	36464	0	200
1688740307.234		18192	98	31	17956	107	17957	32	36464	0	200
1688740307.239		15678	83	21	15501	73	15521	32	36464	0	200
1688740307.246		10851	89	26	10665	71	10667	32	36464	0	200
1688740307.251		17331	95	27	17134	75	17145	32	36464	0	200
1688740307.256		13958	80	20	13795	63	13805	32	36464	0	200
1688740307.261		10221	90	32	10032	67	10034	32	36464	0	200
1688740307.267		15441	91	22	15260	68	15273	32	36464	0	200
1688740307.272		12332	69	18	12173	72	12173	32	36464	0	200
1688740307.276		9295	95	28	9121	51	9131	32	36464	0	200
1688740307.281		12475	91	28	12280	76	12297	32	36464	0	200
1688740307.287		8312	83	19	8154	56	8156	32	36464	0	200
1688740307.293		10605	90	24	10410	81	10436	32	36464	0	200
1688740307.298		9254	85	26	9084	59	9085	32	36464	0	200
1688740307.303		10746	81	25	10563	77	10562	32	36464	0	200
1688740307.307		7768	84	26	7590	68	7602	32	36464	0	200
1688740307.313		10647	102	27	10448	70	10454	32	36464	0	200
1688740307.318		8803	84	28	8623	68	8634	32	36464	0	200
1688740307.324		14596	82	24	14407	83	14406	32	36464	0	200
1688740307.329		24586	90	25	24374	97	24372	32	36464	0	200
1688740307.340		15690	81	23	15517	69	15520	32	36464	0	200
1688740307.335		22545	87	20	22357	81	22356	32	36464	0	200
1688740307.345		14431	86	22	14262	61	14266	32	36464	0	200
1688740307.349		11316	99	27	11121	69	11126	32	36464	0	200
1688740307.355		16548	98	28	16342	80	16354	32	36464	0	200
1688740307.360		12883	74	22	12698	89	12695	32	36464	0	200
1688740307.365		9822	89	23	9616	94	9616	32	36464	0	200
1688740307.371		13570	105	23	13375	67	13381	32	36464	0	200
1688740307.375		10740	85	19	10560	76	10560	32	36464	0	200
1688740307.381		8721	92	27	8537	65	8553	32	36464	0	200
1688740307.387		8244	81	19	8067	77	8064	32	36464	0	200
1688740307.392		7595	66	18	7411	100	7410	32	36464	0	200
1688740307.397		7892	95	29	7709	59	7718	32	36464	0	200
1688740307.402		10372	98	27	10178	69	10182	32	36464	0	200
1688740307.406		8704	71	21	8547	65	8557	32	36464	0	200
1688740307.412		9682	98	28	9491	65	9495	32	36464	0	200
1688740307.417		7884	67	23	7740	54	7740	32	36464	0	200
1688740307.423		8837	95	29	8637	76	8636	32	36464	0	200
1688740307.427		8610	71	19	8437	83	8446	32	36464	0	200
1688740307.432		6781	72	19	6634	56	6644	32	36464	0	200
1688740307.438		8123	93	22	7938	70	7939	32	36464	0	200
1688740307.443		9989	90	28	9792	79	9791	32	36464	0	200
1688740307.448		7714	82	22	7544	66	7554	32	36464	0	200
1688740307.454		10079	83	22	9913	61	9912	32	36464	0	200
1688740307.458		8121	65	18	7972	66	7972	32	36464	0	200
1688740307.463		9476	67	22	9322	65	9320	32	36464	0	200
1688740307.469		7577	72	21	7379	105	7377	32	36464	0	200
1688740307.474		8297	100	27	8108	62	8117	32	36464	0	200
1688740307.479		9712	76	19	9548	69	9557	32	36464	0	200
1688740307.484		8195	86	22	8018	69	8020	32	36464	0	200
1688740307.489		10531	79	23	10312	117	10311	32	36464	0	200
1688740307.494		7511	64	18	7373	56	7372	32	36464	0	200
1688740307.499		9818	95	25	9618	80	9622	32	36464	0	200
1688740307.505		7514	100	26	7323	65	7324	32	36464	0	200
1688740307.510		9289	98	22	9102	67	9111	32	36464	0	200
1688740307.516		10917	84	24	10726	83	10740	32	36464	0	200
1688740307.520		8260	67	17	8126	50	8129	32	36464	0	200
1688740307.525		11423	84	23	11234	82	11253	32	36464	0	200
1688740307.530		9029	85	27	8821	96	8821	32	36464	0	200
1688740307.535		11673	84	22	11505	62	11507	32	36464	0	200
1688740307.542		7869	75	19	7718	57	7726	32	36464	0	200
1688740307.546		9680	109	23	9482	66	9484	32	36464	0	200
1688740307.551		8640	91	25	8454	70	8465	32	36464	0	200
1688740307.556		7927	77	23	7737	90	7735	32	36464	0	200
1688740307.562		9284	84	21	9081	98	9079	32	36464	0	200
1688740307.567		7523	78	21	7368	56	7368	32	36464	0	200
1688740307.572		8611	88	22	8429	72	8426	32	36464	0	200
1688740307.577		6846	79	22	6689	56	6699	32	36464	0	200
1688740307.582		8524	92	22	8345	65	8342	32	36464	0	200
1688740307.587		7861	83	29	7693	56	7700	32	36464	0	200
1688740307.592		8794	88	23	8579	104	8578	32	36464	0	200
1688740307.597		7862	93	30	7668	71	7670	32	36464	0	200
1688740307.603		8903	83	28	8703	89	8716	32	36464	0	200
1688740307.608		7987	90	29	7803	65	7804	32	36464	0	200
1688740307.612		7339	86	23	7166	64	7174	32	36464	0	200
1688740307.617		10434	74	22	10265	73	10258	32	36464	0	200
1688740307.622		7564	89	29	7377	69	7378	32	36464	0	200
1688740307.628		8419	90	26	8234	69	8238	32	36464	0	200
1688740307.634		7316	87	24	7138	67	7138	32	36464	0	200
1688740307.639		8037	94	26	7851	66	7850	32	36464	0	200
1688740307.643		7866	94	27	7658	87	7659	32	36464	0	200
1688740307.649		10313	88	27	10064	134	10066	32	36464	0	200
1688740307.654		8603	95	28	8421	59	8431	32	36464	0	200
1688740307.658		13278	88	21	13101	68	13103	32	36464	0	200
1688740307.664		9360	97	28	9167	68	9178	32	36464	0	200
1688740307.668		11277	103	33	11071	70	11073	32	36464	0	200
1688740307.674		8258	79	27	8084	68	8086	32	36464	0	200
1688740307.678		10156	87	26	9967	76	9983	32	36464	0	200
1688740307.684		7303	91	26	7132	54	7137	32	36464	0	200
1688740307.690		8406	75	23	8236	72	8234	32	36464	0	200
1688740307.694		7228	109	29	7002	88	7004	32	36464	0	200
1688740307.699		11404	81	28	11222	73	11232	32	36464	0	200
1688740307.704		8672	91	24	8505	52	8511	32	36464	0	200
1688740307.709		9755	92	27	9561	75	9561	32	36464	0	200
1688740307.714		8138	72	39	7950	77	7970	32	36464	0	200
1688740307.719		7543	80	23	7336	104	7334	32	36464	0	200
1688740307.724		8117	101	28	7911	77	7913	32	36464	0	200
1688740307.730		9903	83	26	9710	84	9727	32	36464	0	200
1688740307.735		8598	77	28	8416	77	8417	32	36464	0	200
1688740307.739		9300	102	30	9103	65	9115	32	36464	0	200
1688740307.744		7840	97	27	7648	68	7651	32	36464	0	200
1688740307.749		9617	74	27	9436	80	9432	32	36464	0	200
1688740307.755		8378	93	25	8176	84	8180	32	36464	0	200
1688740307.760		9142	87	26	8958	71	8977	32	36464	0	200
1688740307.766		11920	103	28	11713	76	11724	32	36464	0	200
1688740307.771		9278	84	23	9126	45	9129	32	36464	0	200
1688740307.776		18755	101	27	18545	82	18554	32	36464	0	200
1688740307.780		16630	143	17	16387	83	16472	32	36464	0	200
1688740307.785		14117	100	26	13926	65	13955	32	36464	0	200
1688740307.790		20251	94	23	20047	87	20060	32	36464	0	200
1688740307.796		19380	77	20	19223	60	19224	32	36464	0	200
1688740307.801		16093	99	28	15900	66	15904	32	36464	0	200
1688740307.806		13247	92	29	13026	100	13026	32	36464	0	200
1688740307.810		13544	100	28	13324	92	13325	32	36464	0	200
1688740307.820		11283	85	22	11102	74	11104	32	36464	0	200
1688740307.825		10298	92	24	10094	88	10091	32	36464	0	200
1688740307.815		22479	94	25	22298	62	22304	32	36464	0	200
1688740307.831		10340	93	24	10140	83	10156	32	36464	0	200
1688740307.836		13246	90	24	13064	68	13063	32	36464	0	200
1688740307.841		10026	89	23	9851	63	9864	32	36464	0	200
1688740307.846		7342	96	30	7145	71	7146	32	36464	0	200
1688740307.851		8829	103	29	8627	70	8627	32	36464	0	200
1688740307.856		7384	82	23	7221	58	7230	32	36464	0	200
1688740307.861		9307	79	22	9130	76	9133	32	36464	0	200
1688740307.865		7989	86	25	7815	63	7822	32	36464	0	200
1688740307.871		9563	103	31	9362	67	9365	32	36464	0	200
1688740307.876		8148	97	30	7947	74	7946	32	36464	0	200
1688740307.880		9825	91	23	9647	64	9647	32	36464	0	200
1688740307.886		9986	107	30	9773	76	9774	32	36464	0	200
1688740307.890		9341	99	21	9155	66	9168	32	36464	0	200
1688740307.896		8279	81	24	8079	95	8079	32	36464	0	200
1688740307.901		7759	87	24	7583	65	7586	32	36464	0	200
1688740307.906		8269	91	27	8057	94	8055	32	36464	0	200
1688740307.910		7973	85	26	7780	82	7797	32	36464	0	200
1688740307.916		7989	82	27	7794	86	7802	32	36464	0	200
1688740307.920		7446	67	27	7287	65	7299	32	36464	0	200
1688740307.925		8257	84	27	8092	54	8098	32	36464	0	200
1688740307.931		8770	95	29	8566	80	8565	32	36464	0	200
1688740307.935		7967	70	22	7812	63	7818	32	36464	0	200
1688740307.940		8941	71	19	8780	71	8778	32	36464	0	200
1688740307.945		7583	82	25	7421	55	7423	32	36464	0	200
1688740307.950		9024	101	28	8793	102	8794	32	36464	0	200
1688740307.956		10673	107	26	10431	109	10464	32	36464	0	200
1688740307.961		8787	100	29	8569	89	8569	32	36464	0	200
1688740307.965		11240	89	24	11051	76	11074	32	36464	0	200
1688740307.971		7494	82	21	7337	54	7348	32	36464	0	200
1688740307.975		11175	87	19	11000	69	11015	32	36464	0	200
1688740307.980		9193	66	20	9039	68	9041	32	36464	0	200
1688740307.986		12651	81	22	12462	86	12462	32	36464	0	200
1688740307.990		9999	81	36	9800	82	9811	32	36464	0	200
1688740307.995		13600	105	28	13390	77	13416	32	36464	0	200
1688740308.001		10199	89	27	10009	74	10034	32	36464	0	200
1688740308.005		11004	70	20	10835	79	10846	32	36464	0	200
1688740308.010		9157	77	24	9005	51	9008	32	36464	0	200
1688740308.015		10131	99	25	9945	62	9951	32	36464	0	200
1688740308.020		8023	87	29	7853	54	7853	32	36464	0	200
1688740308.024		11167	86	23	10985	73	11000	32	36464	0	200
1688740308.030		7124	97	28	6951	48	6957	32	36464	0	200
1688740308.034		9985	96	28	9796	65	9796	32	36464	0	200
1688740308.040		6889	92	26	6688	83	6690	32	36464	0	200
1688740308.044		9071	92	27	8885	67	8885	32	36464	0	200
1688740308.050		10752	109	28	10529	86	10548	32	36464	0	200
1688740308.054		9874	94	27	9686	67	9686	32	36464	0	200
1688740308.060		13271	106	24	13056	85	13054	32	36464	0	200
1688740308.065		13559	120	29	13316	94	13316	32	36464	0	200
1688740308.070		11332	107	24	11120	81	11118	32	36464	0	200
1688740308.075		13840	73	19	13660	88	13674	32	36464	0	200
1688740308.079		16507	92	26	16310	79	16323	32	36464	0	200
1688740308.085		14493	115	30	14251	97	14271	32	36464	0	200
1688740308.089		14131	75	27	13942	87	13942	32	36464	0	200
1688740308.094		16219	107	26	15975	111	15974	32	36464	0	200
1688740308.099		18522	86	23	18325	88	18348	32	36464	0	200
1688740308.103		20412	104	27	20195	86	20213	32	36464	0	200
1688740308.110		18528	90	22	18295	121	18296	32	36464	0	200
1688740308.119		20533	73	20	20384	56	20388	32	36464	0	200
1688740308.124		17564	77	20	17407	60	17417	32	36464	0	200
1688740308.114		28697	80	21	28542	54	28557	32	36464	0	200
1688740308.128		15896	87	24	15718	67	15729	32	36464	0	200
1688740308.138		23374	74	19	23200	81	23212	32	36464	0	200
1688740308.144		20646	68	19	20502	57	20504	32	36464	0	200
1688740308.133		32384	95	25	32169	95	32171	32	36464	0	200
1688740308.154		13591	91	24	13421	55	13432	32	36464	0	200
1688740308.149		20376	112	32	20168	64	20167	32	36464	0	200
1688740308.157		17814	73	22	17660	59	17662	32	36464	0	200
1688740308.163		23824	80	24	23633	87	23648	32	36464	0	200
1688740308.167		20948	94	27	20767	60	20784	32	36464	0	200
1688740308.173		17649	115	28	17437	69	17441	32	36464	0	200
1688740308.177		15302	88	25	15124	65	15126	32	36464	0	200
1688740308.182		17001	101	28	16783	89	16800	32	36464	0	200
1688740308.188		15422	82	19	15265	56	15272	32	36464	0	200
1688740308.193		11901	85	19	11737	60	11746	32	36464	0	200
1688740308.198		14579	82	23	14387	87	14413	32	36464	0	200
1688740308.202		13097	91	23	12908	75	12918	32	36464	0	200
1688740308.207		9496	97	26	9324	49	9334	32	36464	0	200
1688740308.212		13740	96	26	13536	82	13536	32	36464	0	200
1688740308.216		10971	68	18	10793	92	10793	32	36464	0	200
1688740308.222		7574	91	25	7393	65	7398	32	36464	0	200
1688740308.227		12582	96	25	12376	85	12373	32	36464	0	200
1688740308.231		9916	67	19	9771	59	9782	32	36464	0	200
1688740308.236		12156	94	28	11970	64	11974	32	36464	0	200
1688740308.241		8915	72	19	8748	76	8753	32	36464	0	200
1688740308.245		11374	97	28	11195	54	11196	32	36464	0	200
1688740308.250		8460	60	39	8309	52	8320	32	36464	0	200
1688740308.256		10775	102	30	10569	74	10583	32	36464	0	200
1688740308.261		8760	66	22	8616	56	8621	32	36464	0	200
1688740308.266		10378	95	31	10174	78	10185	32	36464	0	200
1688740308.270		8481	85	28	8295	73	8302	32	36464	0	200
1688740308.275		11906	84	23	11734	65	11737	32	36464	0	200
1688740308.279		9311	84	23	9144	60	9149	32	36464	0	200
1688740308.285		11387	94	29	11190	74	11204	32	36464	0	200
1688740308.290		8872	80	20	8722	50	8727	32	36464	0	200
1688740308.295		10908	78	19	10735	76	10749	32	36464	0	200
1688740308.299		8586	103	40	8381	62	8394	32	36464	0	200
1688740308.305		11410	87	23	11222	78	11220	32	36464	0	200
1688740308.310		8091	68	24	7934	65	7941	32	36464	0	200
1688740308.313		11619	73	25	11406	115	11408	32	36464	0	200
1688740308.318		9230	71	25	9065	69	9073	32	36464	0	200
1688740308.323		10520	74	19	10357	70	10368	32	36464	0	200
1688740308.329		8128	90	29	7929	80	7929	32	36464	0	200
1688740308.334		9220	98	23	9018	81	9018	32	36464	0	200
1688740308.339		8419	90	28	8232	69	8238	32	36464	0	200
1688740308.342		8227	92	29	8034	72	8045	32	36464	0	200
1688740308.348		10849	94	25	10664	66	10669	32	36464	0	200
1688740308.353		8909	73	27	8728	81	8740	32	36464	0	200
1688740308.358		12655	94	27	12439	95	12442	32	36464	0	200
1688740308.362		9838	68	24	9692	54	9702	32	36464	0	200
1688740308.367		12428	95	20	12232	81	12232	32	36464	0	200
1688740308.371		10498	67	18	10351	62	10361	32	36464	0	200
1688740308.376		11926	88	22	11750	66	11748	32	36464	0	200
1688740308.382		8071	69	18	7932	52	7935	32	36464	0	200
1688740308.390		7575	107	30	7383	55	7395	32	36464	0	200
1688740308.394		10714	106	27	10491	90	10491	32	36464	0	200
1688740308.397		10308	71	19	10154	64	10168	32	36464	0	200
1688740308.401		9472	75	22	9308	67	9307	32	36464	0	200
1688740308.406		8232	81	24	8061	66	8060	32	36464	0	200
1688740308.411		8172	94	25	7959	94	7958	32	36464	0	200
1688740308.416		7400	90	23	7218	69	7228	32	36464	0	200
1688740308.421		9014	75	20	8849	70	8866	32	36464	0	200
1688740308.424		8570	74	37	8396	63	8404	32	36464	0	200
1688740308.429		10658	77	21	10466	94	10475	32	36464	0	200
1688740308.435		7306	60	23	7142	81	7141	32	36464	0	200
1688740308.440		10899	91	27	10695	86	10710	32	36464	0	200
1688740308.444		9971	102	32	9733	104	9775	32	36464	0	200
1688740308.449		14259	89	26	14070	74	14069	32	36464	0	200
1688740308.453		11498	74	21	11328	75	11353	32	36464	0	200
1688740308.459		8346	86	24	8152	84	8152	32	36464	0	200
1688740308.463		12637	90	24	12456	67	12456	32	36464	0	200
1688740308.468		9521	74	18	9347	82	9346	32	36464	0	200
1688740308.472		8226	92	32	8011	91	8011	32	36464	0	200
1688740308.478		8686	96	29	8479	82	8480	32	36464	0	200
1688740308.482		8468	84	25	8307	52	8307	32	36464	0	200
1688740308.488		11969	82	27	11778	82	11789	32	36464	0	200
1688740308.492		9425	95	28	9239	63	9250	32	36464	0	200
1688740308.496		14039	85	27	13856	71	13856	32	36464	0	200
1688740308.501		11000	70	21	10848	61	10861	32	36464	0	200
1688740308.506		14843	104	29	14635	75	14642	32	36464	0	200
1688740308.511		13608	72	21	13437	78	13447	32	36464	0	200
1688740308.517		10118	94	27	9933	64	9948	32	36464	0	200
1688740308.520		15285	101	32	15067	85	15071	32	36464	0	200
1688740308.525		11814	91	27	11638	58	11651	32	36464	0	200
1688740308.531		14048	117	28	13815	88	13832	32	36464	0	200
1688740308.538		9140	85	30	8968	57	8969	32	36464	0	200
1688740308.539		8723	76	28	8540	79	8551	32	36464	0	200
1688740308.545		11185	88	27	11002	68	11002	32	36464	0	200
1688740308.550		9235	59	26	9106	44	9110	32	36464	0	200
1688740308.554		13344	79	27	13154	84	13153	32	36464	0	200
1688740308.558		11425	67	17	11267	74	11280	32	36464	0	200
1688740308.563		9452	91	30	9257	74	9276	32	36464	0	200
1688740308.568		13541	104	29	13306	102	13305	32	36464	0	200
1688740308.574		10218	77	21	10044	76	10057	32	36464	0	200
1688740308.577		10001	84	26	9831	60	9835	32	36464	0	200
1688740308.582		13069	109	32	12857	71	12860	32	36464	0	200
1688740308.588		10015	85	25	9795	110	9796	32	36464	0	200
1688740308.592		10623	101	33	10411	78	10418	32	36464	0	200
1688740308.597		9558	104	30	9317	107	9317	32	36464	0	200
1688740308.602		13047	113	34	12821	79	12832	32	36464	0	200
1688740308.606		10982	77	38	10796	71	10813	32	36464	0	200
1688740308.612		12323	93	24	12097	109	12096	32	36464	0	200
1688740308.615		11354	85	30	11166	73	11191	32	36464	0	200
1688740308.620		10088	88	28	9911	61	9914	32	36464	0	200
1688740308.626		11360	95	23	11171	71	11172	32	36464	0	200
1688740308.631		7948	93	29	7751	75	7751	32	36464	0	200
1688740308.634		11627	91	28	11432	76	11455	32	36464	0	200
1688740308.640		8900	91	25	8707	77	8712	32	36464	0	200
1688740308.645		12430	91	22	12257	60	12256	32	36464	0	200
1688740308.650		9219	82	20	9059	58	9065	32	36464	0	200
1688740308.654		8281	82	29	8090	80	8103	32	36464	0	200
1688740308.659		10958	99	26	10740	93	10739	32	36464	0	200
1688740308.663		8377	77	22	8203	75	8212	32	36464	0	200
1688740308.669		11906	87	23	11734	62	11735	32	36464	0	200
1688740308.673		9821	60	33	9659	69	9665	32	36464	0	200
1688740308.678		7935	83	29	7748	75	7748	32	36464	0	200
1688740308.682		10198	94	28	10006	70	10016	32	36464	0	200
1688740308.686		7610	62	25	7456	67	7468	32	36464	0	200
1688740308.691		10076	95	23	9892	66	9895	32	36464	0	200
1688740308.696		7813	86	29	7638	60	7643	32	36464	0	200
1688740308.702		9355	82	21	9162	90	9162	32	36464	0	200
1688740308.705		8922	79	25	8760	58	8767	32	36464	0	200
1688740308.710		11874	79	22	11714	59	11714	32	36464	0	200
1688740308.715		8658	81	27	8462	88	8463	32	36464	0	200
1688740308.719		13006	85	25	12809	87	12808	32	36464	0	200
1688740308.725		16252	97	23	16037	95	16036	32	36464	0	200
1688740308.729		12122	97	28	11934	63	11935	32	36464	0	200
1688740308.733		11985	104	27	11766	88	11768	32	36464	0	200
1688740308.739		11126	114	25	10915	72	10927	32	36464	0	200
1688740308.744		10085	92	23	9870	100	9876	32	36464	0	200
1688740308.748		10043	82	24	9842	95	9847	32	36464	0	200
1688740308.753		9165	99	27	8966	73	8965	32	36464	0	200
1688740308.757		11126	104	29	10919	74	10931	32	36464	0	200
1688740308.763		11311	100	26	11117	68	11120	32	36464	0	200
1688740308.767		11023	76	22	10867	58	10878	32	36464	0	200
1688740308.771		12159	93	27	11951	88	11962	32	36464	0	200
1688740308.777		9731	85	22	9547	77	9559	32	36464	0	200
1688740308.781		9561	77	18	9394	72	9392	32	36464	0	200
1688740308.786		9003	67	19	8850	67	8866	32	36464	0	200
1688740308.790		7840	88	25	7644	83	7666	32	36464	0	200
1688740308.794		8771	77	19	8613	62	8618	32	36464	0	200
1688740308.799		7442	92	19	7279	52	7289	32	36464	0	200
1688740308.804		8884	69	18	8678	119	8675	32	36464	0	200
1688740308.810		6995	93	28	6804	70	6803	32	36464	0	200
1688740308.813		8113	85	24	7931	73	7933	32	36464	0	200
1688740308.818		6539	85	41	6336	77	6351	32	36464	0	200
1688740308.828		8206	83	29	8025	69	8024	32	36464	0	200
1688740308.824		13322	102	26	13138	56	13140	32	36464	0	200
1688740308.832		12069	105	28	11842	94	11841	32	36464	0	200
1688740308.837		9167	73	24	9004	66	9011	32	36464	0	200
1688740308.842		13980	92	27	13785	76	13810	32	36464	0	200
1688740308.846		11533	93	22	11351	67	11377	32	36464	0	200
1688740308.852		17319	105	25	17120	69	17124	32	36464	0	200
1688740308.855		16025	85	34	15841	65	15853	32	36464	0	200
1688740308.860		13533	83	23	13349	78	13348	32	36464	0	200
1688740308.865		12107	101	28	11911	67	11916	32	36464	0	200
1688740308.870		10798	94	27	10561	116	10561	32	36464	0	200
1688740308.875		9681	78	23	9509	71	9520	32	36464	0	200
1688740308.880		13548	91	31	13343	83	13347	32	36464	0	200
1688740308.883		12262	79	23	12099	61	12110	32	36464	0	200
1688740308.888		9846	96	30	9669	51	9679	32	36464	0	200
1688740308.893		13602	86	27	13406	83	13405	32	36464	0	200
1688740308.897		10985	87	25	10829	44	10831	32	36464	0	200
1688740308.903		12730	104	30	12477	119	12477	32	36464	0	200
1688740308.906		12092	108	29	11886	69	11893	32	36464	0	200
1688740308.912		9507	82	22	9335	68	9340	32	36464	0	200
1688740308.917		11448	96	27	11247	78	11266	32	36464	0	200
1688740308.921		9268	101	24	9082	61	9090	32	36464	0	200
1688740308.925		12409	70	18	12240	81	12240	32	36464	0	200
1688740308.931		8426	79	23	8261	63	8271	32	36464	0	200
1688740308.935		11706	71	19	11523	93	11524	32	36464	0	200
1688740308.939		9340	72	18	9146	104	9146	32	36464	0	200
1688740308.945		16785	96	27	16586	76	16594	32	36464	0	200
1688740308.948		15570	77	47	15381	65	15385	32	36464	0	200
1688740308.953		12366	107	31	12175	53	12181	32	36464	0	200
1688740308.957		18908	94	26	18728	60	18729	32	36464	0	200
1688740308.962		16024	89	22	15836	77	15835	32	36464	0	200
1688740308.967		13103	106	28	12885	84	12896	32	36464	0	200
1688740308.971		10265	103	27	10069	66	10069	32	36464	0	200
1688740308.976		18897	91	22	18686	98	18701	32	36464	0	200
1688740308.981		16053	79	25	15859	90	15889	32	36464	0	200
1688740308.986		14403	89	24	14200	90	14243	32	36464	0	200
1688740308.991		20080	108	28	19857	87	19874	32	36464	0	200
1688740308.999		15352	60	18	15217	57	15225	32	36464	0	200
1688740308.994		21817	117	30	21585	85	21598	32	36464	0	200
1688740309.005		12873	88	28	12698	59	12705	32	36464	0	200
1688740309.009		17697	97	28	17475	97	17474	32	36464	0	200
1688740309.014		16958	90	22	16765	81	16765	32	36464	0	200
1688740309.018		14375	75	28	14211	61	14222	32	36464	0	200
1688740309.023		11439	83	22	11252	82	11253	32	36464	0	200
1688740309.027		18487	89	25	18309	64	18313	32	36464	0	200
1688740309.032		15788	88	27	15565	108	15565	32	36464	0	200
1688740309.036		12984	65	25	12805	89	12804	32	36464	0	200
1688740309.041		9879	77	24	9713	65	9717	32	36464	0	200
1688740309.045		16979	90	22	16809	58	16810	32	36464	0	200
1688740309.051		12232	77	17	12091	47	12091	32	36464	0	200
1688740309.055		11813	101	29	11630	53	11634	32	36464	0	200
1688740309.060		14685	106	30	14458	91	14459	32	36464	0	200
1688740309.064		13964	87	19	13790	68	13791	32	36464	0	200
1688740309.068		11614	74	24	11455	61	11464	32	36464	0	200
1688740309.074		10466	101	29	10260	76	10275	32	36464	0	200
1688740309.077		12225	88	26	12015	96	12013	32	36464	0	200
1688740309.083		10309	83	23	10119	84	10138	32	36464	0	200
1688740309.087		9916	78	28	9728	82	9737	32	36464	0	200
1688740309.092		12258	89	25	12056	88	12067	32	36464	0	200
1688740309.097		9063	74	22	8884	83	8882	32	36464	0	200
1688740309.100		12289	82	22	12104	81	12104	32	36464	0	200
1688740309.106		8833	89	22	8642	80	8663	32	36464	0	200
1688740309.109		10645	95	30	10476	44	10479	32	36464	0	200
1688740309.115		8758	73	22	8593	70	8612	32	36464	0	200
1688740309.120		13164	83	22	12963	96	12976	32	36464	0	200
1688740309.123		12202	71	19	12032	80	12051	32	36464	0	200
1688740309.129		8871	96	24	8649	102	8649	32	36464	0	200
1688740309.138		12433	78	33	12211	111	12210	32	36464	0	200
1688740309.138		13923	70	18	13777	58	13785	32	36464	0	200
1688740309.141		12353	94	26	12156	77	12158	32	36464	0	200
1688740309.147		17372	92	27	17167	86	17181	32	36464	0	200
1688740309.151		17544	99	27	17339	79	17341	32	36464	0	200
1688740309.155		15466	86	25	15289	66	15308	32	36464	0	200
1688740309.160		13375	90	25	13196	64	13215	32	36464	0	200
1688740309.164		17567	98	28	17349	92	17367	32	36464	0	200
1688740309.174		13011	63	32	12807	109	12804	32	36464	0	200
1688740309.170		19638	75	19	19482	62	19480	32	36464	0	200
1688740309.178		13346	89	27	13147	83	13170	32	36464	0	200
1688740309.183		15637	74	23	15487	53	15486	32	36464	0	200
1688740309.192		13250	88	22	13061	79	13057	32	36464	0	200
1688740309.187		20981	83	23	20803	72	20815	32	36464	0	200
1688740309.197		15546	83	25	15388	50	15386	32	36464	0	200
1688740309.201		15619	89	23	15432	75	15436	32	36464	0	200
1688740309.205		19400	87	22	19211	80	19213	32	36464	0	200
1688740309.210		19008	97	26	18817	68	18825	32	36464	0	200
1688740309.215		16820	101	25	16627	67	16651	32	36464	0	200
1688740309.220		13822	93	26	13643	60	13669	32	36464	0	200
1688740309.224		20008	91	23	19801	93	19801	32	36464	0	200
1688740309.228		21742	94	26	21521	101	21521	32	36464	0	200
1688740309.233		19541	70	18	19374	79	19400	32	36464	0	200
1688740309.237		17740	96	37	17526	81	17548	32	36464	0	200
1688740309.242		22271	111	47	22050	63	22053	32	36464	0	200
1688740309.247		19782	87	24	19588	83	19604	32	36464	0	200
1688740309.255		15985	62	18	15834	71	15848	32	36464	0	200
1688740309.252		21447	67	19	21312	49	21315	32	36464	0	200
1688740309.260		14917	92	32	14733	60	14755	32	36464	0	200
1688740309.264		19867	190	29	19560	88	19667	32	36464	0	200
1688740309.273		17852	124	17	17644	67	17705	32	36464	0	200
1688740309.270		23179	104	29	22974	72	22990	32	36464	0	200
1688740309.278		17123	92	37	16937	57	16936	32	36464	0	200
1688740309.282		14418	92	27	14243	56	14255	32	36464	0	200
1688740309.287		16637	84	23	16448	82	16465	32	36464	0	200
1688740309.292		19373	106	29	19184	54	19187	32	36464	0	200
1688740309.296		17589	63	18	17446	62	17452	32	36464	0	200
1688740309.301		15182	77	27	15017	61	15021	32	36464	0	200
1688740309.305		13687	74	28	13534	51	13538	32	36464	0	200
1688740309.310		22310	102	29	22125	54	22128	32	36464	0	200
1688740309.315		20717	89	25	20555	48	20556	32	36464	0	200
1688740309.323		14324	89	25	14142	68	14155	32	36464	0	200
1688740309.319		19755	70	20	19598	67	19611	32	36464	0	200
1688740309.328		13541	85	23	13352	81	13361	32	36464	0	200
1688740309.332		21015	157	20	20756	82	20849	32	36464	0	200
1688740309.342		14208	85	23	14053	47	14055	32	36464	0	200
1688740309.337		20398	88	25	20207	78	20213	32	36464	0	200
1688740309.346		12908	102	23	12731	52	12732	32	36464	0	200
1688740309.350		18444	83	23	18236	102	18250	32	36464	0	200
1688740309.360		10991	87	24	10829	51	10834	32	36464	0	200
1688740309.356		17503	94	23	17306	80	17305	32	36464	0	200
1688740309.364		12617	95	30	12416	76	12426	32	36464	0	200
1688740309.368		19460	91	28	19244	97	19260	32	36464	0	200
1688740309.374		16937	93	28	16729	87	16739	32	36464	0	200
1688740309.377		16534	71	19	16375	69	16385	32	36464	0	200
1688740309.382		12771	91	27	12578	75	12583	32	36464	0	200
1688740309.387		19389	82	21	19230	56	19231	32	36464	0	200
1688740309.391		19334	95	23	19136	80	19162	32	36464	0	200
1688740309.396		16638	82	22	16448	86	16470	32	36464	0	200
1688740309.400		15144	89	25	14953	77	14967	32	36464	0	200
1688740309.405		21613	95	26	21357	135	21413	32	36464	0	200
1688740309.409		23466	76	21	23268	101	23282	32	36464	0	200
1688740309.419		15413	91	23	15211	88	15241	32	36464	0	200
1688740309.414		22547	66	19	22407	55	22408	32	36464	0	200
1688740309.423		16241	85	24	16051	81	16051	32	36464	0	200
1688740309.427		12907	74	25	12732	76	12731	32	36464	0	200
1688740309.431		26078	99	25	25888	66	25885	32	36464	0	200
1688740309.436		23668	175	27	23395	71	23484	32	36464	0	200
1688740309.445		16839	122	31	16622	64	16629	32	36464	0	200
1688740309.450		18037	86	25	17849	77	17867	32	36464	0	200
1688740309.441		29355	77	19	29190	69	29202	32	36464	0	200
1688740309.454		18394	96	25	18189	84	18210	32	36464	0	200
1688740309.459		27819	91	27	27620	81	27640	32	36464	0	200
1688740309.463		25869	84	24	25706	55	25707	32	36464	0	200
1688740309.471		28075	80	23	27890	82	27903	32	36464	0	200
1688740309.468		33554	95	26	33344	89	33361	32	36464	0	200
1688740309.481		25024	89	24	24828	83	24844	32	36464	0	200
1688740309.486		23194	95	26	22985	88	23001	32	36464	0	200
1688740309.490		21101	92	24	20912	73	20929	32	36464	0	200
1688740309.477		36638	87	27	36455	69	36461	32	36464	0	200
1688740309.494		22893	103	25	22698	67	22705	32	36464	0	200
1688740309.499		27547	103	26	27332	86	27331	32	36464	0	200
1688740309.507		55360	85	23	55179	73	55178	32	36464	0	200
1688740309.516		48353	81	24	48170	78	48185	32	36464	0	200
1688740309.512		54685	82	24	54488	91	54506	32	36464	0	200
1688740309.503		67054	87	25	66851	91	66866	32	36464	0	200
1688740309.525		48974	97	26	48754	97	48768	32	36464	0	200
1688740309.521		55504	80	24	55348	52	55348	32	36464	0	200
1688740309.530		48210	98	27	48019	66	48030	32	36464	0	200
1688740309.539		40225	84	28	40058	55	40071	32	36464	0	200
1688740309.552		28166	108	32	27973	53	27987	32	36464	0	200
1688740309.543		41548	115	28	41340	65	41361	32	36464	0	200
1688740309.535		51761	86	22	51600	53	51604	32	36464	0	200
1688740309.547		40599	105	31	40399	64	40417	32	36464	0	200
1688740309.556		32745	82	23	32580	60	32580	32	36464	0	200
1688740309.566		56189	98	24	56008	59	56002	32	36464	0	200
1688740309.574		50790	99	24	50595	72	50609	32	36464	0	200
1688740309.584		43121	65	18	42949	89	42967	32	36464	0	200
1688740309.579		50292	68	18	50138	68	50151	32	36464	0	200
1688740309.569		61838	91	26	61632	89	61666	32	36464	0	200
1688740309.593		47328	116	29	47118	65	47117	32	36464	0	200
1688740309.614		28371	113	24	28135	99	28137	32	36464	0	200
1688740309.588		57147	69	15	56989	74	56994	32	36464	0	200
1688740309.562		84704	115	28	84492	69	84508	32	36464	0	200
1688740309.601		48461	82	23	48280	76	48290	32	36464	0	200
1688740309.609		44925	79	27	44735	84	44734	32	36464	0	200
1688740309.605		50354	97	28	50156	73	50166	32	36464	0	200
1688740309.596		60442	93	26	60260	63	60277	32	36464	0	200
1688740309.619		46215	100	30	45971	114	45984	32	36464	0	200
1688740309.627		77080	96	25	76861	98	76861	32	36464	0	200
1688740309.631		75646	72	23	75470	81	75470	32	36464	0	200
1688740309.623		88523	80	19	88374	50	88376	32	36464	0	200
1688740309.646		67875	74	33	67691	77	67701	32	36464	0	200
1688740309.636		80289	69	17	80030	173	80143	32	36464	0	200
1688740309.641		79077	106	27	78866	78	78882	32	36464	0	200
1688740309.658		63247	70	17	63071	89	63101	32	36464	0	200
1688740309.649		74696	99	20	74495	82	74497	32	36464	0	200
1688740309.662		64209	76	25	64023	85	64026	32	36464	0	200
1688740309.667		61598	101	25	61301	171	61417	32	36464	0	200
1688740309.671		64128	90	26	63897	115	63899	32	36464	0	200
1688740309.689		49117	97	28	48903	89	48905	32	36464	0	200
1688740309.699		41175	91	22	41008	54	41012	32	36464	0	200
1688740309.654		87295	106	26	87104	59	87105	32	36464	0	200
1688740309.681		62685	92	26	62503	64	62512	32	36464	0	200
1688740309.676		68475	92	26	68311	46	68312	32	36464	0	200
1688740309.684		62100	83	27	61932	58	61949	32	36464	0	200
1688740309.694		53690	90	24	53505	71	53520	32	36464	0	200
1688740309.702		52411	82	23	52231	75	52235	32	36464	0	200
1688740309.711		74320	167	23	74077	53	74150	32	36464	0	200
1688740309.706		82547	91	23	82338	95	82335	32	36464	0	200
1688740309.715		79053	89	22	78864	78	78862	32	36464	0	200
1688740309.720		76359	87	24	76199	49	76199	32	36464	0	200
1688740309.734		65257	89	24	65095	49	65098	32	36464	0	200
1688740309.738		64338	157	27	64101	53	64105	32	36464	0	200
1688740309.728		76317	83	21	76166	47	76166	32	36464	0	200
1688740309.747		60419	74	18	60245	82	60245	32	36464	0	200
1688740309.725		84108	105	27	83916	60	83942	32	36464	0	200
1688740309.750		68725	75	35	68543	72	68564	32	36464	0	200
1688740309.742		78733	76	22	78552	83	78592	32	36464	0	200
1688740309.759		64137	102	26	63938	71	63956	32	36464	0	200
1688740309.768		56848	107	27	56661	53	56686	32	36464	0	200
1688740309.756		71768	81	21	71613	53	71623	32	36464	0	200
1688740309.773		57764	86	23	57576	79	57601	32	36464	0	200
1688740309.764		68437	102	27	68235	73	68250	32	36464	0	200
1688740309.785		89154	84	293	88693	84	88707	32	36464	0	200
1688740309.778		99206	100	26	99008	72	99018	32	36464	0	200
1688740309.790		101595	131	28	101346	90	101362	32	36464	0	200
1688740309.782		114681	114	27	114478	62	114479	32	36464	0	200
1688740309.812		113869	101	28	113655	85	113657	32	36464	0	200
1688740309.820		108111	70	32	107938	71	107933	32	36464	0	200
1688740309.816		114605	91	28	114408	78	114425	32	36464	0	200
1688740309.799		134566	162	25	134290	89	134371	32	36464	0	200
1688740309.851		84236	88	25	84042	81	84060	32	36464	0	200
1688740309.855		82448	98	30	82240	80	82253	32	36464	0	200
1688740309.848		95375	101	26	95171	77	95174	32	36464	0	200
1688740309.807		139348	79	18	139155	96	139148	32	36464	0	200
1688740309.830		116794	70	21	116641	62	116642	32	36464	0	200
1688740309.842		105865	99	38	105678	50	105681	32	36464	0	200
1688740309.834		115261	64	21	115102	74	115101	32	36464	0	200
1688740309.825		127690	58	17	127551	64	127547	32	36464	0	200
1688740309.838		115657	62	18	115525	52	115524	32	36464	0	200
1688740309.803		154121	75	23	153934	89	153951	32	36464	0	200
1688740309.802		160125	98	25	159912	90	159911	32	36464	0	200
1688740309.868		94843	92	28	94639	84	94658	32	36464	0	200
1688740309.873		91717	113	27	91501	76	91517	32	36464	0	200
1688740309.877		89782	98	21	89581	82	89598	32	36464	0	200
1688740309.861		108024	103	25	107849	47	107853	32	36464	0	200
1688740309.881		89491	97	27	89278	89	89294	32	36464	0	200
1688740309.864		107917	93	27	107731	66	107735	32	36464	0	200
1688740309.904		78289	88	27	78081	93	78081	32	36464	0	200
1688740309.887		96754	87	22	96559	86	96571	32	36464	0	200
1688740309.890		94231	103	28	94033	67	94043	32	36464	0	200
1688740309.899		86603	93	24	86415	71	86417	32	36464	0	200
1688740309.909		78190	100	32	77990	68	78004	32	36464	0	200
1688740309.895		93469	89	24	93285	71	93302	32	36464	0	200
1688740309.917		73306	106	27	73102	71	73105	32	36464	0	200
1688740309.912		83714	87	23	83514	90	83516	32	36464	0	200
