2023-07-07 08:16:15,839 [INFO] root tankworker.py:153	Log file created
2023-07-07 08:16:15,839 [INFO] root tankworker.py:157	Logging handler <FileHandler /var/loadtest/tank_errors.log (WARNING)> added
2023-07-07 08:16:15,839 [INFO] root tankworker.py:157	Logging handler <StreamHandler <stdout> (INFO)> added
2023-07-07 08:16:15,839 [INFO] root tankworker.py:157	Logging handler <StreamHandler <stderr> (NOTSET)> added
2023-07-07 08:16:15,847 [INFO] root tankworker.py:69	Created a folder for the test. /var/loadtest/logs/2023-07-07_08-16-15.819637
2023-07-07 08:16:15,848 [INFO] yandextank.core.tankcore tankcore.py:254	Configuring plugins...
2023-07-07 08:16:15,848 [INFO] yandextank.core.tankcore tankcore.py:205	Loading plugins...
2023-07-07 08:16:15,848 [INFO] yandextank.core.tankcore tankcore.py:215	Trying to import module: autostop
2023-07-07 08:16:15,848 [INFO] yandextank.core.tankcore tankcore.py:216	Path: yandextank.plugins.Autostop
2023-07-07 08:16:15,848 [INFO] yandextank.core.tankcore tankcore.py:215	Trying to import module: console
2023-07-07 08:16:15,848 [INFO] yandextank.core.tankcore tankcore.py:216	Path: yandextank.plugins.Console
2023-07-07 08:16:15,848 [INFO] yandextank.core.tankcore tankcore.py:215	Trying to import module: json_report
2023-07-07 08:16:15,848 [INFO] yandextank.core.tankcore tankcore.py:216	Path: yandextank.plugins.JsonReport
2023-07-07 08:16:15,849 [INFO] yandextank.core.tankcore tankcore.py:215	Trying to import module: phantom
2023-07-07 08:16:15,849 [INFO] yandextank.core.tankcore tankcore.py:216	Path: yandextank.plugins.Phantom
2023-07-07 08:16:15,849 [INFO] yandextank.core.tankcore tankcore.py:215	Trying to import module: rcheck
2023-07-07 08:16:15,849 [INFO] yandextank.core.tankcore tankcore.py:216	Path: yandextank.plugins.ResourceCheck
2023-07-07 08:16:15,849 [INFO] yandextank.core.tankcore tankcore.py:215	Trying to import module: shellexec
2023-07-07 08:16:15,849 [INFO] yandextank.core.tankcore tankcore.py:216	Path: yandextank.plugins.ShellExec
2023-07-07 08:16:15,849 [INFO] yandextank.core.tankcore tankcore.py:215	Trying to import module: rcassert
2023-07-07 08:16:15,849 [INFO] yandextank.core.tankcore tankcore.py:216	Path: yandextank.plugins.RCAssert
2023-07-07 08:16:15,854 [INFO] yandextank.common.util util.py:578	Testing connection to resolved address 172.24.0.5 and port 80
2023-07-07 08:16:15,854 [INFO] yandextank.plugins.Phantom.utils utils.py:277	Resolved server into 172.24.0.5:80
2023-07-07 08:16:15,854 [INFO] yandextank.stepper.main main.py:197	Configuring StepperWrapper...
2023-07-07 08:16:15,854 [INFO] yandextank.stepper.main main.py:251	Using cached stpd-file: /var/loadtest/logs/_2d29849af2bafb7a3d9fa7c4448bb742.stpd
2023-07-07 08:16:15,855 [INFO] yandextank.stepper.main main.py:254	rps_schedule is set. Overriding cached instances param from config: 1000
2023-07-07 08:16:15,857 [INFO] yandextank.core.tankcore tankcore.py:268	Preparing test...
2023-07-07 08:16:15,868 [INFO] yandextank.common.interfaces plugin.py:38	Checking tank resources...
2023-07-07 08:16:15,875 [INFO] yandextank.core.tankcore tankcore.py:278	Starting test...
2023-07-07 08:16:15,876 [INFO] yandextank.aggregator.tank_aggregator tank_aggregator.py:65	using verbose histogram
2023-07-07 08:16:15,877 [INFO] yandextank.core.tankcore tankcore.py:285	Plugin plugin_autostop required 0.000004 seconds to start
2023-07-07 08:16:15,878 [INFO] yandextank.core.tankcore tankcore.py:285	Plugin plugin_console required 0.000003 seconds to start
2023-07-07 08:16:15,878 [INFO] yandextank.core.tankcore tankcore.py:285	Plugin plugin_json_report required 0.000001 seconds to start
2023-07-07 08:16:15,881 [INFO] yandextank.core.tankcore tankcore.py:285	Plugin plugin_phantom required 0.003007 seconds to start
2023-07-07 08:16:15,881 [INFO] yandextank.core.tankcore tankcore.py:285	Plugin plugin_rcheck required 0.000005 seconds to start
2023-07-07 08:16:15,881 [INFO] yandextank.core.tankcore tankcore.py:285	Plugin plugin_shellexec required 0.000010 seconds to start
2023-07-07 08:16:15,881 [INFO] yandextank.core.tankcore tankcore.py:285	Plugin plugin_rcassert required 0.000004 seconds to start
2023-07-07 08:16:15,882 [INFO] yandextank.core.tankcore tankcore.py:294	Waiting for test to finish...
2023-07-07 08:16:15,882 [INFO] yandextank.core.tankcore tankcore.py:295	Artifacts dir: /var/loadtest/logs/2023-07-07_08-16-15.819637
2023-07-07 08:18:50,689 [INFO] yandextank.plugins.Phantom.plugin plugin.py:155	Phantom done its work with exit code: 0
2023-07-07 08:18:50,690 [INFO] yandextank.core.tankcore tankcore.py:331	Finishing test...
2023-07-07 08:18:50,690 [INFO] yandextank.core.tankcore tankcore.py:334	Stopping load generator and aggregator
2023-07-07 08:18:50,690 [INFO] yandextank.aggregator.tank_aggregator tank_aggregator.py:126	Closing stats reader
2023-07-07 08:18:50,690 [INFO] yandextank.aggregator.tank_aggregator tank_aggregator.py:129	Waiting for gun drain to finish
2023-07-07 08:18:51,433 [INFO] yandextank.aggregator.tank_aggregator tank_aggregator.py:131	Waiting for stats drain to finish
2023-07-07 08:18:51,433 [INFO] yandextank.aggregator.tank_aggregator tank_aggregator.py:133	Collecting remaining data
2023-07-07 08:18:51,433 [INFO] yandextank.aggregator.tank_aggregator tank_aggregator.py:111	Timestamps without stats:
2023-07-07 08:18:51,434 [INFO] yandextank.aggregator.tank_aggregator tank_aggregator.py:113	1688717929
2023-07-07 08:18:51,439 [INFO] yandextank.aggregator.tank_aggregator tank_aggregator.py:113	1688717930
2023-07-07 08:18:51,444 [INFO] yandextank.core.tankcore tankcore.py:338	Stopping monitoring
2023-07-07 08:18:51,444 [INFO] yandextank.core.tankcore tankcore.py:361	Post-processing test...
2023-07-07 08:18:51,445 [INFO] yandextank.common.util util.py:816	Trying to clean up
2023-07-07 08:18:51,446 [INFO] yandextank.core.tankcore tankcore.py:562	Cleaning up plugin plugin_autostop
2023-07-07 08:18:51,446 [INFO] yandextank.core.tankcore tankcore.py:562	Cleaning up plugin plugin_console
2023-07-07 08:18:51,446 [INFO] yandextank.core.tankcore tankcore.py:562	Cleaning up plugin plugin_json_report
2023-07-07 08:18:51,446 [INFO] yandextank.core.tankcore tankcore.py:562	Cleaning up plugin plugin_phantom
2023-07-07 08:18:51,446 [INFO] yandextank.core.tankcore tankcore.py:562	Cleaning up plugin plugin_rcheck
2023-07-07 08:18:51,447 [INFO] yandextank.core.tankcore tankcore.py:562	Cleaning up plugin plugin_shellexec
2023-07-07 08:18:51,447 [INFO] yandextank.core.tankcore tankcore.py:562	Cleaning up plugin plugin_rcassert
2023-07-07 08:18:51,447 [INFO] yandextank.core.tankcore tankcore.py:630	Releasing lock: /var/lock/lunapark_ghjvapp_.lock
2023-07-07 08:18:51,451 [INFO] yandextank.core.tankcore tankcore.py:405	Artifacts dir: /var/loadtest/logs/2023-07-07_08-16-15.819637
2023-07-07 08:18:51,451 [INFO] yandextank.core.tankcore tankcore.py:461	File not found to collect: validation_error.yaml
2023-07-07 08:18:51,452 [INFO] yandextank.core.tankcore tankcore.py:466	File already exists: /var/loadtest/logs/2023-07-07_08-16-15.819637/answ_2dppewbh.log
2023-07-07 08:18:51,452 [INFO] yandextank.core.tankcore tankcore.py:466	File already exists: /var/loadtest/logs/2023-07-07_08-16-15.819637/phout_rgl3d3i6.log
2023-07-07 08:18:51,452 [INFO] yandextank.core.tankcore tankcore.py:466	File already exists: /var/loadtest/logs/2023-07-07_08-16-15.819637/phantom_stat_ncpggrlu.log
2023-07-07 08:18:51,452 [INFO] yandextank.core.tankcore tankcore.py:466	File already exists: /var/loadtest/logs/2023-07-07_08-16-15.819637/phantom_0n5b3v59.log
2023-07-07 08:18:51,453 [INFO] yandextank.core.tankcore tankcore.py:466	File already exists: /var/loadtest/logs/2023-07-07_08-16-15.819637/phantom_gmm2kuev.conf
2023-07-07 08:18:51,453 [INFO] yandextank.core.tankcore tankcore.py:466	File already exists: /var/loadtest/logs/2023-07-07_08-16-15.819637/phantom_stdout_stderr_kzlilhoi.log
