"2023-06-22 20:18:26.255 +0000" : {
  "main_scheduler" : {
    "bqs" : {
      "00037" : {
        "mmconts" : [0, 200, 201],
        "acts" : [203, 202],
        "tstate" : { "idle" : 989714, "run" : 11396, "locked" : 15, "mmap" : 5 }
      },
      "00038" : {
        "mmconts" : [0, 200, 201],
        "acts" : [10, 9],
        "tstate" : { "idle" : 982334, "run" : 16742, "locked" : 155, "mmap" : 1867 }
      },
      "00039" : {
        "mmconts" : [0, 200, 201],
        "acts" : [210, 209],
        "tstate" : { "idle" : 997337, "run" : 3701, "locked" : 10, "mmap" : 33 }
      },
      "00040" : {
        "mmconts" : [0, 200, 201],
        "acts" : [208, 207],
        "tstate" : { "idle" : 997940, "run" : 3118, "locked" : 0, "mmap" : 4 }
      },
      "00041" : {
        "mmconts" : [0, 200, 201],
        "acts" : [208, 207],
        "tstate" : { "idle" : 998023, "run" : 3017, "locked" : 1, "mmap" : 6 }
      }
    }
  },
  "benchmark_io" : {
    "simple_times" : {
      "mcount" : {
        "mcount" : { "25 -- 41" : 1, "16 -- 25" : 9, "10 -- 16" : 1 }
      }
    },
    "stream_method" : {
      "conns" : [11, 10],
      "in" : [298804, 298405],
      "out" : [352, 351],
      "mmtasks" : [0, 0, 1],
      "load" : 0.023,
      "mcount" : {
        "mcount" : { "Success" : 11 }
      },
      "http_proto0" : {
        "mcount" : {
          "mcount" : { "OK" : 11 }
        }
      },
      "source_log" : {
        "delta" : [0, 0, 214]
      },
      "loggers" : {
        "brief_logger" : {
          "records" : [11, 10],
          "out" : [660, 659]
        }
      }
    }
  }
},
"2023-06-22 20:18:27.254 +0000" : {
  "main_scheduler" : {
    "bqs" : {
      "00037" : {
        "mmconts" : [201, 201, 201],
        "acts" : [13, 13],
        "tstate" : { "idle" : 996430, "run" : 3245, "locked" : 0, "mmap" : 0 }
      },
      "00038" : {
        "mmconts" : [201, 201, 201],
        "acts" : [6, 6],
        "tstate" : { "idle" : 997483, "run" : 2195, "locked" : 0, "mmap" : 0 }
      },
      "00039" : {
        "mmconts" : [201, 201, 201],
        "acts" : [7, 7],
        "tstate" : { "idle" : 997875, "run" : 1802, "locked" : 0, "mmap" : 0 }
      },
      "00040" : {
        "mmconts" : [201, 201, 201],
        "acts" : [8, 8],
        "tstate" : { "idle" : 997488, "run" : 2188, "locked" : 0, "mmap" : 0 }
      },
      "00041" : {
        "mmconts" : [201, 201, 201],
        "acts" : [7, 7],
        "tstate" : { "idle" : 997453, "run" : 2222, "locked" : 0, "mmap" : 0 }
      }
    }
  },
  "benchmark_io" : {
    "simple_times" : {
      "mcount" : {
        "mcount" : { "25 -- 41" : 1, "16 -- 25" : 8, "10 -- 16" : 1, "6 -- 10" : 2 }
      }
    },
    "stream_method" : {
      "conns" : [12, 12],
      "in" : [325968, 326085],
      "out" : [384, 384],
      "mmtasks" : [0, 0, 1],
      "load" : 0.024,
      "mcount" : {
        "mcount" : { "Success" : 12 }
      },
      "http_proto0" : {
        "mcount" : {
          "mcount" : { "OK" : 12 }
        }
      },
      "source_log" : {
        "delta" : [0, 0, 0]
      },
      "loggers" : {
        "brief_logger" : {
          "records" : [12, 12],
          "out" : [713, 713]
        }
      }
    }
  }
},
"2023-06-22 20:18:28.254 +0000" : {
  "main_scheduler" : {
    "bqs" : {
      "00037" : {
        "mmconts" : [201, 201, 201],
        "acts" : [11, 10],
        "tstate" : { "idle" : 997503, "run" : 2516, "locked" : 0, "mmap" : 0 }
      },
      "00038" : {
        "mmconts" : [201, 201, 201],
        "acts" : [9, 8],
        "tstate" : { "idle" : 997100, "run" : 2916, "locked" : 0, "mmap" : 0 }
      },
      "00039" : {
        "mmconts" : [201, 201, 201],
        "acts" : [7, 6],
        "tstate" : { "idle" : 998171, "run" : 1844, "locked" : 0, "mmap" : 0 }
      },
      "00040" : {
        "mmconts" : [201, 201, 201],
        "acts" : [9, 8],
        "tstate" : { "idle" : 997358, "run" : 2658, "locked" : 0, "mmap" : 0 }
      },
      "00041" : {
        "mmconts" : [201, 201, 201],
        "acts" : [10, 9],
        "tstate" : { "idle" : 996881, "run" : 3135, "locked" : 0, "mmap" : 0 }
      }
    }
  },
  "benchmark_io" : {
    "simple_times" : {
      "mcount" : {
        "mcount" : { "25 -- 41" : 2, "16 -- 25" : 10, "10 -- 16" : 1, "6 -- 10" : 1 }
      }
    },
    "stream_method" : {
      "conns" : [14, 13],
      "in" : [380296, 380277],
      "out" : [448, 447],
      "mmtasks" : [0, 0, 1],
      "load" : 0.026,
      "mcount" : {
        "mcount" : { "Success" : 14 }
      },
      "http_proto0" : {
        "mcount" : {
          "mcount" : { "OK" : 14 }
        }
      },
      "source_log" : {
        "delta" : [0, 0, 0]
      },
      "loggers" : {
        "brief_logger" : {
          "records" : [14, 13],
          "out" : [838, 837]
        }
      }
    }
  }
},
"2023-06-22 20:18:29.255 +0000" : {
  "main_scheduler" : {
    "bqs" : {
      "00037" : {
        "mmconts" : [201, 201, 201],
        "acts" : [10, 9],
        "tstate" : { "idle" : 997347, "run" : 2888, "locked" : 0, "mmap" : 0 }
      },
      "00038" : {
        "mmconts" : [201, 201, 201],
        "acts" : [9, 8],
        "tstate" : { "idle" : 997203, "run" : 3033, "locked" : 0, "mmap" : 0 }
      },
      "00039" : {
        "mmconts" : [201, 201, 201],
        "acts" : [11, 10],
        "tstate" : { "idle" : 997074, "run" : 3163, "locked" : 0, "mmap" : 0 }
      },
      "00040" : {
        "mmconts" : [201, 201, 201],
        "acts" : [10, 9],
        "tstate" : { "idle" : 997214, "run" : 3023, "locked" : 0, "mmap" : 0 }
      },
      "00041" : {
        "mmconts" : [201, 201, 201],
        "acts" : [10, 9],
        "tstate" : { "idle" : 997316, "run" : 2921, "locked" : 0, "mmap" : 0 }
      }
    }
  },
  "benchmark_io" : {
    "simple_times" : {
      "mcount" : {
        "mcount" : { "16 -- 25" : 14, "10 -- 16" : 1 }
      }
    },
    "stream_method" : {
      "conns" : [15, 14],
      "in" : [407460, 407375],
      "out" : [480, 479],
      "mmtasks" : [0, 0, 1],
      "load" : 0.027,
      "mcount" : {
        "mcount" : { "Success" : 15 }
      },
      "http_proto0" : {
        "mcount" : {
          "mcount" : { "OK" : 15 }
        }
      },
      "source_log" : {
        "delta" : [0, 0, 0]
      },
      "loggers" : {
        "brief_logger" : {
          "records" : [15, 14],
          "out" : [903, 902]
        }
      }
    }
  }
},
"2023-06-22 20:18:30.255 +0000" : {
  "main_scheduler" : {
    "bqs" : {
      "00037" : {
        "mmconts" : [201, 201, 201],
        "acts" : [11, 10],
        "tstate" : { "idle" : 997858, "run" : 2246, "locked" : 0, "mmap" : 0 }
      },
      "00038" : {
        "mmconts" : [201, 201, 201],
        "acts" : [10, 9],
        "tstate" : { "idle" : 998255, "run" : 1849, "locked" : 0, "mmap" : 0 }
      },
      "00039" : {
        "mmconts" : [201, 201, 201],
        "acts" : [14, 13],
        "tstate" : { "idle" : 997364, "run" : 2739, "locked" : 0, "mmap" : 0 }
      },
      "00040" : {
        "mmconts" : [201, 201, 201],
        "acts" : [14, 13],
        "tstate" : { "idle" : 996898, "run" : 3204, "locked" : 0, "mmap" : 0 }
      },
      "00041" : {
        "mmconts" : [201, 201, 201],
        "acts" : [10, 9],
        "tstate" : { "idle" : 997707, "run" : 2395, "locked" : 0, "mmap" : 0 }
      }
    }
  },
  "benchmark_io" : {
    "simple_times" : {
      "mcount" : {
        "mcount" : { "25 -- 41" : 1, "16 -- 25" : 9, "10 -- 16" : 1, "6 -- 10" : 6 }
      }
    },
    "stream_method" : {
      "conns" : [17, 16],
      "in" : [461788, 461739],
      "out" : [544, 543],
      "mmtasks" : [0, 0, 1],
      "load" : 0.026,
      "mcount" : {
        "mcount" : { "Success" : 17 }
      },
      "http_proto0" : {
        "mcount" : {
          "mcount" : { "OK" : 17 }
        }
      },
      "source_log" : {
        "delta" : [0, 0, 0]
      },
      "loggers" : {
        "brief_logger" : {
          "records" : [17, 16],
          "out" : [996, 995]
        }
      }
    }
  }
},
"2023-06-22 20:18:31.254 +0000" : {
  "main_scheduler" : {
    "bqs" : {
      "00037" : {
        "mmconts" : [201, 201, 201],
        "acts" : [13, 13],
        "tstate" : { "idle" : 997359, "run" : 2454, "locked" : 0, "mmap" : 0 }
      },
      "00038" : {
        "mmconts" : [201, 201, 201],
        "acts" : [12, 12],
        "tstate" : { "idle" : 997367, "run" : 2447, "locked" : 0, "mmap" : 0 }
      },
      "00039" : {
        "mmconts" : [201, 201, 201],
        "acts" : [11, 11],
        "tstate" : { "idle" : 997527, "run" : 2288, "locked" : 0, "mmap" : 0 }
      },
      "00040" : {
        "mmconts" : [201, 201, 201],
        "acts" : [10, 10],
        "tstate" : { "idle" : 997501, "run" : 2315, "locked" : 0, "mmap" : 0 }
      },
      "00041" : {
        "mmconts" : [201, 201, 201],
        "acts" : [13, 13],
        "tstate" : { "idle" : 998102, "run" : 1715, "locked" : 0, "mmap" : 0 }
      }
    }
  },
  "benchmark_io" : {
    "simple_times" : {
      "mcount" : {
        "mcount" : { "25 -- 41" : 1, "16 -- 25" : 7, "10 -- 16" : 2, "6 -- 10" : 8 }
      }
    },
    "stream_method" : {
      "conns" : [18, 18],
      "in" : [488952, 489027],
      "out" : [576, 576],
      "mmtasks" : [0, 0, 1],
      "load" : 0.024,
      "mcount" : {
        "mcount" : { "Success" : 18 }
      },
      "http_proto0" : {
        "mcount" : {
          "mcount" : { "OK" : 18 }
        }
      },
      "source_log" : {
        "delta" : [0, 0, 0]
      },
      "loggers" : {
        "brief_logger" : {
          "records" : [18, 18],
          "out" : [1039, 1039]
        }
      }
    }
  }
},
"2023-06-22 20:18:32.254 +0000" : {
  "main_scheduler" : {
    "bqs" : {
      "00037" : {
        "mmconts" : [201, 201, 201],
        "acts" : [13, 13],
        "tstate" : { "idle" : 997731, "run" : 2267, "locked" : 0, "mmap" : 0 }
      },
      "00038" : {
        "mmconts" : [201, 201, 201],
        "acts" : [13, 12],
        "tstate" : { "idle" : 997585, "run" : 2426, "locked" : 0, "mmap" : 0 }
      },
      "00039" : {
        "mmconts" : [201, 201, 201],
        "acts" : [12, 11],
        "tstate" : { "idle" : 997501, "run" : 2507, "locked" : 0, "mmap" : 0 }
      },
      "00040" : {
        "mmconts" : [201, 201, 201],
        "acts" : [14, 13],
        "tstate" : { "idle" : 997425, "run" : 2580, "locked" : 0, "mmap" : 0 }
      },
      "00041" : {
        "mmconts" : [201, 201, 201],
        "acts" : [13, 12],
        "tstate" : { "idle" : 997454, "run" : 2548, "locked" : 0, "mmap" : 0 }
      }
    }
  },
  "benchmark_io" : {
    "simple_times" : {
      "mcount" : {
        "mcount" : { "25 -- 41" : 1, "16 -- 25" : 10, "10 -- 16" : 1, "6 -- 10" : 8 }
      }
    },
    "stream_method" : {
      "conns" : [20, 20],
      "in" : [543280, 543312],
      "out" : [640, 640],
      "mmtasks" : [0, 0, 1],
      "load" : 0.025,
      "mcount" : {
        "mcount" : { "Success" : 20 }
      },
      "http_proto0" : {
        "mcount" : {
          "mcount" : { "OK" : 20 }
        }
      },
      "source_log" : {
        "delta" : [0, 0, 0]
      },
      "loggers" : {
        "brief_logger" : {
          "records" : [20, 20],
          "out" : [1165, 1165]
        }
      }
    }
  }
},
"2023-06-22 20:18:33.254 +0000" : {
  "main_scheduler" : {
    "bqs" : {
      "00037" : {
        "mmconts" : [201, 201, 201],
        "acts" : [13, 13],
        "tstate" : { "idle" : 996617, "run" : 3009, "locked" : 0, "mmap" : 0 }
      },
      "00038" : {
        "mmconts" : [201, 201, 201],
        "acts" : [12, 12],
        "tstate" : { "idle" : 997031, "run" : 2582, "locked" : 0, "mmap" : 0 }
      },
      "00039" : {
        "mmconts" : [201, 201, 201],
        "acts" : [16, 16],
        "tstate" : { "idle" : 997021, "run" : 2595, "locked" : 0, "mmap" : 0 }
      },
      "00040" : {
        "mmconts" : [201, 201, 201],
        "acts" : [14, 14],
        "tstate" : { "idle" : 997108, "run" : 2511, "locked" : 0, "mmap" : 0 }
      },
      "00041" : {
        "mmconts" : [201, 201, 201],
        "acts" : [13, 13],
        "tstate" : { "idle" : 996767, "run" : 2854, "locked" : 0, "mmap" : 0 }
      }
    }
  },
  "benchmark_io" : {
    "simple_times" : {
      "mcount" : {
        "mcount" : { "25 -- 41" : 1, "16 -- 25" : 11, "10 -- 16" : 4, "6 -- 10" : 5 }
      }
    },
    "stream_method" : {
      "conns" : [21, 21],
      "in" : [570444, 570626],
      "out" : [672, 672],
      "mmtasks" : [0, 0, 1],
      "load" : 0.023,
      "mcount" : {
        "mcount" : { "Success" : 21 }
      },
      "http_proto0" : {
        "mcount" : {
          "mcount" : { "OK" : 21 }
        }
      },
      "source_log" : {
        "delta" : [0, 0, 0]
      },
      "loggers" : {
        "brief_logger" : {
          "records" : [21, 21],
          "out" : [1236, 1236]
        }
      }
    }
  }
},
"2023-06-22 20:18:34.254 +0000" : {
  "main_scheduler" : {
    "bqs" : {
      "00037" : {
        "mmconts" : [201, 201, 201],
        "acts" : [16, 15],
        "tstate" : { "idle" : 996418, "run" : 3587, "locked" : 0, "mmap" : 0 }
      },
      "00038" : {
        "mmconts" : [201, 201, 201],
        "acts" : [12, 11],
        "tstate" : { "idle" : 996734, "run" : 3269, "locked" : 0, "mmap" : 0 }
      },
      "00039" : {
        "mmconts" : [201, 201, 201],
        "acts" : [13, 12],
        "tstate" : { "idle" : 996632, "run" : 3370, "locked" : 0, "mmap" : 0 }
      },
      "00040" : {
        "mmconts" : [201, 201, 201],
        "acts" : [15, 14],
        "tstate" : { "idle" : 995966, "run" : 4035, "locked" : 0, "mmap" : 0 }
      },
      "00041" : {
        "mmconts" : [201, 201, 201],
        "acts" : [16, 15],
        "tstate" : { "idle" : 996232, "run" : 3769, "locked" : 0, "mmap" : 0 }
      }
    }
  },
  "benchmark_io" : {
    "simple_times" : {
      "mcount" : {
        "mcount" : { "16 -- 25" : 22, "6 -- 10" : 1 }
      }
    },
    "stream_method" : {
      "conns" : [23, 23],
      "in" : [624772, 624799],
      "out" : [736, 736],
      "mmtasks" : [0, 0, 1],
      "load" : 0.024,
      "mcount" : {
        "mcount" : { "Success" : 23 }
      },
      "http_proto0" : {
        "mcount" : {
          "mcount" : { "OK" : 23 }
        }
      },
      "source_log" : {
        "delta" : [0, 0, 0]
      },
      "loggers" : {
        "brief_logger" : {
          "records" : [23, 23],
          "out" : [1380, 1380]
        }
      }
    }
  }
},
"2023-06-22 20:18:35.255 +0000" : {
  "main_scheduler" : {
    "bqs" : {
      "00037" : {
        "mmconts" : [201, 201, 201],
        "acts" : [14, 13],
        "tstate" : { "idle" : 997697, "run" : 2922, "locked" : 0, "mmap" : 0 }
      },
      "00038" : {
        "mmconts" : [201, 201, 201],
        "acts" : [15, 14],
        "tstate" : { "idle" : 997191, "run" : 3431, "locked" : 0, "mmap" : 0 }
      },
      "00039" : {
        "mmconts" : [201, 201, 201],
        "acts" : [16, 15],
        "tstate" : { "idle" : 997185, "run" : 3439, "locked" : 0, "mmap" : 0 }
      },
      "00040" : {
        "mmconts" : [201, 201, 201],
        "acts" : [17, 16],
        "tstate" : { "idle" : 997079, "run" : 3546, "locked" : 0, "mmap" : 0 }
      },
      "00041" : {
        "mmconts" : [201, 201, 201],
        "acts" : [16, 15],
        "tstate" : { "idle" : 997228, "run" : 3398, "locked" : 0, "mmap" : 0 }
      }
    }
  },
  "benchmark_io" : {
    "simple_times" : {
      "mcount" : {
        "mcount" : { "16 -- 25" : 18, "10 -- 16" : 1, "6 -- 10" : 3, "4 -- 6" : 2 }
      }
    },
    "stream_method" : {
      "conns" : [24, 23],
      "in" : [651936, 651515],
      "out" : [768, 767],
      "mmtasks" : [0, 0, 1],
      "load" : 0.026,
      "mcount" : {
        "mcount" : { "Success" : 24 }
      },
      "http_proto0" : {
        "mcount" : {
          "mcount" : { "OK" : 24 }
        }
      },
      "source_log" : {
        "delta" : [0, 0, 0]
      },
      "loggers" : {
        "brief_logger" : {
          "records" : [24, 23],
          "out" : [1418, 1417]
        }
      }
    }
  }
},
"2023-06-22 20:18:36.254 +0000" : {
  "main_scheduler" : {
    "bqs" : {
      "00037" : {
        "mmconts" : [201, 201, 201],
        "acts" : [20, 20],
        "tstate" : { "idle" : 995955, "run" : 3334, "locked" : 0, "mmap" : 0 }
      },
      "00038" : {
        "mmconts" : [201, 201, 201],
        "acts" : [16, 16],
        "tstate" : { "idle" : 996339, "run" : 2948, "locked" : 0, "mmap" : 0 }
      },
      "00039" : {
        "mmconts" : [201, 201, 201],
        "acts" : [16, 16],
        "tstate" : { "idle" : 996409, "run" : 2877, "locked" : 0, "mmap" : 0 }
      },
      "00040" : {
        "mmconts" : [201, 201, 201],
        "acts" : [17, 17],
        "tstate" : { "idle" : 996090, "run" : 3195, "locked" : 0, "mmap" : 0 }
      },
      "00041" : {
        "mmconts" : [201, 201, 201],
        "acts" : [16, 16],
        "tstate" : { "idle" : 996510, "run" : 2774, "locked" : 0, "mmap" : 0 }
      }
    }
  },
  "benchmark_io" : {
    "simple_times" : {
      "mcount" : {
        "mcount" : { "25 -- 41" : 1, "16 -- 25" : 14, "10 -- 16" : 4, "6 -- 10" : 7 }
      }
    },
    "stream_method" : {
      "conns" : [26, 26],
      "in" : [706264, 706750],
      "out" : [832, 832],
      "mmtasks" : [0, 0, 1],
      "load" : 0.025,
      "mcount" : {
        "mcount" : { "Success" : 26 }
      },
      "http_proto0" : {
        "mcount" : {
          "mcount" : { "OK" : 26 }
        }
      },
      "source_log" : {
        "delta" : [0, 0, 0]
      },
      "loggers" : {
        "brief_logger" : {
          "records" : [26, 26],
          "out" : [1528, 1529]
        }
      }
    }
  }
},
"2023-06-22 20:18:37.254 +0000" : {
  "main_scheduler" : {
    "bqs" : {
      "00037" : {
        "mmconts" : [201, 201, 201],
        "acts" : [17, 16],
        "tstate" : { "idle" : 997256, "run" : 3071, "locked" : 0, "mmap" : 0 }
      },
      "00038" : {
        "mmconts" : [201, 201, 201],
        "acts" : [18, 17],
        "tstate" : { "idle" : 996534, "run" : 3792, "locked" : 0, "mmap" : 0 }
      },
      "00039" : {
        "mmconts" : [201, 201, 201],
        "acts" : [19, 18],
        "tstate" : { "idle" : 996617, "run" : 3708, "locked" : 0, "mmap" : 0 }
      },
      "00040" : {
        "mmconts" : [201, 201, 201],
        "acts" : [17, 16],
        "tstate" : { "idle" : 996570, "run" : 3755, "locked" : 0, "mmap" : 0 }
      },
      "00041" : {
        "mmconts" : [201, 201, 201],
        "acts" : [16, 15],
        "tstate" : { "idle" : 996960, "run" : 3365, "locked" : 0, "mmap" : 0 }
      }
    }
  },
  "benchmark_io" : {
    "simple_times" : {
      "mcount" : {
        "mcount" : { "16 -- 25" : 20, "6 -- 10" : 7 }
      }
    },
    "stream_method" : {
      "conns" : [27, 26],
      "in" : [733428, 733222],
      "out" : [864, 863],
      "mmtasks" : [0, 0, 1],
      "load" : 0.025,
      "mcount" : {
        "mcount" : { "Success" : 27 }
      },
      "http_proto0" : {
        "mcount" : {
          "mcount" : { "OK" : 27 }
        }
      },
      "source_log" : {
        "delta" : [0, 0, 0]
      },
      "loggers" : {
        "brief_logger" : {
          "records" : [27, 26],
          "out" : [1591, 1590]
        }
      }
    }
  }
},
"2023-06-22 20:18:38.254 +0000" : {
  "main_scheduler" : {
    "bqs" : {
      "00037" : {
        "mmconts" : [201, 201, 201],
        "acts" : [20, 19],
        "tstate" : { "idle" : 995862, "run" : 4200, "locked" : 0, "mmap" : 0 }
      },
      "00038" : {
        "mmconts" : [201, 201, 201],
        "acts" : [18, 17],
        "tstate" : { "idle" : 995728, "run" : 4334, "locked" : 0, "mmap" : 0 }
      },
      "00039" : {
        "mmconts" : [201, 201, 201],
        "acts" : [17, 16],
        "tstate" : { "idle" : 996436, "run" : 3627, "locked" : 0, "mmap" : 0 }
      },
      "00040" : {
        "mmconts" : [201, 201, 201],
        "acts" : [18, 17],
        "tstate" : { "idle" : 996003, "run" : 4060, "locked" : 0, "mmap" : 0 }
      },
      "00041" : {
        "mmconts" : [201, 201, 201],
        "acts" : [19, 18],
        "tstate" : { "idle" : 995612, "run" : 4451, "locked" : 0, "mmap" : 0 }
      }
    }
  },
  "benchmark_io" : {
    "simple_times" : {
      "mcount" : {
        "mcount" : { "25 -- 41" : 1, "16 -- 25" : 28 }
      }
    },
    "stream_method" : {
      "conns" : [29, 28],
      "in" : [787756, 787700],
      "out" : [928, 927],
      "mmtasks" : [0, 0, 1],
      "load" : 0.024,
      "mcount" : {
        "mcount" : { "Success" : 29 }
      },
      "http_proto0" : {
        "mcount" : {
          "mcount" : { "OK" : 29 }
        }
      },
      "source_log" : {
        "delta" : [0, 0, 0]
      },
      "loggers" : {
        "brief_logger" : {
          "records" : [29, 28],
          "out" : [1743, 1742]
        }
      }
    }
  }
},
"2023-06-22 20:18:39.255 +0000" : {
  "main_scheduler" : {
    "bqs" : {
      "00037" : {
        "mmconts" : [201, 201, 201],
        "acts" : [20, 19],
        "tstate" : { "idle" : 997093, "run" : 3014, "locked" : 0, "mmap" : 0 }
      },
      "00038" : {
        "mmconts" : [201, 201, 201],
        "acts" : [18, 17],
        "tstate" : { "idle" : 997395, "run" : 2721, "locked" : 0, "mmap" : 0 }
      },
      "00039" : {
        "mmconts" : [201, 201, 201],
        "acts" : [21, 20],
        "tstate" : { "idle" : 996687, "run" : 3426, "locked" : 0, "mmap" : 0 }
      },
      "00040" : {
        "mmconts" : [201, 201, 201],
        "acts" : [20, 19],
        "tstate" : { "idle" : 996556, "run" : 3555, "locked" : 0, "mmap" : 0 }
      },
      "00041" : {
        "mmconts" : [201, 201, 201],
        "acts" : [19, 18],
        "tstate" : { "idle" : 996419, "run" : 3689, "locked" : 0, "mmap" : 0 }
      }
    }
  },
  "benchmark_io" : {
    "simple_times" : {
      "mcount" : {
        "mcount" : { "25 -- 41" : 1, "16 -- 25" : 14, "10 -- 16" : 3, "6 -- 10" : 10, "4 -- 6" : 2 }
      }
    },
    "stream_method" : {
      "conns" : [30, 29],
      "in" : [814920, 814861],
      "out" : [960, 959],
      "mmtasks" : [0, 0, 1],
      "load" : 0.026,
      "mcount" : {
        "mcount" : { "Success" : 30 }
      },
      "http_proto0" : {
        "mcount" : {
          "mcount" : { "OK" : 30 }
        }
      },
      "source_log" : {
        "delta" : [0, 0, 0]
      },
      "loggers" : {
        "brief_logger" : {
          "records" : [30, 29],
          "out" : [1746, 1745]
        }
      }
    }
  }
},
"2023-06-22 20:18:40.255 +0000" : {
  "main_scheduler" : {
    "bqs" : {
      "00037" : {
        "mmconts" : [201, 201, 201],
        "acts" : [20, 19],
        "tstate" : { "idle" : 996996, "run" : 3141, "locked" : 0, "mmap" : 0 }
      },
      "00038" : {
        "mmconts" : [201, 201, 201],
        "acts" : [18, 17],
        "tstate" : { "idle" : 996319, "run" : 3804, "locked" : 0, "mmap" : 0 }
      },
      "00039" : {
        "mmconts" : [201, 201, 201],
        "acts" : [22, 21],
        "tstate" : { "idle" : 996483, "run" : 3640, "locked" : 0, "mmap" : 0 }
      },
      "00040" : {
        "mmconts" : [201, 201, 201],
        "acts" : [23, 22],
        "tstate" : { "idle" : 996303, "run" : 3819, "locked" : 0, "mmap" : 0 }
      },
      "00041" : {
        "mmconts" : [201, 201, 201],
        "acts" : [19, 18],
        "tstate" : { "idle" : 996348, "run" : 3775, "locked" : 0, "mmap" : 0 }
      }
    }
  },
  "benchmark_io" : {
    "simple_times" : {
      "mcount" : {
        "mcount" : { "16 -- 25" : 22, "6 -- 10" : 9, "4 -- 6" : 1 }
      }
    },
    "stream_method" : {
      "conns" : [32, 31],
      "in" : [869248, 869122],
      "out" : [1024, 1023],
      "mmtasks" : [0, 0, 1],
      "load" : 0.025,
      "mcount" : {
        "mcount" : { "Success" : 32 }
      },
      "http_proto0" : {
        "mcount" : {
          "mcount" : { "OK" : 32 }
        }
      },
      "source_log" : {
        "delta" : [0, 0, 0]
      },
      "loggers" : {
        "brief_logger" : {
          "records" : [32, 31],
          "out" : [1875, 1874]
        }
      }
    }
  }
},
"2023-06-22 20:18:41.255 +0000" : {
  "main_scheduler" : {
    "bqs" : {
      "00037" : {
        "mmconts" : [201, 201, 201],
        "acts" : [24, 24],
        "tstate" : { "idle" : 995603, "run" : 4321, "locked" : 0, "mmap" : 0 }
      },
      "00038" : {
        "mmconts" : [201, 201, 201],
        "acts" : [21, 21],
        "tstate" : { "idle" : 995489, "run" : 4439, "locked" : 0, "mmap" : 0 }
      },
      "00039" : {
        "mmconts" : [201, 201, 201],
        "acts" : [20, 20],
        "tstate" : { "idle" : 996277, "run" : 3654, "locked" : 0, "mmap" : 0 }
      },
      "00040" : {
        "mmconts" : [201, 201, 201],
        "acts" : [20, 20],
        "tstate" : { "idle" : 995852, "run" : 4082, "locked" : 0, "mmap" : 0 }
      },
      "00041" : {
        "mmconts" : [201, 201, 201],
        "acts" : [22, 22],
        "tstate" : { "idle" : 995752, "run" : 4184, "locked" : 0, "mmap" : 0 }
      }
    }
  },
  "benchmark_io" : {
    "simple_times" : {
      "mcount" : {
        "mcount" : { "25 -- 41" : 1, "16 -- 25" : 24, "10 -- 16" : 1, "6 -- 10" : 6, "4 -- 6" : 1 }
      }
    },
    "stream_method" : {
      "conns" : [33, 33],
      "in" : [896412, 896421],
      "out" : [1056, 1056],
      "mmtasks" : [0, 0, 1],
      "load" : 0.025,
      "mcount" : {
        "mcount" : { "Success" : 33 }
      },
      "http_proto0" : {
        "mcount" : {
          "mcount" : { "OK" : 33 }
        }
      },
      "source_log" : {
        "delta" : [0, 0, 0]
      },
      "loggers" : {
        "brief_logger" : {
          "records" : [33, 32],
          "out" : [1954, 1953]
        }
      }
    }
  }
},
"2023-06-22 20:18:42.255 +0000" : {
  "main_scheduler" : {
    "bqs" : {
      "00037" : {
        "mmconts" : [201, 201, 201],
        "acts" : [23, 22],
        "tstate" : { "idle" : 997319, "run" : 2712, "locked" : 0, "mmap" : 0 }
      },
      "00038" : {
        "mmconts" : [201, 201, 201],
        "acts" : [21, 20],
        "tstate" : { "idle" : 997361, "run" : 2672, "locked" : 0, "mmap" : 0 }
      },
      "00039" : {
        "mmconts" : [201, 201, 201],
        "acts" : [21, 20],
        "tstate" : { "idle" : 996759, "run" : 3290, "locked" : 0, "mmap" : 0 }
      },
      "00040" : {
        "mmconts" : [201, 201, 201],
        "acts" : [23, 22],
        "tstate" : { "idle" : 996624, "run" : 3423, "locked" : 0, "mmap" : 0 }
      },
      "00041" : {
        "mmconts" : [201, 201, 201],
        "acts" : [22, 21],
        "tstate" : { "idle" : 996671, "run" : 3374, "locked" : 0, "mmap" : 0 }
      }
    }
  },
  "benchmark_io" : {
    "simple_times" : {
      "mcount" : {
        "mcount" : { "16 -- 25" : 13, "10 -- 16" : 5, "6 -- 10" : 13, "4 -- 6" : 4 }
      }
    },
    "stream_method" : {
      "conns" : [35, 35],
      "in" : [950740, 950752],
      "out" : [1120, 1120],
      "mmtasks" : [0, 0, 1],
      "load" : 0.025,
      "mcount" : {
        "mcount" : { "Success" : 35 }
      },
      "http_proto0" : {
        "mcount" : {
          "mcount" : { "OK" : 35 }
        }
      },
      "source_log" : {
        "delta" : [0, 0, 0]
      },
      "loggers" : {
        "brief_logger" : {
          "records" : [35, 35],
          "out" : [2023, 2023]
        }
      }
    }
  }
},
"2023-06-22 20:18:43.255 +0000" : {
  "main_scheduler" : {
    "bqs" : {
      "00037" : {
        "mmconts" : [201, 201, 201],
        "acts" : [22, 21],
        "tstate" : { "idle" : 997789, "run" : 2561, "locked" : 0, "mmap" : 0 }
      },
      "00038" : {
        "mmconts" : [201, 201, 201],
        "acts" : [22, 21],
        "tstate" : { "idle" : 997574, "run" : 2777, "locked" : 0, "mmap" : 0 }
      },
      "00039" : {
        "mmconts" : [201, 201, 201],
        "acts" : [26, 25],
        "tstate" : { "idle" : 996625, "run" : 3711, "locked" : 0, "mmap" : 0 }
      },
      "00040" : {
        "mmconts" : [201, 201, 201],
        "acts" : [24, 23],
        "tstate" : { "idle" : 996841, "run" : 3498, "locked" : 0, "mmap" : 0 }
      },
      "00041" : {
        "mmconts" : [201, 201, 201],
        "acts" : [22, 21],
        "tstate" : { "idle" : 996806, "run" : 3536, "locked" : 0, "mmap" : 0 }
      }
    }
  },
  "benchmark_io" : {
    "simple_times" : {
      "mcount" : {
        "mcount" : { "16 -- 25" : 13, "10 -- 16" : 4, "6 -- 10" : 15, "4 -- 6" : 4 }
      }
    },
    "stream_method" : {
      "conns" : [36, 35],
      "in" : [977904, 977554],
      "out" : [1152, 1151],
      "mmtasks" : [0, 0, 1],
      "load" : 0.025,
      "mcount" : {
        "mcount" : { "Success" : 36 }
      },
      "http_proto0" : {
        "mcount" : {
          "mcount" : { "OK" : 36 }
        }
      },
      "source_log" : {
        "delta" : [0, 0, 0]
      },
      "loggers" : {
        "brief_logger" : {
          "records" : [36, 35],
          "out" : [2070, 2069]
        }
      }
    }
  }
},
"2023-06-22 20:18:44.254 +0000" : {
  "main_scheduler" : {
    "bqs" : {
      "00037" : {
        "mmconts" : [201, 201, 201],
        "acts" : [25, 25],
        "tstate" : { "idle" : 994263, "run" : 5160, "locked" : 0, "mmap" : 0 }
      },
      "00038" : {
        "mmconts" : [201, 201, 201],
        "acts" : [22, 22],
        "tstate" : { "idle" : 994913, "run" : 4512, "locked" : 0, "mmap" : 0 }
      },
      "00039" : {
        "mmconts" : [201, 201, 201],
        "acts" : [22, 22],
        "tstate" : { "idle" : 994452, "run" : 4973, "locked" : 0, "mmap" : 0 }
      },
      "00040" : {
        "mmconts" : [201, 201, 201],
        "acts" : [26, 26],
        "tstate" : { "idle" : 994219, "run" : 5206, "locked" : 0, "mmap" : 0 }
      },
      "00041" : {
        "mmconts" : [201, 201, 201],
        "acts" : [25, 25],
        "tstate" : { "idle" : 994067, "run" : 5358, "locked" : 0, "mmap" : 0 }
      }
    }
  },
  "benchmark_io" : {
    "simple_times" : {
      "mcount" : {
        "mcount" : { "16 -- 25" : 37 }
      }
    },
    "stream_method" : {
      "conns" : [38, 38],
      "in" : [1005068, 1005639],
      "out" : [1216, 1216],
      "mmtasks" : [0, 0, 1],
      "load" : 0.024,
      "mcount" : {
        "mcount" : { "Success" : 37 }
      },
      "http_proto0" : {
        "mcount" : {
          "mcount" : { "OK" : 37 }
        }
      },
      "source_log" : {
        "delta" : [0, 0, 0]
      },
      "loggers" : {
        "brief_logger" : {
          "records" : [37, 37],
          "out" : [2222, 2223]
        }
      }
    }
  }
},
"2023-06-22 20:18:45.254 +0000" : {
  "main_scheduler" : {
    "bqs" : {
      "00037" : {
        "mmconts" : [201, 201, 201],
        "acts" : [24, 24],
        "tstate" : { "idle" : 997198, "run" : 2784, "locked" : 0, "mmap" : 0 }
      },
      "00038" : {
        "mmconts" : [201, 201, 201],
        "acts" : [25, 25],
        "tstate" : { "idle" : 996690, "run" : 3283, "locked" : 0, "mmap" : 0 }
      },
      "00039" : {
        "mmconts" : [201, 201, 201],
        "acts" : [25, 25],
        "tstate" : { "idle" : 996751, "run" : 3218, "locked" : 0, "mmap" : 0 }
      },
      "00040" : {
        "mmconts" : [201, 201, 201],
        "acts" : [26, 26],
        "tstate" : { "idle" : 996806, "run" : 3159, "locked" : 0, "mmap" : 0 }
      },
      "00041" : {
        "mmconts" : [201, 201, 201],
        "acts" : [25, 25],
        "tstate" : { "idle" : 996765, "run" : 3197, "locked" : 0, "mmap" : 0 }
      }
    }
  },
  "benchmark_io" : {
    "simple_times" : {
      "mcount" : {
        "mcount" : { "16 -- 25" : 11, "10 -- 16" : 1, "6 -- 10" : 26, "4 -- 6" : 2 }
      }
    },
    "stream_method" : {
      "conns" : [39, 39],
      "in" : [1086560, 1086636],
      "out" : [1248, 1248],
      "mmtasks" : [0, 0, 1],
      "load" : 0.027,
      "mcount" : {
        "mcount" : { "Success" : 40 }
      },
      "http_proto0" : {
        "mcount" : {
          "mcount" : { "OK" : 40 }
        }
      },
      "source_log" : {
        "delta" : [0, 0, 0]
      },
      "loggers" : {
        "brief_logger" : {
          "records" : [40, 40],
          "out" : [2277, 2277]
        }
      }
    }
  }
},
"2023-06-22 20:18:46.254 +0000" : {
  "main_scheduler" : {
    "bqs" : {
      "00037" : {
        "mmconts" : [201, 201, 201],
        "acts" : [27, 27],
        "tstate" : { "idle" : 994921, "run" : 4504, "locked" : 0, "mmap" : 0 }
      },
      "00038" : {
        "mmconts" : [201, 201, 201],
        "acts" : [23, 23],
        "tstate" : { "idle" : 995696, "run" : 3734, "locked" : 0, "mmap" : 0 }
      },
      "00039" : {
        "mmconts" : [201, 201, 201],
        "acts" : [25, 25],
        "tstate" : { "idle" : 995719, "run" : 3714, "locked" : 0, "mmap" : 0 }
      },
      "00040" : {
        "mmconts" : [201, 201, 201],
        "acts" : [25, 25],
        "tstate" : { "idle" : 995363, "run" : 4072, "locked" : 0, "mmap" : 0 }
      },
      "00041" : {
        "mmconts" : [201, 201, 201],
        "acts" : [25, 25],
        "tstate" : { "idle" : 995565, "run" : 3872, "locked" : 0, "mmap" : 0 }
      }
    }
  },
  "benchmark_io" : {
    "simple_times" : {
      "mcount" : {
        "mcount" : { "16 -- 25" : 24, "10 -- 16" : 1, "6 -- 10" : 14, "4 -- 6" : 1 }
      }
    },
    "stream_method" : {
      "conns" : [41, 41],
      "in" : [1086560, 1087122],
      "out" : [1312, 1312],
      "mmtasks" : [0, 0, 1],
      "load" : 0.024,
      "mcount" : {
        "mcount" : { "Success" : 40 }
      },
      "http_proto0" : {
        "mcount" : {
          "mcount" : { "OK" : 40 }
        }
      },
      "source_log" : {
        "delta" : [0, 0, 0]
      },
      "loggers" : {
        "brief_logger" : {
          "records" : [40, 40],
          "out" : [2331, 2332]
        }
      }
    }
  }
},
"2023-06-22 20:18:47.254 +0000" : {
  "main_scheduler" : {
    "bqs" : {
      "00037" : {
        "mmconts" : [201, 201, 201],
        "acts" : [27, 26],
        "tstate" : { "idle" : 996715, "run" : 3692, "locked" : 0, "mmap" : 0 }
      },
      "00038" : {
        "mmconts" : [201, 201, 201],
        "acts" : [29, 28],
        "tstate" : { "idle" : 996353, "run" : 4069, "locked" : 0, "mmap" : 0 }
      },
      "00039" : {
        "mmconts" : [201, 201, 201],
        "acts" : [28, 27],
        "tstate" : { "idle" : 995815, "run" : 4605, "locked" : 0, "mmap" : 0 }
      },
      "00040" : {
        "mmconts" : [201, 201, 201],
        "acts" : [26, 25],
        "tstate" : { "idle" : 995951, "run" : 4468, "locked" : 0, "mmap" : 0 }
      },
      "00041" : {
        "mmconts" : [201, 201, 201],
        "acts" : [26, 25],
        "tstate" : { "idle" : 996220, "run" : 4197, "locked" : 0, "mmap" : 0 }
      }
    }
  },
  "benchmark_io" : {
    "simple_times" : {
      "mcount" : {
        "mcount" : { "16 -- 25" : 26, "10 -- 16" : 2, "6 -- 10" : 11, "4 -- 6" : 4 }
      }
    },
    "stream_method" : {
      "conns" : [42, 41],
      "in" : [1168052, 1167621],
      "out" : [1344, 1343],
      "mmtasks" : [0, 0, 1],
      "load" : 0.024,
      "mcount" : {
        "mcount" : { "Success" : 43 }
      },
      "http_proto0" : {
        "mcount" : {
          "mcount" : { "OK" : 43 }
        }
      },
      "source_log" : {
        "delta" : [0, 0, 0]
      },
      "loggers" : {
        "brief_logger" : {
          "records" : [43, 42],
          "out" : [2514, 2513]
        }
      }
    }
  }
},
"2023-06-22 20:18:48.254 +0000" : {
  "main_scheduler" : {
    "bqs" : {
      "00037" : {
        "mmconts" : [201, 201, 201],
        "acts" : [29, 28],
        "tstate" : { "idle" : 995315, "run" : 4865, "locked" : 0, "mmap" : 0 }
      },
      "00038" : {
        "mmconts" : [201, 201, 201],
        "acts" : [28, 27],
        "tstate" : { "idle" : 995747, "run" : 4418, "locked" : 0, "mmap" : 0 }
      },
      "00039" : {
        "mmconts" : [201, 201, 201],
        "acts" : [26, 25],
        "tstate" : { "idle" : 995833, "run" : 4334, "locked" : 0, "mmap" : 0 }
      },
      "00040" : {
        "mmconts" : [201, 201, 201],
        "acts" : [27, 26],
        "tstate" : { "idle" : 995591, "run" : 4578, "locked" : 0, "mmap" : 0 }
      },
      "00041" : {
        "mmconts" : [201, 201, 201],
        "acts" : [28, 27],
        "tstate" : { "idle" : 995302, "run" : 4869, "locked" : 0, "mmap" : 0 }
      }
    }
  },
  "benchmark_io" : {
    "simple_times" : {
      "mcount" : {
        "mcount" : { "25 -- 41" : 3, "16 -- 25" : 20, "10 -- 16" : 9, "6 -- 10" : 9, "4 -- 6" : 2 }
      }
    },
    "stream_method" : {
      "conns" : [44, 43],
      "in" : [1168052, 1167806],
      "out" : [1408, 1407],
      "mmtasks" : [0, 0, 2],
      "load" : 0.025,
      "mcount" : {
        "mcount" : { "Success" : 43 }
      },
      "http_proto0" : {
        "mcount" : {
          "mcount" : { "OK" : 43 }
        }
      },
      "source_log" : {
        "delta" : [0, 0, 0]
      },
      "loggers" : {
        "brief_logger" : {
          "records" : [43, 42],
          "out" : [2532, 2531]
        }
      }
    }
  }
},
"2023-06-22 20:18:49.254 +0000" : {
  "main_scheduler" : {
    "bqs" : {
      "00037" : {
        "mmconts" : [201, 201, 201],
        "acts" : [29, 28],
        "tstate" : { "idle" : 995397, "run" : 4622, "locked" : 0, "mmap" : 0 }
      },
      "00038" : {
        "mmconts" : [201, 201, 201],
        "acts" : [27, 26],
        "tstate" : { "idle" : 995992, "run" : 4025, "locked" : 0, "mmap" : 0 }
      },
      "00039" : {
        "mmconts" : [201, 201, 201],
        "acts" : [30, 29],
        "tstate" : { "idle" : 995625, "run" : 4391, "locked" : 0, "mmap" : 0 }
      },
      "00040" : {
        "mmconts" : [201, 201, 201],
        "acts" : [30, 29],
        "tstate" : { "idle" : 995899, "run" : 4116, "locked" : 0, "mmap" : 0 }
      },
      "00041" : {
        "mmconts" : [201, 201, 201],
        "acts" : [30, 29],
        "tstate" : { "idle" : 995395, "run" : 4620, "locked" : 0, "mmap" : 0 }
      }
    }
  },
  "benchmark_io" : {
    "simple_times" : {
      "mcount" : {
        "mcount" : { "25 -- 41" : 2, "16 -- 25" : 21, "10 -- 16" : 1, "6 -- 10" : 16, "4 -- 6" : 6 }
      }
    },
    "stream_method" : {
      "conns" : [46, 46],
      "in" : [1249544, 1249565],
      "out" : [1472, 1472],
      "mmtasks" : [0, 0, 2],
      "load" : 0.024,
      "mcount" : {
        "mcount" : { "Success" : 46 }
      },
      "http_proto0" : {
        "mcount" : {
          "mcount" : { "OK" : 46 }
        }
      },
      "source_log" : {
        "delta" : [0, 0, 0]
      },
      "loggers" : {
        "brief_logger" : {
          "records" : [46, 46],
          "out" : [2659, 2659]
        }
      }
    }
  }
},
"2023-06-22 20:18:50.255 +0000" : {
  "main_scheduler" : {
    "bqs" : {
      "00037" : {
        "mmconts" : [201, 201, 201],
        "acts" : [30, 29],
        "tstate" : { "idle" : 996109, "run" : 4041, "locked" : 0, "mmap" : 0 }
      },
      "00038" : {
        "mmconts" : [201, 201, 201],
        "acts" : [27, 26],
        "tstate" : { "idle" : 995765, "run" : 4392, "locked" : 0, "mmap" : 0 }
      },
      "00039" : {
        "mmconts" : [201, 201, 201],
        "acts" : [29, 28],
        "tstate" : { "idle" : 994636, "run" : 5523, "locked" : 0, "mmap" : 0 }
      },
      "00040" : {
        "mmconts" : [201, 201, 201],
        "acts" : [33, 32],
        "tstate" : { "idle" : 994971, "run" : 5190, "locked" : 0, "mmap" : 0 }
      },
      "00041" : {
        "mmconts" : [201, 201, 201],
        "acts" : [28, 27],
        "tstate" : { "idle" : 995837, "run" : 4326, "locked" : 0, "mmap" : 0 }
      }
    }
  },
  "benchmark_io" : {
    "simple_times" : {
      "mcount" : {
        "mcount" : { "25 -- 41" : 8, "16 -- 25" : 19, "10 -- 16" : 3, "6 -- 10" : 14, "4 -- 6" : 2 }
      }
    },
    "stream_method" : {
      "conns" : [46, 45],
      "in" : [1249544, 1249295],
      "out" : [1472, 1471],
      "mmtasks" : [0, 0, 2],
      "load" : 0.022,
      "mcount" : {
        "mcount" : { "Success" : 46 }
      },
      "http_proto0" : {
        "mcount" : {
          "mcount" : { "OK" : 46 }
        }
      },
      "source_log" : {
        "delta" : [0, 0, 0]
      },
      "loggers" : {
        "brief_logger" : {
          "records" : [46, 45],
          "out" : [2687, 2686]
        }
      }
    }
  }
},
"2023-06-22 20:18:51.254 +0000" : {
  "main_scheduler" : {
    "bqs" : {
      "00037" : {
        "mmconts" : [201, 201, 201],
        "acts" : [31, 31],
        "tstate" : { "idle" : 994461, "run" : 4904, "locked" : 0, "mmap" : 0 }
      },
      "00038" : {
        "mmconts" : [201, 201, 201],
        "acts" : [30, 30],
        "tstate" : { "idle" : 994234, "run" : 5120, "locked" : 0, "mmap" : 0 }
      },
      "00039" : {
        "mmconts" : [201, 201, 201],
        "acts" : [28, 28],
        "tstate" : { "idle" : 994209, "run" : 5141, "locked" : 0, "mmap" : 0 }
      },
      "00040" : {
        "mmconts" : [201, 201, 201],
        "acts" : [32, 32],
        "tstate" : { "idle" : 993961, "run" : 5386, "locked" : 0, "mmap" : 0 }
      },
      "00041" : {
        "mmconts" : [201, 201, 201],
        "acts" : [31, 31],
        "tstate" : { "idle" : 994121, "run" : 5221, "locked" : 0, "mmap" : 0 }
      }
    }
  },
  "benchmark_io" : {
    "simple_times" : {
      "mcount" : {
        "mcount" : { "25 -- 41" : 10, "16 -- 25" : 20, "10 -- 16" : 6, "6 -- 10" : 13 }
      }
    },
    "stream_method" : {
      "conns" : [48, 48],
      "in" : [1331036, 1331972],
      "out" : [1536, 1537],
      "mmtasks" : [0, 0, 2],
      "load" : 0.023,
      "mcount" : {
        "mcount" : { "Success" : 49 }
      },
      "http_proto0" : {
        "mcount" : {
          "mcount" : { "OK" : 49 }
        }
      },
      "source_log" : {
        "delta" : [0, 0, 0]
      },
      "loggers" : {
        "brief_logger" : {
          "records" : [49, 49],
          "out" : [2887, 2889]
        }
      }
    }
  }
},
"2023-06-22 20:18:52.254 +0000" : {
  "main_scheduler" : {
    "bqs" : {
      "00037" : {
        "mmconts" : [201, 201, 201],
        "acts" : [31, 30],
        "tstate" : { "idle" : 997317, "run" : 2841, "locked" : 0, "mmap" : 0 }
      },
      "00038" : {
        "mmconts" : [201, 201, 201],
        "acts" : [29, 28],
        "tstate" : { "idle" : 997143, "run" : 3023, "locked" : 0, "mmap" : 0 }
      },
      "00039" : {
        "mmconts" : [201, 201, 201],
        "acts" : [32, 31],
        "tstate" : { "idle" : 997298, "run" : 2872, "locked" : 0, "mmap" : 0 }
      },
      "00040" : {
        "mmconts" : [201, 201, 201],
        "acts" : [33, 32],
        "tstate" : { "idle" : 997161, "run" : 3012, "locked" : 0, "mmap" : 0 }
      },
      "00041" : {
        "mmconts" : [201, 201, 201],
        "acts" : [31, 30],
        "tstate" : { "idle" : 997135, "run" : 3042, "locked" : 0, "mmap" : 0 }
      }
    }
  },
  "benchmark_io" : {
    "simple_times" : {
      "mcount" : {
        "mcount" : { "25 -- 41" : 3, "16 -- 25" : 2, "6 -- 10" : 40, "4 -- 6" : 4 }
      }
    },
    "stream_method" : {
      "conns" : [50, 49],
      "in" : [1331036, 1330760],
      "out" : [1600, 1599],
      "mmtasks" : [0, 0, 2],
      "load" : 0.024,
      "mcount" : {
        "mcount" : { "Success" : 49 }
      },
      "http_proto0" : {
        "mcount" : {
          "mcount" : { "OK" : 49 }
        }
      },
      "source_log" : {
        "delta" : [0, 0, 0]
      },
      "loggers" : {
        "brief_logger" : {
          "records" : [49, 48],
          "out" : [2745, 2744]
        }
      }
    }
  }
},
"2023-06-22 20:18:53.254 +0000" : {
  "main_scheduler" : {
    "bqs" : {
      "00037" : {
        "mmconts" : [201, 201, 201],
        "acts" : [33, 33],
        "tstate" : { "idle" : 994627, "run" : 5133, "locked" : 0, "mmap" : 0 }
      },
      "00038" : {
        "mmconts" : [201, 201, 201],
        "acts" : [32, 32],
        "tstate" : { "idle" : 993972, "run" : 5781, "locked" : 0, "mmap" : 0 }
      },
      "00039" : {
        "mmconts" : [201, 201, 201],
        "acts" : [34, 34],
        "tstate" : { "idle" : 993861, "run" : 5888, "locked" : 0, "mmap" : 0 }
      },
      "00040" : {
        "mmconts" : [201, 201, 201],
        "acts" : [38, 38],
        "tstate" : { "idle" : 993828, "run" : 5918, "locked" : 0, "mmap" : 0 }
      },
      "00041" : {
        "mmconts" : [201, 201, 201],
        "acts" : [33, 33],
        "tstate" : { "idle" : 994210, "run" : 5533, "locked" : 0, "mmap" : 0 }
      }
    }
  },
  "benchmark_io" : {
    "simple_times" : {
      "mcount" : {
        "mcount" : { "25 -- 41" : 22, "16 -- 25" : 10, "10 -- 16" : 1, "6 -- 10" : 14, "4 -- 6" : 5 }
      }
    },
    "stream_method" : {
      "conns" : [51, 51],
      "in" : [1412528, 1412939],
      "out" : [1632, 1632],
      "mmtasks" : [0, 0, 2],
      "load" : 0.022,
      "mcount" : {
        "mcount" : { "Success" : 52 }
      },
      "http_proto0" : {
        "mcount" : {
          "mcount" : { "OK" : 52 }
        }
      },
      "source_log" : {
        "delta" : [0, 0, 0]
      },
      "loggers" : {
        "brief_logger" : {
          "records" : [52, 52],
          "out" : [3046, 3046]
        }
      }
    }
  }
},
"2023-06-22 20:18:54.255 +0000" : {
  "main_scheduler" : {
    "bqs" : {
      "00037" : {
        "mmconts" : [201, 201, 201],
        "acts" : [36, 35],
        "tstate" : { "idle" : 996366, "run" : 4411, "locked" : 0, "mmap" : 0 }
      },
      "00038" : {
        "mmconts" : [201, 201, 201],
        "acts" : [30, 29],
        "tstate" : { "idle" : 997346, "run" : 3444, "locked" : 0, "mmap" : 0 }
      },
      "00039" : {
        "mmconts" : [201, 201, 201],
        "acts" : [32, 31],
        "tstate" : { "idle" : 997835, "run" : 2955, "locked" : 0, "mmap" : 0 }
      },
      "00040" : {
        "mmconts" : [201, 201, 201],
        "acts" : [33, 32],
        "tstate" : { "idle" : 997581, "run" : 3209, "locked" : 0, "mmap" : 0 }
      },
      "00041" : {
        "mmconts" : [201, 201, 201],
        "acts" : [36, 35],
        "tstate" : { "idle" : 997088, "run" : 3701, "locked" : 0, "mmap" : 0 }
      }
    }
  },
  "benchmark_io" : {
    "simple_times" : {
      "mcount" : {
        "mcount" : { "25 -- 41" : 6, "16 -- 25" : 4, "10 -- 16" : 2, "6 -- 10" : 38, "4 -- 6" : 3 }
      }
    },
    "stream_method" : {
      "conns" : [53, 52],
      "in" : [1439692, 1438558],
      "out" : [1696, 1694],
      "mmtasks" : [0, 0, 2],
      "load" : 0.023,
      "mcount" : {
        "mcount" : { "Success" : 53 }
      },
      "http_proto0" : {
        "mcount" : {
          "mcount" : { "OK" : 53 }
        }
      },
      "source_log" : {
        "delta" : [0, 0, 0]
      },
      "loggers" : {
        "brief_logger" : {
          "records" : [53, 52],
          "out" : [3002, 2999]
        }
      }
    }
  }
},
"2023-06-22 20:18:55.255 +0000" : {
  "main_scheduler" : {
    "bqs" : {
      "00037" : {
        "mmconts" : [201, 201, 201],
        "acts" : [37, 36],
        "tstate" : { "idle" : 994210, "run" : 5908, "locked" : 0, "mmap" : 0 }
      },
      "00038" : {
        "mmconts" : [201, 201, 201],
        "acts" : [33, 32],
        "tstate" : { "idle" : 993763, "run" : 6346, "locked" : 0, "mmap" : 0 }
      },
      "00039" : {
        "mmconts" : [201, 201, 201],
        "acts" : [34, 33],
        "tstate" : { "idle" : 994027, "run" : 6083, "locked" : 0, "mmap" : 0 }
      },
      "00040" : {
        "mmconts" : [201, 201, 201],
        "acts" : [35, 34],
        "tstate" : { "idle" : 994212, "run" : 5899, "locked" : 0, "mmap" : 0 }
      },
      "00041" : {
        "mmconts" : [201, 201, 201],
        "acts" : [36, 35],
        "tstate" : { "idle" : 994295, "run" : 5818, "locked" : 0, "mmap" : 0 }
      }
    }
  },
  "benchmark_io" : {
    "simple_times" : {
      "mcount" : {
        "mcount" : { "25 -- 41" : 20, "16 -- 25" : 18, "10 -- 16" : 1, "6 -- 10" : 11, "4 -- 6" : 3 }
      }
    },
    "stream_method" : {
      "conns" : [55, 54],
      "in" : [1439692, 1439501],
      "out" : [1760, 1759],
      "mmtasks" : [0, 1, 2],
      "load" : 0.021,
      "mcount" : {
        "mcount" : { "Success" : 53 }
      },
      "http_proto0" : {
        "mcount" : {
          "mcount" : { "OK" : 53 }
        }
      },
      "source_log" : {
        "delta" : [0, 0, 0]
      },
      "loggers" : {
        "brief_logger" : {
          "records" : [53, 52],
          "out" : [3122, 3121]
        }
      }
    }
  }
},
"2023-06-22 20:18:56.255 +0000" : {
  "main_scheduler" : {
    "bqs" : {
      "00037" : {
        "mmconts" : [201, 201, 201],
        "acts" : [32, 32],
        "tstate" : { "idle" : 995253, "run" : 4521, "locked" : 0, "mmap" : 0 }
      },
      "00038" : {
        "mmconts" : [201, 201, 201],
        "acts" : [37, 37],
        "tstate" : { "idle" : 995720, "run" : 4049, "locked" : 0, "mmap" : 0 }
      },
      "00039" : {
        "mmconts" : [201, 201, 201],
        "acts" : [35, 35],
        "tstate" : { "idle" : 995023, "run" : 4745, "locked" : 0, "mmap" : 0 }
      },
      "00040" : {
        "mmconts" : [201, 201, 201],
        "acts" : [35, 35],
        "tstate" : { "idle" : 995572, "run" : 4195, "locked" : 0, "mmap" : 0 }
      },
      "00041" : {
        "mmconts" : [201, 201, 201],
        "acts" : [35, 35],
        "tstate" : { "idle" : 995783, "run" : 3983, "locked" : 0, "mmap" : 0 }
      }
    }
  },
  "benchmark_io" : {
    "simple_times" : {
      "mcount" : {
        "mcount" : { "25 -- 41" : 6, "16 -- 25" : 9, "10 -- 16" : 7, "6 -- 10" : 32, "4 -- 6" : 3 }
      }
    },
    "stream_method" : {
      "conns" : [55, 55],
      "in" : [1548348, 1548718],
      "out" : [1760, 1760],
      "mmtasks" : [0, 0, 2],
      "load" : 0.024,
      "mcount" : {
        "mcount" : { "Success" : 57 }
      },
      "http_proto0" : {
        "mcount" : {
          "mcount" : { "OK" : 57 }
        }
      },
      "source_log" : {
        "delta" : [0, 0, 0]
      },
      "loggers" : {
        "brief_logger" : {
          "records" : [57, 57],
          "out" : [3270, 3270]
        }
      }
    }
  }
},
"2023-06-22 20:18:57.254 +0000" : {
  "main_scheduler" : {
    "bqs" : {
      "00037" : {
        "mmconts" : [201, 201, 201],
        "acts" : [37, 37],
        "tstate" : { "idle" : 996178, "run" : 3759, "locked" : 0, "mmap" : 0 }
      },
      "00038" : {
        "mmconts" : [201, 201, 201],
        "acts" : [34, 34],
        "tstate" : { "idle" : 996634, "run" : 3308, "locked" : 0, "mmap" : 0 }
      },
      "00039" : {
        "mmconts" : [201, 201, 201],
        "acts" : [38, 38],
        "tstate" : { "idle" : 996006, "run" : 3939, "locked" : 0, "mmap" : 0 }
      },
      "00040" : {
        "mmconts" : [201, 201, 201],
        "acts" : [37, 37],
        "tstate" : { "idle" : 996223, "run" : 3723, "locked" : 0, "mmap" : 0 }
      },
      "00041" : {
        "mmconts" : [201, 201, 201],
        "acts" : [35, 35],
        "tstate" : { "idle" : 996174, "run" : 3774, "locked" : 0, "mmap" : 0 }
      }
    }
  },
  "benchmark_io" : {
    "simple_times" : {
      "mcount" : {
        "mcount" : { "25 -- 41" : 4, "16 -- 25" : 2, "10 -- 16" : 10, "6 -- 10" : 37, "4 -- 6" : 4 }
      }
    },
    "stream_method" : {
      "conns" : [57, 57],
      "in" : [1548348, 1548382],
      "out" : [1824, 1824],
      "mmtasks" : [0, 0, 3],
      "load" : 0.024,
      "mcount" : {
        "mcount" : { "Success" : 57 }
      },
      "http_proto0" : {
        "mcount" : {
          "mcount" : { "OK" : 57 }
        }
      },
      "source_log" : {
        "delta" : [0, 0, 0]
      },
      "loggers" : {
        "brief_logger" : {
          "records" : [57, 57],
          "out" : [3225, 3225]
        }
      }
    }
  }
},
"2023-06-22 20:18:58.254 +0000" : {
  "main_scheduler" : {
    "bqs" : {
      "00037" : {
        "mmconts" : [201, 201, 201],
        "acts" : [39, 39],
        "tstate" : { "idle" : 995356, "run" : 4564, "locked" : 0, "mmap" : 0 }
      },
      "00038" : {
        "mmconts" : [201, 201, 201],
        "acts" : [36, 36],
        "tstate" : { "idle" : 995590, "run" : 4331, "locked" : 0, "mmap" : 0 }
      },
      "00039" : {
        "mmconts" : [201, 201, 201],
        "acts" : [34, 34],
        "tstate" : { "idle" : 996255, "run" : 3665, "locked" : 0, "mmap" : 0 }
      },
      "00040" : {
        "mmconts" : [201, 201, 201],
        "acts" : [37, 37],
        "tstate" : { "idle" : 995847, "run" : 4074, "locked" : 0, "mmap" : 0 }
      },
      "00041" : {
        "mmconts" : [201, 201, 201],
        "acts" : [38, 38],
        "tstate" : { "idle" : 995680, "run" : 4241, "locked" : 0, "mmap" : 0 }
      }
    }
  },
  "benchmark_io" : {
    "simple_times" : {
      "mcount" : {
        "mcount" : { "25 -- 41" : 6, "16 -- 25" : 10, "10 -- 16" : 2, "6 -- 10" : 39, "4 -- 6" : 1 }
      }
    },
    "stream_method" : {
      "conns" : [59, 59],
      "in" : [1575512, 1575666],
      "out" : [1888, 1888],
      "mmtasks" : [0, 0, 3],
      "load" : 0.022,
      "mcount" : {
        "mcount" : { "Success" : 58 }
      },
      "http_proto0" : {
        "mcount" : {
          "mcount" : { "OK" : 58 }
        }
      },
      "source_log" : {
        "delta" : [0, 0, 0]
      },
      "loggers" : {
        "brief_logger" : {
          "records" : [58, 58],
          "out" : [3292, 3292]
        }
      }
    }
  }
},
"2023-06-22 20:18:59.255 +0000" : {
  "main_scheduler" : {
    "bqs" : {
      "00037" : {
        "mmconts" : [201, 201, 201],
        "acts" : [39, 38],
        "tstate" : { "idle" : 996596, "run" : 3715, "locked" : 0, "mmap" : 0 }
      },
      "00038" : {
        "mmconts" : [201, 201, 201],
        "acts" : [38, 37],
        "tstate" : { "idle" : 996405, "run" : 3901, "locked" : 0, "mmap" : 0 }
      },
      "00039" : {
        "mmconts" : [201, 201, 201],
        "acts" : [39, 38],
        "tstate" : { "idle" : 995999, "run" : 4305, "locked" : 0, "mmap" : 0 }
      },
      "00040" : {
        "mmconts" : [201, 201, 201],
        "acts" : [38, 37],
        "tstate" : { "idle" : 996288, "run" : 4014, "locked" : 0, "mmap" : 0 }
      },
      "00041" : {
        "mmconts" : [201, 201, 201],
        "acts" : [38, 37],
        "tstate" : { "idle" : 996224, "run" : 4076, "locked" : 0, "mmap" : 0 }
      }
    }
  },
  "benchmark_io" : {
    "simple_times" : {
      "mcount" : {
        "mcount" : { "25 -- 41" : 4, "16 -- 25" : 9, "10 -- 16" : 4, "6 -- 10" : 37, "4 -- 6" : 7 }
      }
    },
    "stream_method" : {
      "conns" : [61, 60],
      "in" : [1657004, 1656548],
      "out" : [1952, 1951],
      "mmtasks" : [0, 0, 3],
      "load" : 0.024,
      "mcount" : {
        "mcount" : { "Success" : 61 }
      },
      "http_proto0" : {
        "mcount" : {
          "mcount" : { "OK" : 61 }
        }
      },
      "source_log" : {
        "delta" : [0, 0, 0]
      },
      "loggers" : {
        "brief_logger" : {
          "records" : [61, 60],
          "out" : [3460, 3459]
        }
      }
    }
  }
},
"2023-06-22 20:19:00.255 +0000" : {
  "main_scheduler" : {
    "bqs" : {
      "00037" : {
        "mmconts" : [201, 201, 201],
        "acts" : [37, 36],
        "tstate" : { "idle" : 996885, "run" : 3138, "locked" : 0, "mmap" : 0 }
      },
      "00038" : {
        "mmconts" : [201, 201, 201],
        "acts" : [36, 35],
        "tstate" : { "idle" : 996907, "run" : 3123, "locked" : 0, "mmap" : 0 }
      },
      "00039" : {
        "mmconts" : [201, 201, 201],
        "acts" : [39, 38],
        "tstate" : { "idle" : 996653, "run" : 3381, "locked" : 0, "mmap" : 0 }
      },
      "00040" : {
        "mmconts" : [201, 201, 201],
        "acts" : [40, 39],
        "tstate" : { "idle" : 996412, "run" : 3625, "locked" : 0, "mmap" : 0 }
      },
      "00041" : {
        "mmconts" : [201, 201, 201],
        "acts" : [37, 36],
        "tstate" : { "idle" : 996817, "run" : 3223, "locked" : 0, "mmap" : 0 }
      }
    }
  },
  "benchmark_io" : {
    "simple_times" : {
      "mcount" : {
        "mcount" : { "25 -- 41" : 1, "16 -- 25" : 3, "6 -- 10" : 55, "4 -- 6" : 2 }
      }
    },
    "stream_method" : {
      "conns" : [61, 60],
      "in" : [1657004, 1656883],
      "out" : [1952, 1951],
      "mmtasks" : [0, 0, 2],
      "load" : 0.025,
      "mcount" : {
        "mcount" : { "Success" : 61 }
      },
      "http_proto0" : {
        "mcount" : {
          "mcount" : { "OK" : 61 }
        }
      },
      "source_log" : {
        "delta" : [0, 0, 0]
      },
      "loggers" : {
        "brief_logger" : {
          "records" : [61, 60],
          "out" : [3392, 3391]
        }
      }
    }
  }
},
"2023-06-22 20:19:01.254 +0000" : {
  "main_scheduler" : {
    "bqs" : {
      "00037" : {
        "mmconts" : [201, 201, 201],
        "acts" : [42, 42],
        "tstate" : { "idle" : 994450, "run" : 4794, "locked" : 0, "mmap" : 0 }
      },
      "00038" : {
        "mmconts" : [201, 201, 201],
        "acts" : [40, 40],
        "tstate" : { "idle" : 994237, "run" : 5006, "locked" : 0, "mmap" : 0 }
      },
      "00039" : {
        "mmconts" : [201, 201, 201],
        "acts" : [40, 40],
        "tstate" : { "idle" : 994820, "run" : 4422, "locked" : 0, "mmap" : 0 }
      },
      "00040" : {
        "mmconts" : [201, 201, 201],
        "acts" : [38, 38],
        "tstate" : { "idle" : 994105, "run" : 5137, "locked" : 0, "mmap" : 0 }
      },
      "00041" : {
        "mmconts" : [201, 201, 201],
        "acts" : [40, 40],
        "tstate" : { "idle" : 993560, "run" : 5681, "locked" : 0, "mmap" : 0 }
      }
    }
  },
  "benchmark_io" : {
    "simple_times" : {
      "mcount" : {
        "mcount" : { "25 -- 41" : 7, "16 -- 25" : 14, "10 -- 16" : 5, "6 -- 10" : 31, "4 -- 6" : 6 }
      }
    },
    "stream_method" : {
      "conns" : [63, 63],
      "in" : [1711332, 1712583],
      "out" : [2016, 2017],
      "mmtasks" : [0, 0, 3],
      "load" : 0.022,
      "mcount" : {
        "mcount" : { "Success" : 63 }
      },
      "http_proto0" : {
        "mcount" : {
          "mcount" : { "OK" : 63 }
        }
      },
      "source_log" : {
        "delta" : [0, 0, 0]
      },
      "loggers" : {
        "brief_logger" : {
          "records" : [63, 63],
          "out" : [3611, 3613]
        }
      }
    }
  }
},
"2023-06-22 20:19:02.254 +0000" : {
  "main_scheduler" : {
    "bqs" : {
      "00037" : {
        "mmconts" : [201, 201, 201],
        "acts" : [42, 42],
        "tstate" : { "idle" : 993845, "run" : 6104, "locked" : 0, "mmap" : 0 }
      },
      "00038" : {
        "mmconts" : [201, 201, 201],
        "acts" : [44, 44],
        "tstate" : { "idle" : 993533, "run" : 6417, "locked" : 0, "mmap" : 0 }
      },
      "00039" : {
        "mmconts" : [201, 201, 201],
        "acts" : [43, 43],
        "tstate" : { "idle" : 993653, "run" : 6298, "locked" : 0, "mmap" : 0 }
      },
      "00040" : {
        "mmconts" : [201, 201, 201],
        "acts" : [43, 43],
        "tstate" : { "idle" : 993564, "run" : 6387, "locked" : 0, "mmap" : 0 }
      },
      "00041" : {
        "mmconts" : [201, 201, 201],
        "acts" : [44, 44],
        "tstate" : { "idle" : 993202, "run" : 6749, "locked" : 0, "mmap" : 0 }
      }
    }
  },
  "benchmark_io" : {
    "simple_times" : {
      "mcount" : {
        "mcount" : { "25 -- 41" : 12, "16 -- 25" : 24, "10 -- 16" : 4, "6 -- 10" : 22, "4 -- 6" : 3 }
      }
    },
    "stream_method" : {
      "conns" : [65, 65],
      "in" : [1765660, 1765783],
      "out" : [2080, 2080],
      "mmtasks" : [0, 1, 3],
      "load" : 0.022,
      "mcount" : {
        "mcount" : { "Success" : 65 }
      },
      "http_proto0" : {
        "mcount" : {
          "mcount" : { "OK" : 65 }
        }
      },
      "source_log" : {
        "delta" : [0, 0, 0]
      },
      "loggers" : {
        "brief_logger" : {
          "records" : [65, 65],
          "out" : [3791, 3791]
        }
      }
    }
  }
},
"2023-06-22 20:19:03.254 +0000" : {
  "main_scheduler" : {
    "bqs" : {
      "00037" : {
        "mmconts" : [201, 201, 201],
        "acts" : [42, 41],
        "tstate" : { "idle" : 995874, "run" : 4524, "locked" : 0, "mmap" : 0 }
      },
      "00038" : {
        "mmconts" : [201, 201, 201],
        "acts" : [42, 41],
        "tstate" : { "idle" : 995664, "run" : 4729, "locked" : 0, "mmap" : 0 }
      },
      "00039" : {
        "mmconts" : [201, 201, 201],
        "acts" : [43, 42],
        "tstate" : { "idle" : 995192, "run" : 5198, "locked" : 0, "mmap" : 0 }
      },
      "00040" : {
        "mmconts" : [201, 201, 201],
        "acts" : [43, 42],
        "tstate" : { "idle" : 995172, "run" : 5215, "locked" : 0, "mmap" : 0 }
      },
      "00041" : {
        "mmconts" : [201, 201, 201],
        "acts" : [41, 40],
        "tstate" : { "idle" : 995874, "run" : 4512, "locked" : 0, "mmap" : 0 }
      }
    }
  },
  "benchmark_io" : {
    "simple_times" : {
      "mcount" : {
        "mcount" : { "25 -- 41" : 9, "16 -- 25" : 8, "10 -- 16" : 2, "6 -- 10" : 45, "4 -- 6" : 3 }
      }
    },
    "stream_method" : {
      "conns" : [66, 65],
      "in" : [1819988, 1819343],
      "out" : [2112, 2111],
      "mmtasks" : [0, 0, 3],
      "load" : 0.023,
      "mcount" : {
        "mcount" : { "Success" : 67 }
      },
      "http_proto0" : {
        "mcount" : {
          "mcount" : { "OK" : 67 }
        }
      },
      "source_log" : {
        "delta" : [0, 0, 0]
      },
      "loggers" : {
        "brief_logger" : {
          "records" : [67, 66],
          "out" : [3807, 3805]
        }
      }
    }
  }
},
"2023-06-22 20:19:04.254 +0000" : {
  "main_scheduler" : {
    "bqs" : {
      "00037" : {
        "mmconts" : [201, 201, 201],
        "acts" : [41, 41],
        "tstate" : { "idle" : 996410, "run" : 3212, "locked" : 0, "mmap" : 0 }
      },
      "00038" : {
        "mmconts" : [201, 201, 201],
        "acts" : [43, 43],
        "tstate" : { "idle" : 996373, "run" : 3247, "locked" : 0, "mmap" : 0 }
      },
      "00039" : {
        "mmconts" : [201, 201, 201],
        "acts" : [40, 40],
        "tstate" : { "idle" : 996604, "run" : 3015, "locked" : 0, "mmap" : 0 }
      },
      "00040" : {
        "mmconts" : [201, 201, 201],
        "acts" : [42, 42],
        "tstate" : { "idle" : 996273, "run" : 3345, "locked" : 0, "mmap" : 0 }
      },
      "00041" : {
        "mmconts" : [201, 201, 201],
        "acts" : [44, 44],
        "tstate" : { "idle" : 995945, "run" : 3672, "locked" : 0, "mmap" : 0 }
      }
    }
  },
  "benchmark_io" : {
    "simple_times" : {
      "mcount" : {
        "mcount" : { "6 -- 10" : 65, "4 -- 6" : 3 }
      }
    },
    "stream_method" : {
      "conns" : [68, 68],
      "in" : [1847152, 1847874],
      "out" : [2176, 2176],
      "mmtasks" : [0, 0, 1],
      "load" : 0.026,
      "mcount" : {
        "mcount" : { "Success" : 68 }
      },
      "http_proto0" : {
        "mcount" : {
          "mcount" : { "OK" : 68 }
        }
      },
      "source_log" : {
        "delta" : [0, 0, 0]
      },
      "loggers" : {
        "brief_logger" : {
          "records" : [68, 68],
          "out" : [3776, 3777]
        }
      }
    }
  }
},
"2023-06-22 20:19:05.255 +0000" : {
  "main_scheduler" : {
    "bqs" : {
      "00037" : {
        "mmconts" : [201, 201, 201],
        "acts" : [47, 46],
        "tstate" : { "idle" : 996721, "run" : 3932, "locked" : 0, "mmap" : 0 }
      },
      "00038" : {
        "mmconts" : [201, 201, 201],
        "acts" : [41, 40],
        "tstate" : { "idle" : 997057, "run" : 3601, "locked" : 0, "mmap" : 0 }
      },
      "00039" : {
        "mmconts" : [201, 201, 201],
        "acts" : [43, 42],
        "tstate" : { "idle" : 996352, "run" : 4308, "locked" : 0, "mmap" : 0 }
      },
      "00040" : {
        "mmconts" : [201, 201, 201],
        "acts" : [46, 45],
        "tstate" : { "idle" : 996560, "run" : 4103, "locked" : 0, "mmap" : 0 }
      },
      "00041" : {
        "mmconts" : [201, 201, 201],
        "acts" : [42, 41],
        "tstate" : { "idle" : 996972, "run" : 3693, "locked" : 0, "mmap" : 0 }
      }
    }
  },
  "benchmark_io" : {
    "simple_times" : {
      "mcount" : {
        "mcount" : { "25 -- 41" : 1, "16 -- 25" : 7, "6 -- 10" : 55, "4 -- 6" : 5 }
      }
    },
    "stream_method" : {
      "conns" : [70, 69],
      "in" : [1847152, 1845883],
      "out" : [2240, 2238],
      "mmtasks" : [0, 0, 2],
      "load" : 0.024,
      "mcount" : {
        "mcount" : { "Success" : 68 }
      },
      "http_proto0" : {
        "mcount" : {
          "mcount" : { "OK" : 68 }
        }
      },
      "source_log" : {
        "delta" : [0, 0, 0]
      },
      "loggers" : {
        "brief_logger" : {
          "records" : [68, 67],
          "out" : [3802, 3799]
        }
      }
    }
  }
},
"2023-06-22 20:19:06.255 +0000" : {
  "main_scheduler" : {
    "bqs" : {
      "00037" : {
        "mmconts" : [201, 201, 201],
        "acts" : [43, 42],
        "tstate" : { "idle" : 996389, "run" : 3692, "locked" : 0, "mmap" : 0 }
      },
      "00038" : {
        "mmconts" : [201, 201, 201],
        "acts" : [45, 44],
        "tstate" : { "idle" : 996003, "run" : 4086, "locked" : 0, "mmap" : 0 }
      },
      "00039" : {
        "mmconts" : [201, 201, 201],
        "acts" : [43, 42],
        "tstate" : { "idle" : 996260, "run" : 3826, "locked" : 0, "mmap" : 0 }
      },
      "00040" : {
        "mmconts" : [201, 201, 201],
        "acts" : [43, 42],
        "tstate" : { "idle" : 996088, "run" : 3996, "locked" : 0, "mmap" : 0 }
      },
      "00041" : {
        "mmconts" : [201, 201, 201],
        "acts" : [45, 44],
        "tstate" : { "idle" : 996278, "run" : 3804, "locked" : 0, "mmap" : 0 }
      }
    }
  },
  "benchmark_io" : {
    "simple_times" : {
      "mcount" : {
        "mcount" : { "25 -- 41" : 1, "16 -- 25" : 5, "10 -- 16" : 3, "6 -- 10" : 60, "4 -- 6" : 3 }
      }
    },
    "stream_method" : {
      "conns" : [70, 69],
      "in" : [1955808, 1955524],
      "out" : [2240, 2239],
      "mmtasks" : [0, 0, 3],
      "load" : 0.024,
      "mcount" : {
        "mcount" : { "Success" : 72 }
      },
      "http_proto0" : {
        "mcount" : {
          "mcount" : { "OK" : 72 }
        }
      },
      "source_log" : {
        "delta" : [0, 0, 0]
      },
      "loggers" : {
        "brief_logger" : {
          "records" : [72, 71],
          "out" : [4029, 4028]
        }
      }
    }
  }
},
"2023-06-22 20:19:07.255 +0000" : {
  "main_scheduler" : {
    "bqs" : {
      "00037" : {
        "mmconts" : [201, 201, 201],
        "acts" : [50, 50],
        "tstate" : { "idle" : 994918, "run" : 4987, "locked" : 0, "mmap" : 0 }
      },
      "00038" : {
        "mmconts" : [201, 201, 201],
        "acts" : [43, 43],
        "tstate" : { "idle" : 995101, "run" : 4792, "locked" : 0, "mmap" : 0 }
      },
      "00039" : {
        "mmconts" : [201, 201, 201],
        "acts" : [46, 46],
        "tstate" : { "idle" : 994594, "run" : 5300, "locked" : 0, "mmap" : 0 }
      },
      "00040" : {
        "mmconts" : [201, 201, 201],
        "acts" : [46, 46],
        "tstate" : { "idle" : 994702, "run" : 5192, "locked" : 0, "mmap" : 0 }
      },
      "00041" : {
        "mmconts" : [201, 201, 201],
        "acts" : [43, 43],
        "tstate" : { "idle" : 994631, "run" : 5263, "locked" : 0, "mmap" : 0 }
      }
    }
  },
  "benchmark_io" : {
    "simple_times" : {
      "mcount" : {
        "mcount" : { "25 -- 41" : 8, "16 -- 25" : 13, "10 -- 16" : 2, "6 -- 10" : 42, "4 -- 6" : 7 }
      }
    },
    "stream_method" : {
      "conns" : [72, 72],
      "in" : [1955808, 1956177],
      "out" : [2304, 2304],
      "mmtasks" : [0, 0, 3],
      "load" : 0.022,
      "mcount" : {
        "mcount" : { "Success" : 72 }
      },
      "http_proto0" : {
        "mcount" : {
          "mcount" : { "OK" : 72 }
        }
      },
      "source_log" : {
        "delta" : [0, 0, 0]
      },
      "loggers" : {
        "brief_logger" : {
          "records" : [72, 72],
          "out" : [4091, 4091]
        }
      }
    }
  }
},
"2023-06-22 20:19:08.255 +0000" : {
  "main_scheduler" : {
    "bqs" : {
      "00037" : {
        "mmconts" : [201, 201, 201],
        "acts" : [46, 45],
        "tstate" : { "idle" : 996026, "run" : 4034, "locked" : 0, "mmap" : 0 }
      },
      "00038" : {
        "mmconts" : [201, 201, 201],
        "acts" : [45, 44],
        "tstate" : { "idle" : 995518, "run" : 4560, "locked" : 0, "mmap" : 0 }
      },
      "00039" : {
        "mmconts" : [201, 201, 201],
        "acts" : [43, 42],
        "tstate" : { "idle" : 995792, "run" : 4287, "locked" : 0, "mmap" : 0 }
      },
      "00040" : {
        "mmconts" : [201, 201, 201],
        "acts" : [48, 47],
        "tstate" : { "idle" : 995694, "run" : 4385, "locked" : 0, "mmap" : 0 }
      },
      "00041" : {
        "mmconts" : [201, 201, 201],
        "acts" : [47, 46],
        "tstate" : { "idle" : 995542, "run" : 4537, "locked" : 0, "mmap" : 0 }
      }
    }
  },
  "benchmark_io" : {
    "simple_times" : {
      "mcount" : {
        "mcount" : { "25 -- 41" : 5, "16 -- 25" : 8, "10 -- 16" : 1, "6 -- 10" : 53, "4 -- 6" : 7 }
      }
    },
    "stream_method" : {
      "conns" : [74, 73],
      "in" : [2010136, 2009951],
      "out" : [2368, 2367],
      "mmtasks" : [0, 0, 3],
      "load" : 0.022,
      "mcount" : {
        "mcount" : { "Success" : 74 }
      },
      "http_proto0" : {
        "mcount" : {
          "mcount" : { "OK" : 74 }
        }
      },
      "source_log" : {
        "delta" : [0, 0, 0]
      },
      "loggers" : {
        "brief_logger" : {
          "records" : [74, 73],
          "out" : [4158, 4157]
        }
      }
    }
  }
},
"2023-06-22 20:19:09.255 +0000" : {
  "main_scheduler" : {
    "bqs" : {
      "00037" : {
        "mmconts" : [201, 201, 201],
        "acts" : [47, 46],
        "tstate" : { "idle" : 996424, "run" : 3690, "locked" : 0, "mmap" : 0 }
      },
      "00038" : {
        "mmconts" : [201, 201, 201],
        "acts" : [47, 46],
        "tstate" : { "idle" : 996432, "run" : 3665, "locked" : 0, "mmap" : 0 }
      },
      "00039" : {
        "mmconts" : [201, 201, 201],
        "acts" : [50, 49],
        "tstate" : { "idle" : 996435, "run" : 3662, "locked" : 0, "mmap" : 0 }
      },
      "00040" : {
        "mmconts" : [201, 201, 201],
        "acts" : [49, 48],
        "tstate" : { "idle" : 996512, "run" : 3586, "locked" : 0, "mmap" : 0 }
      },
      "00041" : {
        "mmconts" : [201, 201, 201],
        "acts" : [49, 48],
        "tstate" : { "idle" : 996547, "run" : 3552, "locked" : 0, "mmap" : 0 }
      }
    }
  },
  "benchmark_io" : {
    "simple_times" : {
      "mcount" : {
        "mcount" : { "10 -- 16" : 1, "6 -- 10" : 61, "4 -- 6" : 13 }
      }
    },
    "stream_method" : {
      "conns" : [76, 75],
      "in" : [2037300, 2037108],
      "out" : [2432, 2431],
      "mmtasks" : [0, 0, 1],
      "load" : 0.026,
      "mcount" : {
        "mcount" : { "Success" : 75 }
      },
      "http_proto0" : {
        "mcount" : {
          "mcount" : { "OK" : 75 }
        }
      },
      "source_log" : {
        "delta" : [0, 0, 0]
      },
      "loggers" : {
        "brief_logger" : {
          "records" : [75, 74],
          "out" : [4155, 4154]
        }
      }
    }
  }
},
"2023-06-22 20:19:10.255 +0000" : {
  "main_scheduler" : {
    "bqs" : {
      "00037" : {
        "mmconts" : [201, 201, 201],
        "acts" : [50, 49],
        "tstate" : { "idle" : 994761, "run" : 5391, "locked" : 0, "mmap" : 0 }
      },
      "00038" : {
        "mmconts" : [201, 201, 201],
        "acts" : [48, 47],
        "tstate" : { "idle" : 995142, "run" : 5012, "locked" : 0, "mmap" : 0 }
      },
      "00039" : {
        "mmconts" : [201, 201, 201],
        "acts" : [50, 49],
        "tstate" : { "idle" : 994849, "run" : 5306, "locked" : 0, "mmap" : 0 }
      },
      "00040" : {
        "mmconts" : [201, 201, 201],
        "acts" : [48, 47],
        "tstate" : { "idle" : 994969, "run" : 5186, "locked" : 0, "mmap" : 0 }
      },
      "00041" : {
        "mmconts" : [201, 201, 201],
        "acts" : [47, 46],
        "tstate" : { "idle" : 995066, "run" : 5090, "locked" : 0, "mmap" : 0 }
      }
    }
  },
  "benchmark_io" : {
    "simple_times" : {
      "mcount" : {
        "mcount" : { "25 -- 41" : 10, "16 -- 25" : 12, "10 -- 16" : 5, "6 -- 10" : 44, "4 -- 6" : 6 }
      }
    },
    "stream_method" : {
      "conns" : [76, 75],
      "in" : [2091628, 2091272],
      "out" : [2432, 2431],
      "mmtasks" : [0, 0, 3],
      "load" : 0.021,
      "mcount" : {
        "mcount" : { "Success" : 77 }
      },
      "http_proto0" : {
        "mcount" : {
          "mcount" : { "OK" : 77 }
        }
      },
      "source_log" : {
        "delta" : [0, 0, 0]
      },
      "loggers" : {
        "brief_logger" : {
          "records" : [77, 76],
          "out" : [4383, 4382]
        }
      }
    }
  }
},
"2023-06-22 20:19:11.254 +0000" : {
  "main_scheduler" : {
    "bqs" : {
      "00037" : {
        "mmconts" : [201, 201, 201],
        "acts" : [48, 48],
        "tstate" : { "idle" : 993461, "run" : 6092, "locked" : 0, "mmap" : 0 }
      },
      "00038" : {
        "mmconts" : [201, 201, 201],
        "acts" : [50, 50],
        "tstate" : { "idle" : 993547, "run" : 6002, "locked" : 0, "mmap" : 0 }
      },
      "00039" : {
        "mmconts" : [201, 201, 201],
        "acts" : [48, 48],
        "tstate" : { "idle" : 993374, "run" : 6174, "locked" : 0, "mmap" : 0 }
      },
      "00040" : {
        "mmconts" : [201, 201, 201],
        "acts" : [51, 51],
        "tstate" : { "idle" : 993335, "run" : 6212, "locked" : 0, "mmap" : 0 }
      },
      "00041" : {
        "mmconts" : [201, 201, 201],
        "acts" : [52, 52],
        "tstate" : { "idle" : 993343, "run" : 6201, "locked" : 0, "mmap" : 0 }
      }
    }
  },
  "benchmark_io" : {
    "simple_times" : {
      "mcount" : {
        "mcount" : { "41 -- 65" : 3, "25 -- 41" : 17, "16 -- 25" : 9, "10 -- 16" : 5, "6 -- 10" : 33, "4 -- 6" : 11 }
      }
    },
    "stream_method" : {
      "conns" : [79, 79],
      "in" : [2118792, 2119781],
      "out" : [2528, 2529],
      "mmtasks" : [0, 1, 4],
      "load" : 0.019,
      "mcount" : {
        "mcount" : { "Success" : 78 }
      },
      "http_proto0" : {
        "mcount" : {
          "mcount" : { "OK" : 78 }
        }
      },
      "source_log" : {
        "delta" : [0, 0, 0]
      },
      "loggers" : {
        "brief_logger" : {
          "records" : [78, 78],
          "out" : [4472, 4474]
        }
      }
    }
  }
},
"2023-06-22 20:19:12.254 +0000" : {
  "main_scheduler" : {
    "bqs" : {
      "00037" : {
        "mmconts" : [201, 201, 201],
        "acts" : [49, 49],
        "tstate" : { "idle" : 994955, "run" : 4644, "locked" : 0, "mmap" : 0 }
      },
      "00038" : {
        "mmconts" : [201, 201, 201],
        "acts" : [48, 48],
        "tstate" : { "idle" : 995003, "run" : 4597, "locked" : 0, "mmap" : 0 }
      },
      "00039" : {
        "mmconts" : [201, 201, 201],
        "acts" : [49, 49],
        "tstate" : { "idle" : 995294, "run" : 4306, "locked" : 0, "mmap" : 0 }
      },
      "00040" : {
        "mmconts" : [201, 201, 201],
        "acts" : [50, 50],
        "tstate" : { "idle" : 994625, "run" : 4975, "locked" : 0, "mmap" : 0 }
      },
      "00041" : {
        "mmconts" : [201, 201, 201],
        "acts" : [51, 51],
        "tstate" : { "idle" : 995231, "run" : 4370, "locked" : 0, "mmap" : 0 }
      }
    }
  },
  "benchmark_io" : {
    "simple_times" : {
      "mcount" : {
        "mcount" : { "41 -- 65" : 1, "25 -- 41" : 6, "16 -- 25" : 3, "10 -- 16" : 3, "6 -- 10" : 54, "4 -- 6" : 13 }
      }
    },
    "stream_method" : {
      "conns" : [79, 79],
      "in" : [2173120, 2173993],
      "out" : [2528, 2529],
      "mmtasks" : [0, 0, 4],
      "load" : 0.022,
      "mcount" : {
        "mcount" : { "Success" : 80 }
      },
      "http_proto0" : {
        "mcount" : {
          "mcount" : { "OK" : 80 }
        }
      },
      "source_log" : {
        "delta" : [0, 0, 0]
      },
      "loggers" : {
        "brief_logger" : {
          "records" : [80, 80],
          "out" : [4486, 4487]
        }
      }
    }
  }
},
"2023-06-22 20:19:13.254 +0000" : {
  "main_scheduler" : {
    "bqs" : {
      "00037" : {
        "mmconts" : [201, 201, 201],
        "acts" : [55, 54],
        "tstate" : { "idle" : 995594, "run" : 4574, "locked" : 0, "mmap" : 0 }
      },
      "00038" : {
        "mmconts" : [201, 201, 201],
        "acts" : [49, 48],
        "tstate" : { "idle" : 995486, "run" : 4681, "locked" : 0, "mmap" : 0 }
      },
      "00039" : {
        "mmconts" : [201, 201, 201],
        "acts" : [53, 52],
        "tstate" : { "idle" : 995442, "run" : 4724, "locked" : 0, "mmap" : 0 }
      },
      "00040" : {
        "mmconts" : [201, 201, 201],
        "acts" : [50, 49],
        "tstate" : { "idle" : 995878, "run" : 4288, "locked" : 0, "mmap" : 0 }
      },
      "00041" : {
        "mmconts" : [201, 201, 201],
        "acts" : [52, 51],
        "tstate" : { "idle" : 995468, "run" : 4698, "locked" : 0, "mmap" : 0 }
      }
    }
  },
  "benchmark_io" : {
    "simple_times" : {
      "mcount" : {
        "mcount" : { "25 -- 41" : 6, "16 -- 25" : 5, "10 -- 16" : 2, "6 -- 10" : 55, "4 -- 6" : 13 }
      }
    },
    "stream_method" : {
      "conns" : [82, 81],
      "in" : [2200284, 2199938],
      "out" : [2624, 2623],
      "mmtasks" : [0, 0, 3],
      "load" : 0.023,
      "mcount" : {
        "mcount" : { "Success" : 81 }
      },
      "http_proto0" : {
        "mcount" : {
          "mcount" : { "OK" : 81 }
        }
      },
      "source_log" : {
        "delta" : [0, 0, 0]
      },
      "loggers" : {
        "brief_logger" : {
          "records" : [81, 80],
          "out" : [4546, 4545]
        }
      }
    }
  }
},
"2023-06-22 20:19:14.254 +0000" : {
  "main_scheduler" : {
    "bqs" : {
      "00037" : {
        "mmconts" : [201, 201, 201],
        "acts" : [56, 56],
        "tstate" : { "idle" : 994441, "run" : 5225, "locked" : 0, "mmap" : 0 }
      },
      "00038" : {
        "mmconts" : [201, 201, 201],
        "acts" : [51, 51],
        "tstate" : { "idle" : 994645, "run" : 5021, "locked" : 0, "mmap" : 0 }
      },
      "00039" : {
        "mmconts" : [201, 201, 201],
        "acts" : [52, 52],
        "tstate" : { "idle" : 994861, "run" : 4805, "locked" : 0, "mmap" : 0 }
      },
      "00040" : {
        "mmconts" : [201, 201, 201],
        "acts" : [54, 54],
        "tstate" : { "idle" : 994312, "run" : 5354, "locked" : 0, "mmap" : 0 }
      },
      "00041" : {
        "mmconts" : [201, 201, 201],
        "acts" : [56, 56],
        "tstate" : { "idle" : 993500, "run" : 6165, "locked" : 0, "mmap" : 0 }
      }
    }
  },
  "benchmark_io" : {
    "simple_times" : {
      "mcount" : {
        "mcount" : { "41 -- 65" : 2, "25 -- 41" : 13, "16 -- 25" : 6, "10 -- 16" : 1, "6 -- 10" : 52, "4 -- 6" : 9 }
      }
    },
    "stream_method" : {
      "conns" : [82, 82],
      "in" : [2254612, 2255367],
      "out" : [2624, 2624],
      "mmtasks" : [0, 1, 4],
      "load" : 0.019,
      "mcount" : {
        "mcount" : { "Success" : 83 }
      },
      "http_proto0" : {
        "mcount" : {
          "mcount" : { "OK" : 83 }
        }
      },
      "source_log" : {
        "delta" : [0, 0, 0]
      },
      "loggers" : {
        "brief_logger" : {
          "records" : [83, 83],
          "out" : [4688, 4689]
        }
      }
    }
  }
},
"2023-06-22 20:19:15.254 +0000" : {
  "main_scheduler" : {
    "bqs" : {
      "00037" : {
        "mmconts" : [186, 194, 201],
        "acts" : [51, 50],
        "tstate" : { "idle" : 994990, "run" : 5338, "locked" : 0, "mmap" : 9 }
      },
      "00038" : {
        "mmconts" : [186, 194, 201],
        "acts" : [52, 51],
        "tstate" : { "idle" : 994792, "run" : 5558, "locked" : 0, "mmap" : 0 }
      },
      "00039" : {
        "mmconts" : [186, 194, 201],
        "acts" : [56, 55],
        "tstate" : { "idle" : 994738, "run" : 5612, "locked" : 0, "mmap" : 0 }
      },
      "00040" : {
        "mmconts" : [186, 194, 201],
        "acts" : [52, 51],
        "tstate" : { "idle" : 994941, "run" : 5409, "locked" : 0, "mmap" : 0 }
      },
      "00041" : {
        "mmconts" : [186, 194, 201],
        "acts" : [56, 55],
        "tstate" : { "idle" : 994963, "run" : 5388, "locked" : 0, "mmap" : 0 }
      }
    }
  },
  "benchmark_io" : {
    "simple_times" : {
      "mcount" : {
        "mcount" : { "41 -- 65" : 2, "25 -- 41" : 6, "16 -- 25" : 12, "10 -- 16" : 5, "6 -- 10" : 46, "4 -- 6" : 13 }
      }
    },
    "stream_method" : {
      "conns" : [84, 83],
      "in" : [2281776, 2280977],
      "out" : [2688, 2687],
      "mmtasks" : [0, 1, 5],
      "load" : 0.021,
      "mcount" : {
        "mcount" : { "Success" : 84 }
      },
      "http_proto0" : {
        "mcount" : {
          "mcount" : { "OK" : 84 }
        }
      },
      "source_log" : {
        "delta" : [0, 0, 0]
      },
      "loggers" : {
        "brief_logger" : {
          "records" : [84, 83],
          "out" : [4761, 4759]
        }
      }
    }
  }
},
"2023-06-22 20:19:16.254 +0000" : {
  "main_scheduler" : {
    "bqs" : {
      "00037" : {
        "mmconts" : [168, 177, 186],
        "acts" : [56, 56],
        "tstate" : { "idle" : 994815, "run" : 4845, "locked" : 0, "mmap" : 0 }
      },
      "00038" : {
        "mmconts" : [169, 177, 186],
        "acts" : [52, 52],
        "tstate" : { "idle" : 995158, "run" : 4510, "locked" : 0, "mmap" : 0 }
      },
      "00039" : {
        "mmconts" : [169, 177, 186],
        "acts" : [53, 53],
        "tstate" : { "idle" : 994602, "run" : 5066, "locked" : 0, "mmap" : 0 }
      },
      "00040" : {
        "mmconts" : [169, 177, 186],
        "acts" : [52, 52],
        "tstate" : { "idle" : 994808, "run" : 4860, "locked" : 0, "mmap" : 0 }
      },
      "00041" : {
        "mmconts" : [169, 177, 186],
        "acts" : [53, 53],
        "tstate" : { "idle" : 994877, "run" : 4791, "locked" : 0, "mmap" : 0 }
      }
    }
  },
  "benchmark_io" : {
    "simple_times" : {
      "mcount" : {
        "mcount" : { "25 -- 41" : 3, "16 -- 25" : 8, "10 -- 16" : 2, "6 -- 10" : 54, "4 -- 6" : 19 }
      }
    },
    "stream_method" : {
      "conns" : [86, 86],
      "in" : [2336104, 2336816],
      "out" : [2752, 2752],
      "mmtasks" : [0, 0, 4],
      "load" : 0.023,
      "mcount" : {
        "mcount" : { "Success" : 86 }
      },
      "http_proto0" : {
        "mcount" : {
          "mcount" : { "OK" : 86 }
        }
      },
      "source_log" : {
        "delta" : [0, 0, 0]
      },
      "loggers" : {
        "brief_logger" : {
          "records" : [86, 86],
          "out" : [4812, 4813]
        }
      }
    }
  }
},
"2023-06-22 20:19:17.254 +0000" : {
  "main_scheduler" : {
    "bqs" : {
      "00037" : {
        "mmconts" : [151, 159, 168],
        "acts" : [53, 52],
        "tstate" : { "idle" : 996642, "run" : 3850, "locked" : 0, "mmap" : 0 }
      },
      "00038" : {
        "mmconts" : [151, 159, 169],
        "acts" : [56, 55],
        "tstate" : { "idle" : 996537, "run" : 3949, "locked" : 0, "mmap" : 0 }
      },
      "00039" : {
        "mmconts" : [151, 160, 169],
        "acts" : [55, 54],
        "tstate" : { "idle" : 996509, "run" : 3977, "locked" : 0, "mmap" : 0 }
      },
      "00040" : {
        "mmconts" : [152, 160, 169],
        "acts" : [53, 52],
        "tstate" : { "idle" : 996470, "run" : 4016, "locked" : 0, "mmap" : 0 }
      },
      "00041" : {
        "mmconts" : [152, 160, 169],
        "acts" : [52, 51],
        "tstate" : { "idle" : 996766, "run" : 3719, "locked" : 0, "mmap" : 0 }
      }
    }
  },
  "benchmark_io" : {
    "simple_times" : {
      "mcount" : {
        "mcount" : { "6 -- 10" : 67, "4 -- 6" : 20 }
      }
    },
    "stream_method" : {
      "conns" : [87, 86],
      "in" : [2363268, 2362186],
      "out" : [2784, 2782],
      "mmtasks" : [0, 0, 1],
      "load" : 0.026,
      "mcount" : {
        "mcount" : { "Success" : 87 }
      },
      "http_proto0" : {
        "mcount" : {
          "mcount" : { "OK" : 87 }
        }
      },
      "source_log" : {
        "delta" : [0, 0, 0]
      },
      "loggers" : {
        "brief_logger" : {
          "records" : [87, 86],
          "out" : [4808, 4805]
        }
      }
    }
  }
},
"2023-06-22 20:19:18.254 +0000" : {
  "main_scheduler" : {
    "bqs" : {
      "00037" : {
        "mmconts" : [133, 142, 151],
        "acts" : [57, 57],
        "tstate" : { "idle" : 995594, "run" : 3953, "locked" : 0, "mmap" : 0 }
      },
      "00038" : {
        "mmconts" : [133, 142, 151],
        "acts" : [56, 56],
        "tstate" : { "idle" : 995313, "run" : 4233, "locked" : 0, "mmap" : 0 }
      },
      "00039" : {
        "mmconts" : [134, 142, 151],
        "acts" : [52, 52],
        "tstate" : { "idle" : 995844, "run" : 3703, "locked" : 0, "mmap" : 0 }
      },
      "00040" : {
        "mmconts" : [134, 142, 152],
        "acts" : [54, 54],
        "tstate" : { "idle" : 995565, "run" : 3981, "locked" : 0, "mmap" : 0 }
      },
      "00041" : {
        "mmconts" : [134, 142, 152],
        "acts" : [55, 55],
        "tstate" : { "idle" : 995438, "run" : 4109, "locked" : 0, "mmap" : 0 }
      }
    }
  },
  "benchmark_io" : {
    "simple_times" : {
      "mcount" : {
        "mcount" : { "6 -- 10" : 78, "4 -- 6" : 11 }
      }
    },
    "stream_method" : {
      "conns" : [89, 89],
      "in" : [2417596, 2418686],
      "out" : [2848, 2849],
      "mmtasks" : [0, 0, 1],
      "load" : 0.025,
      "mcount" : {
        "mcount" : { "Success" : 89 }
      },
      "http_proto0" : {
        "mcount" : {
          "mcount" : { "OK" : 89 }
        }
      },
      "source_log" : {
        "delta" : [0, 0, 0]
      },
      "loggers" : {
        "brief_logger" : {
          "records" : [89, 89],
          "out" : [4922, 4924]
        }
      }
    }
  }
},
"2023-06-22 20:19:19.254 +0000" : {
  "main_scheduler" : {
    "bqs" : {
      "00037" : {
        "mmconts" : [115, 124, 133],
        "acts" : [55, 54],
        "tstate" : { "idle" : 995999, "run" : 4033, "locked" : 0, "mmap" : 0 }
      },
      "00038" : {
        "mmconts" : [115, 124, 133],
        "acts" : [55, 54],
        "tstate" : { "idle" : 996120, "run" : 3898, "locked" : 0, "mmap" : 0 }
      },
      "00039" : {
        "mmconts" : [116, 124, 134],
        "acts" : [57, 56],
        "tstate" : { "idle" : 995920, "run" : 4097, "locked" : 0, "mmap" : 0 }
      },
      "00040" : {
        "mmconts" : [116, 124, 134],
        "acts" : [55, 54],
        "tstate" : { "idle" : 995886, "run" : 4132, "locked" : 0, "mmap" : 0 }
      },
      "00041" : {
        "mmconts" : [116, 125, 134],
        "acts" : [55, 54],
        "tstate" : { "idle" : 995901, "run" : 4117, "locked" : 0, "mmap" : 0 }
      }
    }
  },
  "benchmark_io" : {
    "simple_times" : {
      "mcount" : {
        "mcount" : { "6 -- 10" : 55, "4 -- 6" : 35 }
      }
    },
    "stream_method" : {
      "conns" : [91, 90],
      "in" : [2444760, 2444718],
      "out" : [2912, 2911],
      "mmtasks" : [0, 0, 1],
      "load" : 0.026,
      "mcount" : {
        "mcount" : { "Success" : 90 }
      },
      "http_proto0" : {
        "mcount" : {
          "mcount" : { "OK" : 90 }
        }
      },
      "source_log" : {
        "delta" : [0, 0, 0]
      },
      "loggers" : {
        "brief_logger" : {
          "records" : [90, 89],
          "out" : [4969, 4968]
        }
      }
    }
  }
},
"2023-06-22 20:19:20.255 +0000" : {
  "main_scheduler" : {
    "bqs" : {
      "00037" : {
        "mmconts" : [97, 106, 115],
        "acts" : [55, 54],
        "tstate" : { "idle" : 996531, "run" : 4182, "locked" : 0, "mmap" : 80 }
      },
      "00038" : {
        "mmconts" : [97, 106, 115],
        "acts" : [54, 53],
        "tstate" : { "idle" : 996874, "run" : 3859, "locked" : 0, "mmap" : 59 }
      },
      "00039" : {
        "mmconts" : [97, 106, 116],
        "acts" : [57, 56],
        "tstate" : { "idle" : 996571, "run" : 4169, "locked" : 0, "mmap" : 53 }
      },
      "00040" : {
        "mmconts" : [97, 106, 116],
        "acts" : [58, 57],
        "tstate" : { "idle" : 996041, "run" : 4685, "locked" : 0, "mmap" : 67 }
      },
      "00041" : {
        "mmconts" : [98, 106, 116],
        "acts" : [55, 54],
        "tstate" : { "idle" : 996718, "run" : 4030, "locked" : 0, "mmap" : 45 }
      }
    }
  },
  "benchmark_io" : {
    "simple_times" : {
      "mcount" : {
        "mcount" : { "6 -- 10" : 67, "4 -- 6" : 25 }
      }
    },
    "stream_method" : {
      "conns" : [91, 90],
      "in" : [2499088, 2497105],
      "out" : [2912, 2909],
      "mmtasks" : [0, 0, 1],
      "load" : 0.026,
      "mcount" : {
        "mcount" : { "Success" : 92 }
      },
      "http_proto0" : {
        "mcount" : {
          "mcount" : { "OK" : 92 }
        }
      },
      "source_log" : {
        "delta" : [0, 0, 0]
      },
      "loggers" : {
        "brief_logger" : {
          "records" : [92, 91],
          "out" : [5082, 5078]
        }
      }
    }
  }
},
"2023-06-22 20:19:21.255 +0000" : {
  "main_scheduler" : {
    "bqs" : {
      "00037" : {
        "mmconts" : [80, 87, 97],
        "acts" : [56, 56],
        "tstate" : { "idle" : 994906, "run" : 4683, "locked" : 0, "mmap" : 385 }
      },
      "00038" : {
        "mmconts" : [78, 87, 97],
        "acts" : [59, 59],
        "tstate" : { "idle" : 994734, "run" : 4907, "locked" : 0, "mmap" : 341 }
      },
      "00039" : {
        "mmconts" : [79, 87, 97],
        "acts" : [58, 58],
        "tstate" : { "idle" : 994948, "run" : 4677, "locked" : 0, "mmap" : 360 }
      },
      "00040" : {
        "mmconts" : [79, 88, 97],
        "acts" : [57, 57],
        "tstate" : { "idle" : 995421, "run" : 4190, "locked" : 0, "mmap" : 376 }
      },
      "00041" : {
        "mmconts" : [79, 88, 98],
        "acts" : [58, 58],
        "tstate" : { "idle" : 995102, "run" : 4521, "locked" : 0, "mmap" : 367 }
      }
    }
  },
  "benchmark_io" : {
    "simple_times" : {
      "mcount" : {
        "mcount" : { "16 -- 25" : 2, "6 -- 10" : 66, "4 -- 6" : 23 }
      }
    },
    "stream_method" : {
      "conns" : [94, 93],
      "in" : [2471924, 2471783],
      "out" : [3008, 3007],
      "mmtasks" : [0, 0, 3],
      "load" : 0.026,
      "mcount" : {
        "mcount" : { "Success" : 91 }
      },
      "http_proto0" : {
        "mcount" : {
          "mcount" : { "OK" : 91 }
        }
      },
      "source_log" : {
        "delta" : [0, 0, 0]
      },
      "loggers" : {
        "brief_logger" : {
          "records" : [91, 90],
          "out" : [5051, 5050]
        }
      }
    }
  }
},
"2023-06-22 20:19:22.255 +0000" : {
  "main_scheduler" : {
    "bqs" : {
      "00037" : {
        "mmconts" : [60, 68, 80],
        "acts" : [60, 60],
        "tstate" : { "idle" : 994025, "run" : 5481, "locked" : 0, "mmap" : 416 }
      },
      "00038" : {
        "mmconts" : [59, 69, 78],
        "acts" : [57, 57],
        "tstate" : { "idle" : 994930, "run" : 4628, "locked" : 0, "mmap" : 372 }
      },
      "00039" : {
        "mmconts" : [59, 69, 79],
        "acts" : [63, 63],
        "tstate" : { "idle" : 994667, "run" : 4860, "locked" : 0, "mmap" : 399 }
      },
      "00040" : {
        "mmconts" : [60, 69, 79],
        "acts" : [59, 59],
        "tstate" : { "idle" : 994642, "run" : 4906, "locked" : 0, "mmap" : 376 }
      },
      "00041" : {
        "mmconts" : [60, 69, 79],
        "acts" : [58, 58],
        "tstate" : { "idle" : 994782, "run" : 4700, "locked" : 0, "mmap" : 439 }
      }
    }
  },
  "benchmark_io" : {
    "simple_times" : {
      "mcount" : {
        "mcount" : { "25 -- 41" : 7, "16 -- 25" : 4, "10 -- 16" : 1, "6 -- 10" : 61, "4 -- 6" : 24 }
      }
    },
    "stream_method" : {
      "conns" : [94, 94],
      "in" : [2634908, 2635290],
      "out" : [3008, 3008],
      "mmtasks" : [0, 0, 4],
      "load" : 0.022,
      "mcount" : {
        "mcount" : { "Success" : 97 }
      },
      "http_proto0" : {
        "mcount" : {
          "mcount" : { "OK" : 97 }
        }
      },
      "source_log" : {
        "delta" : [0, 0, 0]
      },
      "loggers" : {
        "brief_logger" : {
          "records" : [97, 97],
          "out" : [5413, 5413]
        }
      }
    }
  }
},
"2023-06-22 20:19:23.254 +0000" : {
  "main_scheduler" : {
    "bqs" : {
      "00037" : {
        "mmconts" : [40, 50, 60],
        "acts" : [63, 63],
        "tstate" : { "idle" : 994466, "run" : 4634, "locked" : 0, "mmap" : 312 }
      },
      "00038" : {
        "mmconts" : [40, 49, 59],
        "acts" : [57, 57],
        "tstate" : { "idle" : 994964, "run" : 4142, "locked" : 0, "mmap" : 304 }
      },
      "00039" : {
        "mmconts" : [40, 49, 59],
        "acts" : [59, 59],
        "tstate" : { "idle" : 994763, "run" : 4251, "locked" : 0, "mmap" : 396 }
      },
      "00040" : {
        "mmconts" : [41, 50, 60],
        "acts" : [59, 59],
        "tstate" : { "idle" : 994808, "run" : 4200, "locked" : 0, "mmap" : 402 }
      },
      "00041" : {
        "mmconts" : [41, 50, 60],
        "acts" : [58, 58],
        "tstate" : { "idle" : 994806, "run" : 4281, "locked" : 0, "mmap" : 323 }
      }
    }
  },
  "benchmark_io" : {
    "simple_times" : {
      "mcount" : {
        "mcount" : { "6 -- 10" : 52, "4 -- 6" : 44 }
      }
    },
    "stream_method" : {
      "conns" : [96, 96],
      "in" : [2607744, 2609296],
      "out" : [3072, 3073],
      "mmtasks" : [0, 0, 1],
      "load" : 0.027,
      "mcount" : {
        "mcount" : { "Success" : 96 }
      },
      "http_proto0" : {
        "mcount" : {
          "mcount" : { "OK" : 96 }
        }
      },
      "source_log" : {
        "delta" : [0, 0, 0]
      },
      "loggers" : {
        "brief_logger" : {
          "records" : [96, 96],
          "out" : [5299, 5302]
        }
      }
    }
  }
},
"2023-06-22 20:19:24.254 +0000" : {
  "main_scheduler" : {
    "bqs" : {
      "00037" : {
        "mmconts" : [20, 30, 40],
        "acts" : [63, 62],
        "tstate" : { "idle" : 994140, "run" : 5598, "locked" : 0, "mmap" : 373 }
      },
      "00038" : {
        "mmconts" : [21, 30, 40],
        "acts" : [59, 58],
        "tstate" : { "idle" : 994350, "run" : 5379, "locked" : 0, "mmap" : 369 }
      },
      "00039" : {
        "mmconts" : [21, 30, 40],
        "acts" : [60, 59],
        "tstate" : { "idle" : 993566, "run" : 6094, "locked" : 0, "mmap" : 439 }
      },
      "00040" : {
        "mmconts" : [21, 30, 41],
        "acts" : [60, 59],
        "tstate" : { "idle" : 994226, "run" : 5486, "locked" : 0, "mmap" : 387 }
      },
      "00041" : {
        "mmconts" : [21, 31, 41],
        "acts" : [63, 62],
        "tstate" : { "idle" : 994200, "run" : 5518, "locked" : 0, "mmap" : 381 }
      }
    }
  },
  "benchmark_io" : {
    "simple_times" : {
      "mcount" : {
        "mcount" : { "25 -- 41" : 5, "16 -- 25" : 9, "10 -- 16" : 3, "6 -- 10" : 65, "4 -- 6" : 16 }
      }
    },
    "stream_method" : {
      "conns" : [98, 97],
      "in" : [2662072, 2661765],
      "out" : [3136, 3135],
      "mmtasks" : [0, 0, 3],
      "load" : 0.024,
      "mcount" : {
        "mcount" : { "Success" : 98 }
      },
      "http_proto0" : {
        "mcount" : {
          "mcount" : { "OK" : 98 }
        }
      },
      "source_log" : {
        "delta" : [0, 0, 0]
      },
      "loggers" : {
        "brief_logger" : {
          "records" : [98, 97],
          "out" : [5499, 5498]
        }
      }
    }
  }
},
"2023-06-22 20:19:25.252 +0000" : {
  "main_scheduler" : {
    "bqs" : {
      "00037" : {
        "mmconts" : [1, 10, 20],
        "acts" : [59, 59],
        "tstate" : { "idle" : 993521, "run" : 4291, "locked" : 0, "mmap" : 387 }
      },
      "00038" : {
        "mmconts" : [0, 10, 21],
        "acts" : [61, 61],
        "tstate" : { "idle" : 993377, "run" : 4454, "locked" : 0, "mmap" : 368 }
      },
      "00039" : {
        "mmconts" : [1, 10, 21],
        "acts" : [64, 64],
        "tstate" : { "idle" : 993173, "run" : 4688, "locked" : 0, "mmap" : 337 }
      },
      "00040" : {
        "mmconts" : [1, 11, 21],
        "acts" : [60, 60],
        "tstate" : { "idle" : 993418, "run" : 4464, "locked" : 0, "mmap" : 316 }
      },
      "00041" : {
        "mmconts" : [1, 11, 21],
        "acts" : [63, 63],
        "tstate" : { "idle" : 993238, "run" : 4601, "locked" : 0, "mmap" : 359 }
      }
    }
  },
  "benchmark_io" : {
    "simple_times" : {
      "mcount" : {
        "mcount" : { "6 -- 10" : 63, "4 -- 6" : 36 }
      }
    },
    "stream_method" : {
      "conns" : [99, 99],
      "in" : [2689236, 2694117],
      "out" : [3168, 3173],
      "mmtasks" : [0, 0, 1],
      "load" : 0.026,
      "mcount" : {
        "mcount" : { "Success" : 99 }
      },
      "http_proto0" : {
        "mcount" : {
          "mcount" : { "OK" : 99 }
        }
      },
      "source_log" : {
        "delta" : [0, 0, 0]
      },
      "loggers" : {
        "brief_logger" : {
          "records" : [99, 99],
          "out" : [5486, 5495]
        }
      }
    }
  }
}