2023-06-22 20:18:25,173 [INFO] root tankworker.py:153	Log file created
2023-06-22 20:18:25,173 [INFO] root tankworker.py:157	Logging handler <FileHandler /var/loadtest/tank_errors.log (WARNING)> added
2023-06-22 20:18:25,173 [INFO] root tankworker.py:157	Logging handler <StreamHandler <stdout> (INFO)> added
2023-06-22 20:18:25,173 [INFO] root tankworker.py:157	Logging handler <StreamHandler <stderr> (NOTSET)> added
2023-06-22 20:18:25,181 [INFO] root tankworker.py:69	Created a folder for the test. /var/loadtest/logs/2023-06-22_20-18-25.152900
2023-06-22 20:18:25,182 [INFO] yandextank.core.tankcore tankcore.py:254	Configuring plugins...
2023-06-22 20:18:25,182 [INFO] yandextank.core.tankcore tankcore.py:205	Loading plugins...
2023-06-22 20:18:25,182 [INFO] yandextank.core.tankcore tankcore.py:215	Trying to import module: autostop
2023-06-22 20:18:25,182 [INFO] yandextank.core.tankcore tankcore.py:216	Path: yandextank.plugins.Autostop
2023-06-22 20:18:25,182 [INFO] yandextank.core.tankcore tankcore.py:215	Trying to import module: console
2023-06-22 20:18:25,182 [INFO] yandextank.core.tankcore tankcore.py:216	Path: yandextank.plugins.Console
2023-06-22 20:18:25,182 [INFO] yandextank.core.tankcore tankcore.py:215	Trying to import module: json_report
2023-06-22 20:18:25,182 [INFO] yandextank.core.tankcore tankcore.py:216	Path: yandextank.plugins.JsonReport
2023-06-22 20:18:25,183 [INFO] yandextank.core.tankcore tankcore.py:215	Trying to import module: phantom
2023-06-22 20:18:25,183 [INFO] yandextank.core.tankcore tankcore.py:216	Path: yandextank.plugins.Phantom
2023-06-22 20:18:25,183 [INFO] yandextank.core.tankcore tankcore.py:215	Trying to import module: rcheck
2023-06-22 20:18:25,183 [INFO] yandextank.core.tankcore tankcore.py:216	Path: yandextank.plugins.ResourceCheck
2023-06-22 20:18:25,183 [INFO] yandextank.core.tankcore tankcore.py:215	Trying to import module: shellexec
2023-06-22 20:18:25,183 [INFO] yandextank.core.tankcore tankcore.py:216	Path: yandextank.plugins.ShellExec
2023-06-22 20:18:25,183 [INFO] yandextank.core.tankcore tankcore.py:215	Trying to import module: rcassert
2023-06-22 20:18:25,183 [INFO] yandextank.core.tankcore tankcore.py:216	Path: yandextank.plugins.RCAssert
2023-06-22 20:18:25,186 [INFO] yandextank.common.util util.py:578	Testing connection to resolved address 172.24.0.2 and port 80
2023-06-22 20:18:25,186 [INFO] yandextank.plugins.Phantom.utils utils.py:277	Resolved server into 172.24.0.2:80
2023-06-22 20:18:25,187 [INFO] yandextank.stepper.main main.py:197	Configuring StepperWrapper...
2023-06-22 20:18:25,187 [INFO] yandextank.stepper.main main.py:336	Making stpd-file: /var/loadtest/logs/_c423bfd82f1e59d06f8c45c2b07f4274.stpd
2023-06-22 20:18:25,188 [INFO] yandextank.stepper.config config.py:126	Using UriStyleGenerator ammo reader
2023-06-22 20:18:25,234 [INFO] yandextank.core.tankcore tankcore.py:268	Preparing test...
2023-06-22 20:18:25,241 [INFO] yandextank.common.interfaces plugin.py:38	Checking tank resources...
2023-06-22 20:18:25,245 [INFO] yandextank.core.tankcore tankcore.py:278	Starting test...
2023-06-22 20:18:25,246 [INFO] yandextank.aggregator.tank_aggregator tank_aggregator.py:65	using verbose histogram
2023-06-22 20:18:25,248 [INFO] yandextank.core.tankcore tankcore.py:285	Plugin plugin_autostop required 0.000004 seconds to start
2023-06-22 20:18:25,248 [INFO] yandextank.core.tankcore tankcore.py:285	Plugin plugin_console required 0.000002 seconds to start
2023-06-22 20:18:25,249 [INFO] yandextank.core.tankcore tankcore.py:285	Plugin plugin_json_report required 0.000007 seconds to start
2023-06-22 20:18:25,252 [INFO] yandextank.core.tankcore tankcore.py:285	Plugin plugin_phantom required 0.003057 seconds to start
2023-06-22 20:18:25,252 [INFO] yandextank.core.tankcore tankcore.py:285	Plugin plugin_rcheck required 0.000006 seconds to start
2023-06-22 20:18:25,252 [INFO] yandextank.core.tankcore tankcore.py:285	Plugin plugin_shellexec required 0.000007 seconds to start
2023-06-22 20:18:25,252 [INFO] yandextank.core.tankcore tankcore.py:285	Plugin plugin_rcassert required 0.000005 seconds to start
2023-06-22 20:18:25,252 [INFO] yandextank.core.tankcore tankcore.py:294	Waiting for test to finish...
2023-06-22 20:18:25,253 [INFO] yandextank.core.tankcore tankcore.py:295	Artifacts dir: /var/loadtest/logs/2023-06-22_20-18-25.152900
2023-06-22 20:19:25,414 [INFO] yandextank.plugins.Phantom.plugin plugin.py:155	Phantom done its work with exit code: 0
2023-06-22 20:19:25,415 [INFO] yandextank.core.tankcore tankcore.py:331	Finishing test...
2023-06-22 20:19:25,415 [INFO] yandextank.core.tankcore tankcore.py:334	Stopping load generator and aggregator
2023-06-22 20:19:25,415 [INFO] yandextank.aggregator.tank_aggregator tank_aggregator.py:126	Closing stats reader
2023-06-22 20:19:25,415 [INFO] yandextank.aggregator.tank_aggregator tank_aggregator.py:129	Waiting for gun drain to finish
2023-06-22 20:19:26,278 [INFO] yandextank.aggregator.tank_aggregator tank_aggregator.py:131	Waiting for stats drain to finish
2023-06-22 20:19:26,278 [INFO] yandextank.aggregator.tank_aggregator tank_aggregator.py:133	Collecting remaining data
2023-06-22 20:19:26,279 [INFO] yandextank.aggregator.tank_aggregator tank_aggregator.py:111	Timestamps without stats:
2023-06-22 20:19:26,279 [INFO] yandextank.aggregator.tank_aggregator tank_aggregator.py:113	1687465164
2023-06-22 20:19:26,280 [INFO] yandextank.aggregator.tank_aggregator tank_aggregator.py:113	1687465165
2023-06-22 20:19:26,281 [INFO] yandextank.core.tankcore tankcore.py:338	Stopping monitoring
2023-06-22 20:19:26,281 [INFO] yandextank.core.tankcore tankcore.py:361	Post-processing test...
2023-06-22 20:19:26,281 [INFO] yandextank.common.util util.py:816	Trying to clean up
2023-06-22 20:19:26,281 [INFO] yandextank.core.tankcore tankcore.py:562	Cleaning up plugin plugin_autostop
2023-06-22 20:19:26,281 [INFO] yandextank.core.tankcore tankcore.py:562	Cleaning up plugin plugin_console
2023-06-22 20:19:26,281 [INFO] yandextank.core.tankcore tankcore.py:562	Cleaning up plugin plugin_json_report
2023-06-22 20:19:26,282 [INFO] yandextank.core.tankcore tankcore.py:562	Cleaning up plugin plugin_phantom
2023-06-22 20:19:26,282 [INFO] yandextank.core.tankcore tankcore.py:562	Cleaning up plugin plugin_rcheck
2023-06-22 20:19:26,282 [INFO] yandextank.core.tankcore tankcore.py:562	Cleaning up plugin plugin_shellexec
2023-06-22 20:19:26,282 [INFO] yandextank.core.tankcore tankcore.py:562	Cleaning up plugin plugin_rcassert
2023-06-22 20:19:26,282 [INFO] yandextank.core.tankcore tankcore.py:630	Releasing lock: /var/lock/lunapark_q6gpz0hq.lock
2023-06-22 20:19:26,283 [INFO] yandextank.core.tankcore tankcore.py:405	Artifacts dir: /var/loadtest/logs/2023-06-22_20-18-25.152900
2023-06-22 20:19:26,283 [INFO] yandextank.core.tankcore tankcore.py:461	File not found to collect: validation_error.yaml
2023-06-22 20:19:26,283 [INFO] yandextank.core.tankcore tankcore.py:466	File already exists: /var/loadtest/logs/2023-06-22_20-18-25.152900/answ_5elbhmfu.log
2023-06-22 20:19:26,283 [INFO] yandextank.core.tankcore tankcore.py:466	File already exists: /var/loadtest/logs/2023-06-22_20-18-25.152900/phout_fogvvzux.log
2023-06-22 20:19:26,284 [INFO] yandextank.core.tankcore tankcore.py:466	File already exists: /var/loadtest/logs/2023-06-22_20-18-25.152900/phantom_stat_0gqiluc_.log
2023-06-22 20:19:26,284 [INFO] yandextank.core.tankcore tankcore.py:466	File already exists: /var/loadtest/logs/2023-06-22_20-18-25.152900/phantom_t8cnsl8t.log
2023-06-22 20:19:26,284 [INFO] yandextank.core.tankcore tankcore.py:466	File already exists: /var/loadtest/logs/2023-06-22_20-18-25.152900/phantom_9_of1q0x.conf
2023-06-22 20:19:26,284 [INFO] yandextank.core.tankcore tankcore.py:466	File already exists: /var/loadtest/logs/2023-06-22_20-18-25.152900/phantom_stdout_stderr_kyz919ih.log
