"2023-06-22 20:12:59.771 +0000" : {
  "main_scheduler" : {
    "bqs" : {
      "00037" : {
        "mmconts" : [0, 65, 69],
        "acts" : [203, 202],
        "tstate" : { "idle" : 998529, "run" : 2228, "locked" : 40, "mmap" : 11 }
      },
      "00038" : {
        "mmconts" : [0, 66, 68],
        "acts" : [4, 3],
        "tstate" : { "idle" : 993925, "run" : 5304, "locked" : 715, "mmap" : 833 }
      },
      "00039" : {
        "mmconts" : [0, 66, 69],
        "acts" : [201, 200],
        "tstate" : { "idle" : 999170, "run" : 1554, "locked" : 15, "mmap" : 21 }
      },
      "00040" : {
        "mmconts" : [0, 66, 71],
        "acts" : [202, 201],
        "tstate" : { "idle" : 999065, "run" : 1644, "locked" : 25, "mmap" : 5 }
      },
      "00041" : {
        "mmconts" : [0, 66, 68],
        "acts" : [201, 200],
        "tstate" : { "idle" : 999109, "run" : 1579, "locked" : 31, "mmap" : 4 }
      }
    }
  },
  "benchmark_io" : {
    "simple_times" : {
      "mcount" : {
        "mcount" : { "41 -- 65" : 1, "1 -- 2" : 1 }
      }
    },
    "stream_method" : {
      "conns" : [2, 1],
      "in" : [732, 731],
      "out" : [52, 51],
      "mmtasks" : [0, 0, 1],
      "load" : 0.013,
      "mcount" : {
        "mcount" : { "Success" : 2 }
      },
      "http_proto0" : {
        "mcount" : {
          "mcount" : { "OK" : 2 }
        }
      },
      "source_log" : {
        "delta" : [0, 0, 522]
      },
      "loggers" : {
        "brief_logger" : {
          "records" : [2, 1],
          "out" : [113, 112]
        }
      }
    }
  }
},
"2023-06-22 20:13:00.771 +0000" : {
  "main_scheduler" : {
    "bqs" : {
      "00037" : {
        "mmconts" : [66, 66, 66],
        "acts" : [1, 1],
        "tstate" : { "idle" : 998947, "run" : 813, "locked" : 0, "mmap" : 0 }
      },
      "00038" : {
        "mmconts" : [66, 66, 66],
        "acts" : [0, 0],
        "tstate" : { "idle" : 998888, "run" : 872, "locked" : 0, "mmap" : 0 }
      },
      "00039" : {
        "mmconts" : [66, 66, 67],
        "acts" : [4, 4],
        "tstate" : { "idle" : 998475, "run" : 1285, "locked" : 0, "mmap" : 0 }
      },
      "00040" : {
        "mmconts" : [67, 67, 67],
        "acts" : [1, 1],
        "tstate" : { "idle" : 998729, "run" : 1030, "locked" : 0, "mmap" : 0 }
      },
      "00041" : {
        "mmconts" : [67, 67, 67],
        "acts" : [1, 1],
        "tstate" : { "idle" : 998887, "run" : 872, "locked" : 0, "mmap" : 0 }
      }
    }
  },
  "benchmark_io" : {
    "simple_times" : {
      "mcount" : {
        "mcount" : { "1 -- 1" : 1 }
      }
    },
    "stream_method" : {
      "conns" : [1, 1],
      "in" : [366, 366],
      "out" : [26, 26],
      "mmtasks" : [0, 0, 1],
      "load" : 0.283,
      "mcount" : {
        "mcount" : { "Success" : 1 }
      },
      "http_proto0" : {
        "mcount" : {
          "mcount" : { "OK" : 1 }
        }
      },
      "source_log" : {
        "delta" : [0, 0, 0]
      },
      "loggers" : {
        "brief_logger" : {
          "records" : [1, 1],
          "out" : [52, 52]
        }
      }
    }
  }
},
"2023-06-22 20:13:01.771 +0000" : {
  "main_scheduler" : {
    "bqs" : {
      "00037" : {
        "mmconts" : [66, 66, 66],
        "acts" : [1, 0],
        "tstate" : { "idle" : 999132, "run" : 1128, "locked" : 0, "mmap" : 0 }
      },
      "00038" : {
        "mmconts" : [66, 66, 66],
        "acts" : [0, 0],
        "tstate" : { "idle" : 999060, "run" : 1200, "locked" : 0, "mmap" : 0 }
      },
      "00039" : {
        "mmconts" : [66, 66, 66],
        "acts" : [1, 0],
        "tstate" : { "idle" : 999070, "run" : 1190, "locked" : 0, "mmap" : 0 }
      },
      "00040" : {
        "mmconts" : [67, 67, 67],
        "acts" : [1, 0],
        "tstate" : { "idle" : 998981, "run" : 1279, "locked" : 0, "mmap" : 0 }
      },
      "00041" : {
        "mmconts" : [66, 66, 67],
        "acts" : [4, 3],
        "tstate" : { "idle" : 998444, "run" : 1815, "locked" : 0, "mmap" : 0 }
      }
    }
  },
  "benchmark_io" : {
    "simple_times" : {
      "mcount" : {
        "mcount" : { "1 -- 2" : 1 }
      }
    },
    "stream_method" : {
      "conns" : [1, 0],
      "in" : [366, 365],
      "out" : [26, 25],
      "mmtasks" : [0, 0, 1],
      "load" : 0.289,
      "mcount" : {
        "mcount" : { "Success" : 1 }
      },
      "http_proto0" : {
        "mcount" : {
          "mcount" : { "OK" : 1 }
        }
      },
      "source_log" : {
        "delta" : [0, 0, 0]
      },
      "loggers" : {
        "brief_logger" : {
          "records" : [1, 0],
          "out" : [56, 55]
        }
      }
    }
  }
},
"2023-06-22 20:13:02.771 +0000" : {
  "main_scheduler" : {
    "bqs" : {
      "00037" : {
        "mmconts" : [66, 66, 66],
        "acts" : [1, 0],
        "tstate" : { "idle" : 999204, "run" : 1098, "locked" : 0, "mmap" : 0 }
      },
      "00038" : {
        "mmconts" : [65, 65, 66],
        "acts" : [3, 2],
        "tstate" : { "idle" : 998401, "run" : 1902, "locked" : 0, "mmap" : 0 }
      },
      "00039" : {
        "mmconts" : [66, 66, 66],
        "acts" : [1, 0],
        "tstate" : { "idle" : 999073, "run" : 1229, "locked" : 0, "mmap" : 0 }
      },
      "00040" : {
        "mmconts" : [66, 66, 67],
        "acts" : [4, 3],
        "tstate" : { "idle" : 998333, "run" : 1969, "locked" : 0, "mmap" : 0 }
      },
      "00041" : {
        "mmconts" : [66, 66, 66],
        "acts" : [1, 0],
        "tstate" : { "idle" : 999109, "run" : 1193, "locked" : 0, "mmap" : 0 }
      }
    }
  },
  "benchmark_io" : {
    "simple_times" : {
      "mcount" : {
        "mcount" : { "1 -- 2" : 2 }
      }
    },
    "stream_method" : {
      "conns" : [2, 1],
      "in" : [732, 731],
      "out" : [52, 51],
      "mmtasks" : [0, 0, 1],
      "load" : 0.295,
      "mcount" : {
        "mcount" : { "Success" : 2 }
      },
      "http_proto0" : {
        "mcount" : {
          "mcount" : { "OK" : 2 }
        }
      },
      "source_log" : {
        "delta" : [0, 0, 0]
      },
      "loggers" : {
        "brief_logger" : {
          "records" : [2, 1],
          "out" : [111, 110]
        }
      }
    }
  }
},
"2023-06-22 20:13:03.771 +0000" : {
  "main_scheduler" : {
    "bqs" : {
      "00037" : {
        "mmconts" : [66, 66, 66],
        "acts" : [1, 1],
        "tstate" : { "idle" : 998484, "run" : 1192, "locked" : 0, "mmap" : 0 }
      },
      "00038" : {
        "mmconts" : [65, 65, 65],
        "acts" : [0, 0],
        "tstate" : { "idle" : 998333, "run" : 1343, "locked" : 0, "mmap" : 0 }
      },
      "00039" : {
        "mmconts" : [65, 65, 66],
        "acts" : [4, 4],
        "tstate" : { "idle" : 997739, "run" : 1938, "locked" : 0, "mmap" : 0 }
      },
      "00040" : {
        "mmconts" : [66, 66, 66],
        "acts" : [1, 1],
        "tstate" : { "idle" : 998057, "run" : 1620, "locked" : 0, "mmap" : 0 }
      },
      "00041" : {
        "mmconts" : [66, 66, 66],
        "acts" : [1, 1],
        "tstate" : { "idle" : 998357, "run" : 1320, "locked" : 0, "mmap" : 0 }
      }
    }
  },
  "benchmark_io" : {
    "simple_times" : {
      "mcount" : {
        "mcount" : { "1 -- 2" : 1 }
      }
    },
    "stream_method" : {
      "conns" : [1, 1],
      "in" : [366, 366],
      "out" : [26, 26],
      "mmtasks" : [0, 0, 1],
      "load" : 0.215,
      "mcount" : {
        "mcount" : { "Success" : 1 }
      },
      "http_proto0" : {
        "mcount" : {
          "mcount" : { "OK" : 1 }
        }
      },
      "source_log" : {
        "delta" : [0, 0, 0]
      },
      "loggers" : {
        "brief_logger" : {
          "records" : [1, 1],
          "out" : [55, 55]
        }
      }
    }
  }
},
"2023-06-22 20:13:04.771 +0000" : {
  "main_scheduler" : {
    "bqs" : {
      "00037" : {
        "mmconts" : [66, 66, 66],
        "acts" : [1, 1],
        "tstate" : { "idle" : 998277, "run" : 1193, "locked" : 0, "mmap" : 0 }
      },
      "00038" : {
        "mmconts" : [65, 65, 65],
        "acts" : [0, 0],
        "tstate" : { "idle" : 998146, "run" : 1323, "locked" : 0, "mmap" : 0 }
      },
      "00039" : {
        "mmconts" : [65, 65, 65],
        "acts" : [1, 1],
        "tstate" : { "idle" : 998187, "run" : 1281, "locked" : 0, "mmap" : 0 }
      },
      "00040" : {
        "mmconts" : [65, 65, 66],
        "acts" : [4, 4],
        "tstate" : { "idle" : 997488, "run" : 1980, "locked" : 0, "mmap" : 0 }
      },
      "00041" : {
        "mmconts" : [65, 65, 66],
        "acts" : [4, 4],
        "tstate" : { "idle" : 997456, "run" : 2011, "locked" : 0, "mmap" : 0 }
      }
    }
  },
  "benchmark_io" : {
    "simple_times" : {
      "mcount" : {
        "mcount" : { "1 -- 2" : 2 }
      }
    },
    "stream_method" : {
      "conns" : [2, 2],
      "in" : [732, 732],
      "out" : [52, 52],
      "mmtasks" : [0, 0, 1],
      "load" : 0.262,
      "mcount" : {
        "mcount" : { "Success" : 2 }
      },
      "http_proto0" : {
        "mcount" : {
          "mcount" : { "OK" : 2 }
        }
      },
      "source_log" : {
        "delta" : [0, 0, 0]
      },
      "loggers" : {
        "brief_logger" : {
          "records" : [2, 2],
          "out" : [111, 111]
        }
      }
    }
  }
},
"2023-06-22 20:13:05.771 +0000" : {
  "main_scheduler" : {
    "bqs" : {
      "00037" : {
        "mmconts" : [66, 66, 66],
        "acts" : [1, 0],
        "tstate" : { "idle" : 999514, "run" : 834, "locked" : 0, "mmap" : 0 }
      },
      "00038" : {
        "mmconts" : [64, 64, 65],
        "acts" : [3, 2],
        "tstate" : { "idle" : 999122, "run" : 1226, "locked" : 0, "mmap" : 0 }
      },
      "00039" : {
        "mmconts" : [64, 64, 65],
        "acts" : [4, 3],
        "tstate" : { "idle" : 998819, "run" : 1529, "locked" : 0, "mmap" : 0 }
      },
      "00040" : {
        "mmconts" : [65, 65, 65],
        "acts" : [1, 0],
        "tstate" : { "idle" : 999305, "run" : 1044, "locked" : 0, "mmap" : 0 }
      },
      "00041" : {
        "mmconts" : [65, 65, 65],
        "acts" : [1, 0],
        "tstate" : { "idle" : 999400, "run" : 950, "locked" : 0, "mmap" : 0 }
      }
    }
  },
  "benchmark_io" : {
    "simple_times" : {
      "mcount" : {
        "mcount" : { "1 -- 2" : 1, "-- 1" : 1 }
      }
    },
    "stream_method" : {
      "conns" : [2, 1],
      "in" : [732, 731],
      "out" : [52, 51],
      "mmtasks" : [0, 0, 1],
      "load" : 0.289,
      "mcount" : {
        "mcount" : { "Success" : 2 }
      },
      "http_proto0" : {
        "mcount" : {
          "mcount" : { "OK" : 2 }
        }
      },
      "source_log" : {
        "delta" : [0, 0, 0]
      },
      "loggers" : {
        "brief_logger" : {
          "records" : [2, 1],
          "out" : [106, 105]
        }
      }
    }
  }
},
"2023-06-22 20:13:06.771 +0000" : {
  "main_scheduler" : {
    "bqs" : {
      "00037" : {
        "mmconts" : [66, 66, 66],
        "acts" : [1, 0],
        "tstate" : { "idle" : 999373, "run" : 1116, "locked" : 0, "mmap" : 0 }
      },
      "00038" : {
        "mmconts" : [64, 64, 64],
        "acts" : [0, 0],
        "tstate" : { "idle" : 999280, "run" : 1209, "locked" : 0, "mmap" : 0 }
      },
      "00039" : {
        "mmconts" : [64, 64, 64],
        "acts" : [1, 0],
        "tstate" : { "idle" : 999282, "run" : 1208, "locked" : 0, "mmap" : 0 }
      },
      "00040" : {
        "mmconts" : [64, 64, 65],
        "acts" : [4, 3],
        "tstate" : { "idle" : 998567, "run" : 1922, "locked" : 0, "mmap" : 0 }
      },
      "00041" : {
        "mmconts" : [64, 64, 65],
        "acts" : [4, 3],
        "tstate" : { "idle" : 998655, "run" : 1834, "locked" : 0, "mmap" : 0 }
      }
    }
  },
  "benchmark_io" : {
    "simple_times" : {
      "mcount" : {
        "mcount" : { "1 -- 2" : 2 }
      }
    },
    "stream_method" : {
      "conns" : [2, 1],
      "in" : [732, 731],
      "out" : [52, 51],
      "mmtasks" : [0, 0, 1],
      "load" : 0.294,
      "mcount" : {
        "mcount" : { "Success" : 2 }
      },
      "http_proto0" : {
        "mcount" : {
          "mcount" : { "OK" : 2 }
        }
      },
      "source_log" : {
        "delta" : [0, 0, 0]
      },
      "loggers" : {
        "brief_logger" : {
          "records" : [2, 1],
          "out" : [110, 109]
        }
      }
    }
  }
},
"2023-06-22 20:13:07.771 +0000" : {
  "main_scheduler" : {
    "bqs" : {
      "00037" : {
        "mmconts" : [66, 66, 66],
        "acts" : [1, 1],
        "tstate" : { "idle" : 998612, "run" : 1097, "locked" : 0, "mmap" : 0 }
      },
      "00038" : {
        "mmconts" : [63, 63, 64],
        "acts" : [3, 3],
        "tstate" : { "idle" : 997949, "run" : 1761, "locked" : 0, "mmap" : 0 }
      },
      "00039" : {
        "mmconts" : [63, 63, 64],
        "acts" : [4, 4],
        "tstate" : { "idle" : 997875, "run" : 1834, "locked" : 0, "mmap" : 0 }
      },
      "00040" : {
        "mmconts" : [63, 63, 64],
        "acts" : [4, 4],
        "tstate" : { "idle" : 997771, "run" : 1939, "locked" : 0, "mmap" : 0 }
      },
      "00041" : {
        "mmconts" : [64, 64, 64],
        "acts" : [1, 1],
        "tstate" : { "idle" : 998485, "run" : 1225, "locked" : 0, "mmap" : 0 }
      }
    }
  },
  "benchmark_io" : {
    "simple_times" : {
      "mcount" : {
        "mcount" : { "1 -- 2" : 3 }
      }
    },
    "stream_method" : {
      "conns" : [3, 3],
      "in" : [1098, 1098],
      "out" : [78, 78],
      "mmtasks" : [0, 0, 1],
      "load" : 0.230,
      "mcount" : {
        "mcount" : { "Success" : 3 }
      },
      "http_proto0" : {
        "mcount" : {
          "mcount" : { "OK" : 3 }
        }
      },
      "source_log" : {
        "delta" : [0, 0, 0]
      },
      "loggers" : {
        "brief_logger" : {
          "records" : [3, 3],
          "out" : [166, 166]
        }
      }
    }
  }
},
"2023-06-22 20:13:08.771 +0000" : {
  "main_scheduler" : {
    "bqs" : {
      "00037" : {
        "mmconts" : [65, 65, 66],
        "acts" : [4, 3],
        "tstate" : { "idle" : 998615, "run" : 1686, "locked" : 0, "mmap" : 0 }
      },
      "00038" : {
        "mmconts" : [63, 63, 63],
        "acts" : [0, 0],
        "tstate" : { "idle" : 999103, "run" : 1199, "locked" : 0, "mmap" : 0 }
      },
      "00039" : {
        "mmconts" : [63, 63, 63],
        "acts" : [1, 0],
        "tstate" : { "idle" : 999133, "run" : 1169, "locked" : 0, "mmap" : 0 }
      },
      "00040" : {
        "mmconts" : [63, 63, 63],
        "acts" : [1, 0],
        "tstate" : { "idle" : 999072, "run" : 1229, "locked" : 0, "mmap" : 0 }
      },
      "00041" : {
        "mmconts" : [63, 63, 64],
        "acts" : [4, 3],
        "tstate" : { "idle" : 998576, "run" : 1725, "locked" : 0, "mmap" : 0 }
      }
    }
  },
  "benchmark_io" : {
    "simple_times" : {
      "mcount" : {
        "mcount" : { "1 -- 2" : 2 }
      }
    },
    "stream_method" : {
      "conns" : [2, 1],
      "in" : [732, 731],
      "out" : [52, 51],
      "mmtasks" : [0, 0, 1],
      "load" : 0.250,
      "mcount" : {
        "mcount" : { "Success" : 2 }
      },
      "http_proto0" : {
        "mcount" : {
          "mcount" : { "OK" : 2 }
        }
      },
      "source_log" : {
        "delta" : [0, 0, 0]
      },
      "loggers" : {
        "brief_logger" : {
          "records" : [2, 1],
          "out" : [110, 109]
        }
      }
    }
  }
},
"2023-06-22 20:13:09.771 +0000" : {
  "main_scheduler" : {
    "bqs" : {
      "00037" : {
        "mmconts" : [62, 63, 65],
        "acts" : [10, 10],
        "tstate" : { "idle" : 997026, "run" : 2948, "locked" : 0, "mmap" : 0 }
      },
      "00038" : {
        "mmconts" : [63, 63, 63],
        "acts" : [0, 0],
        "tstate" : { "idle" : 998748, "run" : 1222, "locked" : 0, "mmap" : 0 }
      },
      "00039" : {
        "mmconts" : [63, 63, 63],
        "acts" : [1, 1],
        "tstate" : { "idle" : 998694, "run" : 1275, "locked" : 0, "mmap" : 0 }
      },
      "00040" : {
        "mmconts" : [63, 63, 63],
        "acts" : [1, 1],
        "tstate" : { "idle" : 998625, "run" : 1344, "locked" : 0, "mmap" : 0 }
      },
      "00041" : {
        "mmconts" : [63, 63, 63],
        "acts" : [1, 1],
        "tstate" : { "idle" : 998742, "run" : 1226, "locked" : 0, "mmap" : 0 }
      }
    }
  },
  "benchmark_io" : {
    "simple_times" : {
      "mcount" : {
        "mcount" : { "1 -- 2" : 2, "1 -- 1" : 1 }
      }
    },
    "stream_method" : {
      "conns" : [3, 3],
      "in" : [1098, 1098],
      "out" : [78, 78],
      "mmtasks" : [0, 0, 1],
      "load" : 0.309,
      "mcount" : {
        "mcount" : { "Success" : 3 }
      },
      "http_proto0" : {
        "mcount" : {
          "mcount" : { "OK" : 3 }
        }
      },
      "source_log" : {
        "delta" : [0, 0, 0]
      },
      "loggers" : {
        "brief_logger" : {
          "records" : [3, 3],
          "out" : [166, 166]
        }
      }
    }
  }
},
"2023-06-22 20:13:10.771 +0000" : {
  "main_scheduler" : {
    "bqs" : {
      "00037" : {
        "mmconts" : [62, 62, 62],
        "acts" : [1, 1],
        "tstate" : { "idle" : 999045, "run" : 894, "locked" : 0, "mmap" : 0 }
      },
      "00038" : {
        "mmconts" : [62, 62, 63],
        "acts" : [3, 3],
        "tstate" : { "idle" : 998586, "run" : 1355, "locked" : 0, "mmap" : 0 }
      },
      "00039" : {
        "mmconts" : [62, 62, 63],
        "acts" : [4, 4],
        "tstate" : { "idle" : 998698, "run" : 1244, "locked" : 0, "mmap" : 0 }
      },
      "00040" : {
        "mmconts" : [63, 63, 63],
        "acts" : [1, 1],
        "tstate" : { "idle" : 998855, "run" : 1087, "locked" : 0, "mmap" : 0 }
      },
      "00041" : {
        "mmconts" : [63, 63, 63],
        "acts" : [1, 1],
        "tstate" : { "idle" : 998851, "run" : 1092, "locked" : 0, "mmap" : 0 }
      }
    }
  },
  "benchmark_io" : {
    "simple_times" : {
      "mcount" : {
        "mcount" : { "-- 1" : 2 }
      }
    },
    "stream_method" : {
      "conns" : [2, 2],
      "in" : [732, 732],
      "out" : [52, 52],
      "mmtasks" : [0, 0, 1],
      "load" : 0.320,
      "mcount" : {
        "mcount" : { "Success" : 2 }
      },
      "http_proto0" : {
        "mcount" : {
          "mcount" : { "OK" : 2 }
        }
      },
      "source_log" : {
        "delta" : [0, 0, 0]
      },
      "loggers" : {
        "brief_logger" : {
          "records" : [2, 2],
          "out" : [101, 101]
        }
      }
    }
  }
},
"2023-06-22 20:13:11.771 +0000" : {
  "main_scheduler" : {
    "bqs" : {
      "00037" : {
        "mmconts" : [62, 62, 62],
        "acts" : [1, 1],
        "tstate" : { "idle" : 998767, "run" : 960, "locked" : 0, "mmap" : 0 }
      },
      "00038" : {
        "mmconts" : [61, 61, 62],
        "acts" : [3, 3],
        "tstate" : { "idle" : 998419, "run" : 1308, "locked" : 0, "mmap" : 0 }
      },
      "00039" : {
        "mmconts" : [62, 62, 62],
        "acts" : [1, 1],
        "tstate" : { "idle" : 998659, "run" : 1069, "locked" : 0, "mmap" : 0 }
      },
      "00040" : {
        "mmconts" : [62, 62, 63],
        "acts" : [4, 4],
        "tstate" : { "idle" : 998276, "run" : 1452, "locked" : 0, "mmap" : 0 }
      },
      "00041" : {
        "mmconts" : [62, 62, 63],
        "acts" : [4, 4],
        "tstate" : { "idle" : 998106, "run" : 1623, "locked" : 0, "mmap" : 0 }
      }
    }
  },
  "benchmark_io" : {
    "simple_times" : {
      "mcount" : {
        "mcount" : { "1 -- 2" : 1, "-- 1" : 2 }
      }
    },
    "stream_method" : {
      "conns" : [3, 3],
      "in" : [1098, 1098],
      "out" : [78, 78],
      "mmtasks" : [0, 0, 1],
      "load" : 0.329,
      "mcount" : {
        "mcount" : { "Success" : 3 }
      },
      "http_proto0" : {
        "mcount" : {
          "mcount" : { "OK" : 3 }
        }
      },
      "source_log" : {
        "delta" : [0, 0, 0]
      },
      "loggers" : {
        "brief_logger" : {
          "records" : [3, 3],
          "out" : [157, 157]
        }
      }
    }
  }
},
"2023-06-22 20:13:12.771 +0000" : {
  "main_scheduler" : {
    "bqs" : {
      "00037" : {
        "mmconts" : [61, 61, 62],
        "acts" : [4, 4],
        "tstate" : { "idle" : 997738, "run" : 1779, "locked" : 0, "mmap" : 0 }
      },
      "00038" : {
        "mmconts" : [61, 61, 61],
        "acts" : [0, 0],
        "tstate" : { "idle" : 998280, "run" : 1237, "locked" : 0, "mmap" : 0 }
      },
      "00039" : {
        "mmconts" : [61, 61, 62],
        "acts" : [4, 4],
        "tstate" : { "idle" : 997662, "run" : 1854, "locked" : 0, "mmap" : 0 }
      },
      "00040" : {
        "mmconts" : [61, 61, 62],
        "acts" : [4, 4],
        "tstate" : { "idle" : 997549, "run" : 1968, "locked" : 0, "mmap" : 0 }
      },
      "00041" : {
        "mmconts" : [62, 62, 62],
        "acts" : [1, 1],
        "tstate" : { "idle" : 998294, "run" : 1222, "locked" : 0, "mmap" : 0 }
      }
    }
  },
  "benchmark_io" : {
    "simple_times" : {
      "mcount" : {
        "mcount" : { "1 -- 2" : 3 }
      }
    },
    "stream_method" : {
      "conns" : [3, 3],
      "in" : [1098, 1098],
      "out" : [78, 78],
      "mmtasks" : [0, 0, 1],
      "load" : 0.338,
      "mcount" : {
        "mcount" : { "Success" : 3 }
      },
      "http_proto0" : {
        "mcount" : {
          "mcount" : { "OK" : 3 }
        }
      },
      "source_log" : {
        "delta" : [0, 0, 0]
      },
      "loggers" : {
        "brief_logger" : {
          "records" : [3, 3],
          "out" : [165, 165]
        }
      }
    }
  }
},
"2023-06-22 20:13:13.771 +0000" : {
  "main_scheduler" : {
    "bqs" : {
      "00037" : {
        "mmconts" : [60, 60, 61],
        "acts" : [4, 3],
        "tstate" : { "idle" : 998901, "run" : 1733, "locked" : 0, "mmap" : 0 }
      },
      "00038" : {
        "mmconts" : [60, 60, 61],
        "acts" : [3, 2],
        "tstate" : { "idle" : 998781, "run" : 1851, "locked" : 0, "mmap" : 0 }
      },
      "00039" : {
        "mmconts" : [61, 61, 61],
        "acts" : [1, 0],
        "tstate" : { "idle" : 999386, "run" : 1246, "locked" : 0, "mmap" : 0 }
      },
      "00040" : {
        "mmconts" : [61, 61, 61],
        "acts" : [1, 0],
        "tstate" : { "idle" : 999309, "run" : 1322, "locked" : 0, "mmap" : 0 }
      },
      "00041" : {
        "mmconts" : [61, 61, 62],
        "acts" : [4, 3],
        "tstate" : { "idle" : 998763, "run" : 1867, "locked" : 0, "mmap" : 0 }
      }
    }
  },
  "benchmark_io" : {
    "simple_times" : {
      "mcount" : {
        "mcount" : { "1 -- 2" : 3 }
      }
    },
    "stream_method" : {
      "conns" : [3, 2],
      "in" : [1098, 1097],
      "out" : [78, 77],
      "mmtasks" : [0, 0, 1],
      "load" : 0.317,
      "mcount" : {
        "mcount" : { "Success" : 3 }
      },
      "http_proto0" : {
        "mcount" : {
          "mcount" : { "OK" : 3 }
        }
      },
      "source_log" : {
        "delta" : [0, 0, 0]
      },
      "loggers" : {
        "brief_logger" : {
          "records" : [3, 2],
          "out" : [165, 164]
        }
      }
    }
  }
},
"2023-06-22 20:13:14.771 +0000" : {
  "main_scheduler" : {
    "bqs" : {
      "00037" : {
        "mmconts" : [59, 59, 60],
        "acts" : [4, 4],
        "tstate" : { "idle" : 998049, "run" : 1682, "locked" : 0, "mmap" : 0 }
      },
      "00038" : {
        "mmconts" : [60, 60, 60],
        "acts" : [0, 0],
        "tstate" : { "idle" : 998613, "run" : 1123, "locked" : 0, "mmap" : 0 }
      },
      "00039" : {
        "mmconts" : [60, 60, 61],
        "acts" : [4, 4],
        "tstate" : { "idle" : 997921, "run" : 1816, "locked" : 0, "mmap" : 0 }
      },
      "00040" : {
        "mmconts" : [60, 60, 61],
        "acts" : [4, 4],
        "tstate" : { "idle" : 997859, "run" : 1878, "locked" : 0, "mmap" : 0 }
      },
      "00041" : {
        "mmconts" : [60, 60, 61],
        "acts" : [4, 4],
        "tstate" : { "idle" : 998171, "run" : 1567, "locked" : 0, "mmap" : 0 }
      }
    }
  },
  "benchmark_io" : {
    "simple_times" : {
      "mcount" : {
        "mcount" : { "2 -- 4" : 1, "1 -- 2" : 3 }
      }
    },
    "stream_method" : {
      "conns" : [4, 4],
      "in" : [1464, 1464],
      "out" : [104, 104],
      "mmtasks" : [0, 0, 1],
      "load" : 0.232,
      "mcount" : {
        "mcount" : { "Success" : 4 }
      },
      "http_proto0" : {
        "mcount" : {
          "mcount" : { "OK" : 4 }
        }
      },
      "source_log" : {
        "delta" : [0, 0, 0]
      },
      "loggers" : {
        "brief_logger" : {
          "records" : [4, 4],
          "out" : [220, 220]
        }
      }
    }
  }
}