2023-06-22 20:12:58,734 [INFO] root tankworker.py:153	Log file created
2023-06-22 20:12:58,734 [INFO] root tankworker.py:157	Logging handler <FileHandler /var/loadtest/tank_errors.log (WARNING)> added
2023-06-22 20:12:58,734 [INFO] root tankworker.py:157	Logging handler <StreamHandler <stdout> (INFO)> added
2023-06-22 20:12:58,734 [INFO] root tankworker.py:157	Logging handler <StreamHandler <stderr> (NOTSET)> added
2023-06-22 20:12:58,742 [INFO] root tankworker.py:69	Created a folder for the test. /var/loadtest/logs/2023-06-22_20-12-58.715278
2023-06-22 20:12:58,743 [INFO] yandextank.core.tankcore tankcore.py:254	Configuring plugins...
2023-06-22 20:12:58,743 [INFO] yandextank.core.tankcore tankcore.py:205	Loading plugins...
2023-06-22 20:12:58,743 [INFO] yandextank.core.tankcore tankcore.py:215	Trying to import module: autostop
2023-06-22 20:12:58,743 [INFO] yandextank.core.tankcore tankcore.py:216	Path: yandextank.plugins.Autostop
2023-06-22 20:12:58,743 [INFO] yandextank.core.tankcore tankcore.py:215	Trying to import module: console
2023-06-22 20:12:58,743 [INFO] yandextank.core.tankcore tankcore.py:216	Path: yandextank.plugins.Console
2023-06-22 20:12:58,744 [INFO] yandextank.core.tankcore tankcore.py:215	Trying to import module: json_report
2023-06-22 20:12:58,744 [INFO] yandextank.core.tankcore tankcore.py:216	Path: yandextank.plugins.JsonReport
2023-06-22 20:12:58,744 [INFO] yandextank.core.tankcore tankcore.py:215	Trying to import module: phantom
2023-06-22 20:12:58,744 [INFO] yandextank.core.tankcore tankcore.py:216	Path: yandextank.plugins.Phantom
2023-06-22 20:12:58,744 [INFO] yandextank.core.tankcore tankcore.py:215	Trying to import module: rcheck
2023-06-22 20:12:58,744 [INFO] yandextank.core.tankcore tankcore.py:216	Path: yandextank.plugins.ResourceCheck
2023-06-22 20:12:58,744 [INFO] yandextank.core.tankcore tankcore.py:215	Trying to import module: shellexec
2023-06-22 20:12:58,744 [INFO] yandextank.core.tankcore tankcore.py:216	Path: yandextank.plugins.ShellExec
2023-06-22 20:12:58,744 [INFO] yandextank.core.tankcore tankcore.py:215	Trying to import module: rcassert
2023-06-22 20:12:58,744 [INFO] yandextank.core.tankcore tankcore.py:216	Path: yandextank.plugins.RCAssert
2023-06-22 20:12:58,747 [INFO] yandextank.common.util util.py:578	Testing connection to resolved address 172.24.0.2 and port 80
2023-06-22 20:12:58,748 [INFO] yandextank.plugins.Phantom.utils utils.py:277	Resolved server into 172.24.0.2:80
2023-06-22 20:12:58,748 [INFO] yandextank.stepper.main main.py:197	Configuring StepperWrapper...
2023-06-22 20:12:58,748 [INFO] yandextank.stepper.main main.py:251	Using cached stpd-file: /var/loadtest/logs/_9076aced7b202675576c8d51436c18ff.stpd
2023-06-22 20:12:58,749 [INFO] yandextank.stepper.main main.py:254	rps_schedule is set. Overriding cached instances param from config: 1000
2023-06-22 20:12:58,750 [INFO] yandextank.core.tankcore tankcore.py:268	Preparing test...
2023-06-22 20:12:58,757 [INFO] yandextank.common.interfaces plugin.py:38	Checking tank resources...
2023-06-22 20:12:58,762 [INFO] yandextank.core.tankcore tankcore.py:278	Starting test...
2023-06-22 20:12:58,763 [INFO] yandextank.aggregator.tank_aggregator tank_aggregator.py:65	using verbose histogram
2023-06-22 20:12:58,765 [INFO] yandextank.core.tankcore tankcore.py:285	Plugin plugin_autostop required 0.000004 seconds to start
2023-06-22 20:12:58,765 [INFO] yandextank.core.tankcore tankcore.py:285	Plugin plugin_console required 0.000003 seconds to start
2023-06-22 20:12:58,765 [INFO] yandextank.core.tankcore tankcore.py:285	Plugin plugin_json_report required 0.000003 seconds to start
2023-06-22 20:12:58,768 [INFO] yandextank.core.tankcore tankcore.py:285	Plugin plugin_phantom required 0.003352 seconds to start
2023-06-22 20:12:58,769 [INFO] yandextank.core.tankcore tankcore.py:285	Plugin plugin_rcheck required 0.000027 seconds to start
2023-06-22 20:12:58,769 [INFO] yandextank.core.tankcore tankcore.py:285	Plugin plugin_shellexec required 0.000007 seconds to start
2023-06-22 20:12:58,769 [INFO] yandextank.core.tankcore tankcore.py:285	Plugin plugin_rcassert required 0.000005 seconds to start
2023-06-22 20:12:58,769 [INFO] yandextank.core.tankcore tankcore.py:294	Waiting for test to finish...
2023-06-22 20:12:58,769 [INFO] yandextank.core.tankcore tankcore.py:295	Artifacts dir: /var/loadtest/logs/2023-06-22_20-12-58.715278
