"2023-06-22 19:49:26.960 +0000" : {
  "main_scheduler" : {
    "bqs" : {
      "00037" : {
        "mmconts" : [0, 65, 116],
        "acts" : [204, 203],
        "tstate" : { "idle" : 998563, "run" : 2586, "locked" : 27, "mmap" : 11 }
      },
      "00038" : {
        "mmconts" : [0, 66, 68],
        "acts" : [3, 2],
        "tstate" : { "idle" : 995703, "run" : 4473, "locked" : 272, "mmap" : 708 }
      },
      "00039" : {
        "mmconts" : [0, 66, 73],
        "acts" : [202, 201],
        "tstate" : { "idle" : 999406, "run" : 1690, "locked" : 16, "mmap" : 26 }
      },
      "00040" : {
        "mmconts" : [0, 66, 70],
        "acts" : [202, 201],
        "tstate" : { "idle" : 999496, "run" : 1592, "locked" : 25, "mmap" : 4 }
      },
      "00041" : {
        "mmconts" : [0, 66, 69],
        "acts" : [201, 200],
        "tstate" : { "idle" : 999520, "run" : 1558, "locked" : 17, "mmap" : 4 }
      }
    }
  },
  "benchmark_io" : {
    "simple_times" : {
      "mcount" : {
        "mcount" : { "41 -- 65" : 1 }
      }
    },
    "stream_method" : {
      "conns" : [2, 1],
      "in" : [366, 365],
      "out" : [52, 51],
      "mmtasks" : [0, 0, 1],
      "load" : 0.005,
      "mcount" : {
        "mcount" : { "Success" : 1 }
      },
      "http_proto0" : {
        "mcount" : {
          "mcount" : { "OK" : 1 }
        }
      },
      "source_log" : {
        "delta" : [0, 0, 154]
      },
      "loggers" : {
        "brief_logger" : {
          "records" : [1, 0],
          "out" : [57, 56]
        }
      }
    }
  }
},
"2023-06-22 19:49:27.960 +0000" : {
  "main_scheduler" : {
    "bqs" : {
      "00037" : {
        "mmconts" : [66, 66, 66],
        "acts" : [0, 0],
        "tstate" : { "idle" : 998988, "run" : 778, "locked" : 0, "mmap" : 0 }
      },
      "00038" : {
        "mmconts" : [66, 66, 67],
        "acts" : [1, 1],
        "tstate" : { "idle" : 998816, "run" : 949, "locked" : 0, "mmap" : 0 }
      },
      "00039" : {
        "mmconts" : [66, 66, 67],
        "acts" : [3, 3],
        "tstate" : { "idle" : 998268, "run" : 1497, "locked" : 0, "mmap" : 0 }
      },
      "00040" : {
        "mmconts" : [67, 67, 67],
        "acts" : [1, 1],
        "tstate" : { "idle" : 998742, "run" : 1022, "locked" : 0, "mmap" : 0 }
      },
      "00041" : {
        "mmconts" : [67, 67, 67],
        "acts" : [1, 1],
        "tstate" : { "idle" : 998843, "run" : 922, "locked" : 0, "mmap" : 0 }
      }
    }
  },
  "benchmark_io" : {
    "simple_times" : {
      "mcount" : {
        "mcount" : { "104 -- 167" : 1, "65 -- 104" : 1 }
      }
    },
    "stream_method" : {
      "conns" : [1, 1],
      "in" : [732, 732],
      "out" : [26, 26],
      "mmtasks" : [0, 0, 1],
      "load" : 0.004,
      "mcount" : {
        "mcount" : { "Success" : 2 }
      },
      "http_proto0" : {
        "mcount" : {
          "mcount" : { "OK" : 2 }
        }
      },
      "source_log" : {
        "delta" : [0, 0, 0]
      },
      "loggers" : {
        "brief_logger" : {
          "records" : [2, 2],
          "out" : [118, 118]
        }
      }
    }
  }
},
"2023-06-22 19:49:28.960 +0000" : {
  "main_scheduler" : {
    "bqs" : {
      "00037" : {
        "mmconts" : [66, 66, 66],
        "acts" : [1, 0],
        "tstate" : { "idle" : 998809, "run" : 1205, "locked" : 0, "mmap" : 0 }
      },
      "00038" : {
        "mmconts" : [66, 66, 66],
        "acts" : [0, 0],
        "tstate" : { "idle" : 998797, "run" : 1218, "locked" : 0, "mmap" : 0 }
      },
      "00039" : {
        "mmconts" : [66, 66, 66],
        "acts" : [1, 0],
        "tstate" : { "idle" : 998748, "run" : 1267, "locked" : 0, "mmap" : 0 }
      },
      "00040" : {
        "mmconts" : [67, 67, 67],
        "acts" : [1, 0],
        "tstate" : { "idle" : 998664, "run" : 1351, "locked" : 0, "mmap" : 0 }
      },
      "00041" : {
        "mmconts" : [66, 66, 67],
        "acts" : [4, 3],
        "tstate" : { "idle" : 998068, "run" : 1947, "locked" : 0, "mmap" : 0 }
      }
    }
  },
  "benchmark_io" : {
    "simple_times" : {
      "mcount" : {
        "mcount" : { "104 -- 167" : 1 }
      }
    },
    "stream_method" : {
      "conns" : [1, 0],
      "in" : [366, 365],
      "out" : [26, 25],
      "mmtasks" : [0, 0, 1],
      "load" : 0.004,
      "mcount" : {
        "mcount" : { "Success" : 1 }
      },
      "http_proto0" : {
        "mcount" : {
          "mcount" : { "OK" : 1 }
        }
      },
      "source_log" : {
        "delta" : [0, 0, 0]
      },
      "loggers" : {
        "brief_logger" : {
          "records" : [1, 0],
          "out" : [61, 60]
        }
      }
    }
  }
},
"2023-06-22 19:49:29.959 +0000" : {
  "main_scheduler" : {
    "bqs" : {
      "00037" : {
        "mmconts" : [66, 66, 66],
        "acts" : [1, 1],
        "tstate" : { "idle" : 998661, "run" : 879, "locked" : 0, "mmap" : 0 }
      },
      "00038" : {
        "mmconts" : [65, 65, 66],
        "acts" : [3, 3],
        "tstate" : { "idle" : 998040, "run" : 1494, "locked" : 0, "mmap" : 0 }
      },
      "00039" : {
        "mmconts" : [66, 66, 66],
        "acts" : [1, 1],
        "tstate" : { "idle" : 998668, "run" : 863, "locked" : 0, "mmap" : 0 }
      },
      "00040" : {
        "mmconts" : [66, 66, 67],
        "acts" : [4, 4],
        "tstate" : { "idle" : 997916, "run" : 1613, "locked" : 0, "mmap" : 0 }
      },
      "00041" : {
        "mmconts" : [66, 66, 66],
        "acts" : [1, 1],
        "tstate" : { "idle" : 998548, "run" : 979, "locked" : 0, "mmap" : 0 }
      }
    }
  },
  "benchmark_io" : {
    "simple_times" : {
      "mcount" : {
        "mcount" : { "104 -- 167" : 1, "65 -- 104" : 1 }
      }
    },
    "stream_method" : {
      "conns" : [2, 2],
      "in" : [732, 732],
      "out" : [52, 52],
      "mmtasks" : [0, 0, 1],
      "load" : 0.004,
      "mcount" : {
        "mcount" : { "Success" : 2 }
      },
      "http_proto0" : {
        "mcount" : {
          "mcount" : { "OK" : 2 }
        }
      },
      "source_log" : {
        "delta" : [0, 0, 0]
      },
      "loggers" : {
        "brief_logger" : {
          "records" : [2, 2],
          "out" : [117, 117]
        }
      }
    }
  }
},
"2023-06-22 19:49:30.959 +0000" : {
  "main_scheduler" : {
    "bqs" : {
      "00037" : {
        "mmconts" : [66, 66, 66],
        "acts" : [1, 1],
        "tstate" : { "idle" : 999247, "run" : 726, "locked" : 0, "mmap" : 0 }
      },
      "00038" : {
        "mmconts" : [65, 65, 65],
        "acts" : [0, 0],
        "tstate" : { "idle" : 999265, "run" : 713, "locked" : 0, "mmap" : 0 }
      },
      "00039" : {
        "mmconts" : [65, 65, 66],
        "acts" : [4, 4],
        "tstate" : { "idle" : 999142, "run" : 839, "locked" : 0, "mmap" : 0 }
      },
      "00040" : {
        "mmconts" : [66, 66, 66],
        "acts" : [1, 1],
        "tstate" : { "idle" : 999179, "run" : 804, "locked" : 0, "mmap" : 0 }
      },
      "00041" : {
        "mmconts" : [66, 66, 66],
        "acts" : [1, 1],
        "tstate" : { "idle" : 999290, "run" : 695, "locked" : 0, "mmap" : 0 }
      }
    }
  },
  "benchmark_io" : {
    "simple_times" : {
      "mcount" : {
        "mcount" : { "41 -- 65" : 1 }
      }
    },
    "stream_method" : {
      "conns" : [1, 1],
      "in" : [366, 366],
      "out" : [26, 26],
      "mmtasks" : [0, 0, 1],
      "load" : 0.004,
      "mcount" : {
        "mcount" : { "Success" : 1 }
      },
      "http_proto0" : {
        "mcount" : {
          "mcount" : { "OK" : 1 }
        }
      },
      "source_log" : {
        "delta" : [0, 0, 0]
      },
      "loggers" : {
        "brief_logger" : {
          "records" : [1, 0],
          "out" : [56, 55]
        }
      }
    }
  }
},
"2023-06-22 19:49:31.960 +0000" : {
  "main_scheduler" : {
    "bqs" : {
      "00037" : {
        "mmconts" : [66, 66, 66],
        "acts" : [1, 0],
        "tstate" : { "idle" : 999654, "run" : 893, "locked" : 0, "mmap" : 0 }
      },
      "00038" : {
        "mmconts" : [65, 65, 65],
        "acts" : [0, 0],
        "tstate" : { "idle" : 999716, "run" : 831, "locked" : 0, "mmap" : 0 }
      },
      "00039" : {
        "mmconts" : [65, 65, 65],
        "acts" : [1, 0],
        "tstate" : { "idle" : 999667, "run" : 879, "locked" : 0, "mmap" : 0 }
      },
      "00040" : {
        "mmconts" : [65, 65, 66],
        "acts" : [4, 3],
        "tstate" : { "idle" : 999096, "run" : 1450, "locked" : 0, "mmap" : 0 }
      },
      "00041" : {
        "mmconts" : [65, 65, 66],
        "acts" : [4, 3],
        "tstate" : { "idle" : 999121, "run" : 1425, "locked" : 0, "mmap" : 0 }
      }
    }
  },
  "benchmark_io" : {
    "simple_times" : {
      "mcount" : {
        "mcount" : { "65 -- 104" : 2 }
      }
    },
    "stream_method" : {
      "conns" : [2, 1],
      "in" : [732, 731],
      "out" : [52, 51],
      "mmtasks" : [0, 0, 1],
      "load" : 0.005,
      "mcount" : {
        "mcount" : { "Success" : 2 }
      },
      "http_proto0" : {
        "mcount" : {
          "mcount" : { "OK" : 2 }
        }
      },
      "source_log" : {
        "delta" : [0, 0, 0]
      },
      "loggers" : {
        "brief_logger" : {
          "records" : [2, 1],
          "out" : [115, 114]
        }
      }
    }
  }
},
"2023-06-22 19:49:32.959 +0000" : {
  "main_scheduler" : {
    "bqs" : {
      "00037" : {
        "mmconts" : [66, 66, 66],
        "acts" : [1, 1],
        "tstate" : { "idle" : 998712, "run" : 583, "locked" : 0, "mmap" : 0 }
      },
      "00038" : {
        "mmconts" : [64, 64, 65],
        "acts" : [3, 3],
        "tstate" : { "idle" : 998167, "run" : 1124, "locked" : 0, "mmap" : 0 }
      },
      "00039" : {
        "mmconts" : [64, 64, 65],
        "acts" : [4, 4],
        "tstate" : { "idle" : 998238, "run" : 1052, "locked" : 0, "mmap" : 0 }
      },
      "00040" : {
        "mmconts" : [65, 65, 65],
        "acts" : [1, 1],
        "tstate" : { "idle" : 998566, "run" : 723, "locked" : 0, "mmap" : 0 }
      },
      "00041" : {
        "mmconts" : [65, 65, 65],
        "acts" : [1, 1],
        "tstate" : { "idle" : 998670, "run" : 617, "locked" : 0, "mmap" : 0 }
      }
    }
  },
  "benchmark_io" : {
    "simple_times" : {
      "mcount" : {
        "mcount" : { "65 -- 104" : 2 }
      }
    },
    "stream_method" : {
      "conns" : [2, 2],
      "in" : [732, 732],
      "out" : [52, 52],
      "mmtasks" : [0, 0, 1],
      "load" : 0.005,
      "mcount" : {
        "mcount" : { "Success" : 2 }
      },
      "http_proto0" : {
        "mcount" : {
          "mcount" : { "OK" : 2 }
        }
      },
      "source_log" : {
        "delta" : [0, 0, 0]
      },
      "loggers" : {
        "brief_logger" : {
          "records" : [2, 2],
          "out" : [114, 114]
        }
      }
    }
  }
},
"2023-06-22 19:49:33.960 +0000" : {
  "main_scheduler" : {
    "bqs" : {
      "00037" : {
        "mmconts" : [66, 66, 66],
        "acts" : [1, 0],
        "tstate" : { "idle" : 1000694, "run" : 275, "locked" : 0, "mmap" : 0 }
      },
      "00038" : {
        "mmconts" : [64, 64, 64],
        "acts" : [0, 0],
        "tstate" : { "idle" : 1000802, "run" : 167, "locked" : 0, "mmap" : 0 }
      },
      "00039" : {
        "mmconts" : [64, 64, 64],
        "acts" : [1, 0],
        "tstate" : { "idle" : 1000755, "run" : 213, "locked" : 0, "mmap" : 0 }
      },
      "00040" : {
        "mmconts" : [64, 64, 65],
        "acts" : [4, 3],
        "tstate" : { "idle" : 1000480, "run" : 486, "locked" : 0, "mmap" : 0 }
      },
      "00041" : {
        "mmconts" : [64, 64, 65],
        "acts" : [4, 3],
        "tstate" : { "idle" : 1000571, "run" : 395, "locked" : 0, "mmap" : 0 }
      }
    }
  },
  "benchmark_io" : {
    "simple_times" : {
      "mcount" : {
        "mcount" : { "41 -- 65" : 2 }
      }
    },
    "stream_method" : {
      "conns" : [2, 1],
      "in" : [732, 731],
      "out" : [52, 51],
      "mmtasks" : [0, 0, 1],
      "load" : 0.004,
      "mcount" : {
        "mcount" : { "Success" : 2 }
      },
      "http_proto0" : {
        "mcount" : {
          "mcount" : { "OK" : 2 }
        }
      },
      "source_log" : {
        "delta" : [0, 0, 0]
      },
      "loggers" : {
        "brief_logger" : {
          "records" : [2, 1],
          "out" : [112, 111]
        }
      }
    }
  }
},
"2023-06-22 19:49:34.960 +0000" : {
  "main_scheduler" : {
    "bqs" : {
      "00037" : {
        "mmconts" : [66, 66, 66],
        "acts" : [1, 1],
        "tstate" : { "idle" : 999364, "run" : 554, "locked" : 0, "mmap" : 0 }
      },
      "00038" : {
        "mmconts" : [63, 63, 64],
        "acts" : [3, 3],
        "tstate" : { "idle" : 999132, "run" : 792, "locked" : 0, "mmap" : 0 }
      },
      "00039" : {
        "mmconts" : [63, 63, 64],
        "acts" : [4, 4],
        "tstate" : { "idle" : 998813, "run" : 1114, "locked" : 0, "mmap" : 0 }
      },
      "00040" : {
        "mmconts" : [64, 64, 64],
        "acts" : [3, 3],
        "tstate" : { "idle" : 999059, "run" : 871, "locked" : 0, "mmap" : 0 }
      },
      "00041" : {
        "mmconts" : [64, 64, 64],
        "acts" : [1, 1],
        "tstate" : { "idle" : 999354, "run" : 579, "locked" : 0, "mmap" : 0 }
      }
    }
  },
  "benchmark_io" : {
    "simple_times" : {
      "mcount" : {
        "mcount" : { "65 -- 104" : 1, "41 -- 65" : 1 }
      }
    },
    "stream_method" : {
      "conns" : [3, 3],
      "in" : [732, 732],
      "out" : [78, 78],
      "mmtasks" : [0, 0, 1],
      "load" : 0.005,
      "mcount" : {
        "mcount" : { "Success" : 2 }
      },
      "http_proto0" : {
        "mcount" : {
          "mcount" : { "OK" : 2 }
        }
      },
      "source_log" : {
        "delta" : [0, 0, 0]
      },
      "loggers" : {
        "brief_logger" : {
          "records" : [2, 2],
          "out" : [113, 113]
        }
      }
    }
  }
},
"2023-06-22 19:49:35.960 +0000" : {
  "main_scheduler" : {
    "bqs" : {
      "00037" : {
        "mmconts" : [66, 66, 66],
        "acts" : [1, 1],
        "tstate" : { "idle" : 998728, "run" : 784, "locked" : 0, "mmap" : 0 }
      },
      "00038" : {
        "mmconts" : [62, 62, 63],
        "acts" : [3, 3],
        "tstate" : { "idle" : 998159, "run" : 1361, "locked" : 0, "mmap" : 0 }
      },
      "00039" : {
        "mmconts" : [63, 63, 63],
        "acts" : [1, 1],
        "tstate" : { "idle" : 998578, "run" : 939, "locked" : 0, "mmap" : 0 }
      },
      "00040" : {
        "mmconts" : [63, 63, 64],
        "acts" : [2, 2],
        "tstate" : { "idle" : 998503, "run" : 1012, "locked" : 0, "mmap" : 0 }
      },
      "00041" : {
        "mmconts" : [63, 63, 64],
        "acts" : [4, 4],
        "tstate" : { "idle" : 998209, "run" : 1303, "locked" : 0, "mmap" : 0 }
      }
    }
  },
  "benchmark_io" : {
    "simple_times" : {
      "mcount" : {
        "mcount" : { "65 -- 104" : 2, "41 -- 65" : 1 }
      }
    },
    "stream_method" : {
      "conns" : [2, 2],
      "in" : [1098, 1098],
      "out" : [52, 52],
      "mmtasks" : [0, 0, 1],
      "load" : 0.005,
      "mcount" : {
        "mcount" : { "Success" : 3 }
      },
      "http_proto0" : {
        "mcount" : {
          "mcount" : { "OK" : 3 }
        }
      },
      "source_log" : {
        "delta" : [0, 0, 0]
      },
      "loggers" : {
        "brief_logger" : {
          "records" : [3, 3],
          "out" : [171, 171]
        }
      }
    }
  }
},
"2023-06-22 19:49:36.960 +0000" : {
  "main_scheduler" : {
    "bqs" : {
      "00037" : {
        "mmconts" : [65, 65, 66],
        "acts" : [6, 5],
        "tstate" : { "idle" : 999407, "run" : 1225, "locked" : 0, "mmap" : 0 }
      },
      "00038" : {
        "mmconts" : [62, 62, 62],
        "acts" : [0, 0],
        "tstate" : { "idle" : 1000072, "run" : 550, "locked" : 0, "mmap" : 0 }
      },
      "00039" : {
        "mmconts" : [62, 62, 63],
        "acts" : [4, 3],
        "tstate" : { "idle" : 999506, "run" : 1118, "locked" : 0, "mmap" : 0 }
      },
      "00040" : {
        "mmconts" : [63, 63, 63],
        "acts" : [1, 0],
        "tstate" : { "idle" : 999975, "run" : 652, "locked" : 0, "mmap" : 0 }
      },
      "00041" : {
        "mmconts" : [63, 63, 63],
        "acts" : [1, 0],
        "tstate" : { "idle" : 1000010, "run" : 619, "locked" : 0, "mmap" : 0 }
      }
    }
  },
  "benchmark_io" : {
    "simple_times" : {
      "mcount" : {
        "mcount" : { "41 -- 65" : 2 }
      }
    },
    "stream_method" : {
      "conns" : [3, 2],
      "in" : [732, 731],
      "out" : [78, 77],
      "mmtasks" : [0, 0, 1],
      "load" : 0.006,
      "mcount" : {
        "mcount" : { "Success" : 2 }
      },
      "http_proto0" : {
        "mcount" : {
          "mcount" : { "OK" : 2 }
        }
      },
      "source_log" : {
        "delta" : [0, 0, 0]
      },
      "loggers" : {
        "brief_logger" : {
          "records" : [2, 1],
          "out" : [113, 112]
        }
      }
    }
  }
},
"2023-06-22 19:49:37.960 +0000" : {
  "main_scheduler" : {
    "bqs" : {
      "00037" : {
        "mmconts" : [62, 63, 65],
        "acts" : [8, 7],
        "tstate" : { "idle" : 998382, "run" : 1676, "locked" : 0, "mmap" : 0 }
      },
      "00038" : {
        "mmconts" : [62, 62, 62],
        "acts" : [0, 0],
        "tstate" : { "idle" : 999403, "run" : 655, "locked" : 0, "mmap" : 0 }
      },
      "00039" : {
        "mmconts" : [62, 62, 62],
        "acts" : [1, 0],
        "tstate" : { "idle" : 999392, "run" : 667, "locked" : 0, "mmap" : 0 }
      },
      "00040" : {
        "mmconts" : [63, 63, 63],
        "acts" : [1, 0],
        "tstate" : { "idle" : 999190, "run" : 868, "locked" : 0, "mmap" : 0 }
      },
      "00041" : {
        "mmconts" : [63, 63, 63],
        "acts" : [1, 0],
        "tstate" : { "idle" : 999281, "run" : 778, "locked" : 0, "mmap" : 0 }
      }
    }
  },
  "benchmark_io" : {
    "simple_times" : {
      "mcount" : {
        "mcount" : { "65 -- 104" : 3 }
      }
    },
    "stream_method" : {
      "conns" : [2, 1],
      "in" : [1098, 1097],
      "out" : [52, 51],
      "mmtasks" : [0, 0, 1],
      "load" : 0.005,
      "mcount" : {
        "mcount" : { "Success" : 3 }
      },
      "http_proto0" : {
        "mcount" : {
          "mcount" : { "OK" : 3 }
        }
      },
      "source_log" : {
        "delta" : [0, 0, 0]
      },
      "loggers" : {
        "brief_logger" : {
          "records" : [3, 2],
          "out" : [171, 170]
        }
      }
    }
  }
},
"2023-06-22 19:49:38.960 +0000" : {
  "main_scheduler" : {
    "bqs" : {
      "00037" : {
        "mmconts" : [62, 62, 62],
        "acts" : [1, 1],
        "tstate" : { "idle" : 999196, "run" : 768, "locked" : 0, "mmap" : 0 }
      },
      "00038" : {
        "mmconts" : [61, 61, 62],
        "acts" : [3, 3],
        "tstate" : { "idle" : 998955, "run" : 1010, "locked" : 0, "mmap" : 0 }
      },
      "00039" : {
        "mmconts" : [62, 62, 62],
        "acts" : [1, 1],
        "tstate" : { "idle" : 999190, "run" : 774, "locked" : 0, "mmap" : 0 }
      },
      "00040" : {
        "mmconts" : [62, 62, 63],
        "acts" : [4, 4],
        "tstate" : { "idle" : 998650, "run" : 1314, "locked" : 0, "mmap" : 0 }
      },
      "00041" : {
        "mmconts" : [62, 62, 63],
        "acts" : [4, 4],
        "tstate" : { "idle" : 998858, "run" : 1106, "locked" : 0, "mmap" : 0 }
      }
    }
  },
  "benchmark_io" : {
    "simple_times" : {
      "mcount" : {
        "mcount" : { "65 -- 104" : 1, "41 -- 65" : 2 }
      }
    },
    "stream_method" : {
      "conns" : [3, 3],
      "in" : [1098, 1098],
      "out" : [78, 78],
      "mmtasks" : [0, 0, 1],
      "load" : 0.005,
      "mcount" : {
        "mcount" : { "Success" : 3 }
      },
      "http_proto0" : {
        "mcount" : {
          "mcount" : { "OK" : 3 }
        }
      },
      "source_log" : {
        "delta" : [0, 0, 0]
      },
      "loggers" : {
        "brief_logger" : {
          "records" : [3, 3],
          "out" : [171, 171]
        }
      }
    }
  }
},
"2023-06-22 19:49:39.960 +0000" : {
  "main_scheduler" : {
    "bqs" : {
      "00037" : {
        "mmconts" : [61, 61, 62],
        "acts" : [4, 4],
        "tstate" : { "idle" : 998323, "run" : 1206, "locked" : 0, "mmap" : 0 }
      },
      "00038" : {
        "mmconts" : [61, 61, 61],
        "acts" : [0, 0],
        "tstate" : { "idle" : 998753, "run" : 776, "locked" : 0, "mmap" : 0 }
      },
      "00039" : {
        "mmconts" : [61, 61, 62],
        "acts" : [4, 4],
        "tstate" : { "idle" : 998244, "run" : 1286, "locked" : 0, "mmap" : 0 }
      },
      "00040" : {
        "mmconts" : [61, 61, 62],
        "acts" : [4, 4],
        "tstate" : { "idle" : 998483, "run" : 1047, "locked" : 0, "mmap" : 0 }
      },
      "00041" : {
        "mmconts" : [62, 62, 62],
        "acts" : [1, 1],
        "tstate" : { "idle" : 998767, "run" : 762, "locked" : 0, "mmap" : 0 }
      }
    }
  },
  "benchmark_io" : {
    "simple_times" : {
      "mcount" : {
        "mcount" : { "65 -- 104" : 2, "41 -- 65" : 1 }
      }
    },
    "stream_method" : {
      "conns" : [3, 3],
      "in" : [1098, 1098],
      "out" : [78, 78],
      "mmtasks" : [0, 0, 1],
      "load" : 0.005,
      "mcount" : {
        "mcount" : { "Success" : 3 }
      },
      "http_proto0" : {
        "mcount" : {
          "mcount" : { "OK" : 3 }
        }
      },
      "source_log" : {
        "delta" : [0, 0, 0]
      },
      "loggers" : {
        "brief_logger" : {
          "records" : [3, 3],
          "out" : [171, 171]
        }
      }
    }
  }
},
"2023-06-22 19:49:40.960 +0000" : {
  "main_scheduler" : {
    "bqs" : {
      "00037" : {
        "mmconts" : [60, 60, 61],
        "acts" : [4, 3],
        "tstate" : { "idle" : 998772, "run" : 1551, "locked" : 0, "mmap" : 0 }
      },
      "00038" : {
        "mmconts" : [60, 60, 61],
        "acts" : [3, 2],
        "tstate" : { "idle" : 998732, "run" : 1590, "locked" : 0, "mmap" : 0 }
      },
      "00039" : {
        "mmconts" : [61, 61, 61],
        "acts" : [1, 0],
        "tstate" : { "idle" : 999288, "run" : 1034, "locked" : 0, "mmap" : 0 }
      },
      "00040" : {
        "mmconts" : [61, 61, 61],
        "acts" : [1, 0],
        "tstate" : { "idle" : 999173, "run" : 1149, "locked" : 0, "mmap" : 0 }
      },
      "00041" : {
        "mmconts" : [61, 61, 62],
        "acts" : [4, 3],
        "tstate" : { "idle" : 999027, "run" : 1295, "locked" : 0, "mmap" : 0 }
      }
    }
  },
  "benchmark_io" : {
    "simple_times" : {
      "mcount" : {
        "mcount" : { "104 -- 167" : 2, "41 -- 65" : 1 }
      }
    },
    "stream_method" : {
      "conns" : [3, 2],
      "in" : [1098, 1097],
      "out" : [78, 77],
      "mmtasks" : [0, 0, 1],
      "load" : 0.004,
      "mcount" : {
        "mcount" : { "Success" : 3 }
      },
      "http_proto0" : {
        "mcount" : {
          "mcount" : { "OK" : 3 }
        }
      },
      "source_log" : {
        "delta" : [0, 0, 0]
      },
      "loggers" : {
        "brief_logger" : {
          "records" : [3, 2],
          "out" : [179, 178]
        }
      }
    }
  }
},
"2023-06-22 19:49:41.960 +0000" : {
  "main_scheduler" : {
    "bqs" : {
      "00037" : {
        "mmconts" : [60, 60, 60],
        "acts" : [3, 3],
        "tstate" : { "idle" : 998583, "run" : 1027, "locked" : 0, "mmap" : 0 }
      },
      "00038" : {
        "mmconts" : [60, 60, 60],
        "acts" : [0, 0],
        "tstate" : { "idle" : 999009, "run" : 601, "locked" : 0, "mmap" : 0 }
      },
      "00039" : {
        "mmconts" : [60, 60, 61],
        "acts" : [4, 4],
        "tstate" : { "idle" : 998230, "run" : 1380, "locked" : 0, "mmap" : 0 }
      },
      "00040" : {
        "mmconts" : [60, 60, 61],
        "acts" : [4, 4],
        "tstate" : { "idle" : 998248, "run" : 1362, "locked" : 0, "mmap" : 0 }
      },
      "00041" : {
        "mmconts" : [60, 60, 61],
        "acts" : [4, 4],
        "tstate" : { "idle" : 998709, "run" : 901, "locked" : 0, "mmap" : 0 }
      }
    }
  },
  "benchmark_io" : {
    "simple_times" : {
      "mcount" : {
        "mcount" : { "104 -- 167" : 2, "41 -- 65" : 1 }
      }
    },
    "stream_method" : {
      "conns" : [4, 4],
      "in" : [1098, 1098],
      "out" : [104, 104],
      "mmtasks" : [0, 0, 1],
      "load" : 0.003,
      "mcount" : {
        "mcount" : { "Success" : 3 }
      },
      "http_proto0" : {
        "mcount" : {
          "mcount" : { "OK" : 3 }
        }
      },
      "source_log" : {
        "delta" : [0, 0, 0]
      },
      "loggers" : {
        "brief_logger" : {
          "records" : [3, 3],
          "out" : [180, 180]
        }
      }
    }
  }
},
"2023-06-22 19:49:42.959 +0000" : {
  "main_scheduler" : {
    "bqs" : {
      "00037" : {
        "mmconts" : [59, 59, 60],
        "acts" : [2, 2],
        "tstate" : { "idle" : 998503, "run" : 1111, "locked" : 0, "mmap" : 0 }
      },
      "00038" : {
        "mmconts" : [59, 59, 60],
        "acts" : [3, 3],
        "tstate" : { "idle" : 998135, "run" : 1481, "locked" : 0, "mmap" : 0 }
      },
      "00039" : {
        "mmconts" : [59, 59, 60],
        "acts" : [4, 4],
        "tstate" : { "idle" : 998409, "run" : 1206, "locked" : 0, "mmap" : 0 }
      },
      "00040" : {
        "mmconts" : [59, 59, 60],
        "acts" : [4, 4],
        "tstate" : { "idle" : 997985, "run" : 1630, "locked" : 0, "mmap" : 0 }
      },
      "00041" : {
        "mmconts" : [60, 60, 60],
        "acts" : [1, 1],
        "tstate" : { "idle" : 998716, "run" : 899, "locked" : 0, "mmap" : 0 }
      }
    }
  },
  "benchmark_io" : {
    "simple_times" : {
      "mcount" : {
        "mcount" : { "104 -- 167" : 3, "41 -- 65" : 1 }
      }
    },
    "stream_method" : {
      "conns" : [3, 3],
      "in" : [1464, 1464],
      "out" : [78, 78],
      "mmtasks" : [0, 0, 1],
      "load" : 0.003,
      "mcount" : {
        "mcount" : { "Success" : 4 }
      },
      "http_proto0" : {
        "mcount" : {
          "mcount" : { "OK" : 4 }
        }
      },
      "source_log" : {
        "delta" : [0, 0, 0]
      },
      "loggers" : {
        "brief_logger" : {
          "records" : [4, 4],
          "out" : [239, 239]
        }
      }
    }
  }
},
"2023-06-22 19:49:43.960 +0000" : {
  "main_scheduler" : {
    "bqs" : {
      "00037" : {
        "mmconts" : [58, 58, 59],
        "acts" : [4, 3],
        "tstate" : { "idle" : 999379, "run" : 1515, "locked" : 0, "mmap" : 0 }
      },
      "00038" : {
        "mmconts" : [58, 58, 59],
        "acts" : [3, 2],
        "tstate" : { "idle" : 999363, "run" : 1533, "locked" : 0, "mmap" : 0 }
      },
      "00039" : {
        "mmconts" : [59, 59, 59],
        "acts" : [3, 2],
        "tstate" : { "idle" : 999490, "run" : 1408, "locked" : 0, "mmap" : 0 }
      },
      "00040" : {
        "mmconts" : [59, 59, 59],
        "acts" : [1, 0],
        "tstate" : { "idle" : 999891, "run" : 1008, "locked" : 0, "mmap" : 0 }
      },
      "00041" : {
        "mmconts" : [59, 59, 60],
        "acts" : [4, 3],
        "tstate" : { "idle" : 999377, "run" : 1523, "locked" : 0, "mmap" : 0 }
      }
    }
  },
  "benchmark_io" : {
    "simple_times" : {
      "mcount" : {
        "mcount" : { "104 -- 167" : 3 }
      }
    },
    "stream_method" : {
      "conns" : [4, 3],
      "in" : [1098, 1097],
      "out" : [104, 103],
      "mmtasks" : [0, 0, 1],
      "load" : 0.004,
      "mcount" : {
        "mcount" : { "Success" : 3 }
      },
      "http_proto0" : {
        "mcount" : {
          "mcount" : { "OK" : 3 }
        }
      },
      "source_log" : {
        "delta" : [0, 0, 0]
      },
      "loggers" : {
        "brief_logger" : {
          "records" : [3, 2],
          "out" : [183, 182]
        }
      }
    }
  }
},
"2023-06-22 19:49:44.960 +0000" : {
  "main_scheduler" : {
    "bqs" : {
      "00037" : {
        "mmconts" : [57, 57, 58],
        "acts" : [4, 4],
        "tstate" : { "idle" : 998723, "run" : 1268, "locked" : 0, "mmap" : 0 }
      },
      "00038" : {
        "mmconts" : [58, 58, 58],
        "acts" : [2, 2],
        "tstate" : { "idle" : 998715, "run" : 1273, "locked" : 0, "mmap" : 0 }
      },
      "00039" : {
        "mmconts" : [58, 58, 59],
        "acts" : [2, 2],
        "tstate" : { "idle" : 998903, "run" : 1084, "locked" : 0, "mmap" : 0 }
      },
      "00040" : {
        "mmconts" : [58, 58, 59],
        "acts" : [4, 4],
        "tstate" : { "idle" : 998401, "run" : 1585, "locked" : 0, "mmap" : 0 }
      },
      "00041" : {
        "mmconts" : [58, 58, 59],
        "acts" : [4, 4],
        "tstate" : { "idle" : 998754, "run" : 1231, "locked" : 0, "mmap" : 0 }
      }
    }
  },
  "benchmark_io" : {
    "simple_times" : {
      "mcount" : {
        "mcount" : { "104 -- 167" : 2, "65 -- 104" : 1, "41 -- 65" : 1 }
      }
    },
    "stream_method" : {
      "conns" : [4, 3],
      "in" : [1464, 1463],
      "out" : [104, 103],
      "mmtasks" : [0, 0, 1],
      "load" : 0.004,
      "mcount" : {
        "mcount" : { "Success" : 4 }
      },
      "http_proto0" : {
        "mcount" : {
          "mcount" : { "OK" : 4 }
        }
      },
      "source_log" : {
        "delta" : [0, 0, 0]
      },
      "loggers" : {
        "brief_logger" : {
          "records" : [4, 4],
          "out" : [238, 238]
        }
      }
    }
  }
},
"2023-06-22 19:49:45.959 +0000" : {
  "main_scheduler" : {
    "bqs" : {
      "00037" : {
        "mmconts" : [57, 57, 57],
        "acts" : [2, 2],
        "tstate" : { "idle" : 998378, "run" : 807, "locked" : 0, "mmap" : 0 }
      },
      "00038" : {
        "mmconts" : [57, 57, 58],
        "acts" : [1, 1],
        "tstate" : { "idle" : 998132, "run" : 1054, "locked" : 0, "mmap" : 0 }
      },
      "00039" : {
        "mmconts" : [57, 57, 58],
        "acts" : [4, 4],
        "tstate" : { "idle" : 997762, "run" : 1424, "locked" : 0, "mmap" : 0 }
      },
      "00040" : {
        "mmconts" : [57, 57, 58],
        "acts" : [4, 4],
        "tstate" : { "idle" : 997787, "run" : 1399, "locked" : 0, "mmap" : 0 }
      },
      "00041" : {
        "mmconts" : [57, 57, 58],
        "acts" : [4, 4],
        "tstate" : { "idle" : 997726, "run" : 1460, "locked" : 0, "mmap" : 0 }
      }
    }
  },
  "benchmark_io" : {
    "simple_times" : {
      "mcount" : {
        "mcount" : { "104 -- 167" : 4 }
      }
    },
    "stream_method" : {
      "conns" : [3, 3],
      "in" : [1464, 1465],
      "out" : [78, 78],
      "mmtasks" : [0, 0, 1],
      "load" : 0.003,
      "mcount" : {
        "mcount" : { "Success" : 4 }
      },
      "http_proto0" : {
        "mcount" : {
          "mcount" : { "OK" : 4 }
        }
      },
      "source_log" : {
        "delta" : [0, 0, 0]
      },
      "loggers" : {
        "brief_logger" : {
          "records" : [4, 4],
          "out" : [243, 243]
        }
      }
    }
  }
},
"2023-06-22 19:49:46.960 +0000" : {
  "main_scheduler" : {
    "bqs" : {
      "00037" : {
        "mmconts" : [56, 56, 57],
        "acts" : [3, 2],
        "tstate" : { "idle" : 998848, "run" : 1298, "locked" : 0, "mmap" : 0 }
      },
      "00038" : {
        "mmconts" : [56, 56, 57],
        "acts" : [3, 2],
        "tstate" : { "idle" : 998612, "run" : 1532, "locked" : 0, "mmap" : 0 }
      },
      "00039" : {
        "mmconts" : [56, 56, 57],
        "acts" : [4, 3],
        "tstate" : { "idle" : 998993, "run" : 1150, "locked" : 0, "mmap" : 0 }
      },
      "00040" : {
        "mmconts" : [56, 56, 57],
        "acts" : [4, 3],
        "tstate" : { "idle" : 998630, "run" : 1513, "locked" : 0, "mmap" : 0 }
      },
      "00041" : {
        "mmconts" : [57, 57, 57],
        "acts" : [3, 2],
        "tstate" : { "idle" : 998872, "run" : 1271, "locked" : 0, "mmap" : 0 }
      }
    }
  },
  "benchmark_io" : {
    "simple_times" : {
      "mcount" : {
        "mcount" : { "104 -- 167" : 3, "41 -- 65" : 1 }
      }
    },
    "stream_method" : {
      "conns" : [5, 4],
      "in" : [1464, 1463],
      "out" : [130, 129],
      "mmtasks" : [0, 0, 1],
      "load" : 0.004,
      "mcount" : {
        "mcount" : { "Success" : 4 }
      },
      "http_proto0" : {
        "mcount" : {
          "mcount" : { "OK" : 4 }
        }
      },
      "source_log" : {
        "delta" : [0, 0, 0]
      },
      "loggers" : {
        "brief_logger" : {
          "records" : [4, 3],
          "out" : [241, 240]
        }
      }
    }
  }
},
"2023-06-22 19:49:47.959 +0000" : {
  "main_scheduler" : {
    "bqs" : {
      "00037" : {
        "mmconts" : [55, 55, 56],
        "acts" : [4, 4],
        "tstate" : { "idle" : 999019, "run" : 823, "locked" : 0, "mmap" : 0 }
      },
      "00038" : {
        "mmconts" : [55, 55, 56],
        "acts" : [3, 3],
        "tstate" : { "idle" : 999004, "run" : 839, "locked" : 0, "mmap" : 0 }
      },
      "00039" : {
        "mmconts" : [55, 55, 56],
        "acts" : [4, 4],
        "tstate" : { "idle" : 998751, "run" : 1092, "locked" : 0, "mmap" : 0 }
      },
      "00040" : {
        "mmconts" : [56, 56, 56],
        "acts" : [3, 3],
        "tstate" : { "idle" : 998714, "run" : 1130, "locked" : 0, "mmap" : 0 }
      },
      "00041" : {
        "mmconts" : [56, 56, 57],
        "acts" : [2, 2],
        "tstate" : { "idle" : 999033, "run" : 811, "locked" : 0, "mmap" : 0 }
      }
    }
  },
  "benchmark_io" : {
    "simple_times" : {
      "mcount" : {
        "mcount" : { "104 -- 167" : 1, "65 -- 104" : 1, "41 -- 65" : 2 }
      }
    },
    "stream_method" : {
      "conns" : [4, 4],
      "in" : [1464, 1464],
      "out" : [104, 104],
      "mmtasks" : [0, 0, 1],
      "load" : 0.004,
      "mcount" : {
        "mcount" : { "Success" : 4 }
      },
      "http_proto0" : {
        "mcount" : {
          "mcount" : { "OK" : 4 }
        }
      },
      "source_log" : {
        "delta" : [0, 0, 0]
      },
      "loggers" : {
        "brief_logger" : {
          "records" : [4, 4],
          "out" : [233, 233]
        }
      }
    }
  }
},
"2023-06-22 19:49:48.959 +0000" : {
  "main_scheduler" : {
    "bqs" : {
      "00037" : {
        "mmconts" : [54, 54, 55],
        "acts" : [4, 4],
        "tstate" : { "idle" : 998873, "run" : 940, "locked" : 0, "mmap" : 0 }
      },
      "00038" : {
        "mmconts" : [54, 54, 55],
        "acts" : [3, 3],
        "tstate" : { "idle" : 999009, "run" : 805, "locked" : 0, "mmap" : 0 }
      },
      "00039" : {
        "mmconts" : [54, 54, 55],
        "acts" : [4, 4],
        "tstate" : { "idle" : 998695, "run" : 1119, "locked" : 0, "mmap" : 0 }
      },
      "00040" : {
        "mmconts" : [55, 55, 56],
        "acts" : [2, 2],
        "tstate" : { "idle" : 998881, "run" : 933, "locked" : 0, "mmap" : 0 }
      },
      "00041" : {
        "mmconts" : [55, 55, 56],
        "acts" : [4, 4],
        "tstate" : { "idle" : 998770, "run" : 1044, "locked" : 0, "mmap" : 0 }
      }
    }
  },
  "benchmark_io" : {
    "simple_times" : {
      "mcount" : {
        "mcount" : { "104 -- 167" : 1, "41 -- 65" : 4 }
      }
    },
    "stream_method" : {
      "conns" : [4, 4],
      "in" : [1830, 1830],
      "out" : [104, 104],
      "mmtasks" : [0, 0, 1],
      "load" : 0.005,
      "mcount" : {
        "mcount" : { "Success" : 5 }
      },
      "http_proto0" : {
        "mcount" : {
          "mcount" : { "OK" : 5 }
        }
      },
      "source_log" : {
        "delta" : [0, 0, 0]
      },
      "loggers" : {
        "brief_logger" : {
          "records" : [5, 5],
          "out" : [289, 289]
        }
      }
    }
  }
},
"2023-06-22 19:49:49.959 +0000" : {
  "main_scheduler" : {
    "bqs" : {
      "00037" : {
        "mmconts" : [53, 53, 54],
        "acts" : [4, 3],
        "tstate" : { "idle" : 998802, "run" : 1318, "locked" : 0, "mmap" : 0 }
      },
      "00038" : {
        "mmconts" : [53, 53, 54],
        "acts" : [3, 2],
        "tstate" : { "idle" : 998673, "run" : 1447, "locked" : 0, "mmap" : 0 }
      },
      "00039" : {
        "mmconts" : [54, 54, 54],
        "acts" : [3, 2],
        "tstate" : { "idle" : 998806, "run" : 1316, "locked" : 0, "mmap" : 0 }
      },
      "00040" : {
        "mmconts" : [54, 54, 55],
        "acts" : [4, 3],
        "tstate" : { "idle" : 998688, "run" : 1433, "locked" : 0, "mmap" : 0 }
      },
      "00041" : {
        "mmconts" : [54, 54, 55],
        "acts" : [4, 3],
        "tstate" : { "idle" : 998626, "run" : 1496, "locked" : 0, "mmap" : 0 }
      }
    }
  },
  "benchmark_io" : {
    "simple_times" : {
      "mcount" : {
        "mcount" : { "104 -- 167" : 3, "41 -- 65" : 1 }
      }
    },
    "stream_method" : {
      "conns" : [5, 4],
      "in" : [1464, 1463],
      "out" : [130, 129],
      "mmtasks" : [0, 0, 1],
      "load" : 0.004,
      "mcount" : {
        "mcount" : { "Success" : 4 }
      },
      "http_proto0" : {
        "mcount" : {
          "mcount" : { "OK" : 4 }
        }
      },
      "source_log" : {
        "delta" : [0, 0, 0]
      },
      "loggers" : {
        "brief_logger" : {
          "records" : [4, 3],
          "out" : [241, 240]
        }
      }
    }
  }
},
"2023-06-22 19:49:50.959 +0000" : {
  "main_scheduler" : {
    "bqs" : {
      "00037" : {
        "mmconts" : [52, 52, 53],
        "acts" : [4, 4],
        "tstate" : { "idle" : 998767, "run" : 1128, "locked" : 0, "mmap" : 0 }
      },
      "00038" : {
        "mmconts" : [52, 52, 53],
        "acts" : [3, 3],
        "tstate" : { "idle" : 998564, "run" : 1329, "locked" : 0, "mmap" : 0 }
      },
      "00039" : {
        "mmconts" : [53, 53, 54],
        "acts" : [2, 2],
        "tstate" : { "idle" : 999032, "run" : 859, "locked" : 0, "mmap" : 0 }
      },
      "00040" : {
        "mmconts" : [53, 53, 54],
        "acts" : [4, 4],
        "tstate" : { "idle" : 998471, "run" : 1420, "locked" : 0, "mmap" : 0 }
      },
      "00041" : {
        "mmconts" : [53, 53, 54],
        "acts" : [4, 4],
        "tstate" : { "idle" : 998675, "run" : 1215, "locked" : 0, "mmap" : 0 }
      }
    }
  },
  "benchmark_io" : {
    "simple_times" : {
      "mcount" : {
        "mcount" : { "104 -- 167" : 5 }
      }
    },
    "stream_method" : {
      "conns" : [4, 4],
      "in" : [1830, 1830],
      "out" : [104, 104],
      "mmtasks" : [0, 0, 1],
      "load" : 0.003,
      "mcount" : {
        "mcount" : { "Success" : 5 }
      },
      "http_proto0" : {
        "mcount" : {
          "mcount" : { "OK" : 5 }
        }
      },
      "source_log" : {
        "delta" : [0, 0, 0]
      },
      "loggers" : {
        "brief_logger" : {
          "records" : [5, 5],
          "out" : [306, 306]
        }
      }
    }
  }
},
"2023-06-22 19:49:51.960 +0000" : {
  "main_scheduler" : {
    "bqs" : {
      "00037" : {
        "mmconts" : [51, 51, 52],
        "acts" : [4, 3],
        "tstate" : { "idle" : 999374, "run" : 1399, "locked" : 0, "mmap" : 0 }
      },
      "00038" : {
        "mmconts" : [51, 51, 52],
        "acts" : [3, 2],
        "tstate" : { "idle" : 999332, "run" : 1442, "locked" : 0, "mmap" : 0 }
      },
      "00039" : {
        "mmconts" : [52, 52, 53],
        "acts" : [4, 3],
        "tstate" : { "idle" : 999339, "run" : 1435, "locked" : 0, "mmap" : 0 }
      },
      "00040" : {
        "mmconts" : [52, 52, 53],
        "acts" : [4, 3],
        "tstate" : { "idle" : 999294, "run" : 1480, "locked" : 0, "mmap" : 0 }
      },
      "00041" : {
        "mmconts" : [52, 52, 53],
        "acts" : [4, 3],
        "tstate" : { "idle" : 999458, "run" : 1316, "locked" : 0, "mmap" : 0 }
      }
    }
  },
  "benchmark_io" : {
    "simple_times" : {
      "mcount" : {
        "mcount" : { "104 -- 167" : 5 }
      }
    },
    "stream_method" : {
      "conns" : [5, 4],
      "in" : [1830, 1828],
      "out" : [130, 129],
      "mmtasks" : [0, 0, 1],
      "load" : 0.003,
      "mcount" : {
        "mcount" : { "Success" : 5 }
      },
      "http_proto0" : {
        "mcount" : {
          "mcount" : { "OK" : 5 }
        }
      },
      "source_log" : {
        "delta" : [0, 0, 0]
      },
      "loggers" : {
        "brief_logger" : {
          "records" : [5, 4],
          "out" : [305, 304]
        }
      }
    }
  }
},
"2023-06-22 19:49:52.959 +0000" : {
  "main_scheduler" : {
    "bqs" : {
      "00037" : {
        "mmconts" : [50, 50, 51],
        "acts" : [4, 4],
        "tstate" : { "idle" : 998410, "run" : 963, "locked" : 0, "mmap" : 0 }
      },
      "00038" : {
        "mmconts" : [50, 50, 51],
        "acts" : [3, 3],
        "tstate" : { "idle" : 998631, "run" : 750, "locked" : 0, "mmap" : 0 }
      },
      "00039" : {
        "mmconts" : [51, 51, 52],
        "acts" : [4, 4],
        "tstate" : { "idle" : 998520, "run" : 859, "locked" : 0, "mmap" : 0 }
      },
      "00040" : {
        "mmconts" : [51, 51, 52],
        "acts" : [4, 4],
        "tstate" : { "idle" : 998453, "run" : 924, "locked" : 0, "mmap" : 0 }
      },
      "00041" : {
        "mmconts" : [51, 51, 52],
        "acts" : [4, 4],
        "tstate" : { "idle" : 998293, "run" : 1082, "locked" : 0, "mmap" : 0 }
      }
    }
  },
  "benchmark_io" : {
    "simple_times" : {
      "mcount" : {
        "mcount" : { "104 -- 167" : 1, "65 -- 104" : 1, "41 -- 65" : 3 }
      }
    },
    "stream_method" : {
      "conns" : [5, 5],
      "in" : [1830, 1831],
      "out" : [130, 130],
      "mmtasks" : [0, 0, 1],
      "load" : 0.004,
      "mcount" : {
        "mcount" : { "Success" : 5 }
      },
      "http_proto0" : {
        "mcount" : {
          "mcount" : { "OK" : 5 }
        }
      },
      "source_log" : {
        "delta" : [0, 0, 0]
      },
      "loggers" : {
        "brief_logger" : {
          "records" : [5, 5],
          "out" : [288, 288]
        }
      }
    }
  }
},
"2023-06-22 19:49:53.960 +0000" : {
  "main_scheduler" : {
    "bqs" : {
      "00037" : {
        "mmconts" : [49, 49, 50],
        "acts" : [4, 3],
        "tstate" : { "idle" : 1000034, "run" : 593, "locked" : 0, "mmap" : 0 }
      },
      "00038" : {
        "mmconts" : [49, 49, 50],
        "acts" : [3, 2],
        "tstate" : { "idle" : 999778, "run" : 849, "locked" : 0, "mmap" : 0 }
      },
      "00039" : {
        "mmconts" : [50, 50, 51],
        "acts" : [4, 3],
        "tstate" : { "idle" : 999951, "run" : 676, "locked" : 0, "mmap" : 0 }
      },
      "00040" : {
        "mmconts" : [50, 50, 51],
        "acts" : [4, 3],
        "tstate" : { "idle" : 999627, "run" : 999, "locked" : 0, "mmap" : 0 }
      },
      "00041" : {
        "mmconts" : [50, 50, 51],
        "acts" : [4, 3],
        "tstate" : { "idle" : 999916, "run" : 710, "locked" : 0, "mmap" : 0 }
      }
    }
  },
  "benchmark_io" : {
    "simple_times" : {
      "mcount" : {
        "mcount" : { "104 -- 167" : 1, "65 -- 104" : 1, "41 -- 65" : 3 }
      }
    },
    "stream_method" : {
      "conns" : [5, 4],
      "in" : [1830, 1828],
      "out" : [130, 129],
      "mmtasks" : [0, 0, 1],
      "load" : 0.004,
      "mcount" : {
        "mcount" : { "Success" : 5 }
      },
      "http_proto0" : {
        "mcount" : {
          "mcount" : { "OK" : 5 }
        }
      },
      "source_log" : {
        "delta" : [0, 0, 0]
      },
      "loggers" : {
        "brief_logger" : {
          "records" : [5, 4],
          "out" : [289, 288]
        }
      }
    }
  }
},
"2023-06-22 19:49:54.959 +0000" : {
  "main_scheduler" : {
    "bqs" : {
      "00037" : {
        "mmconts" : [48, 48, 49],
        "acts" : [4, 4],
        "tstate" : { "idle" : 998753, "run" : 736, "locked" : 0, "mmap" : 0 }
      },
      "00038" : {
        "mmconts" : [48, 48, 49],
        "acts" : [3, 3],
        "tstate" : { "idle" : 998772, "run" : 703, "locked" : 0, "mmap" : 0 }
      },
      "00039" : {
        "mmconts" : [49, 49, 50],
        "acts" : [6, 6],
        "tstate" : { "idle" : 998324, "run" : 1151, "locked" : 0, "mmap" : 0 }
      },
      "00040" : {
        "mmconts" : [49, 49, 50],
        "acts" : [4, 4],
        "tstate" : { "idle" : 998801, "run" : 675, "locked" : 0, "mmap" : 0 }
      },
      "00041" : {
        "mmconts" : [49, 49, 50],
        "acts" : [4, 4],
        "tstate" : { "idle" : 998510, "run" : 966, "locked" : 0, "mmap" : 0 }
      }
    }
  },
  "benchmark_io" : {
    "simple_times" : {
      "mcount" : {
        "mcount" : { "104 -- 167" : 1, "41 -- 65" : 4 }
      }
    },
    "stream_method" : {
      "conns" : [6, 6],
      "in" : [1830, 1830],
      "out" : [156, 156],
      "mmtasks" : [0, 0, 1],
      "load" : 0.003,
      "mcount" : {
        "mcount" : { "Success" : 5 }
      },
      "http_proto0" : {
        "mcount" : {
          "mcount" : { "OK" : 5 }
        }
      },
      "source_log" : {
        "delta" : [0, 0, 0]
      },
      "loggers" : {
        "brief_logger" : {
          "records" : [5, 5],
          "out" : [288, 288]
        }
      }
    }
  }
},
"2023-06-22 19:49:55.959 +0000" : {
  "main_scheduler" : {
    "bqs" : {
      "00037" : {
        "mmconts" : [47, 47, 48],
        "acts" : [4, 4],
        "tstate" : { "idle" : 998572, "run" : 1246, "locked" : 0, "mmap" : 0 }
      },
      "00038" : {
        "mmconts" : [47, 47, 48],
        "acts" : [3, 3],
        "tstate" : { "idle" : 998528, "run" : 1295, "locked" : 0, "mmap" : 0 }
      },
      "00039" : {
        "mmconts" : [48, 48, 49],
        "acts" : [4, 4],
        "tstate" : { "idle" : 998652, "run" : 1174, "locked" : 0, "mmap" : 0 }
      },
      "00040" : {
        "mmconts" : [48, 48, 49],
        "acts" : [4, 4],
        "tstate" : { "idle" : 998653, "run" : 1175, "locked" : 0, "mmap" : 0 }
      },
      "00041" : {
        "mmconts" : [48, 48, 49],
        "acts" : [4, 4],
        "tstate" : { "idle" : 998558, "run" : 1272, "locked" : 0, "mmap" : 0 }
      }
    }
  },
  "benchmark_io" : {
    "simple_times" : {
      "mcount" : {
        "mcount" : { "104 -- 167" : 4, "41 -- 65" : 1 }
      }
    },
    "stream_method" : {
      "conns" : [5, 5],
      "in" : [1830, 1830],
      "out" : [130, 130],
      "mmtasks" : [0, 0, 1],
      "load" : 0.004,
      "mcount" : {
        "mcount" : { "Success" : 5 }
      },
      "http_proto0" : {
        "mcount" : {
          "mcount" : { "OK" : 5 }
        }
      },
      "source_log" : {
        "delta" : [0, 0, 0]
      },
      "loggers" : {
        "brief_logger" : {
          "records" : [5, 5],
          "out" : [302, 302]
        }
      }
    }
  }
},
"2023-06-22 19:49:56.959 +0000" : {
  "main_scheduler" : {
    "bqs" : {
      "00037" : {
        "mmconts" : [46, 46, 47],
        "acts" : [4, 4],
        "tstate" : { "idle" : 999306, "run" : 591, "locked" : 0, "mmap" : 0 }
      },
      "00038" : {
        "mmconts" : [46, 46, 47],
        "acts" : [3, 3],
        "tstate" : { "idle" : 999339, "run" : 558, "locked" : 0, "mmap" : 0 }
      },
      "00039" : {
        "mmconts" : [46, 46, 48],
        "acts" : [5, 5],
        "tstate" : { "idle" : 999130, "run" : 767, "locked" : 0, "mmap" : 0 }
      },
      "00040" : {
        "mmconts" : [47, 47, 48],
        "acts" : [6, 6],
        "tstate" : { "idle" : 998765, "run" : 1132, "locked" : 0, "mmap" : 0 }
      },
      "00041" : {
        "mmconts" : [47, 47, 48],
        "acts" : [4, 4],
        "tstate" : { "idle" : 999365, "run" : 532, "locked" : 0, "mmap" : 0 }
      }
    }
  },
  "benchmark_io" : {
    "simple_times" : {
      "mcount" : {
        "mcount" : { "104 -- 167" : 1, "41 -- 65" : 5 }
      }
    },
    "stream_method" : {
      "conns" : [6, 6],
      "in" : [2196, 2196],
      "out" : [156, 156],
      "mmtasks" : [0, 0, 1],
      "load" : 0.004,
      "mcount" : {
        "mcount" : { "Success" : 6 }
      },
      "http_proto0" : {
        "mcount" : {
          "mcount" : { "OK" : 6 }
        }
      },
      "source_log" : {
        "delta" : [0, 0, 0]
      },
      "loggers" : {
        "brief_logger" : {
          "records" : [6, 6],
          "out" : [344, 344]
        }
      }
    }
  }
},
"2023-06-22 19:49:57.960 +0000" : {
  "main_scheduler" : {
    "bqs" : {
      "00037" : {
        "mmconts" : [45, 45, 46],
        "acts" : [4, 3],
        "tstate" : { "idle" : 999855, "run" : 602, "locked" : 0, "mmap" : 0 }
      },
      "00038" : {
        "mmconts" : [45, 45, 46],
        "acts" : [3, 2],
        "tstate" : { "idle" : 999950, "run" : 507, "locked" : 0, "mmap" : 0 }
      },
      "00039" : {
        "mmconts" : [45, 45, 46],
        "acts" : [4, 3],
        "tstate" : { "idle" : 999891, "run" : 565, "locked" : 0, "mmap" : 0 }
      },
      "00040" : {
        "mmconts" : [45, 45, 47],
        "acts" : [5, 4],
        "tstate" : { "idle" : 999788, "run" : 667, "locked" : 0, "mmap" : 0 }
      },
      "00041" : {
        "mmconts" : [46, 46, 47],
        "acts" : [4, 3],
        "tstate" : { "idle" : 999850, "run" : 605, "locked" : 0, "mmap" : 0 }
      }
    }
  },
  "benchmark_io" : {
    "simple_times" : {
      "mcount" : {
        "mcount" : { "65 -- 104" : 1, "41 -- 65" : 5 }
      }
    },
    "stream_method" : {
      "conns" : [5, 4],
      "in" : [2196, 2194],
      "out" : [130, 129],
      "mmtasks" : [0, 0, 1],
      "load" : 0.004,
      "mcount" : {
        "mcount" : { "Success" : 6 }
      },
      "http_proto0" : {
        "mcount" : {
          "mcount" : { "OK" : 6 }
        }
      },
      "source_log" : {
        "delta" : [0, 0, 0]
      },
      "loggers" : {
        "brief_logger" : {
          "records" : [6, 5],
          "out" : [341, 340]
        }
      }
    }
  }
},
"2023-06-22 19:49:58.959 +0000" : {
  "main_scheduler" : {
    "bqs" : {
      "00037" : {
        "mmconts" : [44, 44, 45],
        "acts" : [4, 4],
        "tstate" : { "idle" : 998566, "run" : 1002, "locked" : 0, "mmap" : 0 }
      },
      "00038" : {
        "mmconts" : [44, 44, 45],
        "acts" : [3, 3],
        "tstate" : { "idle" : 998746, "run" : 830, "locked" : 0, "mmap" : 0 }
      },
      "00039" : {
        "mmconts" : [44, 44, 45],
        "acts" : [4, 4],
        "tstate" : { "idle" : 998842, "run" : 732, "locked" : 0, "mmap" : 0 }
      },
      "00040" : {
        "mmconts" : [44, 44, 45],
        "acts" : [4, 4],
        "tstate" : { "idle" : 998278, "run" : 1295, "locked" : 0, "mmap" : 0 }
      },
      "00041" : {
        "mmconts" : [44, 45, 46],
        "acts" : [7, 7],
        "tstate" : { "idle" : 998195, "run" : 1376, "locked" : 0, "mmap" : 0 }
      }
    }
  },
  "benchmark_io" : {
    "simple_times" : {
      "mcount" : {
        "mcount" : { "104 -- 167" : 3, "41 -- 65" : 3 }
      }
    },
    "stream_method" : {
      "conns" : [6, 6],
      "in" : [2196, 2197],
      "out" : [156, 156],
      "mmtasks" : [0, 0, 1],
      "load" : 0.004,
      "mcount" : {
        "mcount" : { "Success" : 6 }
      },
      "http_proto0" : {
        "mcount" : {
          "mcount" : { "OK" : 6 }
        }
      },
      "source_log" : {
        "delta" : [0, 0, 0]
      },
      "loggers" : {
        "brief_logger" : {
          "records" : [6, 6],
          "out" : [351, 351]
        }
      }
    }
  }
},
"2023-06-22 19:49:59.960 +0000" : {
  "main_scheduler" : {
    "bqs" : {
      "00037" : {
        "mmconts" : [43, 43, 44],
        "acts" : [6, 5],
        "tstate" : { "idle" : 999317, "run" : 1168, "locked" : 0, "mmap" : 0 }
      },
      "00038" : {
        "mmconts" : [43, 43, 44],
        "acts" : [3, 2],
        "tstate" : { "idle" : 999406, "run" : 1073, "locked" : 0, "mmap" : 0 }
      },
      "00039" : {
        "mmconts" : [43, 43, 44],
        "acts" : [4, 3],
        "tstate" : { "idle" : 999671, "run" : 811, "locked" : 0, "mmap" : 0 }
      },
      "00040" : {
        "mmconts" : [43, 43, 44],
        "acts" : [4, 3],
        "tstate" : { "idle" : 999452, "run" : 1033, "locked" : 0, "mmap" : 0 }
      },
      "00041" : {
        "mmconts" : [43, 43, 44],
        "acts" : [4, 3],
        "tstate" : { "idle" : 999368, "run" : 1120, "locked" : 0, "mmap" : 0 }
      }
    }
  },
  "benchmark_io" : {
    "simple_times" : {
      "mcount" : {
        "mcount" : { "104 -- 167" : 2, "65 -- 104" : 2, "41 -- 65" : 1 }
      }
    },
    "stream_method" : {
      "conns" : [6, 5],
      "in" : [1830, 1829],
      "out" : [156, 155],
      "mmtasks" : [0, 0, 1],
      "load" : 0.003,
      "mcount" : {
        "mcount" : { "Success" : 5 }
      },
      "http_proto0" : {
        "mcount" : {
          "mcount" : { "OK" : 5 }
        }
      },
      "source_log" : {
        "delta" : [0, 0, 0]
      },
      "loggers" : {
        "brief_logger" : {
          "records" : [5, 4],
          "out" : [291, 290]
        }
      }
    }
  }
},
"2023-06-22 19:50:00.959 +0000" : {
  "main_scheduler" : {
    "bqs" : {
      "00037" : {
        "mmconts" : [41, 41, 43],
        "acts" : [5, 5],
        "tstate" : { "idle" : 998228, "run" : 1332, "locked" : 0, "mmap" : 0 }
      },
      "00038" : {
        "mmconts" : [41, 42, 43],
        "acts" : [6, 6],
        "tstate" : { "idle" : 997934, "run" : 1623, "locked" : 0, "mmap" : 0 }
      },
      "00039" : {
        "mmconts" : [42, 42, 43],
        "acts" : [4, 4],
        "tstate" : { "idle" : 998696, "run" : 861, "locked" : 0, "mmap" : 0 }
      },
      "00040" : {
        "mmconts" : [42, 42, 43],
        "acts" : [4, 4],
        "tstate" : { "idle" : 998305, "run" : 1251, "locked" : 0, "mmap" : 0 }
      },
      "00041" : {
        "mmconts" : [42, 42, 43],
        "acts" : [4, 4],
        "tstate" : { "idle" : 998482, "run" : 1073, "locked" : 0, "mmap" : 0 }
      }
    }
  },
  "benchmark_io" : {
    "simple_times" : {
      "mcount" : {
        "mcount" : { "104 -- 167" : 6, "25 -- 41" : 1 }
      }
    },
    "stream_method" : {
      "conns" : [6, 6],
      "in" : [2562, 2563],
      "out" : [156, 156],
      "mmtasks" : [0, 0, 1],
      "load" : 0.003,
      "mcount" : {
        "mcount" : { "Success" : 7 }
      },
      "http_proto0" : {
        "mcount" : {
          "mcount" : { "OK" : 7 }
        }
      },
      "source_log" : {
        "delta" : [0, 0, 0]
      },
      "loggers" : {
        "brief_logger" : {
          "records" : [7, 7],
          "out" : [422, 422]
        }
      }
    }
  }
},
"2023-06-22 19:50:01.960 +0000" : {
  "main_scheduler" : {
    "bqs" : {
      "00037" : {
        "mmconts" : [40, 40, 41],
        "acts" : [4, 3],
        "tstate" : { "idle" : 999348, "run" : 1228, "locked" : 0, "mmap" : 0 }
      },
      "00038" : {
        "mmconts" : [40, 40, 41],
        "acts" : [3, 2],
        "tstate" : { "idle" : 999358, "run" : 1219, "locked" : 0, "mmap" : 0 }
      },
      "00039" : {
        "mmconts" : [40, 41, 42],
        "acts" : [7, 6],
        "tstate" : { "idle" : 998860, "run" : 1716, "locked" : 0, "mmap" : 0 }
      },
      "00040" : {
        "mmconts" : [41, 41, 42],
        "acts" : [6, 5],
        "tstate" : { "idle" : 998786, "run" : 1790, "locked" : 0, "mmap" : 0 }
      },
      "00041" : {
        "mmconts" : [41, 41, 42],
        "acts" : [4, 3],
        "tstate" : { "idle" : 999443, "run" : 1132, "locked" : 0, "mmap" : 0 }
      }
    }
  },
  "benchmark_io" : {
    "simple_times" : {
      "mcount" : {
        "mcount" : { "104 -- 167" : 5, "65 -- 104" : 1 }
      }
    },
    "stream_method" : {
      "conns" : [7, 6],
      "in" : [2196, 2194],
      "out" : [182, 181],
      "mmtasks" : [0, 0, 1],
      "load" : 0.003,
      "mcount" : {
        "mcount" : { "Success" : 6 }
      },
      "http_proto0" : {
        "mcount" : {
          "mcount" : { "OK" : 6 }
        }
      },
      "source_log" : {
        "delta" : [0, 0, 0]
      },
      "loggers" : {
        "brief_logger" : {
          "records" : [6, 5],
          "out" : [361, 360]
        }
      }
    }
  }
},
"2023-06-22 19:50:02.959 +0000" : {
  "main_scheduler" : {
    "bqs" : {
      "00037" : {
        "mmconts" : [39, 39, 40],
        "acts" : [4, 4],
        "tstate" : { "idle" : 998779, "run" : 895, "locked" : 0, "mmap" : 0 }
      },
      "00038" : {
        "mmconts" : [39, 39, 40],
        "acts" : [3, 3],
        "tstate" : { "idle" : 998914, "run" : 763, "locked" : 0, "mmap" : 0 }
      },
      "00039" : {
        "mmconts" : [39, 39, 40],
        "acts" : [4, 4],
        "tstate" : { "idle" : 999026, "run" : 653, "locked" : 0, "mmap" : 0 }
      },
      "00040" : {
        "mmconts" : [39, 39, 41],
        "acts" : [5, 5],
        "tstate" : { "idle" : 998742, "run" : 938, "locked" : 0, "mmap" : 0 }
      },
      "00041" : {
        "mmconts" : [40, 40, 41],
        "acts" : [6, 6],
        "tstate" : { "idle" : 998598, "run" : 1084, "locked" : 0, "mmap" : 0 }
      }
    }
  },
  "benchmark_io" : {
    "simple_times" : {
      "mcount" : {
        "mcount" : { "104 -- 167" : 2, "41 -- 65" : 4 }
      }
    },
    "stream_method" : {
      "conns" : [6, 6],
      "in" : [2196, 2196],
      "out" : [156, 156],
      "mmtasks" : [0, 0, 1],
      "load" : 0.004,
      "mcount" : {
        "mcount" : { "Success" : 6 }
      },
      "http_proto0" : {
        "mcount" : {
          "mcount" : { "OK" : 6 }
        }
      },
      "source_log" : {
        "delta" : [0, 0, 0]
      },
      "loggers" : {
        "brief_logger" : {
          "records" : [6, 6],
          "out" : [346, 346]
        }
      }
    }
  }
},
"2023-06-22 19:50:03.960 +0000" : {
  "main_scheduler" : {
    "bqs" : {
      "00037" : {
        "mmconts" : [37, 38, 39],
        "acts" : [7, 6],
        "tstate" : { "idle" : 998808, "run" : 1361, "locked" : 0, "mmap" : 16 }
      },
      "00038" : {
        "mmconts" : [38, 38, 39],
        "acts" : [5, 4],
        "tstate" : { "idle" : 998678, "run" : 1507, "locked" : 0, "mmap" : 0 }
      },
      "00039" : {
        "mmconts" : [38, 38, 39],
        "acts" : [4, 3],
        "tstate" : { "idle" : 999011, "run" : 1157, "locked" : 0, "mmap" : 16 }
      },
      "00040" : {
        "mmconts" : [38, 38, 39],
        "acts" : [4, 3],
        "tstate" : { "idle" : 999312, "run" : 856, "locked" : 0, "mmap" : 16 }
      },
      "00041" : {
        "mmconts" : [38, 38, 40],
        "acts" : [5, 4],
        "tstate" : { "idle" : 998935, "run" : 1230, "locked" : 0, "mmap" : 19 }
      }
    }
  },
  "benchmark_io" : {
    "simple_times" : {
      "mcount" : {
        "mcount" : { "104 -- 167" : 4, "65 -- 104" : 1, "41 -- 65" : 2 }
      }
    },
    "stream_method" : {
      "conns" : [7, 6],
      "in" : [2562, 2561],
      "out" : [182, 181],
      "mmtasks" : [0, 0, 1],
      "load" : 0.003,
      "mcount" : {
        "mcount" : { "Success" : 7 }
      },
      "http_proto0" : {
        "mcount" : {
          "mcount" : { "OK" : 7 }
        }
      },
      "source_log" : {
        "delta" : [0, 0, 0]
      },
      "loggers" : {
        "brief_logger" : {
          "records" : [7, 6],
          "out" : [414, 413]
        }
      }
    }
  }
},
"2023-06-22 19:50:04.960 +0000" : {
  "main_scheduler" : {
    "bqs" : {
      "00037" : {
        "mmconts" : [36, 36, 37],
        "acts" : [4, 3],
        "tstate" : { "idle" : 999126, "run" : 1027, "locked" : 0, "mmap" : 19 }
      },
      "00038" : {
        "mmconts" : [36, 36, 38],
        "acts" : [4, 3],
        "tstate" : { "idle" : 998702, "run" : 1398, "locked" : 0, "mmap" : 69 }
      },
      "00039" : {
        "mmconts" : [36, 37, 38],
        "acts" : [7, 6],
        "tstate" : { "idle" : 998349, "run" : 1763, "locked" : 0, "mmap" : 57 }
      },
      "00040" : {
        "mmconts" : [37, 37, 38],
        "acts" : [6, 5],
        "tstate" : { "idle" : 998353, "run" : 1769, "locked" : 0, "mmap" : 46 }
      },
      "00041" : {
        "mmconts" : [37, 37, 38],
        "acts" : [4, 3],
        "tstate" : { "idle" : 998884, "run" : 1251, "locked" : 0, "mmap" : 32 }
      }
    }
  },
  "benchmark_io" : {
    "simple_times" : {
      "mcount" : {
        "mcount" : { "104 -- 167" : 6, "65 -- 104" : 1 }
      }
    },
    "stream_method" : {
      "conns" : [7, 6],
      "in" : [2562, 2561],
      "out" : [182, 181],
      "mmtasks" : [0, 0, 1],
      "load" : 0.004,
      "mcount" : {
        "mcount" : { "Success" : 7 }
      },
      "http_proto0" : {
        "mcount" : {
          "mcount" : { "OK" : 7 }
        }
      },
      "source_log" : {
        "delta" : [0, 0, 0]
      },
      "loggers" : {
        "brief_logger" : {
          "records" : [7, 6],
          "out" : [424, 423]
        }
      }
    }
  }
},
"2023-06-22 19:50:05.959 +0000" : {
  "main_scheduler" : {
    "bqs" : {
      "00037" : {
        "mmconts" : [35, 35, 36],
        "acts" : [5, 5],
        "tstate" : { "idle" : 998766, "run" : 821, "locked" : 0, "mmap" : 16 }
      },
      "00038" : {
        "mmconts" : [35, 35, 36],
        "acts" : [3, 3],
        "tstate" : { "idle" : 998570, "run" : 1021, "locked" : 0, "mmap" : 14 }
      },
      "00039" : {
        "mmconts" : [35, 35, 36],
        "acts" : [4, 4],
        "tstate" : { "idle" : 998640, "run" : 952, "locked" : 0, "mmap" : 13 }
      },
      "00040" : {
        "mmconts" : [35, 35, 37],
        "acts" : [5, 5],
        "tstate" : { "idle" : 998017, "run" : 1504, "locked" : 0, "mmap" : 84 }
      },
      "00041" : {
        "mmconts" : [35, 36, 37],
        "acts" : [7, 7],
        "tstate" : { "idle" : 997942, "run" : 1599, "locked" : 0, "mmap" : 64 }
      }
    }
  },
  "benchmark_io" : {
    "simple_times" : {
      "mcount" : {
        "mcount" : { "167 -- 265" : 1, "104 -- 167" : 3, "65 -- 104" : 1, "41 -- 65" : 2 }
      }
    },
    "stream_method" : {
      "conns" : [6, 6],
      "in" : [2562, 2562],
      "out" : [156, 156],
      "mmtasks" : [0, 0, 2],
      "load" : 0.003,
      "mcount" : {
        "mcount" : { "Success" : 7 }
      },
      "http_proto0" : {
        "mcount" : {
          "mcount" : { "OK" : 7 }
        }
      },
      "source_log" : {
        "delta" : [0, 0, 0]
      },
      "loggers" : {
        "brief_logger" : {
          "records" : [7, 7],
          "out" : [415, 415]
        }
      }
    }
  }
},
"2023-06-22 19:50:06.959 +0000" : {
  "main_scheduler" : {
    "bqs" : {
      "00037" : {
        "mmconts" : [33, 33, 35],
        "acts" : [6, 6],
        "tstate" : { "idle" : 998033, "run" : 1668, "locked" : 0, "mmap" : 79 }
      },
      "00038" : {
        "mmconts" : [33, 34, 35],
        "acts" : [6, 6],
        "tstate" : { "idle" : 998115, "run" : 1621, "locked" : 0, "mmap" : 42 }
      },
      "00039" : {
        "mmconts" : [34, 34, 35],
        "acts" : [6, 6],
        "tstate" : { "idle" : 998662, "run" : 1098, "locked" : 0, "mmap" : 17 }
      },
      "00040" : {
        "mmconts" : [34, 34, 35],
        "acts" : [4, 4],
        "tstate" : { "idle" : 998491, "run" : 1252, "locked" : 0, "mmap" : 33 }
      },
      "00041" : {
        "mmconts" : [34, 34, 35],
        "acts" : [4, 4],
        "tstate" : { "idle" : 998751, "run" : 1013, "locked" : 0, "mmap" : 12 }
      }
    }
  },
  "benchmark_io" : {
    "simple_times" : {
      "mcount" : {
        "mcount" : { "104 -- 167" : 6, "41 -- 65" : 1 }
      }
    },
    "stream_method" : {
      "conns" : [8, 8],
      "in" : [2562, 2562],
      "out" : [208, 208],
      "mmtasks" : [0, 0, 2],
      "load" : 0.003,
      "mcount" : {
        "mcount" : { "Success" : 7 }
      },
      "http_proto0" : {
        "mcount" : {
          "mcount" : { "OK" : 7 }
        }
      },
      "source_log" : {
        "delta" : [0, 0, 0]
      },
      "loggers" : {
        "brief_logger" : {
          "records" : [7, 7],
          "out" : [421, 421]
        }
      }
    }
  }
},
"2023-06-22 19:50:07.959 +0000" : {
  "main_scheduler" : {
    "bqs" : {
      "00037" : {
        "mmconts" : [32, 32, 33],
        "acts" : [4, 3],
        "tstate" : { "idle" : 999342, "run" : 727, "locked" : 0, "mmap" : 28 }
      },
      "00038" : {
        "mmconts" : [32, 32, 33],
        "acts" : [3, 2],
        "tstate" : { "idle" : 999410, "run" : 680, "locked" : 0, "mmap" : 10 }
      },
      "00039" : {
        "mmconts" : [32, 32, 34],
        "acts" : [5, 4],
        "tstate" : { "idle" : 998768, "run" : 1275, "locked" : 0, "mmap" : 59 }
      },
      "00040" : {
        "mmconts" : [32, 33, 34],
        "acts" : [7, 6],
        "tstate" : { "idle" : 998157, "run" : 1869, "locked" : 0, "mmap" : 78 }
      },
      "00041" : {
        "mmconts" : [33, 33, 34],
        "acts" : [6, 5],
        "tstate" : { "idle" : 998668, "run" : 1410, "locked" : 0, "mmap" : 27 }
      }
    }
  },
  "benchmark_io" : {
    "simple_times" : {
      "mcount" : {
        "mcount" : { "104 -- 167" : 3, "65 -- 104" : 2, "41 -- 65" : 2 }
      }
    },
    "stream_method" : {
      "conns" : [7, 6],
      "in" : [2562, 2561],
      "out" : [182, 181],
      "mmtasks" : [0, 0, 1],
      "load" : 0.004,
      "mcount" : {
        "mcount" : { "Success" : 7 }
      },
      "http_proto0" : {
        "mcount" : {
          "mcount" : { "OK" : 7 }
        }
      },
      "source_log" : {
        "delta" : [0, 0, 0]
      },
      "loggers" : {
        "brief_logger" : {
          "records" : [7, 6],
          "out" : [412, 411]
        }
      }
    }
  }
},
"2023-06-22 19:50:08.959 +0000" : {
  "main_scheduler" : {
    "bqs" : {
      "00037" : {
        "mmconts" : [30, 30, 32],
        "acts" : [7, 7],
        "tstate" : { "idle" : 998761, "run" : 1120, "locked" : 0, "mmap" : 31 }
      },
      "00038" : {
        "mmconts" : [31, 31, 32],
        "acts" : [5, 5],
        "tstate" : { "idle" : 998730, "run" : 1160, "locked" : 0, "mmap" : 21 }
      },
      "00039" : {
        "mmconts" : [31, 31, 32],
        "acts" : [4, 4],
        "tstate" : { "idle" : 998803, "run" : 1086, "locked" : 0, "mmap" : 21 }
      },
      "00040" : {
        "mmconts" : [31, 31, 32],
        "acts" : [4, 4],
        "tstate" : { "idle" : 998908, "run" : 982, "locked" : 0, "mmap" : 19 }
      },
      "00041" : {
        "mmconts" : [31, 31, 33],
        "acts" : [5, 5],
        "tstate" : { "idle" : 998914, "run" : 948, "locked" : 0, "mmap" : 47 }
      }
    }
  },
  "benchmark_io" : {
    "simple_times" : {
      "mcount" : {
        "mcount" : { "104 -- 167" : 2, "65 -- 104" : 2, "41 -- 65" : 2, "25 -- 41" : 1 }
      }
    },
    "stream_method" : {
      "conns" : [7, 7],
      "in" : [2562, 2562],
      "out" : [182, 182],
      "mmtasks" : [0, 0, 1],
      "load" : 0.003,
      "mcount" : {
        "mcount" : { "Success" : 7 }
      },
      "http_proto0" : {
        "mcount" : {
          "mcount" : { "OK" : 7 }
        }
      },
      "source_log" : {
        "delta" : [0, 0, 0]
      },
      "loggers" : {
        "brief_logger" : {
          "records" : [7, 7],
          "out" : [406, 406]
        }
      }
    }
  }
},
"2023-06-22 19:50:09.960 +0000" : {
  "main_scheduler" : {
    "bqs" : {
      "00037" : {
        "mmconts" : [29, 29, 30],
        "acts" : [4, 3],
        "tstate" : { "idle" : 1000115, "run" : 843, "locked" : 0, "mmap" : 18 }
      },
      "00038" : {
        "mmconts" : [29, 29, 31],
        "acts" : [4, 3],
        "tstate" : { "idle" : 999809, "run" : 1114, "locked" : 0, "mmap" : 51 }
      },
      "00039" : {
        "mmconts" : [29, 29, 31],
        "acts" : [7, 6],
        "tstate" : { "idle" : 999699, "run" : 1237, "locked" : 0, "mmap" : 37 }
      },
      "00040" : {
        "mmconts" : [29, 30, 31],
        "acts" : [7, 6],
        "tstate" : { "idle" : 999722, "run" : 1210, "locked" : 0, "mmap" : 42 }
      },
      "00041" : {
        "mmconts" : [30, 30, 31],
        "acts" : [6, 5],
        "tstate" : { "idle" : 999439, "run" : 1499, "locked" : 0, "mmap" : 35 }
      }
    }
  },
  "benchmark_io" : {
    "simple_times" : {
      "mcount" : {
        "mcount" : { "167 -- 265" : 1, "104 -- 167" : 3, "65 -- 104" : 2, "41 -- 65" : 2 }
      }
    },
    "stream_method" : {
      "conns" : [8, 7],
      "in" : [2928, 2925],
      "out" : [208, 207],
      "mmtasks" : [0, 0, 2],
      "load" : 0.003,
      "mcount" : {
        "mcount" : { "Success" : 8 }
      },
      "http_proto0" : {
        "mcount" : {
          "mcount" : { "OK" : 8 }
        }
      },
      "source_log" : {
        "delta" : [0, 0, 0]
      },
      "loggers" : {
        "brief_logger" : {
          "records" : [8, 7],
          "out" : [471, 470]
        }
      }
    }
  }
},
"2023-06-22 19:50:10.960 +0000" : {
  "main_scheduler" : {
    "bqs" : {
      "00037" : {
        "mmconts" : [27, 27, 29],
        "acts" : [7, 7],
        "tstate" : { "idle" : 998502, "run" : 1150, "locked" : 0, "mmap" : 35 }
      },
      "00038" : {
        "mmconts" : [27, 28, 29],
        "acts" : [6, 6],
        "tstate" : { "idle" : 998509, "run" : 1142, "locked" : 0, "mmap" : 48 }
      },
      "00039" : {
        "mmconts" : [28, 28, 29],
        "acts" : [4, 4],
        "tstate" : { "idle" : 998702, "run" : 973, "locked" : 0, "mmap" : 22 }
      },
      "00040" : {
        "mmconts" : [28, 28, 29],
        "acts" : [4, 4],
        "tstate" : { "idle" : 998743, "run" : 939, "locked" : 0, "mmap" : 12 }
      },
      "00041" : {
        "mmconts" : [28, 28, 30],
        "acts" : [5, 5],
        "tstate" : { "idle" : 998701, "run" : 938, "locked" : 0, "mmap" : 53 }
      }
    }
  },
  "benchmark_io" : {
    "simple_times" : {
      "mcount" : {
        "mcount" : { "104 -- 167" : 3, "65 -- 104" : 1, "41 -- 65" : 4 }
      }
    },
    "stream_method" : {
      "conns" : [7, 7],
      "in" : [2928, 2928],
      "out" : [182, 182],
      "mmtasks" : [0, 0, 1],
      "load" : 0.004,
      "mcount" : {
        "mcount" : { "Success" : 8 }
      },
      "http_proto0" : {
        "mcount" : {
          "mcount" : { "OK" : 8 }
        }
      },
      "source_log" : {
        "delta" : [0, 0, 0]
      },
      "loggers" : {
        "brief_logger" : {
          "records" : [8, 8],
          "out" : [467, 467]
        }
      }
    }
  }
},
"2023-06-22 19:50:11.959 +0000" : {
  "main_scheduler" : {
    "bqs" : {
      "00037" : {
        "mmconts" : [26, 26, 27],
        "acts" : [4, 4],
        "tstate" : { "idle" : 998859, "run" : 651, "locked" : 0, "mmap" : 19 }
      },
      "00038" : {
        "mmconts" : [26, 26, 27],
        "acts" : [3, 3],
        "tstate" : { "idle" : 998573, "run" : 917, "locked" : 0, "mmap" : 21 }
      },
      "00039" : {
        "mmconts" : [26, 26, 28],
        "acts" : [7, 7],
        "tstate" : { "idle" : 998246, "run" : 1239, "locked" : 0, "mmap" : 26 }
      },
      "00040" : {
        "mmconts" : [26, 27, 28],
        "acts" : [7, 7],
        "tstate" : { "idle" : 998583, "run" : 895, "locked" : 0, "mmap" : 33 }
      },
      "00041" : {
        "mmconts" : [26, 27, 28],
        "acts" : [7, 7],
        "tstate" : { "idle" : 998568, "run" : 913, "locked" : 0, "mmap" : 29 }
      }
    }
  },
  "benchmark_io" : {
    "simple_times" : {
      "mcount" : {
        "mcount" : { "104 -- 167" : 1, "65 -- 104" : 1, "41 -- 65" : 6 }
      }
    },
    "stream_method" : {
      "conns" : [8, 8],
      "in" : [2928, 2929],
      "out" : [208, 208],
      "mmtasks" : [0, 0, 1],
      "load" : 0.004,
      "mcount" : {
        "mcount" : { "Success" : 8 }
      },
      "http_proto0" : {
        "mcount" : {
          "mcount" : { "OK" : 8 }
        }
      },
      "source_log" : {
        "delta" : [0, 0, 0]
      },
      "loggers" : {
        "brief_logger" : {
          "records" : [8, 8],
          "out" : [461, 461]
        }
      }
    }
  }
},
"2023-06-22 19:50:12.959 +0000" : {
  "main_scheduler" : {
    "bqs" : {
      "00037" : {
        "mmconts" : [24, 24, 26],
        "acts" : [7, 7],
        "tstate" : { "idle" : 998985, "run" : 824, "locked" : 0, "mmap" : 29 }
      },
      "00038" : {
        "mmconts" : [24, 25, 26],
        "acts" : [6, 6],
        "tstate" : { "idle" : 998752, "run" : 1034, "locked" : 0, "mmap" : 60 }
      },
      "00039" : {
        "mmconts" : [25, 25, 26],
        "acts" : [6, 6],
        "tstate" : { "idle" : 998854, "run" : 981, "locked" : 0, "mmap" : 14 }
      },
      "00040" : {
        "mmconts" : [25, 25, 26],
        "acts" : [4, 4],
        "tstate" : { "idle" : 999176, "run" : 661, "locked" : 0, "mmap" : 15 }
      },
      "00041" : {
        "mmconts" : [25, 25, 26],
        "acts" : [4, 4],
        "tstate" : { "idle" : 999152, "run" : 686, "locked" : 0, "mmap" : 17 }
      }
    }
  },
  "benchmark_io" : {
    "simple_times" : {
      "mcount" : {
        "mcount" : { "104 -- 167" : 1, "41 -- 65" : 6 }
      }
    },
    "stream_method" : {
      "conns" : [8, 8],
      "in" : [2562, 2562],
      "out" : [208, 208],
      "mmtasks" : [0, 0, 2],
      "load" : 0.004,
      "mcount" : {
        "mcount" : { "Success" : 7 }
      },
      "http_proto0" : {
        "mcount" : {
          "mcount" : { "OK" : 7 }
        }
      },
      "source_log" : {
        "delta" : [0, 0, 0]
      },
      "loggers" : {
        "brief_logger" : {
          "records" : [7, 7],
          "out" : [401, 401]
        }
      }
    }
  }
},
"2023-06-22 19:50:13.959 +0000" : {
  "main_scheduler" : {
    "bqs" : {
      "00037" : {
        "mmconts" : [23, 23, 24],
        "acts" : [6, 5],
        "tstate" : { "idle" : 999161, "run" : 1050, "locked" : 0, "mmap" : 22 }
      },
      "00038" : {
        "mmconts" : [23, 23, 24],
        "acts" : [3, 2],
        "tstate" : { "idle" : 999000, "run" : 1192, "locked" : 0, "mmap" : 39 }
      },
      "00039" : {
        "mmconts" : [23, 23, 25],
        "acts" : [5, 4],
        "tstate" : { "idle" : 998941, "run" : 1160, "locked" : 0, "mmap" : 129 }
      },
      "00040" : {
        "mmconts" : [23, 23, 25],
        "acts" : [7, 6],
        "tstate" : { "idle" : 998592, "run" : 1587, "locked" : 0, "mmap" : 50 }
      },
      "00041" : {
        "mmconts" : [23, 24, 25],
        "acts" : [7, 6],
        "tstate" : { "idle" : 998839, "run" : 1346, "locked" : 0, "mmap" : 44 }
      }
    }
  },
  "benchmark_io" : {
    "simple_times" : {
      "mcount" : {
        "mcount" : { "104 -- 167" : 5, "65 -- 104" : 1, "41 -- 65" : 2 }
      }
    },
    "stream_method" : {
      "conns" : [8, 7],
      "in" : [2928, 2927],
      "out" : [208, 207],
      "mmtasks" : [0, 0, 2],
      "load" : 0.004,
      "mcount" : {
        "mcount" : { "Success" : 8 }
      },
      "http_proto0" : {
        "mcount" : {
          "mcount" : { "OK" : 8 }
        }
      },
      "source_log" : {
        "delta" : [0, 0, 0]
      },
      "loggers" : {
        "brief_logger" : {
          "records" : [8, 7],
          "out" : [475, 474]
        }
      }
    }
  }
},
"2023-06-22 19:50:14.959 +0000" : {
  "main_scheduler" : {
    "bqs" : {
      "00037" : {
        "mmconts" : [21, 21, 23],
        "acts" : [5, 5],
        "tstate" : { "idle" : 999312, "run" : 651, "locked" : 0, "mmap" : 27 }
      },
      "00038" : {
        "mmconts" : [21, 21, 23],
        "acts" : [6, 6],
        "tstate" : { "idle" : 999167, "run" : 794, "locked" : 0, "mmap" : 26 }
      },
      "00039" : {
        "mmconts" : [21, 21, 23],
        "acts" : [7, 7],
        "tstate" : { "idle" : 999135, "run" : 818, "locked" : 0, "mmap" : 32 }
      },
      "00040" : {
        "mmconts" : [21, 22, 23],
        "acts" : [7, 7],
        "tstate" : { "idle" : 998896, "run" : 1057, "locked" : 0, "mmap" : 30 }
      },
      "00041" : {
        "mmconts" : [22, 22, 23],
        "acts" : [6, 6],
        "tstate" : { "idle" : 998907, "run" : 1058, "locked" : 0, "mmap" : 17 }
      }
    }
  },
  "benchmark_io" : {
    "simple_times" : {
      "mcount" : {
        "mcount" : { "104 -- 167" : 2, "41 -- 65" : 7 }
      }
    },
    "stream_method" : {
      "conns" : [9, 9],
      "in" : [3294, 3294],
      "out" : [234, 234],
      "mmtasks" : [0, 0, 2],
      "load" : 0.003,
      "mcount" : {
        "mcount" : { "Success" : 9 }
      },
      "http_proto0" : {
        "mcount" : {
          "mcount" : { "OK" : 9 }
        }
      },
      "source_log" : {
        "delta" : [0, 0, 0]
      },
      "loggers" : {
        "brief_logger" : {
          "records" : [9, 9],
          "out" : [516, 516]
        }
      }
    }
  }
},
"2023-06-22 19:50:15.960 +0000" : {
  "main_scheduler" : {
    "bqs" : {
      "00037" : {
        "mmconts" : [19, 20, 21],
        "acts" : [7, 6],
        "tstate" : { "idle" : 998456, "run" : 1642, "locked" : 0, "mmap" : 58 }
      },
      "00038" : {
        "mmconts" : [19, 20, 21],
        "acts" : [6, 5],
        "tstate" : { "idle" : 998597, "run" : 1514, "locked" : 0, "mmap" : 48 }
      },
      "00039" : {
        "mmconts" : [20, 20, 21],
        "acts" : [6, 5],
        "tstate" : { "idle" : 998915, "run" : 1238, "locked" : 0, "mmap" : 9 }
      },
      "00040" : {
        "mmconts" : [20, 20, 21],
        "acts" : [4, 3],
        "tstate" : { "idle" : 999239, "run" : 909, "locked" : 0, "mmap" : 16 }
      },
      "00041" : {
        "mmconts" : [20, 20, 22],
        "acts" : [5, 4],
        "tstate" : { "idle" : 998958, "run" : 1177, "locked" : 0, "mmap" : 30 }
      }
    }
  },
  "benchmark_io" : {
    "simple_times" : {
      "mcount" : {
        "mcount" : { "104 -- 167" : 4, "65 -- 104" : 2, "41 -- 65" : 2 }
      }
    },
    "stream_method" : {
      "conns" : [8, 7],
      "in" : [2928, 2927],
      "out" : [208, 207],
      "mmtasks" : [0, 0, 2],
      "load" : 0.003,
      "mcount" : {
        "mcount" : { "Success" : 8 }
      },
      "http_proto0" : {
        "mcount" : {
          "mcount" : { "OK" : 8 }
        }
      },
      "source_log" : {
        "delta" : [0, 0, 0]
      },
      "loggers" : {
        "brief_logger" : {
          "records" : [8, 7],
          "out" : [471, 470]
        }
      }
    }
  }
},
"2023-06-22 19:50:16.960 +0000" : {
  "main_scheduler" : {
    "bqs" : {
      "00037" : {
        "mmconts" : [18, 18, 19],
        "acts" : [6, 5],
        "tstate" : { "idle" : 998927, "run" : 1326, "locked" : 0, "mmap" : 33 }
      },
      "00038" : {
        "mmconts" : [18, 18, 19],
        "acts" : [5, 4],
        "tstate" : { "idle" : 999030, "run" : 1247, "locked" : 0, "mmap" : 21 }
      },
      "00039" : {
        "mmconts" : [18, 18, 20],
        "acts" : [5, 4],
        "tstate" : { "idle" : 999167, "run" : 1078, "locked" : 0, "mmap" : 53 }
      },
      "00040" : {
        "mmconts" : [18, 18, 20],
        "acts" : [7, 6],
        "tstate" : { "idle" : 998854, "run" : 1418, "locked" : 0, "mmap" : 27 }
      },
      "00041" : {
        "mmconts" : [18, 19, 20],
        "acts" : [7, 6],
        "tstate" : { "idle" : 999035, "run" : 1218, "locked" : 0, "mmap" : 47 }
      }
    }
  },
  "benchmark_io" : {
    "simple_times" : {
      "mcount" : {
        "mcount" : { "104 -- 167" : 3, "65 -- 104" : 3, "41 -- 65" : 2 }
      }
    },
    "stream_method" : {
      "conns" : [9, 8],
      "in" : [2928, 2926],
      "out" : [234, 233],
      "mmtasks" : [0, 0, 2],
      "load" : 0.003,
      "mcount" : {
        "mcount" : { "Success" : 8 }
      },
      "http_proto0" : {
        "mcount" : {
          "mcount" : { "OK" : 8 }
        }
      },
      "source_log" : {
        "delta" : [0, 0, 0]
      },
      "loggers" : {
        "brief_logger" : {
          "records" : [8, 7],
          "out" : [471, 470]
        }
      }
    }
  }
},
"2023-06-22 19:50:17.959 +0000" : {
  "main_scheduler" : {
    "bqs" : {
      "00037" : {
        "mmconts" : [16, 16, 18],
        "acts" : [5, 5],
        "tstate" : { "idle" : 998501, "run" : 717, "locked" : 0, "mmap" : 57 }
      },
      "00038" : {
        "mmconts" : [16, 16, 18],
        "acts" : [4, 4],
        "tstate" : { "idle" : 998405, "run" : 791, "locked" : 0, "mmap" : 62 }
      },
      "00039" : {
        "mmconts" : [16, 16, 18],
        "acts" : [7, 7],
        "tstate" : { "idle" : 998207, "run" : 1022, "locked" : 0, "mmap" : 26 }
      },
      "00040" : {
        "mmconts" : [16, 17, 18],
        "acts" : [7, 7],
        "tstate" : { "idle" : 997984, "run" : 1236, "locked" : 0, "mmap" : 31 }
      },
      "00041" : {
        "mmconts" : [16, 17, 18],
        "acts" : [7, 7],
        "tstate" : { "idle" : 998434, "run" : 784, "locked" : 0, "mmap" : 30 }
      }
    }
  },
  "benchmark_io" : {
    "simple_times" : {
      "mcount" : {
        "mcount" : { "104 -- 167" : 2, "65 -- 104" : 1, "41 -- 65" : 7 }
      }
    },
    "stream_method" : {
      "conns" : [8, 8],
      "in" : [3660, 3664],
      "out" : [208, 208],
      "mmtasks" : [0, 0, 2],
      "load" : 0.004,
      "mcount" : {
        "mcount" : { "Success" : 10 }
      },
      "http_proto0" : {
        "mcount" : {
          "mcount" : { "OK" : 10 }
        }
      },
      "source_log" : {
        "delta" : [0, 0, 0]
      },
      "loggers" : {
        "brief_logger" : {
          "records" : [10, 10],
          "out" : [575, 575]
        }
      }
    }
  }
},
"2023-06-22 19:50:18.959 +0000" : {
  "main_scheduler" : {
    "bqs" : {
      "00037" : {
        "mmconts" : [14, 14, 16],
        "acts" : [7, 6],
        "tstate" : { "idle" : 998932, "run" : 1121, "locked" : 0, "mmap" : 51 }
      },
      "00038" : {
        "mmconts" : [14, 14, 16],
        "acts" : [6, 5],
        "tstate" : { "idle" : 998729, "run" : 1345, "locked" : 0, "mmap" : 37 }
      },
      "00039" : {
        "mmconts" : [14, 15, 16],
        "acts" : [7, 6],
        "tstate" : { "idle" : 998775, "run" : 1296, "locked" : 0, "mmap" : 43 }
      },
      "00040" : {
        "mmconts" : [15, 15, 16],
        "acts" : [6, 5],
        "tstate" : { "idle" : 998766, "run" : 1338, "locked" : 0, "mmap" : 14 }
      },
      "00041" : {
        "mmconts" : [15, 15, 16],
        "acts" : [4, 3],
        "tstate" : { "idle" : 999426, "run" : 681, "locked" : 0, "mmap" : 13 }
      }
    }
  },
  "benchmark_io" : {
    "simple_times" : {
      "mcount" : {
        "mcount" : { "104 -- 167" : 3, "65 -- 104" : 2, "41 -- 65" : 3 }
      }
    },
    "stream_method" : {
      "conns" : [9, 8],
      "in" : [2928, 2927],
      "out" : [234, 233],
      "mmtasks" : [0, 0, 2],
      "load" : 0.003,
      "mcount" : {
        "mcount" : { "Success" : 8 }
      },
      "http_proto0" : {
        "mcount" : {
          "mcount" : { "OK" : 8 }
        }
      },
      "source_log" : {
        "delta" : [0, 0, 0]
      },
      "loggers" : {
        "brief_logger" : {
          "records" : [8, 7],
          "out" : [467, 466]
        }
      }
    }
  }
},
"2023-06-22 19:50:19.959 +0000" : {
  "main_scheduler" : {
    "bqs" : {
      "00037" : {
        "mmconts" : [12, 12, 14],
        "acts" : [7, 6],
        "tstate" : { "idle" : 999054, "run" : 998, "locked" : 0, "mmap" : 37 }
      },
      "00038" : {
        "mmconts" : [12, 13, 14],
        "acts" : [6, 5],
        "tstate" : { "idle" : 998683, "run" : 1360, "locked" : 0, "mmap" : 45 }
      },
      "00039" : {
        "mmconts" : [13, 13, 14],
        "acts" : [6, 5],
        "tstate" : { "idle" : 998760, "run" : 1312, "locked" : 0, "mmap" : 17 }
      },
      "00040" : {
        "mmconts" : [13, 13, 15],
        "acts" : [5, 4],
        "tstate" : { "idle" : 998636, "run" : 1375, "locked" : 0, "mmap" : 77 }
      },
      "00041" : {
        "mmconts" : [13, 13, 15],
        "acts" : [7, 6],
        "tstate" : { "idle" : 998750, "run" : 1308, "locked" : 0, "mmap" : 31 }
      }
    }
  },
  "benchmark_io" : {
    "simple_times" : {
      "mcount" : {
        "mcount" : { "104 -- 167" : 4, "41 -- 65" : 5 }
      }
    },
    "stream_method" : {
      "conns" : [9, 8],
      "in" : [3294, 3293],
      "out" : [234, 233],
      "mmtasks" : [0, 0, 2],
      "load" : 0.004,
      "mcount" : {
        "mcount" : { "Success" : 9 }
      },
      "http_proto0" : {
        "mcount" : {
          "mcount" : { "OK" : 9 }
        }
      },
      "source_log" : {
        "delta" : [0, 0, 0]
      },
      "loggers" : {
        "brief_logger" : {
          "records" : [9, 8],
          "out" : [526, 525]
        }
      }
    }
  }
},
"2023-06-22 19:50:20.959 +0000" : {
  "main_scheduler" : {
    "bqs" : {
      "00037" : {
        "mmconts" : [10, 11, 12],
        "acts" : [7, 7],
        "tstate" : { "idle" : 998513, "run" : 1221, "locked" : 0, "mmap" : 53 }
      },
      "00038" : {
        "mmconts" : [10, 11, 12],
        "acts" : [6, 6],
        "tstate" : { "idle" : 998703, "run" : 1045, "locked" : 0, "mmap" : 46 }
      },
      "00039" : {
        "mmconts" : [11, 11, 13],
        "acts" : [5, 5],
        "tstate" : { "idle" : 998722, "run" : 1019, "locked" : 0, "mmap" : 49 }
      },
      "00040" : {
        "mmconts" : [11, 11, 13],
        "acts" : [7, 7],
        "tstate" : { "idle" : 998637, "run" : 1120, "locked" : 0, "mmap" : 31 }
      },
      "00041" : {
        "mmconts" : [11, 11, 13],
        "acts" : [7, 7],
        "tstate" : { "idle" : 998948, "run" : 812, "locked" : 0, "mmap" : 25 }
      }
    }
  },
  "benchmark_io" : {
    "simple_times" : {
      "mcount" : {
        "mcount" : { "104 -- 167" : 3, "65 -- 104" : 1, "41 -- 65" : 5, "25 -- 41" : 1 }
      }
    },
    "stream_method" : {
      "conns" : [9, 9],
      "in" : [3660, 3660],
      "out" : [234, 234],
      "mmtasks" : [0, 0, 2],
      "load" : 0.004,
      "mcount" : {
        "mcount" : { "Success" : 10 }
      },
      "http_proto0" : {
        "mcount" : {
          "mcount" : { "OK" : 10 }
        }
      },
      "source_log" : {
        "delta" : [0, 0, 0]
      },
      "loggers" : {
        "brief_logger" : {
          "records" : [10, 10],
          "out" : [581, 581]
        }
      }
    }
  }
},
"2023-06-22 19:50:21.959 +0000" : {
  "main_scheduler" : {
    "bqs" : {
      "00037" : {
        "mmconts" : [9, 9, 10],
        "acts" : [6, 5],
        "tstate" : { "idle" : 998953, "run" : 1315, "locked" : 0, "mmap" : 15 }
      },
      "00038" : {
        "mmconts" : [9, 9, 10],
        "acts" : [5, 4],
        "tstate" : { "idle" : 999242, "run" : 1025, "locked" : 0, "mmap" : 10 }
      },
      "00039" : {
        "mmconts" : [9, 9, 11],
        "acts" : [7, 6],
        "tstate" : { "idle" : 999363, "run" : 895, "locked" : 0, "mmap" : 22 }
      },
      "00040" : {
        "mmconts" : [9, 9, 11],
        "acts" : [7, 6],
        "tstate" : { "idle" : 999299, "run" : 945, "locked" : 0, "mmap" : 39 }
      },
      "00041" : {
        "mmconts" : [9, 10, 11],
        "acts" : [7, 6],
        "tstate" : { "idle" : 998835, "run" : 1392, "locked" : 0, "mmap" : 58 }
      }
    }
  },
  "benchmark_io" : {
    "simple_times" : {
      "mcount" : {
        "mcount" : { "104 -- 167" : 2, "41 -- 65" : 6 }
      }
    },
    "stream_method" : {
      "conns" : [10, 9],
      "in" : [2928, 2926],
      "out" : [260, 259],
      "mmtasks" : [0, 0, 2],
      "load" : 0.003,
      "mcount" : {
        "mcount" : { "Success" : 8 }
      },
      "http_proto0" : {
        "mcount" : {
          "mcount" : { "OK" : 8 }
        }
      },
      "source_log" : {
        "delta" : [0, 0, 0]
      },
      "loggers" : {
        "brief_logger" : {
          "records" : [8, 7],
          "out" : [462, 461]
        }
      }
    }
  }
},
"2023-06-22 19:50:22.959 +0000" : {
  "main_scheduler" : {
    "bqs" : {
      "00037" : {
        "mmconts" : [6, 7, 9],
        "acts" : [8, 8],
        "tstate" : { "idle" : 998951, "run" : 840, "locked" : 0, "mmap" : 68 }
      },
      "00038" : {
        "mmconts" : [7, 7, 9],
        "acts" : [4, 4],
        "tstate" : { "idle" : 999316, "run" : 512, "locked" : 0, "mmap" : 30 }
      },
      "00039" : {
        "mmconts" : [7, 7, 9],
        "acts" : [7, 7],
        "tstate" : { "idle" : 999053, "run" : 775, "locked" : 0, "mmap" : 30 }
      },
      "00040" : {
        "mmconts" : [7, 7, 9],
        "acts" : [7, 7],
        "tstate" : { "idle" : 998968, "run" : 863, "locked" : 0, "mmap" : 40 }
      },
      "00041" : {
        "mmconts" : [7, 8, 9],
        "acts" : [7, 7],
        "tstate" : { "idle" : 999043, "run" : 793, "locked" : 0, "mmap" : 32 }
      }
    }
  },
  "benchmark_io" : {
    "simple_times" : {
      "mcount" : {
        "mcount" : { "104 -- 167" : 1, "65 -- 104" : 1, "41 -- 65" : 9 }
      }
    },
    "stream_method" : {
      "conns" : [9, 9],
      "in" : [4026, 4026],
      "out" : [234, 234],
      "mmtasks" : [0, 0, 2],
      "load" : 0.004,
      "mcount" : {
        "mcount" : { "Success" : 11 }
      },
      "http_proto0" : {
        "mcount" : {
          "mcount" : { "OK" : 11 }
        }
      },
      "source_log" : {
        "delta" : [0, 0, 0]
      },
      "loggers" : {
        "brief_logger" : {
          "records" : [11, 11],
          "out" : [626, 626]
        }
      }
    }
  }
},
"2023-06-22 19:50:23.960 +0000" : {
  "main_scheduler" : {
    "bqs" : {
      "00037" : {
        "mmconts" : [5, 5, 6],
        "acts" : [6, 5],
        "tstate" : { "idle" : 999677, "run" : 656, "locked" : 0, "mmap" : 12 }
      },
      "00038" : {
        "mmconts" : [5, 5, 7],
        "acts" : [6, 5],
        "tstate" : { "idle" : 999685, "run" : 626, "locked" : 0, "mmap" : 29 }
      },
      "00039" : {
        "mmconts" : [5, 5, 7],
        "acts" : [7, 6],
        "tstate" : { "idle" : 999506, "run" : 788, "locked" : 0, "mmap" : 44 }
      },
      "00040" : {
        "mmconts" : [5, 6, 7],
        "acts" : [7, 6],
        "tstate" : { "idle" : 999674, "run" : 623, "locked" : 0, "mmap" : 25 }
      },
      "00041" : {
        "mmconts" : [5, 6, 7],
        "acts" : [7, 6],
        "tstate" : { "idle" : 999633, "run" : 664, "locked" : 0, "mmap" : 26 }
      }
    }
  },
  "benchmark_io" : {
    "simple_times" : {
      "mcount" : {
        "mcount" : { "41 -- 65" : 8, "25 -- 41" : 1 }
      }
    },
    "stream_method" : {
      "conns" : [10, 9],
      "in" : [3294, 3292],
      "out" : [260, 259],
      "mmtasks" : [0, 0, 1],
      "load" : 0.004,
      "mcount" : {
        "mcount" : { "Success" : 9 }
      },
      "http_proto0" : {
        "mcount" : {
          "mcount" : { "OK" : 9 }
        }
      },
      "source_log" : {
        "delta" : [0, 0, 0]
      },
      "loggers" : {
        "brief_logger" : {
          "records" : [9, 8],
          "out" : [507, 506]
        }
      }
    }
  }
},
"2023-06-22 19:50:24.959 +0000" : {
  "main_scheduler" : {
    "bqs" : {
      "00037" : {
        "mmconts" : [3, 3, 5],
        "acts" : [7, 7],
        "tstate" : { "idle" : 998937, "run" : 632, "locked" : 0, "mmap" : 31 }
      },
      "00038" : {
        "mmconts" : [3, 3, 5],
        "acts" : [6, 6],
        "tstate" : { "idle" : 998949, "run" : 625, "locked" : 0, "mmap" : 25 }
      },
      "00039" : {
        "mmconts" : [3, 3, 5],
        "acts" : [7, 7],
        "tstate" : { "idle" : 998849, "run" : 720, "locked" : 0, "mmap" : 29 }
      },
      "00040" : {
        "mmconts" : [3, 4, 5],
        "acts" : [7, 7],
        "tstate" : { "idle" : 998880, "run" : 681, "locked" : 0, "mmap" : 37 }
      },
      "00041" : {
        "mmconts" : [3, 4, 5],
        "acts" : [7, 7],
        "tstate" : { "idle" : 998817, "run" : 747, "locked" : 0, "mmap" : 34 }
      }
    }
  },
  "benchmark_io" : {
    "simple_times" : {
      "mcount" : {
        "mcount" : { "41 -- 65" : 9, "25 -- 41" : 1 }
      }
    },
    "stream_method" : {
      "conns" : [10, 10],
      "in" : [3660, 3661],
      "out" : [260, 260],
      "mmtasks" : [0, 0, 1],
      "load" : 0.003,
      "mcount" : {
        "mcount" : { "Success" : 10 }
      },
      "http_proto0" : {
        "mcount" : {
          "mcount" : { "OK" : 10 }
        }
      },
      "source_log" : {
        "delta" : [0, 0, 0]
      },
      "loggers" : {
        "brief_logger" : {
          "records" : [10, 10],
          "out" : [561, 561]
        }
      }
    }
  }
},
"2023-06-22 19:50:25.902 +0000" : {
  "main_scheduler" : {
    "bqs" : {
      "00037" : {
        "mmconts" : [1, 1, 3],
        "acts" : [5, 5],
        "tstate" : { "idle" : 941544, "run" : 1116, "locked" : 0, "mmap" : 75 }
      },
      "00038" : {
        "mmconts" : [0, 1, 3],
        "acts" : [7, 7],
        "tstate" : { "idle" : 941469, "run" : 1226, "locked" : 0, "mmap" : 40 }
      },
      "00039" : {
        "mmconts" : [1, 2, 3],
        "acts" : [7, 7],
        "tstate" : { "idle" : 941381, "run" : 1308, "locked" : 0, "mmap" : 47 }
      },
      "00040" : {
        "mmconts" : [1, 2, 3],
        "acts" : [6, 6],
        "tstate" : { "idle" : 941481, "run" : 1211, "locked" : 0, "mmap" : 44 }
      },
      "00041" : {
        "mmconts" : [1, 2, 3],
        "acts" : [7, 7],
        "tstate" : { "idle" : 941502, "run" : 1179, "locked" : 0, "mmap" : 55 }
      }
    }
  },
  "benchmark_io" : {
    "simple_times" : {
      "mcount" : {
        "mcount" : { "104 -- 167" : 5, "41 -- 65" : 5 }
      }
    },
    "stream_method" : {
      "conns" : [9, 9],
      "in" : [3660, 3882],
      "out" : [234, 248],
      "mmtasks" : [0, 0, 2],
      "load" : 0.003,
      "mcount" : {
        "mcount" : { "Success" : 10 }
      },
      "http_proto0" : {
        "mcount" : {
          "mcount" : { "OK" : 10 }
        }
      },
      "source_log" : {
        "delta" : [0, 0, 0]
      },
      "loggers" : {
        "brief_logger" : {
          "records" : [10, 10],
          "out" : [586, 621]
        }
      }
    }
  }
}