1687463365.959		45686	150	32	45450	54	45452	26	366	0	200
1687463366.893		93782	298	85	93337	62	93342	26	366	0	200
1687463367.726		131970	319	92	131402	157	131402	26	366	0	200
1687463368.481		124363	327	94	123777	165	123776	26	366	0	200
1687463369.181		126315	315	92	125809	99	125813	26	366	0	200
1687463369.834		74917	329	76	74442	70	74450	26	366	0	200
1687463370.447		43950	94	25	43771	60	43770	26	366	0	200
1687463371.030		70862	302	77	70440	43	70447	26	366	0	200
1687463371.586		87710	315	102	87234	59	87244	26	366	0	200
1687463372.115		83673	305	78	83222	68	83227	26	366	0	200
1687463372.625		79559	278	70	79139	72	79144	26	366	0	200
1687463373.116		42575	86	36	42399	54	42396	26	366	0	200
1687463373.590		43215	99	23	43035	58	43034	26	366	0	200
1687463374.050		43307	96	24	43116	71	43112	26	366	0	200
1687463374.495		72182	264	73	71774	71	71782	26	366	0	200
1687463374.928		76137	162	38	75890	47	75890	26	366	0	200
1687463375.347		66490	261	74	66098	57	66105	26	366	0	200
1687463375.758		58571	292	75	58146	58	58153	26	366	0	200
1687463376.158		49591	311	79	49141	60	49148	26	366	0	200
1687463376.548		42927	89	55	42735	48	42732	26	366	0	200
1687463376.931		79767	299	80	79334	54	79341	26	366	0	200
1687463377.305		69527	291	76	69104	56	69109	26	366	0	200
1687463377.672		80663	302	78	80221	62	80230	26	366	0	200
1687463378.030		71014	296	76	70595	47	70601	26	366	0	200
1687463378.383		46390	210	51	46074	55	46076	26	366	0	200
1687463378.729		42287	108	24	42091	64	42089	26	366	0	200
1687463379.069		84196	306	106	83714	70	83725	26	366	0	200
1687463379.403		53153	66	56	52984	47	52982	26	366	0	200
1687463379.731		74511	306	78	74074	53	74080	26	366	0	200
1687463380.056		42461	123	46	42232	60	42229	26	366	0	200
1687463380.374		134231	302	78	133702	149	133701	26	366	0	200
1687463380.688		132930	295	79	132397	159	132396	26	366	0	200
1687463380.997		137158	296	101	136601	160	136601	26	366	0	200
1687463381.303		137591	303	79	137065	144	137063	26	366	0	200
1687463381.603		51812	128	30	51599	55	51598	26	366	0	200
1687463381.901		135963	297	78	135408	180	135408	26	366	0	200
1687463382.193		127889	292	75	127367	155	127364	26	366	0	200
1687463382.483		44933	87	35	44738	73	44735	26	366	0	200
1687463382.769		142023	302	78	141509	134	141509	26	366	0	200
1687463383.051		127417	274	68	126928	147	126919	26	366	0	200
1687463383.330		124879	303	80	124350	146	124349	26	366	0	200
1687463383.605		130117	295	75	129590	157	129590	26	366	0	200
1687463383.877		127117	307	106	126546	158	126548	26	366	0	200
1687463384.148		126111	310	106	125570	125	125572	26	366	0	200
1687463384.415		62381	200	56	62052	73	62055	26	366	0	200
1687463384.679		76593	301	74	76170	48	76177	26	366	0	200
1687463384.940		137568	293	80	137036	159	137037	26	366	0	200
1687463385.198		128701	299	77	128175	150	128174	26	366	0	200
1687463385.455		133190	237	60	132841	52	132846	26	366	0	200
1687463385.708		124772	302	76	124223	171	124222	26	366	0	200
1687463385.959		136319	304	77	135810	128	135808	26	366	0	200
1687463386.207		127509	374	108	126890	137	126893	26	366	0	200
1687463386.455		43163	158	22	42924	59	42922	26	366	0	200
1687463386.699		127056	268	70	126571	147	126571	26	366	0	200
1687463386.940		137949	291	101	137384	173	137385	26	366	0	200
1687463387.181		45284	121	37	45070	56	45066	26	366	0	200
1687463387.420		43582	118	26	43372	66	43370	26	366	0	200
1687463387.656		81400	301	77	80968	54	80976	26	366	0	200
1687463387.889		136338	301	76	135819	142	135819	26	366	0	200
1687463388.122		53131	244	67	52747	73	52751	26	366	0	200
1687463388.351		48501	225	48	48174	54	48175	26	366	0	200
1687463388.580		53598	105	28	53406	59	53406	26	366	0	200
1687463388.806		61399	303	79	60945	72	60953	26	366	0	200
1687463389.032		55754	279	72	55347	56	55353	26	366	0	200
1687463389.255		134134	308	79	133592	155	133590	26	366	0	200
1687463389.477		135066	257	68	134624	117	134625	26	366	0	200
1687463389.698		129205	303	105	128645	152	128647	26	366	0	200
1687463389.915		134567	269	101	134052	145	134051	26	366	0	200
1687463390.133		128775	295	75	128286	119	128285	26	366	0	200
1687463390.348		127094	275	85	126669	65	126678	26	366	0	200
1687463390.561		111352	179	32	110988	153	110978	26	366	0	200
1687463390.775		126782	297	104	126211	170	126212	26	366	0	200
1687463390.985		130475	306	78	129933	158	129926	26	366	0	200
1687463391.195		130495	307	77	129994	117	129994	26	366	0	200
1687463391.403		161007	266	72	160560	109	160564	26	366	0	200
1687463391.611		127611	299	78	127077	157	127074	26	366	0	200
1687463391.815		137919	297	79	137375	168	137374	26	366	0	200
1687463392.020		51329	155	36	51074	64	51074	26	366	0	200
1687463392.223		45286	104	22	45104	56	45100	26	366	0	200
1687463392.426		134872	207	48	134433	184	134424	26	366	0	200
1687463392.625		93440	303	74	93015	48	93022	26	366	0	200
1687463392.825		42052	78	16	41891	67	41887	26	366	0	200
1687463393.024		42581	118	23	42379	61	42376	26	366	0	200
1687463393.221		129743	255	71	129295	122	129294	26	366	0	200
1687463393.416		44581	112	25	44367	77	44365	26	366	0	200
1687463393.611		43870	116	21	43682	51	43679	26	366	0	200
1687463393.804		84462	241	76	84071	74	84077	26	366	0	200
1687463393.998		45269	101	34	45078	56	45075	26	366	0	200
1687463394.190		42166	67	32	42014	53	42010	26	366	0	200
1687463394.379		162407	300	72	161902	133	161900	26	366	0	200
1687463394.569		50824	177	65	50530	52	50532	26	366	0	200
1687463394.758		42524	118	16	42329	61	42327	26	366	0	200
1687463394.945		50023	389	101	49478	55	49486	26	366	0	200
1687463395.131		112456	176	42	112098	140	112092	26	366	0	200
1687463395.318		135517	297	76	135009	135	135010	26	366	0	200
1687463395.502		141634	295	77	141134	128	141132	26	366	0	200
1687463395.686		126824	300	76	126262	186	126261	26	366	0	200
1687463395.868		106646	303	84	106187	72	106196	26	366	0	200
1687463396.049		45585	106	18	45393	68	45390	26	366	0	200
1687463396.231		43521	75	17	43371	58	43367	26	366	0	200
1687463396.411		45692	107	26	45515	44	45514	26	366	0	200
1687463396.589		42577	136	23	42344	74	42342	26	366	0	200
1687463396.768		42661	135	54	42395	77	42392	26	366	0	200
1687463396.946		84318	310	79	83877	52	83885	26	366	0	200
1687463397.123		47555	143	36	47311	65	47309	26	366	0	200
1687463397.298		46601	154	21	46370	56	46366	26	366	0	200
1687463397.474		45027	106	21	44823	77	44819	26	366	0	200
1687463397.647		44493	130	19	44283	61	44279	26	366	0	200
1687463397.821		42519	80	34	42357	48	42354	26	366	0	200
1687463397.994		123112	305	95	122577	135	122581	26	366	0	200
1687463398.165		107079	281	70	106671	57	106675	26	366	0	200
1687463398.337		47196	156	34	46946	60	46945	26	366	0	200
1687463398.506		45117	75	15	44968	59	44965	26	366	0	200
1687463398.677		132664	330	79	132123	132	132124	26	366	0	200
1687463398.846		43488	99	38	43289	62	43286	26	366	0	200
1687463399.014		68200	94	18	68010	78	68002	26	366	0	200
1687463399.181		115960	306	83	115507	64	115513	26	366	0	200
1687463399.348		50979	109	23	50775	72	50773	26	366	0	200
1687463399.514		120558	142	33	120251	132	120245	26	366	0	200
1687463399.679		72177	320	79	71702	76	71710	26	366	0	200
1687463399.844		130010	316	77	129502	115	129504	26	366	0	200
1687463400.008		125833	304	77	125314	138	125311	26	366	0	200
1687463400.171		41059	186	21	40788	64	40787	26	366	0	200
1687463400.335		155291	306	77	154776	132	154778	26	366	0	200
1687463400.497		116345	306	86	115884	69	115891	26	366	0	200
1687463400.658		131200	286	98	130635	181	130636	26	366	0	200
1687463400.818		128836	261	67	128370	138	128367	26	366	0	200
1687463400.978		124047	318	80	123572	77	123580	26	366	0	200
1687463401.138		130063	303	80	129548	132	129547	26	366	0	200
1687463401.298		94280	299	72	93840	69	93845	26	366	0	200
1687463401.456		135640	297	79	135120	144	135119	26	366	0	200
1687463401.613		119442	282	66	118955	139	118946	26	366	0	200
1687463401.771		130321	265	73	129845	138	129844	26	366	0	200
1687463401.927		110911	338	74	110455	44	110462	26	366	0	200
1687463402.083		42414	96	36	42226	56	42224	26	366	0	200
1687463402.239		132129	290	74	131700	65	131708	26	366	0	200
1687463402.395		43028	163	23	42768	74	42765	26	366	0	200
1687463402.548		43749	91	23	43582	53	43580	26	366	0	200
1687463402.702		44007	122	54	43779	52	43776	26	366	0	200
1687463402.855		138290	304	76	137737	173	137734	26	366	0	200
1687463403.009		123980	274	80	123502	124	123503	26	366	0	200
1687463403.160		130782	294	72	130270	146	130267	26	366	0	200
1687463403.313		138548	368	104	138007	69	138015	26	366	0	200
1687463403.463		45941	83	23	45790	45	45791	26	366	0	200
1687463403.615		69631	159	34	69349	89	69347	26	366	0	200
1687463403.764		49431	128	29	49224	50	49224	26	366	0	200
1687463403.914		134039	311	82	133478	168	133474	26	366	0	200
1687463404.064		79016	326	102	78494	94	78502	26	366	0	200
1687463404.213		129212	296	80	128684	152	128681	26	366	0	200
1687463404.360		126755	277	127	126192	159	126190	26	366	0	200
1687463404.507		111780	287	74	111360	59	111364	26	366	0	200
1687463404.655		125380	238	84	124904	154	124901	26	366	0	200
1687463404.802		119893	278	74	119383	158	119380	26	366	0	200
1687463404.949		127072	297	71	126565	139	126564	26	366	0	200
1687463405.093		86268	201	50	85914	103	85912	26	366	0	200
1687463405.239		43630	126	23	43429	52	43427	26	366	0	200
1687463405.384		172124	266	83	171701	74	171704	26	366	0	200
1687463405.529		61009	192	65	60694	58	60698	26	366	0	200
1687463405.672		130114	272	71	129631	140	129627	26	366	0	200
1687463405.815		120742	255	73	120281	133	120280	26	366	0	200
1687463405.959		129230	289	68	128727	146	128724	26	366	0	200
1687463406.101		115533	324	100	115027	82	115035	26	366	0	200
1687463406.244		46477	153	37	46227	60	46227	26	366	0	200
1687463406.386		127597	299	78	127084	136	127083	26	366	0	200
1687463406.526		114067	283	69	113655	60	113658	26	366	0	200
1687463406.668		133361	284	72	132894	111	132894	26	366	0	200
1687463406.809		147682	261	88	147234	99	147239	26	366	0	200
1687463406.948		85443	180	47	85112	104	85111	26	366	0	200
1687463407.089		109622	251	88	109178	105	109180	26	366	0	200
1687463407.228		87627	228	53	87239	107	87235	26	366	0	200
1687463407.367		47735	108	28	47549	50	47546	26	366	0	200
1687463407.504		43369	88	21	43206	54	43202	26	366	0	200
1687463407.643		126086	301	79	125548	158	125537	26	366	0	200
1687463407.781		119383	356	94	118798	135	118800	26	366	0	200
1687463407.917		133885	330	72	133343	140	133343	26	366	0	200
1687463408.054		89854	225	68	89513	48	89519	26	366	0	200
1687463408.191		50109	127	27	49885	70	49882	26	366	0	200
1687463408.327		130419	304	77	129937	101	129939	26	366	0	200
1687463408.463		78688	155	39	78422	72	78421	26	366	0	200
1687463408.598		41950	91	20	41773	66	41772	26	366	0	200
1687463408.734		40079	109	22	39892	56	39888	26	366	0	200
1687463408.869		128937	307	78	128394	158	128394	26	366	0	200
1687463409.002		124641	211	64	124248	118	124247	26	366	0	200
1687463409.136		67505	137	38	67265	65	67264	26	366	0	200
1687463409.271		121848	287	70	121329	162	121328	26	366	0	200
1687463409.404		188895	175	56	188590	74	188592	26	366	0	200
1687463409.537		92900	250	66	92534	50	92541	26	366	0	200
1687463409.669		43493	121	25	43283	64	43281	26	366	0	200
1687463409.801		42860	121	31	42655	53	42655	26	366	0	200
1687463409.932		122608	301	78	122069	160	122069	26	366	0	200
1687463410.064		88246	246	66	87871	63	87873	26	366	0	200
1687463410.196		115992	181	43	115622	146	115615	26	366	0	200
1687463410.327		115533	286	67	115085	95	115087	26	366	0	200
1687463410.457		54425	225	62	54090	48	54094	26	366	0	200
1687463410.586		46077	121	31	45864	61	45865	26	366	0	200
1687463410.717		43571	153	20	43334	64	43332	26	366	0	200
1687463410.845		46191	142	32	45951	66	45951	26	366	0	200
1687463410.976		46416	146	32	46165	73	46164	26	366	0	200
1687463411.103		43019	136	25	42807	51	42805	26	366	0	200
1687463411.233		41759	111	22	41568	58	41552	26	366	0	200
1687463411.361		47955	128	42	47730	55	47727	26	366	0	200
1687463411.488		101559	305	83	101074	97	101082	26	366	0	200
1687463411.617		119853	361	95	119333	64	119339	26	366	0	200
1687463411.744		44445	80	33	44281	51	44278	26	366	0	200
1687463411.871		48398	178	39	48123	58	48123	26	366	0	200
1687463411.997		43214	87	46	43035	46	43031	26	366	0	200
1687463412.124		44070	88	17	43903	62	43898	26	366	0	200
1687463412.249		44968	139	38	44724	67	44721	26	366	0	200
1687463412.376		43354	134	16	43138	66	43136	26	366	0	200
1687463412.500		44023	121	27	43810	65	43809	26	366	0	200
1687463412.626		44305	151	33	44069	52	44068	26	366	0	200
1687463412.751		126005	239	54	125562	150	125560	26	366	0	200
1687463412.876		132706	248	76	132257	125	132258	26	366	0	200
1687463413.000		111872	267	79	111482	44	111490	26	366	0	200
1687463413.123		43563	131	20	43330	82	43328	26	366	0	200
1687463413.248		45446	93	31	45255	67	45251	26	366	0	200
1687463413.370		139090	364	118	138452	156	138455	26	366	0	200
1687463413.493		90012	269	81	89593	69	89598	26	366	0	200
1687463413.616		120091	249	71	119637	134	119635	26	366	0	200
1687463413.739		120544	216	76	120083	169	120080	26	366	0	200
1687463413.862		114719	266	89	114305	59	114311	26	366	0	200
1687463413.983		41738	63	18	41593	64	41589	26	366	0	200
1687463414.105		44167	74	17	44024	52	44022	26	366	0	200
1687463414.227		42514	101	19	42344	50	42340	26	366	0	200
1687463414.347		130760	271	72	130352	65	130359	26	366	0	200
1687463414.468		49671	137	39	49443	52	49444	26	366	0	200
1687463414.589		47184	122	27	46954	81	46953	26	366	0	200
1687463414.710		41936	62	37	41765	72	41761	26	366	0	200
1687463414.831		43147	171	18	42913	45	42909	26	366	0	200
1687463414.951		42144	109	52	41927	56	41937	26	366	0	200
1687463415.070		150310	294	75	149822	119	149824	26	366	0	200
1687463415.189		157147	229	64	156798	56	156803	26	366	0	200
1687463415.308		66546	221	96	66174	55	66179	26	366	0	200
1687463415.428		44188	142	35	43956	55	43952	26	366	0	200
1687463415.545		161035	320	98	160549	68	160559	26	366	0	200
1687463415.665		69447	369	104	68921	53	68931	26	366	0	200
1687463415.783		123779	286	73	123273	147	123273	26	366	0	200
1687463415.901		122390	226	67	121951	146	121950	26	366	0	200
1687463416.018		103638	296	109	103175	58	103182	26	366	0	200
1687463416.136		129506	293	53	129021	139	129023	26	366	0	200
1687463416.252		127145	247	69	126737	92	126738	26	366	0	200
1687463416.369		95405	164	61	95065	115	95063	26	366	0	200
1687463416.486		76139	210	52	75817	60	75820	26	366	0	200
1687463416.603		43096	143	33	42874	46	42871	26	366	0	200
1687463416.719		42751	87	22	42584	58	42580	26	366	0	200
1687463416.834		142338	296	78	141841	123	141842	26	366	0	200
1687463416.950		142162	290	79	141620	173	141621	26	366	0	200
1687463417.066		77603	259	76	77217	51	77225	26	366	0	200
1687463417.182		43284	124	26	43086	48	43084	26	366	0	200
1687463417.296		41806	89	55	41600	62	41596	26	366	0	200
1687463417.410		46055	101	25	45874	55	45873	26	366	0	200
1687463417.526		47466	100	23	47280	63	47276	26	366	0	200
1687463417.640		41828	84	35	41634	75	41631	26	366	0	200
1687463417.754		42657	97	71	42436	53	42434	26	366	0	200
1687463417.869		42520	100	22	42334	64	42330	26	366	0	200
1687463417.981		42333	79	38	42170	46	42169	26	366	0	200
1687463418.095		42835	127	31	42616	61	42615	26	366	0	200
1687463418.208		157741	246	70	157360	65	157366	26	366	0	200
1687463418.322		72525	246	67	72162	50	72166	26	366	0	200
1687463418.435		41547	63	54	41372	58	41368	26	366	0	200
1687463418.547		143960	286	67	143507	100	143510	26	366	0	200
1687463418.660		105212	340	108	104643	121	104647	26	366	0	200
1687463418.772		92675	186	50	92325	114	92323	26	366	0	200
1687463418.884		122060	303	81	121611	65	121617	26	366	0	200
1687463418.996		54519	172	46	54244	57	54243	26	366	0	200
1687463419.107		47055	136	51	46818	50	46818	26	366	0	200
1687463419.219		42313	93	22	42126	72	42122	26	366	0	200
1687463419.329		47412	134	18	47143	117	47136	26	366	0	200
1687463419.441		136820	343	76	136283	118	136285	26	366	0	200
1687463419.552		122513	251	88	122114	60	122120	26	366	0	200
1687463419.661		49701	99	35	49505	62	49504	26	366	0	200
1687463419.771		139779	301	78	139216	184	139216	26	366	0	200
1687463419.883		143527	322	107	142957	141	142963	26	366	0	200
1687463419.991		93357	235	64	93002	56	93005	26	366	0	200
1687463420.102		43340	123	34	43122	61	43121	26	366	0	200
1687463420.211		135759	292	83	135200	184	135201	26	366	0	200
1687463420.321		126371	270	71	125955	75	125960	26	366	0	200
1687463420.430		55641	230	74	55275	62	55282	26	366	0	200
1687463420.539		39615	127	20	39421	47	39418	26	366	0	200
1687463420.648		46361	87	18	46203	53	46200	26	366	0	200
1687463420.755		42444	107	17	42269	51	42266	26	366	0	200
1687463420.864		43220	116	17	43016	71	43012	26	366	0	200
1687463420.972		44915	70	31	44758	56	44754	26	366	0	200
1687463421.081		57215	121	42	56982	70	57006	26	366	0	200
1687463421.188		134405	371	109	133795	130	133799	26	366	0	200
1687463421.295		111784	284	95	111354	51	111360	26	366	0	200
1687463421.403		62624	104	23	62446	51	62445	26	366	0	200
1687463421.511		44672	107	24	44477	64	44475	26	366	0	200
1687463421.618		44230	80	20	44086	44	44082	26	366	0	200
1687463421.725		45970	150	18	45728	74	45742	26	366	0	200
1687463421.832		135930	301	75	135440	114	135440	26	366	0	200
1687463421.938		83528	301	80	83079	68	83084	26	366	0	200
1687463422.045		46231	101	37	46021	72	46017	26	366	0	200
1687463422.151		42380	113	20	42200	47	42199	26	366	0	200
1687463422.257		42634	141	41	42374	78	42393	26	366	0	200
1687463422.361		42258	69	18	42123	48	42120	26	366	0	200
1687463422.467		42668	79	15	42521	53	42517	26	366	0	200
1687463422.574		45671	157	20	45436	58	45432	26	366	0	200
1687463422.679		42950	71	54	42778	47	42774	26	366	0	200
1687463422.784		44558	92	38	44364	64	44358	26	366	0	200
1687463422.889		42395	98	21	42209	67	42206	26	366	0	200
1687463422.994		41041	76	15	40889	61	40887	26	366	0	200
1687463423.098		43478	131	34	43212	101	43230	26	366	0	200
1687463423.201		43961	58	21	43821	61	43817	26	366	0	200
1687463423.307		44622	91	32	44445	54	44442	26	366	0	200
1687463423.411		48089	139	25	47862	63	47859	26	366	0	200
1687463423.515		44590	94	21	44406	69	44404	26	366	0	200
1687463423.618		44771	99	18	44590	64	44585	26	366	0	200
1687463423.722		47168	85	18	47019	46	47015	26	366	0	200
1687463423.824		44031	65	24	43884	58	43882	26	366	0	200
1687463423.929		42526	69	19	42375	63	42371	26	366	0	200
1687463424.031		42958	86	22	42789	61	42786	26	366	0	200
1687463424.135		43654	145	29	43418	62	43417	26	366	0	200
1687463424.236		45277	62	17	45142	56	45138	26	366	0	200
1687463424.340		43481	86	21	43317	57	43309	26	366	0	200
1687463424.441		42920	90	22	42759	49	42756	26	366	0	200
1687463424.543		40884	89	21	40713	61	40711	26	366	0	200
1687463424.647		46267	87	23	46081	76	46077	26	366	0	200
1687463424.748		44147	83	30	43987	47	43983	26	366	0	200
1687463424.850		42137	84	23	41968	62	41966	26	366	0	200
1687463424.951		43253	94	34	43075	50	43072	26	366	0	200
1687463425.053		53574	165	38	53291	80	53291	26	366	0	200
1687463425.155		135161	288	75	134665	133	134667	26	366	0	200
1687463425.256		144464	271	84	143971	138	143971	26	366	0	200
1687463425.357		152606	241	65	152160	140	152157	26	366	0	200
1687463425.457		155486	294	84	154971	137	154959	26	366	0	200
1687463425.558		120125	265	75	119717	68	119729	26	366	0	200
1687463425.658		48434	171	54	48146	63	48148	26	366	0	200
1687463425.759		43695	92	31	43519	53	43516	26	366	0	200
1687463425.858		43768	92	23	43595	58	43592	26	366	0	200
