2023-06-22 19:49:25,895 [INFO] root tankworker.py:153	Log file created
2023-06-22 19:49:25,895 [INFO] root tankworker.py:157	Logging handler <FileHandler /var/loadtest/tank_errors.log (WARNING)> added
2023-06-22 19:49:25,895 [INFO] root tankworker.py:157	Logging handler <StreamHandler <stdout> (INFO)> added
2023-06-22 19:49:25,895 [INFO] root tankworker.py:157	Logging handler <StreamHandler <stderr> (NOTSET)> added
2023-06-22 19:49:25,903 [INFO] root tankworker.py:69	Created a folder for the test. /var/loadtest/logs/2023-06-22_19-49-25.875630
2023-06-22 19:49:25,903 [INFO] yandextank.core.tankcore tankcore.py:254	Configuring plugins...
2023-06-22 19:49:25,904 [INFO] yandextank.core.tankcore tankcore.py:205	Loading plugins...
2023-06-22 19:49:25,904 [INFO] yandextank.core.tankcore tankcore.py:215	Trying to import module: autostop
2023-06-22 19:49:25,904 [INFO] yandextank.core.tankcore tankcore.py:216	Path: yandextank.plugins.Autostop
2023-06-22 19:49:25,904 [INFO] yandextank.core.tankcore tankcore.py:215	Trying to import module: console
2023-06-22 19:49:25,904 [INFO] yandextank.core.tankcore tankcore.py:216	Path: yandextank.plugins.Console
2023-06-22 19:49:25,904 [INFO] yandextank.core.tankcore tankcore.py:215	Trying to import module: json_report
2023-06-22 19:49:25,904 [INFO] yandextank.core.tankcore tankcore.py:216	Path: yandextank.plugins.JsonReport
2023-06-22 19:49:25,904 [INFO] yandextank.core.tankcore tankcore.py:215	Trying to import module: phantom
2023-06-22 19:49:25,905 [INFO] yandextank.core.tankcore tankcore.py:216	Path: yandextank.plugins.Phantom
2023-06-22 19:49:25,905 [INFO] yandextank.core.tankcore tankcore.py:215	Trying to import module: rcheck
2023-06-22 19:49:25,905 [INFO] yandextank.core.tankcore tankcore.py:216	Path: yandextank.plugins.ResourceCheck
2023-06-22 19:49:25,905 [INFO] yandextank.core.tankcore tankcore.py:215	Trying to import module: shellexec
2023-06-22 19:49:25,905 [INFO] yandextank.core.tankcore tankcore.py:216	Path: yandextank.plugins.ShellExec
2023-06-22 19:49:25,905 [INFO] yandextank.core.tankcore tankcore.py:215	Trying to import module: rcassert
2023-06-22 19:49:25,905 [INFO] yandextank.core.tankcore tankcore.py:216	Path: yandextank.plugins.RCAssert
2023-06-22 19:49:25,908 [INFO] yandextank.common.util util.py:578	Testing connection to resolved address 172.24.0.2 and port 80
2023-06-22 19:49:25,908 [INFO] yandextank.plugins.Phantom.utils utils.py:277	Resolved server into 172.24.0.2:80
2023-06-22 19:49:25,909 [INFO] yandextank.stepper.main main.py:197	Configuring StepperWrapper...
2023-06-22 19:49:25,909 [INFO] yandextank.stepper.main main.py:336	Making stpd-file: /var/loadtest/logs/_9076aced7b202675576c8d51436c18ff.stpd
2023-06-22 19:49:25,910 [INFO] yandextank.stepper.config config.py:126	Using UriStyleGenerator ammo reader
2023-06-22 19:49:25,939 [INFO] yandextank.core.tankcore tankcore.py:268	Preparing test...
2023-06-22 19:49:25,946 [INFO] yandextank.common.interfaces plugin.py:38	Checking tank resources...
2023-06-22 19:49:25,951 [INFO] yandextank.core.tankcore tankcore.py:278	Starting test...
2023-06-22 19:49:25,951 [INFO] yandextank.aggregator.tank_aggregator tank_aggregator.py:65	using verbose histogram
2023-06-22 19:49:25,953 [INFO] yandextank.core.tankcore tankcore.py:285	Plugin plugin_autostop required 0.000005 seconds to start
2023-06-22 19:49:25,953 [INFO] yandextank.core.tankcore tankcore.py:285	Plugin plugin_console required 0.000003 seconds to start
2023-06-22 19:49:25,954 [INFO] yandextank.core.tankcore tankcore.py:285	Plugin plugin_json_report required 0.000003 seconds to start
2023-06-22 19:49:25,957 [INFO] yandextank.core.tankcore tankcore.py:285	Plugin plugin_phantom required 0.003314 seconds to start
2023-06-22 19:49:25,957 [INFO] yandextank.core.tankcore tankcore.py:285	Plugin plugin_rcheck required 0.000012 seconds to start
2023-06-22 19:49:25,957 [INFO] yandextank.core.tankcore tankcore.py:285	Plugin plugin_shellexec required 0.000012 seconds to start
2023-06-22 19:49:25,957 [INFO] yandextank.core.tankcore tankcore.py:285	Plugin plugin_rcassert required 0.000003 seconds to start
2023-06-22 19:49:25,958 [INFO] yandextank.core.tankcore tankcore.py:294	Waiting for test to finish...
2023-06-22 19:49:25,958 [INFO] yandextank.core.tankcore tankcore.py:295	Artifacts dir: /var/loadtest/logs/2023-06-22_19-49-25.875630
2023-06-22 19:50:26,159 [INFO] yandextank.plugins.Phantom.plugin plugin.py:155	Phantom done its work with exit code: 0
2023-06-22 19:50:26,160 [INFO] yandextank.core.tankcore tankcore.py:331	Finishing test...
2023-06-22 19:50:26,160 [INFO] yandextank.core.tankcore tankcore.py:334	Stopping load generator and aggregator
2023-06-22 19:50:26,160 [INFO] yandextank.aggregator.tank_aggregator tank_aggregator.py:126	Closing stats reader
2023-06-22 19:50:26,160 [INFO] yandextank.aggregator.tank_aggregator tank_aggregator.py:129	Waiting for gun drain to finish
2023-06-22 19:50:26,859 [INFO] yandextank.aggregator.tank_aggregator tank_aggregator.py:131	Waiting for stats drain to finish
2023-06-22 19:50:26,859 [INFO] yandextank.aggregator.tank_aggregator tank_aggregator.py:133	Collecting remaining data
2023-06-22 19:50:26,860 [INFO] yandextank.aggregator.tank_aggregator tank_aggregator.py:111	Timestamps without stats:
2023-06-22 19:50:26,860 [INFO] yandextank.aggregator.tank_aggregator tank_aggregator.py:113	1687463424
2023-06-22 19:50:26,861 [INFO] yandextank.aggregator.tank_aggregator tank_aggregator.py:113	1687463425
2023-06-22 19:50:26,862 [INFO] yandextank.core.tankcore tankcore.py:338	Stopping monitoring
2023-06-22 19:50:26,862 [INFO] yandextank.core.tankcore tankcore.py:361	Post-processing test...
2023-06-22 19:50:26,863 [INFO] yandextank.common.util util.py:816	Trying to clean up
2023-06-22 19:50:26,863 [INFO] yandextank.core.tankcore tankcore.py:562	Cleaning up plugin plugin_autostop
2023-06-22 19:50:26,863 [INFO] yandextank.core.tankcore tankcore.py:562	Cleaning up plugin plugin_console
2023-06-22 19:50:26,863 [INFO] yandextank.core.tankcore tankcore.py:562	Cleaning up plugin plugin_json_report
2023-06-22 19:50:26,863 [INFO] yandextank.core.tankcore tankcore.py:562	Cleaning up plugin plugin_phantom
2023-06-22 19:50:26,863 [INFO] yandextank.core.tankcore tankcore.py:562	Cleaning up plugin plugin_rcheck
2023-06-22 19:50:26,863 [INFO] yandextank.core.tankcore tankcore.py:562	Cleaning up plugin plugin_shellexec
2023-06-22 19:50:26,863 [INFO] yandextank.core.tankcore tankcore.py:562	Cleaning up plugin plugin_rcassert
2023-06-22 19:50:26,863 [INFO] yandextank.core.tankcore tankcore.py:630	Releasing lock: /var/lock/lunapark_v982_0v9.lock
2023-06-22 19:50:26,865 [INFO] yandextank.core.tankcore tankcore.py:405	Artifacts dir: /var/loadtest/logs/2023-06-22_19-49-25.875630
2023-06-22 19:50:26,865 [INFO] yandextank.core.tankcore tankcore.py:461	File not found to collect: validation_error.yaml
2023-06-22 19:50:26,865 [INFO] yandextank.core.tankcore tankcore.py:466	File already exists: /var/loadtest/logs/2023-06-22_19-49-25.875630/answ_hrvmwurf.log
2023-06-22 19:50:26,865 [INFO] yandextank.core.tankcore tankcore.py:466	File already exists: /var/loadtest/logs/2023-06-22_19-49-25.875630/phout_iz42jibd.log
2023-06-22 19:50:26,865 [INFO] yandextank.core.tankcore tankcore.py:466	File already exists: /var/loadtest/logs/2023-06-22_19-49-25.875630/phantom_stat_mkw3r35u.log
2023-06-22 19:50:26,865 [INFO] yandextank.core.tankcore tankcore.py:466	File already exists: /var/loadtest/logs/2023-06-22_19-49-25.875630/phantom_934fjwhh.log
2023-06-22 19:50:26,865 [INFO] yandextank.core.tankcore tankcore.py:466	File already exists: /var/loadtest/logs/2023-06-22_19-49-25.875630/phantom_n_xmeqvi.conf
2023-06-22 19:50:26,866 [INFO] yandextank.core.tankcore tankcore.py:466	File already exists: /var/loadtest/logs/2023-06-22_19-49-25.875630/phantom_stdout_stderr_6v7f0eow.log
