1687462999.564		279	146	41	57	35	68	18	407	0	400
1687463000.557		882	351	96	199	236	205	18	407	0	400
1687463001.534		844	329	97	164	254	171	18	407	0	400
1687463002.499		805	326	95	166	218	171	18	407	0	400
1687463003.451		481	214	69	75	123	81	18	407	0	400
1687463004.390		795	294	78	196	227	201	18	407	0	400
1687463005.316		817	306	78	204	229	208	18	407	0	400
1687463006.231		805	287	73	218	227	223	18	407	0	400
1687463007.134		802	304	79	202	217	207	18	407	0	400
1687463008.027		740	305	113	116	206	126	18	407	0	400
1687463008.909		838	303	80	197	258	200	18	407	0	400
1687463009.782		821	305	76	208	232	212	18	407	0	400
1687463010.644		737	310	114	109	204	120	18	407	0	400
1687463011.496		755	297	71	145	242	155	18	407	0	400
1687463012.339		789	333	105	134	217	146	18	407	0	400
1687463013.174		718	297	116	108	197	117	18	407	0	400
1687463014.000		280	121	35	50	74	52	18	407	0	400
1687463014.818		798	304	76	194	224	200	18	407	0	400
1687463015.628		624	209	53	217	145	223	18	407	0	400
1687463016.431		837	297	79	207	254	212	18	407	0	400
1687463017.224		282	119	17	45	101	47	18	407	0	400
1687463018.011		845	298	81	213	253	216	18	407	0	400
1687463018.791		716	298	109	110	199	120	18	407	0	400
1687463019.565		828	419	85	139	185	273	18	407	0	400
1687463020.329		767	300	80	187	200	191	18	407	0	400
1687463021.089		817	300	79	194	244	198	18	407	0	400
1687463021.842		803	309	80	194	220	199	18	407	0	400
1687463022.588		747	314	124	103	206	113	18	407	0	400
1687463023.329		837	301	76	216	244	221	18	407	0	400
1687463024.063		357	141	56	60	100	62	18	407	0	400
1687463024.790		765	296	76	199	194	202	18	407	0	400
1687463025.513		728	305	110	106	207	117	18	407	0	400
1687463026.230		842	305	79	209	249	213	18	407	0	400
1687463026.943		845	356	111	194	184	203	18	407	0	400
1687463027.648		666	327	86	112	141	121	18	407	0	400
1687463028.350		405	156	24	89	136	110	18	407	0	400
1687463029.046		792	293	77	215	207	221	18	407	0	400
1687463029.737		827	323	77	179	248	184	18	407	0	400
1687463030.422		777	301	80	179	217	183	18	407	0	400
1687463031.104		793	311	78	192	212	198	18	407	0	400
1687463031.779		766	294	72	192	208	198	18	407	0	400
1687463032.451		773	294	74	193	212	197	18	407	0	400
1687463033.120		721	299	75	166	181	177	18	407	0	400
1687463033.782		774	302	79	185	208	189	18	407	0	400
1687463034.441		801	308	79	200	214	206	18	407	0	400
1687463035.095		491	211	62	81	137	89	18	407	0	400
1687463035.745		338	105	22	88	123	110	18	407	0	400
1687463036.391		349	131	36	94	88	117	18	407	0	400
1687463037.033		787	303	76	202	206	206	18	407	0	400
1687463037.672		348	157	30	69	92	72	18	407	0	400
1687463038.306		814	300	78	221	215	226	18	407	0	400
1687463038.938		819	309	79	188	243	198	18	407	0	400
1687463039.564		795	304	137	141	213	145	18	407	0	400
1687463040.188		333	128	26	103	76	104	18	407	0	400
1687463040.806		809	299	74	202	234	206	18	407	0	400
1687463041.422		824	302	77	220	225	225	18	407	0	400
1687463042.035		715	233	66	212	204	218	18	407	0	400
1687463042.645		689	271	85	140	193	149	18	407	0	400
1687463043.250		329	123	25	102	79	103	18	407	0	400
1687463043.852		727	301	79	155	192	165	18	407	0	400
1687463044.452		832	299	74	232	227	234	18	407	0	400
1687463045.048		776	291	77	167	241	178	18	407	0	400
1687463045.640		723	254	112	153	204	160	18	407	0	400
1687463046.230		799	311	77	208	203	212	18	407	0	400
1687463046.818		765	311	80	184	190	192	18	407	0	400
1687463047.401		760	283	73	217	187	221	18	407	0	400
1687463047.982		778	300	91	170	217	177	18	407	0	400
1687463048.560		729	306	111	112	200	123	18	407	0	400
1687463049.135		812	306	74	212	220	216	18	407	0	400
1687463049.707		271	120	26	68	57	70	18	407	0	400
1687463050.277		763	297	74	201	191	205	18	407	0	400
1687463050.842		785	295	77	195	218	199	18	407	0	400
1687463051.406		279	89	24	54	112	57	18	407	0	400
1687463051.968		843	299	74	217	253	218	18	407	0	400
1687463052.526		581	208	55	155	163	159	18	407	0	400
1687463053.082		769	316	111	124	218	133	18	407	0	400
1687463053.636		753	305	110	121	217	130	18	407	0	400
1687463054.186		238	103	27	34	74	38	18	407	0	400
1687463054.736		736	307	112	115	202	125	18	407	0	400
1687463055.282		703	270	67	160	206	168	18	407	0	400
1687463055.824		842	304	125	191	222	195	18	407	0	400
1687463056.366		810	365	116	115	214	126	18	407	0	400
1687463056.904		758	294	74	163	227	173	18	407	0	400
1687463057.441		261	124	23	38	76	42	18	407	0	400
1687463057.975		811	300	73	205	233	209	18	407	0	400
1687463058.506		827	302	76	212	237	217	18	407	0	400
1687463059.037		810	303	79	213	215	220	18	407	0	400
1687463059.563		770	295	79	197	199	201	18	407	0	400
1687463060.090		801	304	80	207	210	213	18	407	0	400
1687463060.612		413	158	37	90	128	95	18	407	0	400
1687463061.134		809	302	77	210	220	215	18	407	0	400
1687463061.652		687	288	74	145	180	155	18	407	0	400
1687463062.169		290	125	45	34	86	38	18	407	0	400
1687463062.683		771	285	74	199	213	203	18	407	0	400
1687463063.197		713	255	72	181	205	182	18	407	0	400
1687463063.706		396	158	38	84	116	105	18	407	0	400
1687463064.215		272	94	38	58	82	63	18	407	0	400
1687463064.722		415	127	47	116	125	118	18	407	0	400
1687463065.226		363	163	23	91	86	92	18	407	0	400
1687463065.730		332	125	26	108	73	109	18	407	0	400
1687463066.230		275	127	30	47	71	52	18	407	0	400
1687463066.729		287	118	33	50	86	53	18	407	0	400
1687463067.227		563	195	50	169	149	172	18	407	0	400
1687463067.723		573	211	55	175	132	178	18	407	0	400
1687463068.216		253	101	42	53	57	55	18	407	0	400
1687463068.707		750	265	74	197	214	202	18	407	0	400
1687463069.198		924	402	119	177	226	190	18	407	0	400
1687463069.686		316	156	35	50	75	56	18	407	0	400
1687463070.172		864	349	80	207	228	212	18	407	0	400
1687463070.658		789	308	75	205	201	211	18	407	0	400
1687463071.140		725	281	96	99	249	109	18	407	0	400
1687463071.622		309	110	24	105	70	129	18	407	0	400
1687463072.101		711	296	79	161	175	171	18	407	0	400
1687463072.579		733	297	107	158	171	167	18	407	0	400
1687463073.055		851	312	80	223	236	228	18	407	0	400
1687463073.530		882	303	79	252	248	256	18	407	0	400
1687463074.005		723	287	106	110	220	120	18	407	0	400
1687463074.475		263	121	24	32	86	35	18	407	0	400
1687463074.945		772	299	74	197	202	201	18	407	0	400
1687463075.414		423	222	57	60	84	64	18	407	0	400
1687463075.882		759	308	107	114	230	124	18	407	0	400
1687463076.347		789	283	74	218	214	224	18	407	0	400
1687463076.810		811	299	88	199	225	203	18	407	0	400
1687463077.273		472	182	48	111	131	113	18	407	0	400
1687463077.735		701	272	70	140	219	150	18	407	0	400
1687463078.194		836	308	78	199	251	201	18	407	0	400
1687463078.652		629	252	77	105	195	115	18	407	0	400
1687463079.109		848	305	74	217	252	222	18	407	0	400
1687463079.565		908	384	86	201	237	205	18	407	0	400
1687463080.017		287	110	51	32	94	35	18	407	0	400
1687463080.471		831	302	77	219	233	222	18	407	0	400
1687463080.922		841	308	76	199	258	205	18	407	0	400
1687463081.372		346	130	32	107	77	110	18	407	0	400
1687463081.819		417	158	35	126	98	128	18	407	0	400
1687463082.266		298	105	25	99	69	100	18	407	0	400
1687463082.713		844	317	87	205	235	210	18	407	0	400
1687463083.156		712	305	108	98	201	111	18	407	0	400
1687463083.599		335	185	19	46	85	49	18	407	0	400
1687463084.042		248	103	21	49	75	52	18	407	0	400
1687463084.482		256	117	41	43	55	45	18	407	0	400
1687463084.921		812	295	74	194	249	198	18	407	0	400
1687463085.358		808	290	83	201	234	207	18	407	0	400
1687463085.796		547	194	46	156	151	158	18	407	0	400
1687463086.231		270	121	38	50	61	55	18	407	0	400
1687463086.664		720	308	80	155	177	165	18	407	0	400
1687463087.097		772	297	79	190	206	193	18	407	0	400
1687463087.530		384	169	23	91	101	112	18	407	0	400
1687463087.961		820	318	78	195	229	201	18	407	0	400
1687463088.389		790	299	96	173	222	179	18	407	0	400
1687463088.817		745	297	76	188	184	194	18	407	0	400
1687463089.245		812	342	121	129	220	139	18	407	0	400
1687463089.670		336	98	20	120	98	142	18	407	0	400
1687463090.096		276	120	34	49	73	71	18	407	0	400
1687463090.518		723	259	73	189	202	191	18	407	0	400
1687463090.940		763	297	77	149	240	159	18	407	0	400
1687463091.363		683	266	68	165	184	172	18	407	0	400
1687463091.783		326	96	44	102	84	105	18	407	0	400
1687463092.202		817	308	74	209	226	212	18	407	0	400
1687463092.619		1004	454	123	192	235	246	18	407	0	400
1687463093.036		668	273	68	159	168	168	18	407	0	400
1687463093.451		315	146	31	76	62	81	18	407	0	400
1687463093.866		803	307	74	216	206	222	18	407	0	400
1687463094.281		300	110	24	104	62	106	18	407	0	400
1687463094.692		253	99	34	44	76	47	18	407	0	400
1687463095.105		836	299	92	187	258	191	18	407	0	400
1687463095.514		771	296	79	191	205	195	18	407	0	400
1687463095.925		250	84	37	29	100	33	18	407	0	400
1687463096.332		383	188	19	91	85	93	18	407	0	400
1687463096.741		379	101	44	95	139	82	18	407	0	400
1687463097.146		810	305	76	205	224	209	18	407	0	400
1687463097.552		812	310	85	178	239	190	18	407	0	400
1687463097.956		817	294	78	198	247	209	18	407	0	400
1687463098.359		734	311	111	104	208	113	18	407	0	400
1687463098.762		716	298	105	119	194	127	18	407	0	400
1687463099.163		831	313	80	194	244	199	18	407	0	400
1687463099.564		844	305	74	237	228	242	18	407	0	400
1687463099.964		817	299	78	194	246	201	18	407	0	400
1687463100.362		716	259	70	179	208	182	18	407	0	400
1687463100.759		765	269	78	215	203	220	18	407	0	400
1687463101.157		785	301	73	199	212	202	18	407	0	400
1687463101.552		777	295	81	170	231	178	18	407	0	400
1687463101.946		789	301	78	200	210	206	18	407	0	400
1687463102.340		280	131	28	60	61	64	18	407	0	400
1687463102.733		795	299	80	195	221	198	18	407	0	400
1687463103.126		822	294	74	215	239	221	18	407	0	400
1687463103.518		827	302	76	202	247	207	18	407	0	400
1687463103.908		723	303	112	112	196	124	18	407	0	400
1687463104.297		409	156	33	144	76	146	18	407	0	400
1687463104.685		268	137	43	42	46	45	18	407	0	400
1687463105.073		816	372	117	119	208	129	18	407	0	400
1687463105.459		761	311	109	128	213	136	18	407	0	400
1687463105.845		751	262	74	196	219	202	18	407	0	400
1687463106.230		743	291	71	185	196	191	18	407	0	400
1687463106.614		770	308	113	114	235	126	18	407	0	400
1687463106.999		815	295	78	195	247	202	18	407	0	400
1687463107.380		840	307	106	206	221	210	18	407	0	400
1687463107.762		870	399	133	121	217	134	18	407	0	400
1687463108.144		789	298	76	194	221	198	18	407	0	400
1687463108.523		817	301	79	194	243	200	18	407	0	400
1687463108.903		363	166	27	88	82	111	18	407	0	400
1687463109.281		889	407	119	140	223	151	18	407	0	400
1687463109.658		745	303	112	115	215	126	18	407	0	400
1687463110.036		724	298	73	173	180	182	18	407	0	400
1687463110.412		598	204	52	214	128	218	18	407	0	400
1687463110.787		745	288	74	196	187	200	18	407	0	400
1687463111.160		788	308	79	198	203	205	18	407	0	400
1687463111.534		861	324	111	193	233	201	18	407	0	400
1687463111.906		773	293	79	190	211	195	18	407	0	400
1687463112.279		287	134	40	36	77	61	18	407	0	400
1687463112.650		834	294	85	197	258	201	18	407	0	400
1687463113.021		772	333	112	116	211	124	18	407	0	400
1687463113.391		752	299	75	183	195	188	18	407	0	400
1687463113.759		786	297	79	193	217	200	18	407	0	400
1687463114.128		725	308	78	156	183	165	18	407	0	400
1687463114.495		814	299	78	190	247	194	18	407	0	400
1687463114.862		271	94	47	43	87	45	18	407	0	400
1687463115.227		739	293	77	178	191	185	18	407	0	400
1687463115.593		741	298	109	125	209	134	18	407	0	400
1687463115.958		832	309	81	205	237	210	18	407	0	400
1687463116.321		803	281	71	236	215	240	18	407	0	400
1687463116.684		860	301	126	188	245	194	18	407	0	400
1687463117.047		896	299	82	237	278	245	18	407	0	400
1687463117.408		232	113	24	54	41	57	18	407	0	400
1687463117.770		796	294	76	222	204	226	18	407	0	400
1687463118.130		807	297	77	204	229	208	18	407	0	400
1687463118.489		765	306	109	166	184	173	18	407	0	400
1687463118.849		739	304	112	122	201	133	18	407	0	400
1687463119.207		663	246	93	150	174	157	18	407	0	400
1687463119.564		702	301	79	161	161	171	18	407	0	400
1687463119.921		758	293	97	178	190	182	18	407	0	400
1687463120.276		798	307	147	134	210	138	18	407	0	400
1687463120.633		846	293	78	246	229	250	18	407	0	400
1687463120.987		785	292	73	206	214	213	18	407	0	400
1687463121.342		414	144	29	144	97	144	18	407	0	400
1687463121.694		820	296	78	214	232	217	18	407	0	400
1687463122.047		304	86	18	78	122	79	18	407	0	400
1687463122.400		819	303	81	206	229	212	18	407	0	400
1687463122.751		794	298	78	211	207	215	18	407	0	400
1687463123.102		811	299	78	209	225	213	18	407	0	400
1687463123.452		267	125	38	37	67	42	18	407	0	400
1687463123.801		745	298	74	184	189	190	18	407	0	400
1687463124.150		866	348	78	210	230	215	18	407	0	400
1687463124.498		786	302	78	192	214	199	18	407	0	400
1687463124.846		239	119	28	43	49	46	18	407	0	400
1687463125.194		817	300	78	204	235	208	18	407	0	400
1687463125.539		294	115	37	46	96	49	18	407	0	400
1687463125.886		325	121	40	95	69	111	18	407	0	400
1687463126.231		805	298	76	200	231	205	18	407	0	400
1687463126.575		813	295	78	200	240	205	18	407	0	400
1687463126.920		754	302	79	162	211	173	18	407	0	400
1687463127.263		365	125	29	118	93	121	18	407	0	400
1687463127.606		784	303	76	191	214	198	18	407	0	400
1687463127.947		799	301	80	193	225	199	18	407	0	400
1687463128.288		272	109	41	28	94	30	18	407	0	400
1687463128.630		817	302	79	197	239	200	18	407	0	400
1687463128.969		787	293	72	212	210	217	18	407	0	400
1687463129.309		755	265	74	223	193	225	18	407	0	400
1687463129.648		747	292	73	165	217	176	18	407	0	400
1687463129.988		692	308	76	148	160	158	18	407	0	400
1687463130.325		390	149	34	114	93	117	18	407	0	400
1687463130.662		503	188	43	134	138	137	18	407	0	400
1687463131.000		812	299	77	205	231	213	18	407	0	400
1687463131.335		281	92	20	102	67	104	18	407	0	400
1687463131.672		665	260	74	149	182	158	18	407	0	400
1687463132.006		755	314	112	117	212	125	18	407	0	400
1687463132.341		382	141	33	110	98	112	18	407	0	400
1687463132.674		785	300	77	183	225	190	18	407	0	400
1687463133.008		671	278	113	106	174	117	18	407	0	400
1687463133.341		332	144	34	62	92	65	18	407	0	400
1687463133.674		785	302	75	192	216	197	18	407	0	400
1687463134.006		793	305	77	203	208	207	18	407	0	400
1687463134.336		259	114	26	40	79	43	18	407	0	400
1687463134.668		688	299	78	148	163	160	18	407	0	400
1687463134.998		247	102	41	40	64	44	18	407	0	400
1687463135.327		324	121	23	95	85	97	18	407	0	400
1687463135.656		724	300	74	150	200	160	18	407	0	400
1687463135.984		793	290	84	207	212	211	18	407	0	400
1687463136.312		260	114	25	44	77	49	18	407	0	400
1687463136.640		885	351	96	193	245	196	18	407	0	400
1687463136.967		813	314	81	190	228	195	18	407	0	400
1687463137.293		221	93	24	43	61	46	18	407	0	400
1687463137.619		809	293	77	208	231	210	18	407	0	400
1687463137.945		814	315	89	185	225	193	18	407	0	400
1687463138.270		745	305	111	118	211	128	18	407	0	400
1687463138.593		755	292	89	165	209	170	18	407	0	400
1687463138.918		299	80	33	80	106	81	18	407	0	400
1687463139.241		838	299	78	202	259	206	18	407	0	400
1687463139.564		882	315	79	249	239	256	18	407	0	400
1687463139.886		749	302	75	195	177	199	18	407	0	400
1687463140.208		741	249	134	142	216	145	18	407	0	400
1687463140.529		732	299	78	150	205	154	18	407	0	400
1687463140.851		454	180	41	125	108	130	18	407	0	400
1687463141.171		833	297	78	218	240	223	18	407	0	400
1687463141.491		765	280	70	193	222	196	18	407	0	400
1687463141.810		262	62	46	61	93	63	18	407	0	400
1687463142.129		762	307	67	183	205	187	18	407	0	400
1687463142.447		281	134	36	41	70	64	18	407	0	400
1687463142.766		834	316	80	183	255	190	18	407	0	400
1687463143.083		819	307	77	202	233	206	18	407	0	400
1687463143.399		382	149	33	109	91	111	18	407	0	400
1687463143.715		769	310	77	176	206	179	18	407	0	400
1687463144.032		701	291	81	158	171	168	18	407	0	400
1687463144.348		363	171	50	37	105	61	18	407	0	400
1687463144.662		233	101	28	38	66	41	18	407	0	400
1687463144.976		244	128	27	34	55	37	18	407	0	400
1687463145.291		774	299	77	188	210	193	18	407	0	400
1687463145.605		273	78	38	86	71	90	18	407	0	400
1687463145.917		275	103	19	75	78	77	18	407	0	400
1687463146.230		241	99	26	66	50	69	18	407	0	400
1687463146.543		832	304	78	196	254	201	18	407	0	400
1687463146.855		522	209	81	88	144	95	18	407	0	400
1687463147.167		809	312	75	208	214	212	18	407	0	400
1687463147.477		397	151	34	117	95	121	18	407	0	400
1687463147.787		792	298	76	190	228	194	18	407	0	400
1687463148.097		772	307	79	194	192	199	18	407	0	400
1687463148.407		419	143	42	103	131	105	18	407	0	400
1687463148.717		813	294	78	200	241	207	18	407	0	400
1687463149.024		756	295	78	161	222	171	18	407	0	400
1687463149.334		310	121	26	88	75	110	18	407	0	400
1687463149.641		851	352	85	162	252	168	18	407	0	400
1687463149.949		743	287	73	190	193	194	18	407	0	400
1687463150.256		759	299	75	192	193	198	18	407	0	400
1687463150.562		234	90	18	41	85	44	18	407	0	400
1687463150.867		441	162	42	130	107	134	18	407	0	400
1687463151.174		824	309	80	195	240	200	18	407	0	400
1687463151.478		242	120	30	35	57	38	18	407	0	400
1687463151.784		679	311	78	125	165	135	18	407	0	400
1687463152.088		719	296	78	158	187	171	18	407	0	400
1687463152.392		236	91	18	31	96	34	18	407	0	400
1687463152.696		346	130	32	78	106	79	18	407	0	400
1687463152.998		833	300	80	211	242	215	18	407	0	400
1687463153.301		733	294	118	110	211	120	18	407	0	400
1687463153.604		728	306	76	165	181	178	18	407	0	400
1687463153.906		615	259	89	100	167	108	18	407	0	400
1687463154.207		794	312	77	205	200	209	18	407	0	400
1687463154.508		337	81	35	121	100	122	18	407	0	400
1687463154.809		796	322	75	189	210	194	18	407	0	400
1687463155.108		940	342	148	180	270	187	18	407	0	400
1687463155.409		297	155	38	49	55	72	18	407	0	400
1687463155.708		719	297	79	151	192	161	18	407	0	400
1687463156.007		917	304	77	267	269	270	18	407	0	400
1687463156.305		812	292	81	197	242	203	18	407	0	400
1687463156.604		289	125	24	48	92	52	18	407	0	400
1687463156.901		303	104	35	86	78	88	18	407	0	400
1687463157.199		264	104	18	54	88	56	18	407	0	400
1687463157.495		255	84	53	33	85	35	18	407	0	400
1687463157.792		718	309	79	212	118	223	18	407	0	400
1687463158.088		260	89	28	34	109	37	18	407	0	400
1687463158.385		265	110	24	54	77	76	18	407	0	400
1687463158.679		852	304	80	238	230	241	18	407	0	400
1687463158.974		580	205	54	170	151	173	18	407	0	400
1687463159.269		802	288	74	246	194	252	18	407	0	400
1687463159.564		764	356	108	108	192	116	18	407	0	400
1687463159.857		789	299	77	215	198	218	18	407	0	400
1687463160.151		751	269	76	198	208	201	18	407	0	400
1687463160.445		297	112	38	62	85	65	18	407	0	400
1687463160.737		258	138	22	52	46	75	18	407	0	400
1687463161.029		295	68	31	79	117	80	18	407	0	400
1687463161.321		311	90	26	113	82	114	18	407	0	400
1687463161.614		826	298	74	211	243	217	18	407	0	400
1687463161.904		331	128	20	83	100	85	18	407	0	400
1687463162.195		791	295	79	213	204	220	18	407	0	400
1687463162.486		813	303	78	196	236	202	18	407	0	400
1687463162.776		808	318	113	112	265	123	18	407	0	400
1687463163.067		851	328	72	249	202	253	18	407	0	400
1687463163.356		637	286	75	147	129	157	18	407	0	400
1687463163.645		808	288	78	234	208	239	18	407	0	400
1687463163.934		826	304	77	208	237	215	18	407	0	400
1687463164.223		665	290	91	103	181	114	18	407	0	400
1687463164.511		738	305	77	160	196	169	18	407	0	400
1687463164.798		792	308	80	194	210	198	18	407	0	400
1687463165.085		827	294	78	211	244	216	18	407	0	400
1687463165.372		265	108	25	67	65	72	18	407	0	400
1687463165.659		807	297	78	216	216	221	18	407	0	400
1687463165.945		712	315	72	143	182	149	18	407	0	400
1687463166.231		813	299	80	192	242	197	18	407	0	400
1687463166.517		267	110	25	51	81	57	18	407	0	400
1687463166.802		839	304	77	211	247	213	18	407	0	400
1687463167.087		696	301	77	132	186	142	18	407	0	400
1687463167.371		474	176	41	130	127	132	18	407	0	400
1687463167.654		818	302	79	201	236	206	18	407	0	400
1687463167.939		453	170	41	135	107	140	18	407	0	400
1687463168.222		813	297	74	212	230	215	18	407	0	400
1687463168.506		753	274	66	180	233	184	18	407	0	400
1687463168.788		874	362	113	167	232	173	18	407	0	400
1687463169.070		753	306	111	123	213	132	18	407	0	400
1687463169.352		622	271	84	138	129	150	18	407	0	400
1687463169.635		810	306	77	191	236	194	18	407	0	400
1687463169.916		389	113	21	121	134	123	18	407	0	400
1687463170.197		748	307	111	119	211	128	18	407	0	400
1687463170.478		745	306	72	179	188	183	18	407	0	400
1687463170.758		764	296	74	182	212	188	18	407	0	400
1687463171.038		337	127	27	107	76	109	18	407	0	400
1687463171.318		806	307	76	198	225	204	18	407	0	400
1687463171.597		748	296	77	183	192	188	18	407	0	400
1687463171.876		870	399	180	69	222	80	18	407	0	400
1687463172.155		781	294	76	202	209	207	18	407	0	400
1687463172.434		263	110	31	45	77	51	18	407	0	400
1687463172.712		284	136	37	32	79	35	18	407	0	400
1687463172.989		250	96	32	61	61	44	18	407	0	400
1687463173.268		304	102	21	90	91	92	18	407	0	400
1687463173.544		937	335	94	245	263	287	18	407	0	400
1687463173.822		827	298	79	214	236	216	18	407	0	400
1687463174.098		895	296	78	300	221	305	18	407	0	400
1687463174.375		338	122	26	109	81	112	18	407	0	400
1687463174.650		302	134	43	42	83	45	18	407	0	400
1687463174.925		357	132	27	111	87	112	18	407	0	400
1687463175.202		814	300	72	212	230	217	18	407	0	400
1687463175.476		198	78	17	37	66	39	18	407	0	400
1687463175.750		819	303	73	201	242	203	18	407	0	400
1687463176.025		849	302	79	227	241	231	18	407	0	400
1687463176.299		742	301	112	122	207	134	18	407	0	400
1687463176.573		862	356	82	179	245	182	18	407	0	400
1687463176.846		790	302	75	204	209	209	18	407	0	400
1687463177.120		816	302	75	206	233	209	18	407	0	400
1687463177.392		263	115	21	68	59	72	18	407	0	400
1687463177.664		687	295	77	151	164	162	18	407	0	400
1687463177.938		796	303	78	205	210	213	18	407	0	400
1687463178.208		832	305	92	206	229	210	18	407	0	400
1687463178.481		286	133	42	46	65	70	18	407	0	400
1687463178.751		795	307	78	195	215	199	18	407	0	400
1687463179.022		803	300	77	195	231	202	18	407	0	400
1687463179.294		779	290	74	195	220	200	18	407	0	400
1687463179.564		880	334	122	193	231	197	18	407	0	400
1687463179.834		653	237	61	167	188	171	18	407	0	400
1687463180.103		815	297	78	196	244	201	18	407	0	400
1687463180.373		321	164	26	49	82	73	18	407	0	400
1687463180.643		789	300	81	197	211	204	18	407	0	400
1687463180.912		316	136	28	88	64	112	18	407	0	400
1687463181.180		405	171	39	102	93	106	18	407	0	400
1687463181.448		203	85	23	38	57	40	18	407	0	400
1687463181.716		818	298	153	136	231	140	18	407	0	400
1687463181.984		245	107	18	30	90	35	18	407	0	400
1687463182.252		348	150	31	84	83	89	18	407	0	400
1687463182.519		556	210	50	162	134	164	18	407	0	400
1687463182.787		274	103	33	41	97	44	18	407	0	400
1687463183.053		863	359	82	194	228	201	18	407	0	400
1687463183.320		273	78	21	92	82	93	18	407	0	400
1687463183.586		839	302	79	218	240	223	18	407	0	400
1687463183.852		819	298	79	191	251	196	18	407	0	400
1687463184.117		715	302	80	149	184	158	18	407	0	400
1687463184.382		318	137	22	87	72	108	18	407	0	400
1687463184.646		333	103	19	124	87	128	18	407	0	400
1687463184.911		499	239	64	72	124	78	18	407	0	400
1687463185.176		803	300	80	200	223	205	18	407	0	400
1687463185.440		312	96	36	89	91	91	18	407	0	400
1687463185.703		803	292	79	201	231	207	18	407	0	400
1687463185.968		758	299	75	189	195	194	18	407	0	400
1687463186.231		819	304	80	212	223	214	18	407	0	400
1687463186.494		752	309	111	123	209	132	18	407	0	400
1687463186.756		711	304	81	189	137	195	18	407	0	400
1687463187.019		823	302	78	215	228	219	18	407	0	400
1687463187.281		771	297	79	185	210	190	18	407	0	400
1687463187.543		216	69	25	31	91	33	18	407	0	400
1687463187.805		809	331	80	193	205	198	18	407	0	400
1687463188.067		791	295	80	210	206	214	18	407	0	400
1687463188.327		792	298	79	187	228	192	18	407	0	400
1687463188.589		746	297	113	119	217	128	18	407	0	400
1687463188.848		782	300	80	154	248	164	18	407	0	400
1687463189.109		764	277	75	209	203	214	18	407	0	400
1687463189.369		338	137	47	74	80	78	18	407	0	400
1687463189.629		439	159	30	149	101	173	18	407	0	400
1687463189.888		859	293	99	244	223	250	18	407	0	400
1687463190.147		299	125	31	50	93	51	18	407	0	400
1687463190.407		264	112	48	55	49	59	18	407	0	400
1687463190.665		315	102	37	91	85	91	18	407	0	400
1687463190.924		465	208	53	96	108	103	18	407	0	400
1687463191.183		829	294	76	224	235	229	18	407	0	400
1687463191.441		841	300	78	238	225	242	18	407	0	400
1687463191.698		778	297	81	201	199	206	18	407	0	400
1687463191.956		453	185	61	105	102	109	18	407	0	400
1687463192.213		892	353	80	216	243	222	18	407	0	400
1687463192.469		873	346	101	189	237	200	18	407	0	400
1687463192.726		790	296	78	200	216	205	18	407	0	400
1687463192.982		799	327	74	192	206	197	18	407	0	400
1687463193.239		846	301	74	263	208	267	18	407	0	400
1687463193.494		238	64	17	81	76	61	18	407	0	400
1687463193.750		861	312	81	247	221	250	18	407	0	400
1687463194.007		392	134	28	113	117	116	18	407	0	400
1687463194.262		297	101	20	91	85	90	18	407	0	400
1687463194.517		823	325	79	200	219	205	18	407	0	400
1687463194.771		900	302	78	245	275	249	18	407	0	400
1687463195.026		813	297	77	220	219	226	18	407	0	400
1687463195.280		758	301	85	132	240	142	18	407	0	400
1687463195.533		299	105	50	88	56	92	18	407	0	400
1687463195.788		722	303	78	152	189	160	18	407	0	400
1687463196.040		375	171	46	87	71	93	18	407	0	400
1687463196.294		849	298	80	247	224	251	18	407	0	400
1687463196.547		299	90	21	96	92	76	18	407	0	400
1687463196.800		843	309	80	208	246	213	18	407	0	400
1687463197.052		755	307	148	99	201	107	18	407	0	400
1687463197.304		735	302	80	152	201	159	18	407	0	400
1687463197.556		797	306	113	114	264	126	18	407	0	400
1687463197.808		314	122	25	82	85	85	18	407	0	400
1687463198.059		706	293	114	104	195	113	18	407	0	400
1687463198.311		789	319	110	124	236	134	18	407	0	400
1687463198.562		809	303	77	196	233	199	18	407	0	400
1687463198.812		749	306	114	139	190	147	18	407	0	400
1687463199.063		749	309	115	115	210	124	18	407	0	400
1687463199.314		749	305	113	118	213	127	18	407	0	400
1687463199.564		898	315	132	215	236	220	18	407	0	400
1687463199.814		825	302	80	194	249	200	18	407	0	400
1687463200.063		303	102	22	91	88	110	18	407	0	400
1687463200.313		760	304	117	123	216	131	18	407	0	400
1687463200.562		828	301	79	203	245	207	18	407	0	400
1687463200.812		710	295	75	162	178	171	18	407	0	400
1687463201.060		736	302	110	100	224	110	18	407	0	400
1687463201.308		849	300	121	195	233	200	18	407	0	400
1687463201.557		828	330	74	205	219	211	18	407	0	400
1687463201.805		719	296	105	112	206	120	18	407	0	400
1687463202.053		794	296	79	202	217	205	18	407	0	400
1687463202.299		795	304	81	191	219	197	18	407	0	400
1687463202.547		274	118	35	41	80	43	18	407	0	400
1687463202.795		751	306	112	120	213	128	18	407	0	400
1687463203.041		766	294	74	204	194	209	18	407	0	400
1687463203.288		908	399	121	112	276	124	18	407	0	400
1687463203.534		737	289	74	188	186	195	18	407	0	400
1687463203.780		811	306	78	150	277	161	18	407	0	400
1687463204.026		836	296	75	216	249	218	18	407	0	400
1687463204.273		205	76	37	27	65	30	18	407	0	400
1687463204.518		285	103	25	91	66	93	18	407	0	400
1687463204.764		761	309	117	113	222	125	18	407	0	400
1687463205.009		359	138	23	83	115	84	18	407	0	400
1687463205.253		227	67	50	22	88	24	18	407	0	400
1687463205.498		328	121	26	102	79	104	18	407	0	400
1687463205.742		319	122	24	102	71	104	18	407	0	400
1687463205.986		899	299	78	310	212	315	18	407	0	400
1687463206.231		788	296	76	208	208	213	18	407	0	400
1687463206.474		332	132	26	94	80	95	18	407	0	400
1687463206.718		259	68	58	53	80	55	18	407	0	400
1687463206.962		246	83	36	29	98	32	18	407	0	400
1687463207.204		802	296	78	167	261	179	18	407	0	400
1687463207.448		293	110	42	56	85	57	18	407	0	400
1687463207.691		816	305	81	197	233	203	18	407	0	400
1687463207.933		754	332	114	111	197	119	18	407	0	400
1687463208.174		823	299	78	200	246	206	18	407	0	400
1687463208.417		659	281	86	139	153	151	18	407	0	400
1687463208.659		764	296	71	192	205	197	18	407	0	400
1687463208.901		831	341	87	160	243	165	18	407	0	400
1687463209.141		782	307	74	210	191	215	18	407	0	400
1687463209.384		736	303	79	155	199	164	18	407	0	400
1687463209.625		872	365	87	170	250	178	18	407	0	400
1687463209.865		773	292	78	193	210	197	18	407	0	400
1687463210.105		805	296	80	193	236	197	18	407	0	400
1687463210.347		385	198	23	46	118	49	18	407	0	400
1687463210.586		751	303	111	125	212	134	18	407	0	400
1687463210.826		834	307	78	199	250	205	18	407	0	400
1687463211.065		698	301	105	101	191	110	18	407	0	400
1687463211.306		793	306	78	192	217	197	18	407	0	400
1687463211.544		289	75	35	109	70	110	18	407	0	400
1687463211.784		812	344	93	161	214	192	18	407	0	400
1687463212.023		421	159	35	123	104	125	18	407	0	400
1687463212.262		790	300	77	192	221	200	18	407	0	400
1687463212.500		269	123	39	37	70	41	18	407	0	400
1687463212.739		831	306	77	201	247	206	18	407	0	400
1687463212.977		323	126	23	98	76	101	18	407	0	400
1687463213.214		825	300	78	201	246	208	18	407	0	400
1687463213.453		336	154	24	87	71	109	18	407	0	400
1687463213.690		923	311	80	293	239	297	18	407	0	400
1687463213.928		781	299	74	194	214	199	18	407	0	400
1687463214.164		865	308	155	160	242	164	18	407	0	400
1687463214.402		795	301	80	193	221	200	18	407	0	400
1687463214.638		816	305	85	204	222	209	18	407	0	400
1687463214.874		768	303	83	169	213	174	18	407	0	400
1687463215.110		780	308	75	200	197	202	18	407	0	400
1687463215.347		811	304	78	207	222	211	18	407	0	400
1687463215.582		836	300	75	218	243	223	18	407	0	400
1687463215.818		359	109	38	92	120	114	18	407	0	400
1687463216.054		243	103	20	49	71	51	18	407	0	400
1687463216.289		741	289	74	181	197	186	18	407	0	400
1687463216.525		820	339	73	181	227	186	18	407	0	400
1687463216.760		732	298	82	149	203	162	18	407	0	400
1687463216.995		754	311	118	121	204	130	18	407	0	400
1687463217.228		835	346	88	161	240	165	18	407	0	400
1687463217.463		247	114	29	43	61	48	18	407	0	400
1687463217.698		812	306	77	195	234	198	18	407	0	400
1687463217.932		865	407	127	115	216	130	18	407	0	400
1687463218.165		790	288	75	218	209	223	18	407	0	400
1687463218.398		711	284	107	120	200	128	18	407	0	400
1687463218.633		831	355	85	171	220	177	18	407	0	400
1687463218.866		779	299	77	196	207	201	18	407	0	400
1687463219.099		864	291	81	250	242	257	18	407	0	400
1687463219.331		748	318	96	143	191	153	18	407	0	400
1687463219.565		843	302	79	251	211	256	18	407	0	400
1687463219.796		760	311	80	165	204	174	18	407	0	400
1687463220.028		276	130	40	65	41	89	18	407	0	400
1687463220.260		314	104	53	50	107	54	18	407	0	400
1687463220.493		218	87	21	47	63	50	18	407	0	400
1687463220.725		918	308	74	298	238	301	18	407	0	400
1687463220.956		681	261	106	147	167	156	18	407	0	400
1687463221.187		765	315	118	126	206	136	18	407	0	400
1687463221.418		378	140	24	98	116	119	18	407	0	400
1687463221.650		312	139	19	35	119	39	18	407	0	400
1687463221.880		862	311	125	216	210	220	18	407	0	400
1687463222.110		849	300	96	194	259	196	18	407	0	400
1687463222.341		341	106	19	106	110	108	18	407	0	400
1687463222.572		777	306	75	178	218	191	18	407	0	400
1687463222.801		801	294	77	194	236	199	18	407	0	400
1687463223.032		269	145	28	47	49	50	18	407	0	400
1687463223.261		290	119	45	41	85	44	18	407	0	400
1687463223.490		236	94	28	45	69	47	18	407	0	400
1687463223.719		254	96	25	56	77	60	18	407	0	400
1687463223.950		874	427	116	113	218	126	18	407	0	400
1687463224.178		824	299	77	242	206	247	18	407	0	400
1687463224.406		746	277	75	188	206	193	18	407	0	400
1687463224.635		817	295	79	210	233	213	18	407	0	400
1687463224.863		773	306	113	171	183	180	18	407	0	400
1687463225.092		784	308	75	206	195	215	18	407	0	400
1687463225.320		750	297	79	161	213	172	18	407	0	400
1687463225.548		801	306	118	198	179	207	18	407	0	400
1687463225.775		293	106	38	63	86	66	18	407	0	400
1687463226.004		721	263	87	184	187	191	18	407	0	400
1687463226.230		920	298	78	316	228	321	18	407	0	400
1687463226.457		818	359	121	122	216	131	18	407	0	400
1687463226.684		820	307	90	214	209	217	18	407	0	400
1687463226.912		750	302	110	101	237	112	18	407	0	400
1687463227.138		843	305	78	219	241	224	18	407	0	400
1687463227.365		870	359	80	200	231	204	18	407	0	400
1687463227.591		784	294	75	197	218	202	18	407	0	400
1687463227.817		773	307	115	120	231	129	18	407	0	400
1687463228.043		849	301	77	217	254	222	18	407	0	400
1687463228.269		772	288	74	187	223	193	18	407	0	400
1687463228.495		242	104	33	36	69	40	18	407	0	400
1687463228.721		854	303	79	219	253	225	18	407	0	400
1687463228.945		419	156	33	118	112	121	18	407	0	400
1687463229.171		742	305	113	108	216	117	18	407	0	400
1687463229.396		729	286	103	128	212	138	18	407	0	400
1687463229.620		239	106	19	46	68	48	18	407	0	400
1687463229.844		277	79	16	85	97	87	18	407	0	400
1687463230.070		782	265	73	218	226	222	18	407	0	400
1687463230.294		782	299	75	193	215	197	18	407	0	400
1687463230.518		782	301	77	195	209	201	18	407	0	400
1687463230.741		777	266	78	200	233	203	18	407	0	400
1687463230.965		725	302	108	119	196	128	18	407	0	400
1687463231.188		751	298	163	83	207	90	18	407	0	400
1687463231.413		336	130	22	92	92	93	18	407	0	400
1687463231.636		827	309	110	112	296	126	18	407	0	400
1687463231.859		793	302	80	196	215	201	18	407	0	400
1687463232.081		718	278	77	148	215	152	18	407	0	400
1687463232.304		227	90	37	32	68	35	18	407	0	400
1687463232.526		285	120	18	80	67	83	18	407	0	400
1687463232.749		796	291	78	193	234	197	18	407	0	400
1687463232.971		344	157	52	35	100	58	18	407	0	400
1687463233.193		748	301	110	123	214	132	18	407	0	400
1687463233.415		809	303	76	199	231	203	18	407	0	400
1687463233.637		245	81	37	29	98	32	18	407	0	400
1687463233.859		788	296	79	192	221	198	18	407	0	400
1687463234.081		776	290	74	192	220	196	18	407	0	400
1687463234.302		738	300	75	182	181	187	18	407	0	400
1687463234.522		271	98	41	49	83	52	18	407	0	400
1687463234.743		770	299	78	187	206	191	18	407	0	400
1687463234.964		772	292	114	164	202	170	18	407	0	400
1687463235.185		782	295	76	214	197	218	18	407	0	400
1687463235.405		237	85	23	58	71	61	18	407	0	400
1687463235.626		814	299	75	200	240	203	18	407	0	400
1687463235.845		274	98	46	34	96	37	18	407	0	400
1687463236.066		850	299	75	238	238	244	18	407	0	400
1687463236.286		813	296	76	211	230	215	18	407	0	400
1687463236.505		335	117	29	109	80	110	18	407	0	400
1687463236.724		790	344	94	164	188	174	18	407	0	400
1687463236.945		810	305	80	195	230	198	18	407	0	400
1687463237.164		721	293	74	153	201	165	18	407	0	400
1687463237.383		258	106	24	69	59	72	18	407	0	400
1687463237.602		691	275	105	113	198	122	18	407	0	400
1687463237.819		757	304	114	126	213	134	18	407	0	400
1687463238.038		436	109	40	158	129	161	18	407	0	400
1687463238.256		536	217	68	100	151	107	18	407	0	400
1687463238.476		702	290	74	143	195	154	18	407	0	400
1687463238.694		773	300	82	170	221	173	18	407	0	400
1687463238.912		790	304	80	193	213	197	18	407	0	400
1687463239.128		760	299	76	164	221	173	18	407	0	400
1687463239.346		804	308	77	191	228	198	18	407	0	400
1687463239.563		335	132	24	106	73	107	18	407	0	400
1687463239.781		813	298	76	203	236	207	18	407	0	400
1687463239.999		396	159	59	59	119	64	18	407	0	400
1687463240.215		333	104	23	90	116	89	18	407	0	400
1687463240.433		299	103	23	61	112	66	18	407	0	400
1687463240.650		780	300	78	197	205	201	18	407	0	400
1687463240.866		815	306	79	209	221	211	18	407	0	400
1687463241.082		838	301	77	217	243	220	18	407	0	400
1687463241.298		807	300	76	192	239	196	18	407	0	400
1687463241.514		301	109	26	91	75	94	18	407	0	400
1687463241.731		794	298	74	197	225	201	18	407	0	400
1687463241.947		813	297	74	192	250	196	18	407	0	400
1687463242.162		761	314	113	120	214	131	18	407	0	400
1687463242.377		637	304	87	90	156	97	18	407	0	400
1687463242.593		632	204	87	169	172	172	18	407	0	400
1687463242.808		699	291	78	153	177	161	18	407	0	400
1687463243.023		303	105	25	110	63	111	18	407	0	400
1687463243.238		812	308	79	196	229	199	18	407	0	400
1687463243.453		336	142	21	113	60	130	18	407	0	400
1687463243.666		785	297	75	195	218	202	18	407	0	400
1687463243.881		787	298	82	190	217	195	18	407	0	400
1687463244.096		443	163	38	130	112	132	18	407	0	400
1687463244.309		712	279	79	161	193	167	18	407	0	400
1687463244.523		340	143	58	62	77	65	18	407	0	400
1687463244.737		765	293	79	194	199	200	18	407	0	400
1687463244.951		756	304	111	126	215	136	18	407	0	400
1687463245.166		803	308	83	172	240	177	18	407	0	400
1687463245.379		810	310	83	194	223	199	18	407	0	400
1687463245.591		289	100	22	88	79	88	18	407	0	400
1687463245.805		872	347	86	177	262	184	18	407	0	400
1687463246.018		265	113	24	43	85	46	18	407	0	400
1687463246.230		768	310	114	121	223	133	18	407	0	400
1687463246.444		340	145	38	69	88	73	18	407	0	400
1687463246.655		792	299	71	234	188	239	18	407	0	400
1687463246.869		753	276	77	193	207	198	18	407	0	400
1687463247.081		700	292	102	143	163	152	18	407	0	400
1687463247.292		780	302	168	92	218	99	18	407	0	400
1687463247.504		232	88	37	70	37	73	18	407	0	400
1687463247.717		810	325	82	173	230	180	18	407	0	400
1687463247.929		860	334	80	232	214	237	18	407	0	400
1687463248.140		347	126	27	106	88	109	18	407	0	400
1687463248.351		771	308	112	169	182	177	18	407	0	400
1687463248.562		302	133	41	51	77	56	18	407	0	400
1687463248.773		844	308	83	237	216	241	18	407	0	400
1687463248.984		718	307	82	154	175	165	18	407	0	400
1687463249.196		826	295	78	245	208	250	18	407	0	400
1687463249.407		311	140	41	48	82	51	18	407	0	400
1687463249.617		838	306	77	243	212	247	18	407	0	400
1687463249.827		784	303	79	210	192	215	18	407	0	400
1687463250.037		617	234	61	180	142	183	18	407	0	400
1687463250.248		523	238	64	85	136	94	18	407	0	400
1687463250.457		230	99	40	53	38	57	18	407	0	400
1687463250.667		795	303	78	201	213	207	18	407	0	400
1687463250.877		829	299	56	260	214	266	18	407	0	400
1687463251.087		414	151	22	109	132	110	18	407	0	400
1687463251.297		303	114	28	75	86	78	18	407	0	400
1687463251.506		810	292	71	224	223	228	18	407	0	400
1687463251.714		797	296	78	197	226	201	18	407	0	400
1687463251.924		693	299	80	194	120	204	18	407	0	400
1687463252.132		739	300	79	164	196	173	18	407	0	400
1687463252.342		285	105	21	99	60	102	18	407	0	400
1687463252.549		320	141	32	60	87	63	18	407	0	400
1687463252.758		757	299	71	187	200	192	18	407	0	400
1687463252.967		796	301	80	203	212	206	18	407	0	400
1687463253.175		375	145	64	50	116	53	18	407	0	400
1687463253.383		412	150	32	119	111	121	18	407	0	400
1687463253.591		841	298	79	216	248	220	18	407	0	400
1687463253.799		784	297	79	197	211	201	18	407	0	400
1687463254.007		724	307	112	111	194	119	18	407	0	400
1687463254.214		808	291	75	199	243	204	18	407	0	400
1687463254.421		771	329	97	146	199	157	18	407	0	400
1687463254.629		861	321	80	196	264	202	18	407	0	400
1687463254.836		716	301	79	148	188	159	18	407	0	400
1687463255.043		246	108	34	36	68	40	18	407	0	400
1687463255.249		768	287	76	178	227	184	18	407	0	400
1687463255.456		216	95	28	37	56	41	18	407	0	400
1687463255.663		784	300	81	190	213	195	18	407	0	400
1687463255.870		282	99	23	91	69	94	18	407	0	400
1687463256.076		314	118	25	102	69	103	18	407	0	400
1687463256.282		245	80	34	41	90	44	18	407	0	400
1687463256.489		211	75	22	32	82	34	18	407	0	400
1687463256.694		764	314	111	127	212	137	18	407	0	400
1687463256.901		779	300	74	191	214	196	18	407	0	400
1687463257.106		314	139	18	46	111	48	18	407	0	400
1687463257.311		790	301	79	188	222	194	18	407	0	400
1687463257.517		745	300	82	150	213	155	18	407	0	400
1687463257.722		271	90	33	66	82	68	18	407	0	400
1687463257.927		208	66	30	31	81	33	18	407	0	400
1687463258.132		816	297	78	257	184	263	18	407	0	400
1687463258.338		690	256	73	162	199	165	18	407	0	400
1687463258.541		336	140	31	80	85	84	18	407	0	400
1687463258.746		748	309	106	123	210	131	18	407	0	400
1687463258.952		792	307	77	192	216	197	18	407	0	400
1687463259.155		805	295	78	199	233	202	18	407	0	400
1687463259.359		304	86	41	92	85	94	18	407	0	400
1687463259.565		301	134	19	65	83	69	18	407	0	400
1687463259.769		274	124	37	41	72	45	18	407	0	400
1687463259.971		789	304	80	192	213	197	18	407	0	400
1687463260.176		339	171	33	44	91	67	18	407	0	400
1687463260.380		315	126	40	57	92	80	18	407	0	400
1687463260.582		798	296	76	216	210	220	18	407	0	400
1687463260.787		823	305	77	193	248	199	18	407	0	400
1687463260.989		772	322	72	187	191	191	18	407	0	400
1687463261.192		847	299	170	127	251	131	18	407	0	400
1687463261.396		273	103	22	89	59	93	18	407	0	400
1687463261.599		810	306	79	207	218	211	18	407	0	400
1687463261.801		811	307	80	193	231	198	18	407	0	400
1687463262.004		730	310	78	154	188	165	18	407	0	400
1687463262.206		609	228	54	157	170	160	18	407	0	400
1687463262.409		346	149	36	67	94	73	18	407	0	400
1687463262.611		274	90	19	47	118	50	18	407	0	400
1687463262.814		274	93	32	44	105	45	18	407	0	400
1687463263.016		347	110	24	101	112	124	18	407	0	400
1687463263.217		696	265	75	159	197	164	18	407	0	400
1687463263.418		814	300	78	215	221	222	18	407	0	400
1687463263.620		409	172	54	54	129	59	18	407	0	400
1687463263.821		823	311	80	194	238	199	18	407	0	400
1687463264.023		755	307	77	179	192	186	18	407	0	400
1687463264.224		801	313	78	151	259	160	18	407	0	400
1687463264.425		357	116	53	106	82	109	18	407	0	400
1687463264.627		333	152	49	47	85	52	18	407	0	400
1687463264.827		893	342	106	193	252	202	18	407	0	400
1687463265.029		755	335	112	114	194	124	18	407	0	400
1687463265.230		800	295	77	205	223	210	18	407	0	400
1687463265.429		675	280	88	117	190	124	18	407	0	400
1687463265.630		799	296	77	210	216	216	18	407	0	400
1687463265.831		288	77	55	59	97	61	18	407	0	400
1687463266.031		259	100	62	47	50	68	18	407	0	400
1687463266.230		229	101	23	29	76	31	18	407	0	400
1687463266.431		727	355	95	154	123	166	18	407	0	400
1687463266.630		721	286	80	136	219	148	18	407	0	400
1687463266.830		730	297	79	135	219	145	18	407	0	400
1687463267.030		727	265	74	184	204	190	18	407	0	400
1687463267.230		828	300	76	228	224	231	18	407	0	400
1687463267.428		268	130	19	49	70	53	18	407	0	400
1687463267.627		782	279	71	216	216	220	18	407	0	400
1687463267.826		789	297	77	196	219	202	18	407	0	400
1687463268.026		730	300	121	110	199	120	18	407	0	400
1687463268.225		439	171	37	117	114	121	18	407	0	400
1687463268.423		678	236	74	151	217	157	18	407	0	400
1687463268.622		778	307	91	144	236	152	18	407	0	400
1687463268.820		771	308	176	73	214	82	18	407	0	400
1687463269.019		777	296	74	182	225	186	18	407	0	400
1687463269.217		879	302	76	297	204	302	18	407	0	400
1687463269.415		801	307	76	202	216	207	18	407	0	400
1687463269.614		709	297	107	110	195	120	18	407	0	400
1687463269.812		714	300	80	151	183	161	18	407	0	400
1687463270.010		287	135	29	34	89	37	18	407	0	400
1687463270.206		790	301	78	204	207	209	18	407	0	400
1687463270.404		346	132	28	105	81	107	18	407	0	400
1687463270.603		337	143	33	44	117	67	18	407	0	400
1687463270.799		777	298	82	178	219	181	18	407	0	400
1687463270.997		779	335	111	122	211	133	18	407	0	400
1687463271.193		801	301	78	213	209	216	18	407	0	400
1687463271.390		812	297	77	196	242	203	18	407	0	400
1687463271.587		291	160	21	38	72	61	18	407	0	400
1687463271.785		810	301	78	217	214	223	18	407	0	400
1687463271.982		825	298	74	215	238	219	18	407	0	400
1687463272.178		862	301	73	270	218	273	18	407	0	400
1687463272.374		803	363	97	150	193	159	18	407	0	400
1687463272.570		452	151	40	151	110	154	18	407	0	400
1687463272.767		804	304	84	191	225	197	18	407	0	400
1687463272.963		824	296	79	236	213	240	18	407	0	400
1687463273.158		329	125	27	103	74	106	18	407	0	400
1687463273.354		207	64	23	31	89	33	18	407	0	400
1687463273.550		345	201	34	40	70	65	18	407	0	400
1687463273.746		802	296	73	228	205	236	18	407	0	400
1687463273.942		758	310	114	120	214	129	18	407	0	400
1687463274.137		883	297	79	269	238	274	18	407	0	400
1687463274.333		790	291	74	205	220	208	18	407	0	400
1687463274.528		875	304	81	239	251	245	18	407	0	400
1687463274.722		760	301	75	184	200	191	18	407	0	400
1687463274.917		804	313	79	195	217	200	18	407	0	400
1687463275.112		396	156	24	92	124	112	18	407	0	400
1687463275.308		762	302	113	166	181	176	18	407	0	400
1687463275.502		784	296	76	194	218	200	18	407	0	400
1687463275.696		854	308	134	164	248	169	18	407	0	400
1687463275.891		829	299	82	237	211	241	18	407	0	400
1687463276.086		325	117	30	105	73	108	18	407	0	400
1687463276.279		239	94	20	35	90	36	18	407	0	400
1687463276.473		760	300	70	195	195	206	18	407	0	400
1687463276.667		814	309	78	206	221	210	18	407	0	400
1687463276.861		873	287	72	327	187	331	18	407	0	400
1687463277.055		713	294	115	107	197	115	18	407	0	400
1687463277.248		318	154	24	42	98	46	18	407	0	400
1687463277.442		257	90	32	44	91	48	18	407	0	400
1687463277.636		293	125	31	45	92	47	18	407	0	400
1687463277.828		738	294	137	111	196	118	18	407	0	400
1687463278.022		792	307	77	203	205	208	18	407	0	400
1687463278.215		741	311	111	121	198	130	18	407	0	400
1687463278.409		817	369	111	122	215	134	18	407	0	400
1687463278.601		263	113	31	36	83	39	18	407	0	400
1687463278.794		787	296	77	195	219	201	18	407	0	400
1687463278.987		790	304	81	189	216	194	18	407	0	400
1687463279.180		734	299	79	169	187	179	18	407	0	400
1687463279.372		405	159	35	121	90	125	18	407	0	400
1687463279.565		517	286	53	85	93	185	18	407	0	400
1687463279.756		813	302	80	150	281	161	18	407	0	400
1687463279.948		813	303	146	152	212	157	18	407	0	400
1687463280.141		819	293	75	213	238	218	18	407	0	400
1687463280.332		488	210	71	74	133	83	18	407	0	400
1687463280.524		726	303	79	153	191	164	18	407	0	400
1687463280.716		708	301	109	107	191	117	18	407	0	400
1687463280.907		844	305	77	225	237	231	18	407	0	400
1687463281.099		314	131	20	87	76	108	18	407	0	400
1687463281.291		831	303	76	187	265	194	18	407	0	400
1687463281.482		670	281	98	108	183	116	18	407	0	400
1687463281.673		767	297	75	195	200	200	18	407	0	400
1687463281.864		782	301	152	106	223	114	18	407	0	400
1687463282.056		685	287	74	156	168	165	18	407	0	400
1687463282.246		775	297	76	200	202	203	18	407	0	400
1687463282.437		677	288	85	142	162	150	18	407	0	400
1687463282.627		523	193	48	137	145	140	18	407	0	400
1687463282.818		763	313	122	127	201	138	18	407	0	400
1687463283.008		858	353	124	114	267	125	18	407	0	400
1687463283.198		817	294	73	201	249	208	18	407	0	400
1687463283.389		293	83	18	96	96	77	18	407	0	400
1687463283.579		242	96	35	51	60	74	18	407	0	400
1687463283.769		738	296	103	130	209	139	18	407	0	400
1687463283.959		742	273	72	196	201	201	18	407	0	400
1687463284.149		682	243	62	186	191	190	18	407	0	400
1687463284.338		780	312	117	118	233	127	18	407	0	400
1687463284.529		810	326	79	193	212	198	18	407	0	400
1687463284.717		725	299	109	121	196	129	18	407	0	400
1687463284.908		835	302	78	209	246	212	18	407	0	400
1687463285.096		660	270	74	146	170	157	18	407	0	400
1687463285.287		751	302	110	126	213	136	18	407	0	400
1687463285.475		238	109	20	43	66	46	18	407	0	400
1687463285.664		281	139	28	52	62	76	18	407	0	400
1687463285.853		343	136	41	99	67	101	18	407	0	400
1687463286.042		367	126	25	89	127	111	18	407	0	400
1687463286.231		828	299	78	215	236	220	18	407	0	400
1687463286.419		264	107	35	45	77	48	18	407	0	400
1687463286.607		296	88	21	90	97	92	18	407	0	400
1687463286.796		743	296	100	142	205	148	18	407	0	400
1687463286.984		871	301	120	198	252	203	18	407	0	400
1687463287.173		852	330	78	206	238	210	18	407	0	400
1687463287.361		239	75	16	64	84	66	18	407	0	400
1687463287.548		721	296	79	145	201	155	18	407	0	400
1687463287.736		757	320	85	149	203	155	18	407	0	400
1687463287.924		712	303	80	146	183	157	18	407	0	400
1687463288.113		447	163	40	134	110	136	18	407	0	400
1687463288.301		588	214	54	161	159	165	18	407	0	400
1687463288.487		805	300	77	213	215	219	18	407	0	400
1687463288.675		814	297	76	192	249	197	18	407	0	400
1687463288.863		779	294	74	198	213	205	18	407	0	400
1687463289.050		768	305	84	162	217	167	18	407	0	400
1687463289.237		615	212	67	153	183	156	18	407	0	400
1687463289.424		336	113	31	128	64	131	18	407	0	400
1687463289.611		464	178	42	134	110	137	18	407	0	400
1687463289.797		714	289	69	179	177	186	18	407	0	400
1687463289.985		795	304	86	158	247	163	18	407	0	400
1687463290.170		377	127	20	127	103	128	18	407	0	400
1687463290.358		788	300	77	209	202	212	18	407	0	400
1687463290.544		755	297	79	150	229	159	18	407	0	400
1687463290.730		823	313	82	189	239	195	18	407	0	400
1687463290.917		770	298	78	190	204	197	18	407	0	400
1687463291.102		844	276	52	298	218	302	18	407	0	400
1687463291.288		780	301	110	115	254	125	18	407	0	400
1687463291.474		793	290	80	194	229	200	18	407	0	400
1687463291.660		787	295	74	215	203	225	18	407	0	400
1687463291.847		800	296	77	193	234	198	18	407	0	400
1687463292.032		871	308	80	230	253	233	18	407	0	400
1687463292.218		516	199	47	144	126	147	18	407	0	400
1687463292.403		277	111	28	55	83	59	18	407	0	400
1687463292.588		781	293	76	244	168	253	18	407	0	400
1687463292.773		789	299	74	192	224	199	18	407	0	400
1687463292.959		836	292	79	205	260	209	18	407	0	400
1687463293.144		632	218	58	188	168	191	18	407	0	400
1687463293.329		798	298	80	198	222	201	18	407	0	400
1687463293.515		790	297	80	189	224	195	18	407	0	400
1687463293.699		551	205	51	158	137	161	18	407	0	400
1687463293.884		709	299	80	146	184	155	18	407	0	400
1687463294.069		886	355	78	207	246	210	18	407	0	400
1687463294.253		798	293	74	202	229	207	18	407	0	400
1687463294.438		772	284	73	185	230	191	18	407	0	400
1687463294.622		347	160	44	59	84	63	18	407	0	400
1687463294.806		835	315	80	205	235	210	18	407	0	400
1687463294.990		752	306	112	123	211	131	18	407	0	400
1687463295.174		285	123	28	83	51	85	18	407	0	400
1687463295.358		478	173	39	158	108	160	18	407	0	400
1687463295.542		378	162	56	62	98	80	18	407	0	400
1687463295.725		713	291	106	110	206	118	18	407	0	400
1687463295.909		804	296	72	238	198	243	18	407	0	400
1687463296.093		679	283	100	101	195	110	18	407	0	400
1687463296.277		801	275	80	212	234	215	18	407	0	400
1687463296.459		270	108	35	51	76	53	18	407	0	400
1687463296.644		762	289	73	186	214	192	18	407	0	400
1687463296.826		852	302	80	240	230	245	18	407	0	400
1687463297.009		702	300	104	104	194	112	18	407	0	400
1687463297.193		311	116	26	98	71	102	18	407	0	400
1687463297.375		301	111	24	98	68	99	18	407	0	400
1687463297.558		760	267	70	216	207	220	18	407	0	400
1687463297.741		760	305	115	122	218	131	18	407	0	400
1687463297.923		831	294	81	248	208	251	18	407	0	400
1687463298.106		841	293	75	227	246	233	18	407	0	400
1687463298.289		726	304	107	118	197	128	18	407	0	400
1687463298.472		196	84	25	36	51	39	18	407	0	400
1687463298.654		343	120	49	92	82	95	18	407	0	400
1687463298.836		785	293	82	201	209	206	18	407	0	400
1687463299.018		704	289	75	161	179	172	18	407	0	400
1687463299.200		356	111	21	129	95	130	18	407	0	400
1687463299.382		823	295	77	196	255	198	18	407	0	400
1687463299.564		714	304	79	153	178	162	18	407	0	400
1687463299.745		524	182	42	170	130	173	18	407	0	400
1687463299.927		803	303	77	194	229	199	18	407	0	400
1687463300.109		898	401	124	128	245	139	18	407	0	400
1687463300.291		867	299	79	246	243	248	18	407	0	400
1687463300.471		737	306	85	144	202	154	18	407	0	400
1687463300.654		257	94	22	82	59	84	18	407	0	400
1687463300.834		907	309	96	234	268	239	18	407	0	400
1687463301.015		736	301	106	111	218	118	18	407	0	400
1687463301.196		633	244	64	136	189	144	18	407	0	400
1687463301.378		814	300	88	184	242	188	18	407	0	400
1687463301.559		824	371	108	124	221	135	18	407	0	400
1687463301.739		621	227	72	167	155	174	18	407	0	400
1687463301.921		746	304	109	119	214	129	18	407	0	400
1687463302.100		723	295	75	154	199	163	18	407	0	400
1687463302.282		767	302	74	185	206	189	18	407	0	400
1687463302.461		703	262	74	177	190	182	18	407	0	400
1687463302.641		461	177	42	132	110	135	18	407	0	400
1687463302.822		785	298	77	192	218	199	18	407	0	400
1687463303.003		883	334	64	243	242	252	18	407	0	400
1687463303.183		271	122	37	39	73	44	18	407	0	400
1687463303.363		752	325	92	149	186	159	18	407	0	400
1687463303.543		804	298	81	216	209	221	18	407	0	400
1687463303.722		841	308	78	193	262	199	18	407	0	400
1687463303.902		771	306	114	119	232	127	18	407	0	400
1687463304.081		775	293	79	206	197	211	18	407	0	400
1687463304.262		767	301	80	193	193	199	18	407	0	400
1687463304.441		631	320	65	103	143	110	18	407	0	400
1687463304.621		727	296	71	188	172	195	18	407	0	400
1687463304.799		763	302	79	185	197	189	18	407	0	400
1687463304.978		756	301	78	195	182	200	18	407	0	400
1687463305.157		283	142	41	43	57	46	18	407	0	400
1687463305.337		690	307	115	121	147	131	18	407	0	400
1687463305.516		615	299	81	133	102	143	18	407	0	400
1687463305.695		605	239	63	156	147	162	18	407	0	400
1687463305.873		707	309	110	122	166	129	18	407	0	400
1687463306.053		740	291	74	192	183	197	18	407	0	400
1687463306.230		564	219	54	169	122	172	18	407	0	400
1687463306.410		372	141	31	116	84	119	18	407	0	400
1687463306.588		393	187	34	110	62	110	18	407	0	400
1687463306.765		692	304	115	119	154	129	18	407	0	400
1687463306.945		753	295	78	197	183	202	18	407	0	400
1687463307.122		751	296	81	191	183	196	18	407	0	400
1687463307.301		749	296	76	197	180	203	18	407	0	400
1687463307.478		198	70	19	30	79	34	18	407	0	400
1687463307.657		642	256	59	166	161	170	18	407	0	400
1687463307.835		730	304	78	172	176	177	18	407	0	400
1687463308.013		819	312	79	202	226	208	18	407	0	400
1687463308.189		691	293	74	164	160	172	18	407	0	400
1687463308.367		708	316	111	121	160	129	18	407	0	400
1687463308.545		842	351	81	197	213	203	18	407	0	400
1687463308.723		789	300	83	196	210	202	18	407	0	400
1687463308.900		666	299	81	155	131	166	18	407	0	400
1687463309.076		651	287	73	190	101	196	18	407	0	400
1687463309.254		747	292	75	191	189	197	18	407	0	400
1687463309.432		274	116	53	63	42	67	18	407	0	400
1687463309.609		299	104	53	79	63	83	18	407	0	400
1687463309.785		749	298	74	191	186	196	18	407	0	400
1687463309.963		794	300	80	191	223	197	18	407	0	400
1687463310.139		853	398	118	118	219	129	18	407	0	400
1687463310.316		761	298	78	189	196	194	18	407	0	400
1687463310.493		250	104	37	51	58	75	18	407	0	400
1687463310.668		665	302	80	168	115	176	18	407	0	400
1687463310.845		800	312	79	197	212	200	18	407	0	400
1687463311.022		788	308	80	192	208	197	18	407	0	400
1687463311.198		360	124	21	114	101	117	18	407	0	400
1687463311.374		766	301	74	201	190	208	18	407	0	400
1687463311.550		773	307	76	190	200	195	18	407	0	400
1687463311.725		806	311	80	210	205	216	18	407	0	400
1687463311.901		779	296	79	204	200	209	18	407	0	400
1687463312.078		762	296	77	201	188	204	18	407	0	400
1687463312.253		240	123	34	37	46	41	18	407	0	400
1687463312.430		267	126	31	46	64	50	18	407	0	400
1687463312.605		766	296	81	201	188	207	18	407	0	400
1687463312.781		802	362	88	164	188	170	18	407	0	400
1687463312.955		799	305	79	190	225	195	18	407	0	400
1687463313.131		731	298	72	188	173	196	18	407	0	400
1687463313.307		684	298	113	121	152	130	18	407	0	400
1687463313.482		233	110	30	44	49	49	18	407	0	400
1687463313.656		479	214	76	81	108	89	18	407	0	400
1687463313.832		665	299	74	163	129	171	18	407	0	400
1687463314.007		785	293	77	212	203	219	18	407	0	400
1687463314.182		247	93	23	83	48	84	18	407	0	400
1687463314.357		758	303	78	187	190	193	18	407	0	400
1687463314.532		772	296	78	204	194	209	18	407	0	400
1687463314.705		672	304	114	106	148	115	18	407	0	400
1687463314.881		766	288	76	195	207	201	18	407	0	400
1687463315.054		734	300	79	156	199	169	18	407	0	400
1687463315.229		272	109	22	90	51	92	18	407	0	400
1687463315.403		359	152	32	79	96	81	18	407	0	400
1687463315.577		623	266	104	112	141	121	18	407	0	400
1687463315.753		836	350	77	205	204	229	18	407	0	400
1687463315.926		770	294	78	211	187	217	18	407	0	400
1687463316.101		846	346	80	200	220	206	18	407	0	400
1687463316.274		775	300	77	204	194	209	18	407	0	400
1687463316.448		557	275	85	101	96	111	18	407	0	400
1687463316.621		226	126	24	48	28	72	18	407	0	400
1687463316.796		358	141	44	90	83	92	18	407	0	400
1687463316.969		708	319	112	120	157	129	18	407	0	400
1687463317.143		719	293	71	192	163	195	18	407	0	400
1687463317.316		510	246	67	120	77	127	18	407	0	400
1687463317.490		840	316	77	238	209	241	18	407	0	400
1687463317.662		563	232	55	148	128	154	18	407	0	400
1687463317.837		846	309	85	219	233	227	18	407	0	400
1687463318.009		701	304	116	130	151	139	18	407	0	400
1687463318.182		333	140	39	78	76	83	18	407	0	400
1687463318.355		308	124	20	89	75	112	18	407	0	400
1687463318.528		898	341	93	233	231	237	18	407	0	400
1687463318.700		756	295	74	208	179	213	18	407	0	400
1687463318.873		784	317	116	174	177	181	18	407	0	400
1687463319.046		781	305	79	203	194	207	18	407	0	400
1687463319.219		428	145	24	96	163	119	18	407	0	400
1687463319.391		835	363	135	118	219	127	18	407	0	400
1687463319.564		268	136	50	58	24	74	18	407	0	400
1687463319.736		870	348	90	246	186	249	18	407	0	400
1687463319.909		884	393	117	151	223	159	18	407	0	400
1687463320.081		297	94	21	102	80	104	18	407	0	400
1687463320.254		306	140	43	30	93	33	18	407	0	400
1687463320.425		351	132	29	114	76	116	18	407	0	400
1687463320.597		832	303	82	243	204	247	18	407	0	400
1687463320.770		799	304	81	204	210	208	18	407	0	400
1687463320.941		813	295	78	211	229	219	18	407	0	400
1687463321.112		853	293	135	196	229	200	18	407	0	400
1687463321.284		866	330	92	246	198	254	18	407	0	400
1687463321.456		329	123	25	107	74	108	18	407	0	400
1687463321.628		641	277	106	111	147	118	18	407	0	400
1687463321.799		312	129	46	67	70	91	18	407	0	400
1687463321.970		668	295	77	160	136	168	18	407	0	400
1687463322.142		730	295	73	192	170	197	18	407	0	400
1687463322.312		682	301	78	204	99	214	18	407	0	400
1687463322.485		196	78	21	32	65	34	18	407	0	400
1687463322.656		891	358	129	157	247	173	18	407	0	400
1687463322.827		799	296	76	217	210	220	18	407	0	400
1687463322.997		742	295	71	204	172	208	18	407	0	400
1687463323.167		758	265	73	233	187	238	18	407	0	400
1687463323.339		790	302	75	200	213	204	18	407	0	400
1687463323.510		859	300	78	292	189	301	18	407	0	400
1687463323.680		287	131	35	78	43	83	18	407	0	400
1687463323.850		776	297	77	198	204	200	18	407	0	400
1687463324.022		805	299	91	196	219	199	18	407	0	400
1687463324.192		271	103	27	85	56	87	18	407	0	400
1687463324.362		376	118	25	116	117	120	18	407	0	400
1687463324.533		784	327	79	196	182	202	18	407	0	400
1687463324.702		544	223	80	96	145	103	18	407	0	400
1687463324.872		691	309	79	149	154	158	18	407	0	400
1687463325.042		834	302	79	212	241	216	18	407	0	400
1687463325.213		286	119	26	79	62	82	18	407	0	400
1687463325.383		795	295	78	221	201	225	18	407	0	400
1687463325.553		780	304	76	191	209	195	18	407	0	400
1687463325.722		633	253	62	174	144	178	18	407	0	400
1687463325.891		803	298	77	209	219	213	18	407	0	400
1687463326.061		734	290	76	194	174	198	18	407	0	400
1687463326.231		755	288	71	205	191	211	18	407	0	400
1687463326.401		803	373	101	130	199	139	18	407	0	400
1687463326.569		706	312	110	127	157	136	18	407	0	400
1687463326.738		361	122	24	88	127	110	18	407	0	400
1687463326.908		165	53	22	23	67	25	18	407	0	400
1687463327.077		677	302	120	112	143	121	18	407	0	400
1687463327.247		402	173	43	92	94	106	18	407	0	400
1687463327.415		349	147	29	103	70	106	18	407	0	400
1687463327.584		594	296	73	115	110	123	18	407	0	400
1687463327.753		779	306	77	201	195	208	18	407	0	400
1687463327.922		761	298	77	197	189	201	18	407	0	400
1687463328.091		685	308	114	109	154	118	18	407	0	400
1687463328.259		587	226	54	156	151	158	18	407	0	400
1687463328.428		550	255	72	136	87	145	18	407	0	400
1687463328.597		827	364	91	157	215	166	18	407	0	400
1687463328.765		377	144	33	108	92	111	18	407	0	400
1687463328.934		754	292	81	192	189	198	18	407	0	400
1687463329.101		735	292	75	200	168	204	18	407	0	400
1687463329.269		706	290	81	164	171	170	18	407	0	400
1687463329.438		788	302	81	190	215	195	18	407	0	400
1687463329.606		667	294	108	120	145	128	18	407	0	400
1687463329.774		761	301	74	197	189	203	18	407	0	400
1687463329.941		745	292	72	189	192	194	18	407	0	400
1687463330.109		781	302	75	194	210	198	18	407	0	400
1687463330.278		768	291	76	206	195	212	18	407	0	400
1687463330.445		265	124	26	32	83	35	18	407	0	400
1687463330.614		752	303	85	175	189	183	18	407	0	400
1687463330.780		370	169	39	95	67	101	18	407	0	400
1687463330.949		803	300	76	205	222	208	18	407	0	400
1687463331.116		217	100	23	41	53	45	18	407	0	400
1687463331.282		249	129	33	42	45	45	18	407	0	400
1687463331.450		213	74	26	29	84	32	18	407	0	400
1687463331.618		306	104	17	97	88	93	18	407	0	400
1687463331.784		798	303	149	141	205	146	18	407	0	400
1687463331.951		766	296	77	202	191	209	18	407	0	400
1687463332.119		758	311	87	159	201	163	18	407	0	400
1687463332.286		597	201	68	176	152	178	18	407	0	400
1687463332.452		542	236	81	80	145	88	18	407	0	400
1687463332.620		239	130	31	33	45	38	18	407	0	400
1687463332.787		777	297	77	217	186	222	18	407	0	400
1687463332.952		719	272	109	171	167	178	18	407	0	400
1687463333.119		775	300	80	205	190	209	18	407	0	400
1687463333.287		501	194	47	147	113	149	18	407	0	400
1687463333.453		296	139	38	68	51	72	18	407	0	400
1687463333.619		802	307	80	197	218	204	18	407	0	400
1687463333.786		772	291	74	225	182	230	18	407	0	400
1687463333.951		726	296	75	183	172	188	18	407	0	400
1687463334.117		705	305	124	117	159	127	18	407	0	400
1687463334.283		693	304	110	126	153	135	18	407	0	400
1687463334.449		208	97	28	31	52	36	18	407	0	400
1687463334.616		652	257	79	153	163	157	18	407	0	400
1687463334.782		734	306	79	177	172	183	18	407	0	400
1687463334.948		635	302	76	135	122	144	18	407	0	400
1687463335.114		319	104	34	107	74	87	18	407	0	400
1687463335.280		211	82	17	29	83	34	18	407	0	400
1687463335.445		209	92	22	33	62	36	18	407	0	400
1687463335.611		326	101	36	120	69	120	18	407	0	400
1687463335.775		263	84	33	77	69	78	18	407	0	400
1687463335.941		258	94	49	29	86	33	18	407	0	400
1687463336.107		345	138	24	96	87	118	18	407	0	400
1687463336.271		330	135	29	103	63	105	18	407	0	400
1687463336.437		335	167	24	46	98	48	18	407	0	400
1687463336.603		327	186	56	61	24	64	18	407	0	400
1687463336.767		320	147	36	52	85	56	18	407	0	400
1687463336.933		261	102	28	45	86	50	18	407	0	400
1687463337.098		300	108	43	57	92	60	18	407	0	400
1687463337.262		817	306	76	201	234	203	18	407	0	400
1687463337.427		696	256	79	163	198	169	18	407	0	400
1687463337.592		466	217	58	113	78	121	18	407	0	400
1687463337.756		805	318	78	198	211	208	18	407	0	400
1687463337.922		716	288	75	183	170	189	18	407	0	400
1687463338.086		736	276	72	205	183	209	18	407	0	400
1687463338.251		730	286	70	206	168	211	18	407	0	400
1687463338.414		794	297	78	207	212	211	18	407	0	400
1687463338.580		688	315	76	196	101	209	18	407	0	400
1687463338.743		398	164	30	93	111	114	18	407	0	400
1687463338.907		872	309	78	240	245	245	18	407	0	400
1687463339.071		793	300	80	205	208	210	18	407	0	400
1687463339.235		248	91	22	80	55	82	18	407	0	400
1687463339.401		342	123	24	107	88	130	18	407	0	400
1687463339.565		852	297	78	252	225	256	18	407	0	400
1687463339.728		284	137	32	33	82	37	18	407	0	400
1687463339.891		865	310	80	235	240	241	18	407	0	400
1687463340.055		794	300	76	203	215	207	18	407	0	400
1687463340.220		497	178	43	159	117	162	18	407	0	400
1687463340.383		351	141	29	112	69	116	18	407	0	400
1687463340.546		268	88	36	84	60	87	18	407	0	400
1687463340.710		269	133	30	57	49	60	18	407	0	400
1687463340.873		208	88	35	57	28	58	18	407	0	400
1687463341.037		264	70	19	87	88	88	18	407	0	400
1687463341.200		194	101	26	37	30	41	18	407	0	400
1687463341.363		178	72	22	35	49	38	18	407	0	400
1687463341.527		777	302	74	199	202	204	18	407	0	400
1687463341.689		865	354	126	163	222	173	18	407	0	400
1687463341.853		717	287	82	151	197	161	18	407	0	400
1687463342.016		658	300	105	99	154	110	18	407	0	400
1687463342.178		841	302	74	256	209	260	18	407	0	400
1687463342.342		702	266	70	182	184	185	18	407	0	400
1687463342.504		663	295	79	156	133	164	18	407	0	400
1687463342.667		273	125	33	58	57	63	18	407	0	400
1687463342.829		688	299	114	126	149	134	18	407	0	400
1687463342.993		716	263	73	187	193	191	18	407	0	400
1687463343.155		847	302	77	254	214	259	18	407	0	400
1687463343.317		687	241	73	180	193	185	18	407	0	400
1687463343.480		201	98	22	53	28	76	18	407	0	400
1687463343.642		216	96	26	59	35	64	18	407	0	400
1687463343.805		806	350	81	190	185	197	18	407	0	400
1687463343.966		773	310	79	194	190	200	18	407	0	400
1687463344.129		798	300	79	225	194	230	18	407	0	400
1687463344.291		274	125	30	35	84	39	18	407	0	400
1687463344.453		783	296	78	226	183	230	18	407	0	400
1687463344.614		754	300	86	181	187	187	18	407	0	400
1687463344.776		253	117	44	44	48	47	18	407	0	400
1687463344.939		701	304	116	128	153	138	18	407	0	400
1687463345.100		745	307	148	85	205	94	18	407	0	400
1687463345.262		672	259	62	193	158	200	18	407	0	400
1687463345.424		228	107	30	52	39	55	18	407	0	400
1687463345.586		790	292	76	217	205	219	18	407	0	400
1687463345.747		276	112	23	89	52	91	18	407	0	400
1687463345.908		805	298	79	209	219	215	18	407	0	400
1687463346.070		790	301	75	227	187	231	18	407	0	400
1687463346.230		284	61	31	76	116	77	18	407	0	400
1687463346.392		727	306	114	120	187	130	18	407	0	400
1687463346.554		493	202	43	140	108	142	18	407	0	400
1687463346.715		544	209	74	136	125	141	18	407	0	400
1687463346.876		241	102	43	34	62	37	18	407	0	400
1687463347.036		794	302	74	207	211	214	18	407	0	400
1687463347.198		674	301	104	123	146	131	18	407	0	400
1687463347.358		693	306	111	122	154	133	18	407	0	400
1687463347.518		601	230	57	175	139	180	18	407	0	400
1687463347.679		650	310	75	141	124	152	18	407	0	400
1687463347.841		759	295	87	177	200	182	18	407	0	400
1687463348.001		662	290	111	111	150	119	18	407	0	400
1687463348.162		781	295	81	178	227	181	18	407	0	400
1687463348.323		791	295	76	200	220	207	18	407	0	400
1687463348.483		745	331	87	154	173	164	18	407	0	400
1687463348.642		707	315	126	111	155	124	18	407	0	400
1687463348.804		264	129	32	36	67	40	18	407	0	400
1687463348.964		747	300	78	162	207	172	18	407	0	400
1687463349.123		716	306	110	107	193	119	18	407	0	400
1687463349.283		281	68	35	110	68	111	18	407	0	400
1687463349.444		177	79	23	43	32	46	18	407	0	400
1687463349.603		709	267	75	174	193	178	18	407	0	400
1687463349.763		287	142	28	35	82	39	18	407	0	400
1687463349.923		775	302	77	215	181	219	18	407	0	400
1687463350.084		664	291	74	165	134	176	18	407	0	400
1687463350.244		225	106	26	56	37	59	18	407	0	400
1687463350.403		742	273	80	202	187	207	18	407	0	400
1687463350.562		792	299	80	205	208	208	18	407	0	400
1687463350.723		756	268	73	206	209	212	18	407	0	400
1687463350.882		802	295	77	205	225	212	18	407	0	400
1687463351.041		760	293	71	205	191	210	18	407	0	400
1687463351.200		573	244	79	97	153	100	18	407	0	400
1687463351.361		285	138	28	36	83	41	18	407	0	400
1687463351.520		629	302	79	150	98	160	18	407	0	400
1687463351.678		782	297	75	190	220	198	18	407	0	400
1687463351.837		296	161	33	40	62	64	18	407	0	400
1687463351.996		246	111	25	38	72	41	18	407	0	400
1687463352.155		805	297	78	226	204	230	18	407	0	400
1687463352.314		329	118	21	103	87	103	18	407	0	400
1687463352.473		249	95	39	86	29	90	18	407	0	400
1687463352.632		635	308	78	153	96	164	18	407	0	400
1687463352.791		463	187	44	126	106	129	18	407	0	400
1687463352.950		742	303	80	178	181	183	18	407	0	400
1687463353.108		628	300	76	157	95	169	18	407	0	400
1687463353.268		220	112	30	34	44	37	18	407	0	400
1687463353.427		859	298	77	288	196	292	18	407	0	400
1687463353.584		796	296	101	183	216	192	18	407	0	400
1687463353.743		448	169	40	139	100	142	18	407	0	400
1687463353.902		785	293	74	205	213	209	18	407	0	400
1687463354.060		784	297	74	217	196	224	18	407	0	400
1687463354.218		745	273	72	212	188	215	18	407	0	400
1687463354.377		372	168	41	75	88	80	18	407	0	400
1687463354.535		752	295	78	190	189	195	18	407	0	400
1687463354.693		818	312	34	290	182	297	18	407	0	400
1687463354.851		788	295	80	192	221	198	18	407	0	400
1687463355.008		239	129	29	42	39	46	18	407	0	400
1687463355.166		836	378	125	127	206	138	18	407	0	400
1687463355.325		241	111	35	44	51	66	18	407	0	400
1687463355.481		279	74	55	54	96	57	18	407	0	400
1687463355.639		630	264	106	115	145	125	18	407	0	400
1687463355.797		757	298	74	216	169	221	18	407	0	400
1687463355.955		787	303	74	204	206	209	18	407	0	400
1687463356.112		671	309	108	100	154	111	18	407	0	400
1687463356.270		399	110	21	124	144	125	18	407	0	400
1687463356.427		313	113	25	72	103	75	18	407	0	400
1687463356.584		737	295	76	154	212	165	18	407	0	400
1687463356.742		435	162	40	137	96	143	18	407	0	400
1687463356.899		256	124	47	49	36	54	18	407	0	400
1687463357.057		305	108	27	97	73	100	18	407	0	400
1687463357.213		748	288	74	196	190	200	18	407	0	400
1687463357.371		534	201	51	151	131	154	18	407	0	400
1687463357.527		273	111	26	75	61	77	18	407	0	400
1687463357.685		760	286	81	188	205	193	18	407	0	400
1687463357.842		731	291	74	184	182	190	18	407	0	400
1687463357.998		779	300	80	190	209	197	18	407	0	400
1687463358.155		741	302	79	180	180	186	18	407	0	400
1687463358.312		164	63	36	40	25	41	18	407	0	400
1687463358.469		215	88	32	36	59	38	18	407	0	400
1687463358.625		287	69	18	81	119	82	18	407	0	400
1687463358.783		261	105	19	27	110	30	18	407	0	400
1687463358.938		279	80	19	84	96	86	18	407	0	400
1687463359.094		260	92	52	69	47	71	18	407	0	400
1687463359.251		264	91	51	94	28	96	18	407	0	400
1687463359.407		306	104	33	111	58	111	18	407	0	400
1687463359.564		205	97	23	53	32	57	18	407	0	400
1687463359.721		267	78	75	50	64	51	18	407	0	400
1687463359.877		216	68	34	63	51	66	18	407	0	400
1687463360.032		252	129	31	47	45	51	18	407	0	400
1687463360.188		230	74	40	72	44	95	18	407	0	400
1687463360.344		252	90	42	71	49	75	18	407	0	400
1687463360.500		229	109	31	36	53	40	18	407	0	400
1687463360.657		201	84	31	42	44	45	18	407	0	400
1687463360.812		660	301	79	151	129	162	18	407	0	400
1687463360.967		716	305	113	168	130	179	18	407	0	400
1687463361.124		693	299	77	219	98	231	18	407	0	400
1687463361.279		557	249	58	171	79	178	18	407	0	400
1687463361.435		754	335	114	163	142	174	18	407	0	400
1687463361.591		846	304	80	250	212	255	18	407	0	400
1687463361.746		563	221	53	144	145	148	18	407	0	400
1687463361.902		784	299	75	204	206	211	18	407	0	400
1687463362.056		721	308	80	191	142	203	18	407	0	400
1687463362.212		626	300	79	151	96	160	18	407	0	400
1687463362.368		819	313	82	196	228	198	18	407	0	400
1687463362.522		722	305	109	167	141	179	18	407	0	400
1687463362.678		808	305	79	208	216	213	18	407	0	400
1687463362.833		697	311	107	117	162	130	18	407	0	400
1687463362.988		858	301	80	235	242	238	18	407	0	400
1687463363.143		780	295	77	218	190	223	18	407	0	400
1687463363.298		300	125	19	104	52	107	18	407	0	400
1687463363.452		296	126	31	72	67	76	18	407	0	400
1687463363.607		624	245	58	179	142	182	18	407	0	400
1687463363.762		381	152	34	110	85	114	18	407	0	400
1687463363.916		562	198	78	152	134	157	18	407	0	400
1687463364.072		678	305	79	163	131	174	18	407	0	400
1687463364.226		678	293	108	136	141	145	18	407	0	400
1687463364.381		797	306	81	212	198	217	18	407	0	400
1687463364.536		474	180	42	135	117	137	18	407	0	400
