2023-06-22 19:43:19,479 [INFO] root tankworker.py:153	Log file created
2023-06-22 19:43:19,479 [INFO] root tankworker.py:157	Logging handler <FileHandler /var/loadtest/tank_errors.log (WARNING)> added
2023-06-22 19:43:19,479 [INFO] root tankworker.py:157	Logging handler <StreamHandler <stdout> (INFO)> added
2023-06-22 19:43:19,479 [INFO] root tankworker.py:157	Logging handler <StreamHandler <stderr> (NOTSET)> added
2023-06-22 19:43:19,487 [INFO] root tankworker.py:69	Created a folder for the test. /var/loadtest/logs/2023-06-22_19-43-19.460859
2023-06-22 19:43:19,488 [INFO] yandextank.core.tankcore tankcore.py:254	Configuring plugins...
2023-06-22 19:43:19,488 [INFO] yandextank.core.tankcore tankcore.py:205	Loading plugins...
2023-06-22 19:43:19,488 [INFO] yandextank.core.tankcore tankcore.py:215	Trying to import module: autostop
2023-06-22 19:43:19,488 [INFO] yandextank.core.tankcore tankcore.py:216	Path: yandextank.plugins.Autostop
2023-06-22 19:43:19,488 [INFO] yandextank.core.tankcore tankcore.py:215	Trying to import module: console
2023-06-22 19:43:19,488 [INFO] yandextank.core.tankcore tankcore.py:216	Path: yandextank.plugins.Console
2023-06-22 19:43:19,489 [INFO] yandextank.core.tankcore tankcore.py:215	Trying to import module: json_report
2023-06-22 19:43:19,489 [INFO] yandextank.core.tankcore tankcore.py:216	Path: yandextank.plugins.JsonReport
2023-06-22 19:43:19,489 [INFO] yandextank.core.tankcore tankcore.py:215	Trying to import module: phantom
2023-06-22 19:43:19,489 [INFO] yandextank.core.tankcore tankcore.py:216	Path: yandextank.plugins.Phantom
2023-06-22 19:43:19,489 [INFO] yandextank.core.tankcore tankcore.py:215	Trying to import module: rcheck
2023-06-22 19:43:19,489 [INFO] yandextank.core.tankcore tankcore.py:216	Path: yandextank.plugins.ResourceCheck
2023-06-22 19:43:19,489 [INFO] yandextank.core.tankcore tankcore.py:215	Trying to import module: shellexec
2023-06-22 19:43:19,489 [INFO] yandextank.core.tankcore tankcore.py:216	Path: yandextank.plugins.ShellExec
2023-06-22 19:43:19,489 [INFO] yandextank.core.tankcore tankcore.py:215	Trying to import module: rcassert
2023-06-22 19:43:19,489 [INFO] yandextank.core.tankcore tankcore.py:216	Path: yandextank.plugins.RCAssert
2023-06-22 19:43:19,492 [INFO] yandextank.common.util util.py:578	Testing connection to resolved address 172.24.0.7 and port 443
2023-06-22 19:43:19,492 [INFO] yandextank.plugins.Phantom.utils utils.py:277	Resolved web into 172.24.0.7:443
2023-06-22 19:43:19,492 [INFO] yandextank.stepper.main main.py:197	Configuring StepperWrapper...
2023-06-22 19:43:19,493 [INFO] yandextank.stepper.main main.py:336	Making stpd-file: /var/loadtest/logs/_5f0debae087cc627985b7bfafd6d692a.stpd
2023-06-22 19:43:19,494 [INFO] yandextank.stepper.config config.py:126	Using UriStyleGenerator ammo reader
2023-06-22 19:43:19,542 [INFO] yandextank.core.tankcore tankcore.py:268	Preparing test...
2023-06-22 19:43:19,549 [INFO] yandextank.common.interfaces plugin.py:38	Checking tank resources...
2023-06-22 19:43:19,555 [INFO] yandextank.core.tankcore tankcore.py:278	Starting test...
2023-06-22 19:43:19,556 [INFO] yandextank.aggregator.tank_aggregator tank_aggregator.py:65	using verbose histogram
2023-06-22 19:43:19,558 [INFO] yandextank.core.tankcore tankcore.py:285	Plugin plugin_autostop required 0.000004 seconds to start
2023-06-22 19:43:19,558 [INFO] yandextank.core.tankcore tankcore.py:285	Plugin plugin_console required 0.000002 seconds to start
2023-06-22 19:43:19,558 [INFO] yandextank.core.tankcore tankcore.py:285	Plugin plugin_json_report required 0.000001 seconds to start
2023-06-22 19:43:19,562 [INFO] yandextank.core.tankcore tankcore.py:285	Plugin plugin_phantom required 0.003392 seconds to start
2023-06-22 19:43:19,562 [INFO] yandextank.core.tankcore tankcore.py:285	Plugin plugin_rcheck required 0.000006 seconds to start
2023-06-22 19:43:19,562 [INFO] yandextank.core.tankcore tankcore.py:285	Plugin plugin_shellexec required 0.000023 seconds to start
2023-06-22 19:43:19,562 [INFO] yandextank.core.tankcore tankcore.py:285	Plugin plugin_rcassert required 0.000002 seconds to start
2023-06-22 19:43:19,563 [INFO] yandextank.core.tankcore tankcore.py:294	Waiting for test to finish...
2023-06-22 19:43:19,563 [INFO] yandextank.core.tankcore tankcore.py:295	Artifacts dir: /var/loadtest/logs/2023-06-22_19-43-19.460859
