"2023-06-22 20:13:17.170 +0000" : {
  "main_scheduler" : {
    "bqs" : {
      "00037" : {
        "mmconts" : [0, 66, 68],
        "acts" : [204, 203],
        "tstate" : { "idle" : 998544, "run" : 1904, "locked" : 152, "mmap" : 10 }
      },
      "00038" : {
        "mmconts" : [0, 66, 68],
        "acts" : [4, 3],
        "tstate" : { "idle" : 994561, "run" : 4963, "locked" : 441, "mmap" : 618 }
      },
      "00039" : {
        "mmconts" : [0, 66, 68],
        "acts" : [202, 201],
        "tstate" : { "idle" : 998743, "run" : 1774, "locked" : 18, "mmap" : 28 }
      },
      "00040" : {
        "mmconts" : [0, 66, 68],
        "acts" : [202, 201],
        "tstate" : { "idle" : 998640, "run" : 1827, "locked" : 57, "mmap" : 3 }
      },
      "00041" : {
        "mmconts" : [0, 65, 67],
        "acts" : [202, 201],
        "tstate" : { "idle" : 998358, "run" : 2098, "locked" : 36, "mmap" : 18 }
      }
    }
  },
  "benchmark_io" : {
    "simple_times" : {
      "mcount" : {
        "mcount" : { "1 -- 2" : 1, "-- 1" : 1 }
      }
    },
    "stream_method" : {
      "conns" : [2, 1],
      "in" : [732, 731],
      "out" : [52, 51],
      "mmtasks" : [0, 0, 1],
      "load" : 0.349,
      "mcount" : {
        "mcount" : { "Success" : 2 }
      },
      "http_proto0" : {
        "mcount" : {
          "mcount" : { "OK" : 2 }
        }
      },
      "source_log" : {
        "delta" : [0, 0, 187]
      },
      "loggers" : {
        "brief_logger" : {
          "records" : [2, 1],
          "out" : [107, 106]
        }
      }
    }
  }
},
"2023-06-22 20:13:18.171 +0000" : {
  "main_scheduler" : {
    "bqs" : {
      "00037" : {
        "mmconts" : [67, 67, 67],
        "acts" : [0, 0],
        "tstate" : { "idle" : 999761, "run" : 1020, "locked" : 0, "mmap" : 0 }
      },
      "00038" : {
        "mmconts" : [66, 66, 66],
        "acts" : [0, 0],
        "tstate" : { "idle" : 999625, "run" : 1168, "locked" : 0, "mmap" : 0 }
      },
      "00039" : {
        "mmconts" : [66, 66, 67],
        "acts" : [4, 3],
        "tstate" : { "idle" : 998970, "run" : 1821, "locked" : 0, "mmap" : 0 }
      },
      "00040" : {
        "mmconts" : [67, 67, 67],
        "acts" : [0, 0],
        "tstate" : { "idle" : 999707, "run" : 1081, "locked" : 0, "mmap" : 0 }
      },
      "00041" : {
        "mmconts" : [66, 66, 66],
        "acts" : [1, 0],
        "tstate" : { "idle" : 999478, "run" : 1308, "locked" : 0, "mmap" : 0 }
      }
    }
  },
  "benchmark_io" : {
    "simple_times" : {
      "mcount" : {
        "mcount" : { "1 -- 2" : 1 }
      }
    },
    "stream_method" : {
      "conns" : [1, 0],
      "in" : [366, 365],
      "out" : [26, 25],
      "mmtasks" : [0, 0, 1],
      "load" : 0.381,
      "mcount" : {
        "mcount" : { "Success" : 1 }
      },
      "http_proto0" : {
        "mcount" : {
          "mcount" : { "OK" : 1 }
        }
      },
      "source_log" : {
        "delta" : [0, 0, 0]
      },
      "loggers" : {
        "brief_logger" : {
          "records" : [1, 0],
          "out" : [56, 55]
        }
      }
    }
  }
},
"2023-06-22 20:13:19.171 +0000" : {
  "main_scheduler" : {
    "bqs" : {
      "00037" : {
        "mmconts" : [67, 67, 67],
        "acts" : [1, 1],
        "tstate" : { "idle" : 998612, "run" : 1134, "locked" : 0, "mmap" : 0 }
      },
      "00038" : {
        "mmconts" : [66, 66, 66],
        "acts" : [0, 0],
        "tstate" : { "idle" : 998447, "run" : 1286, "locked" : 0, "mmap" : 0 }
      },
      "00039" : {
        "mmconts" : [66, 66, 66],
        "acts" : [1, 1],
        "tstate" : { "idle" : 998469, "run" : 1266, "locked" : 0, "mmap" : 0 }
      },
      "00040" : {
        "mmconts" : [66, 66, 67],
        "acts" : [4, 4],
        "tstate" : { "idle" : 997827, "run" : 1910, "locked" : 0, "mmap" : 0 }
      },
      "00041" : {
        "mmconts" : [66, 66, 66],
        "acts" : [1, 1],
        "tstate" : { "idle" : 998406, "run" : 1333, "locked" : 0, "mmap" : 0 }
      }
    }
  },
  "benchmark_io" : {
    "simple_times" : {
      "mcount" : {
        "mcount" : { "1 -- 1" : 1 }
      }
    },
    "stream_method" : {
      "conns" : [1, 1],
      "in" : [366, 366],
      "out" : [26, 26],
      "mmtasks" : [0, 0, 1],
      "load" : 0.399,
      "mcount" : {
        "mcount" : { "Success" : 1 }
      },
      "http_proto0" : {
        "mcount" : {
          "mcount" : { "OK" : 1 }
        }
      },
      "source_log" : {
        "delta" : [0, 0, 0]
      },
      "loggers" : {
        "brief_logger" : {
          "records" : [1, 1],
          "out" : [54, 54]
        }
      }
    }
  }
},
"2023-06-22 20:13:20.170 +0000" : {
  "main_scheduler" : {
    "bqs" : {
      "00037" : {
        "mmconts" : [67, 67, 67],
        "acts" : [1, 1],
        "tstate" : { "idle" : 998523, "run" : 1228, "locked" : 0, "mmap" : 0 }
      },
      "00038" : {
        "mmconts" : [65, 65, 66],
        "acts" : [3, 3],
        "tstate" : { "idle" : 997766, "run" : 1985, "locked" : 0, "mmap" : 0 }
      },
      "00039" : {
        "mmconts" : [66, 66, 66],
        "acts" : [0, 0],
        "tstate" : { "idle" : 998501, "run" : 1250, "locked" : 0, "mmap" : 0 }
      },
      "00040" : {
        "mmconts" : [66, 66, 66],
        "acts" : [1, 1],
        "tstate" : { "idle" : 998403, "run" : 1348, "locked" : 0, "mmap" : 0 }
      },
      "00041" : {
        "mmconts" : [65, 65, 66],
        "acts" : [4, 4],
        "tstate" : { "idle" : 997621, "run" : 2130, "locked" : 0, "mmap" : 0 }
      }
    }
  },
  "benchmark_io" : {
    "simple_times" : {
      "mcount" : {
        "mcount" : { "1 -- 2" : 2 }
      }
    },
    "stream_method" : {
      "conns" : [2, 2],
      "in" : [732, 732],
      "out" : [52, 52],
      "mmtasks" : [0, 0, 1],
      "load" : 0.315,
      "mcount" : {
        "mcount" : { "Success" : 2 }
      },
      "http_proto0" : {
        "mcount" : {
          "mcount" : { "OK" : 2 }
        }
      },
      "source_log" : {
        "delta" : [0, 0, 0]
      },
      "loggers" : {
        "brief_logger" : {
          "records" : [2, 2],
          "out" : [110, 110]
        }
      }
    }
  }
},
"2023-06-22 20:13:21.170 +0000" : {
  "main_scheduler" : {
    "bqs" : {
      "00037" : {
        "mmconts" : [67, 67, 67],
        "acts" : [1, 1],
        "tstate" : { "idle" : 998628, "run" : 928, "locked" : 0, "mmap" : 0 }
      },
      "00038" : {
        "mmconts" : [65, 65, 65],
        "acts" : [0, 0],
        "tstate" : { "idle" : 998534, "run" : 1023, "locked" : 0, "mmap" : 0 }
      },
      "00039" : {
        "mmconts" : [65, 65, 66],
        "acts" : [4, 4],
        "tstate" : { "idle" : 998341, "run" : 1216, "locked" : 0, "mmap" : 0 }
      },
      "00040" : {
        "mmconts" : [66, 66, 66],
        "acts" : [1, 1],
        "tstate" : { "idle" : 998603, "run" : 954, "locked" : 0, "mmap" : 0 }
      },
      "00041" : {
        "mmconts" : [65, 65, 65],
        "acts" : [1, 1],
        "tstate" : { "idle" : 998441, "run" : 1116, "locked" : 0, "mmap" : 0 }
      }
    }
  },
  "benchmark_io" : {
    "simple_times" : {
      "mcount" : {
        "mcount" : { "-- 1" : 1 }
      }
    },
    "stream_method" : {
      "conns" : [1, 1],
      "in" : [366, 366],
      "out" : [26, 26],
      "mmtasks" : [0, 0, 1],
      "load" : 0.234,
      "mcount" : {
        "mcount" : { "Success" : 1 }
      },
      "http_proto0" : {
        "mcount" : {
          "mcount" : { "OK" : 1 }
        }
      },
      "source_log" : {
        "delta" : [0, 0, 0]
      },
      "loggers" : {
        "brief_logger" : {
          "records" : [1, 1],
          "out" : [50, 50]
        }
      }
    }
  }
},
"2023-06-22 20:13:22.171 +0000" : {
  "main_scheduler" : {
    "bqs" : {
      "00037" : {
        "mmconts" : [67, 67, 67],
        "acts" : [1, 0],
        "tstate" : { "idle" : 999934, "run" : 1145, "locked" : 0, "mmap" : 0 }
      },
      "00038" : {
        "mmconts" : [65, 65, 65],
        "acts" : [0, 0],
        "tstate" : { "idle" : 999836, "run" : 1244, "locked" : 0, "mmap" : 0 }
      },
      "00039" : {
        "mmconts" : [65, 65, 65],
        "acts" : [1, 0],
        "tstate" : { "idle" : 999845, "run" : 1235, "locked" : 0, "mmap" : 0 }
      },
      "00040" : {
        "mmconts" : [65, 65, 66],
        "acts" : [4, 3],
        "tstate" : { "idle" : 999306, "run" : 1774, "locked" : 0, "mmap" : 0 }
      },
      "00041" : {
        "mmconts" : [64, 64, 65],
        "acts" : [4, 3],
        "tstate" : { "idle" : 999117, "run" : 1963, "locked" : 0, "mmap" : 0 }
      }
    }
  },
  "benchmark_io" : {
    "simple_times" : {
      "mcount" : {
        "mcount" : { "1 -- 1" : 2 }
      }
    },
    "stream_method" : {
      "conns" : [2, 1],
      "in" : [732, 731],
      "out" : [52, 51],
      "mmtasks" : [0, 0, 1],
      "load" : 0.311,
      "mcount" : {
        "mcount" : { "Success" : 2 }
      },
      "http_proto0" : {
        "mcount" : {
          "mcount" : { "OK" : 2 }
        }
      },
      "source_log" : {
        "delta" : [0, 0, 0]
      },
      "loggers" : {
        "brief_logger" : {
          "records" : [2, 1],
          "out" : [110, 109]
        }
      }
    }
  }
},
"2023-06-22 20:13:23.170 +0000" : {
  "main_scheduler" : {
    "bqs" : {
      "00037" : {
        "mmconts" : [67, 67, 67],
        "acts" : [1, 1],
        "tstate" : { "idle" : 998114, "run" : 1154, "locked" : 0, "mmap" : 0 }
      },
      "00038" : {
        "mmconts" : [64, 64, 65],
        "acts" : [3, 3],
        "tstate" : { "idle" : 997194, "run" : 2074, "locked" : 0, "mmap" : 0 }
      },
      "00039" : {
        "mmconts" : [64, 64, 65],
        "acts" : [4, 4],
        "tstate" : { "idle" : 997337, "run" : 1931, "locked" : 0, "mmap" : 0 }
      },
      "00040" : {
        "mmconts" : [65, 65, 65],
        "acts" : [1, 1],
        "tstate" : { "idle" : 998042, "run" : 1226, "locked" : 0, "mmap" : 0 }
      },
      "00041" : {
        "mmconts" : [64, 64, 64],
        "acts" : [1, 1],
        "tstate" : { "idle" : 997852, "run" : 1416, "locked" : 0, "mmap" : 0 }
      }
    }
  },
  "benchmark_io" : {
    "simple_times" : {
      "mcount" : {
        "mcount" : { "1 -- 2" : 1, "1 -- 1" : 1 }
      }
    },
    "stream_method" : {
      "conns" : [2, 2],
      "in" : [732, 732],
      "out" : [52, 52],
      "mmtasks" : [0, 0, 1],
      "load" : 0.335,
      "mcount" : {
        "mcount" : { "Success" : 2 }
      },
      "http_proto0" : {
        "mcount" : {
          "mcount" : { "OK" : 2 }
        }
      },
      "source_log" : {
        "delta" : [0, 0, 0]
      },
      "loggers" : {
        "brief_logger" : {
          "records" : [2, 2],
          "out" : [110, 110]
        }
      }
    }
  }
},
"2023-06-22 20:13:24.170 +0000" : {
  "main_scheduler" : {
    "bqs" : {
      "00037" : {
        "mmconts" : [67, 67, 67],
        "acts" : [1, 0],
        "tstate" : { "idle" : 999020, "run" : 1143, "locked" : 0, "mmap" : 0 }
      },
      "00038" : {
        "mmconts" : [64, 64, 64],
        "acts" : [0, 0],
        "tstate" : { "idle" : 998988, "run" : 1174, "locked" : 0, "mmap" : 0 }
      },
      "00039" : {
        "mmconts" : [64, 64, 64],
        "acts" : [1, 0],
        "tstate" : { "idle" : 998928, "run" : 1234, "locked" : 0, "mmap" : 0 }
      },
      "00040" : {
        "mmconts" : [64, 64, 65],
        "acts" : [4, 3],
        "tstate" : { "idle" : 998317, "run" : 1845, "locked" : 0, "mmap" : 0 }
      },
      "00041" : {
        "mmconts" : [63, 63, 64],
        "acts" : [4, 3],
        "tstate" : { "idle" : 998215, "run" : 1947, "locked" : 0, "mmap" : 0 }
      }
    }
  },
  "benchmark_io" : {
    "simple_times" : {
      "mcount" : {
        "mcount" : { "1 -- 2" : 2 }
      }
    },
    "stream_method" : {
      "conns" : [2, 1],
      "in" : [732, 731],
      "out" : [52, 51],
      "mmtasks" : [0, 0, 1],
      "load" : 0.323,
      "mcount" : {
        "mcount" : { "Success" : 2 }
      },
      "http_proto0" : {
        "mcount" : {
          "mcount" : { "OK" : 2 }
        }
      },
      "source_log" : {
        "delta" : [0, 0, 0]
      },
      "loggers" : {
        "brief_logger" : {
          "records" : [2, 1],
          "out" : [110, 109]
        }
      }
    }
  }
},
"2023-06-22 20:13:25.170 +0000" : {
  "main_scheduler" : {
    "bqs" : {
      "00037" : {
        "mmconts" : [67, 67, 67],
        "acts" : [1, 1],
        "tstate" : { "idle" : 998416, "run" : 1166, "locked" : 0, "mmap" : 0 }
      },
      "00038" : {
        "mmconts" : [63, 63, 64],
        "acts" : [3, 3],
        "tstate" : { "idle" : 997944, "run" : 1637, "locked" : 0, "mmap" : 0 }
      },
      "00039" : {
        "mmconts" : [63, 63, 64],
        "acts" : [4, 4],
        "tstate" : { "idle" : 997684, "run" : 1897, "locked" : 0, "mmap" : 0 }
      },
      "00040" : {
        "mmconts" : [63, 63, 64],
        "acts" : [4, 4],
        "tstate" : { "idle" : 997676, "run" : 1906, "locked" : 0, "mmap" : 0 }
      },
      "00041" : {
        "mmconts" : [63, 63, 63],
        "acts" : [1, 1],
        "tstate" : { "idle" : 998213, "run" : 1369, "locked" : 0, "mmap" : 0 }
      }
    }
  },
  "benchmark_io" : {
    "simple_times" : {
      "mcount" : {
        "mcount" : { "1 -- 2" : 1, "1 -- 1" : 2 }
      }
    },
    "stream_method" : {
      "conns" : [3, 3],
      "in" : [1098, 1098],
      "out" : [78, 78],
      "mmtasks" : [0, 0, 1],
      "load" : 0.310,
      "mcount" : {
        "mcount" : { "Success" : 3 }
      },
      "http_proto0" : {
        "mcount" : {
          "mcount" : { "OK" : 3 }
        }
      },
      "source_log" : {
        "delta" : [0, 0, 0]
      },
      "loggers" : {
        "brief_logger" : {
          "records" : [3, 3],
          "out" : [162, 162]
        }
      }
    }
  }
},
"2023-06-22 20:13:26.170 +0000" : {
  "main_scheduler" : {
    "bqs" : {
      "00037" : {
        "mmconts" : [67, 67, 67],
        "acts" : [1, 0],
        "tstate" : { "idle" : 999279, "run" : 1219, "locked" : 0, "mmap" : 0 }
      },
      "00038" : {
        "mmconts" : [62, 62, 63],
        "acts" : [3, 2],
        "tstate" : { "idle" : 998481, "run" : 2017, "locked" : 0, "mmap" : 0 }
      },
      "00039" : {
        "mmconts" : [63, 63, 63],
        "acts" : [1, 0],
        "tstate" : { "idle" : 999123, "run" : 1375, "locked" : 0, "mmap" : 0 }
      },
      "00040" : {
        "mmconts" : [63, 63, 63],
        "acts" : [1, 0],
        "tstate" : { "idle" : 999200, "run" : 1298, "locked" : 0, "mmap" : 0 }
      },
      "00041" : {
        "mmconts" : [62, 62, 63],
        "acts" : [4, 3],
        "tstate" : { "idle" : 998523, "run" : 1975, "locked" : 0, "mmap" : 0 }
      }
    }
  },
  "benchmark_io" : {
    "simple_times" : {
      "mcount" : {
        "mcount" : { "1 -- 2" : 1, "1 -- 1" : 1 }
      }
    },
    "stream_method" : {
      "conns" : [2, 1],
      "in" : [732, 731],
      "out" : [52, 51],
      "mmtasks" : [0, 0, 1],
      "load" : 0.331,
      "mcount" : {
        "mcount" : { "Success" : 2 }
      },
      "http_proto0" : {
        "mcount" : {
          "mcount" : { "OK" : 2 }
        }
      },
      "source_log" : {
        "delta" : [0, 0, 0]
      },
      "loggers" : {
        "brief_logger" : {
          "records" : [2, 1],
          "out" : [108, 107]
        }
      }
    }
  }
},
"2023-06-22 20:13:27.170 +0000" : {
  "main_scheduler" : {
    "bqs" : {
      "00037" : {
        "mmconts" : [65, 66, 67],
        "acts" : [7, 7],
        "tstate" : { "idle" : 997909, "run" : 1810, "locked" : 0, "mmap" : 0 }
      },
      "00038" : {
        "mmconts" : [62, 62, 62],
        "acts" : [0, 0],
        "tstate" : { "idle" : 998573, "run" : 1146, "locked" : 0, "mmap" : 0 }
      },
      "00039" : {
        "mmconts" : [62, 62, 63],
        "acts" : [4, 4],
        "tstate" : { "idle" : 997767, "run" : 1951, "locked" : 0, "mmap" : 0 }
      },
      "00040" : {
        "mmconts" : [63, 63, 63],
        "acts" : [1, 1],
        "tstate" : { "idle" : 998577, "run" : 1141, "locked" : 0, "mmap" : 0 }
      },
      "00041" : {
        "mmconts" : [62, 62, 62],
        "acts" : [1, 1],
        "tstate" : { "idle" : 998451, "run" : 1267, "locked" : 0, "mmap" : 0 }
      }
    }
  },
  "benchmark_io" : {
    "simple_times" : {
      "mcount" : {
        "mcount" : { "1 -- 2" : 2, "-- 1" : 1 }
      }
    },
    "stream_method" : {
      "conns" : [3, 3],
      "in" : [1098, 1098],
      "out" : [78, 78],
      "mmtasks" : [0, 0, 1],
      "load" : 0.342,
      "mcount" : {
        "mcount" : { "Success" : 3 }
      },
      "http_proto0" : {
        "mcount" : {
          "mcount" : { "OK" : 3 }
        }
      },
      "source_log" : {
        "delta" : [0, 0, 0]
      },
      "loggers" : {
        "brief_logger" : {
          "records" : [3, 3],
          "out" : [161, 161]
        }
      }
    }
  }
},
"2023-06-22 20:13:28.171 +0000" : {
  "main_scheduler" : {
    "bqs" : {
      "00037" : {
        "mmconts" : [65, 65, 65],
        "acts" : [1, 0],
        "tstate" : { "idle" : 999417, "run" : 1108, "locked" : 0, "mmap" : 0 }
      },
      "00038" : {
        "mmconts" : [61, 61, 62],
        "acts" : [3, 2],
        "tstate" : { "idle" : 998684, "run" : 1841, "locked" : 0, "mmap" : 0 }
      },
      "00039" : {
        "mmconts" : [62, 62, 62],
        "acts" : [1, 0],
        "tstate" : { "idle" : 999312, "run" : 1214, "locked" : 0, "mmap" : 0 }
      },
      "00040" : {
        "mmconts" : [63, 63, 63],
        "acts" : [1, 0],
        "tstate" : { "idle" : 999306, "run" : 1219, "locked" : 0, "mmap" : 0 }
      },
      "00041" : {
        "mmconts" : [61, 61, 62],
        "acts" : [4, 3],
        "tstate" : { "idle" : 998573, "run" : 1952, "locked" : 0, "mmap" : 0 }
      }
    }
  },
  "benchmark_io" : {
    "simple_times" : {
      "mcount" : {
        "mcount" : { "1 -- 2" : 2 }
      }
    },
    "stream_method" : {
      "conns" : [2, 1],
      "in" : [732, 731],
      "out" : [52, 51],
      "mmtasks" : [0, 0, 1],
      "load" : 0.323,
      "mcount" : {
        "mcount" : { "Success" : 2 }
      },
      "http_proto0" : {
        "mcount" : {
          "mcount" : { "OK" : 2 }
        }
      },
      "source_log" : {
        "delta" : [0, 0, 0]
      },
      "loggers" : {
        "brief_logger" : {
          "records" : [2, 1],
          "out" : [110, 109]
        }
      }
    }
  }
},
"2023-06-22 20:13:29.171 +0000" : {
  "main_scheduler" : {
    "bqs" : {
      "00037" : {
        "mmconts" : [62, 63, 65],
        "acts" : [10, 10],
        "tstate" : { "idle" : 997066, "run" : 2789, "locked" : 0, "mmap" : 0 }
      },
      "00038" : {
        "mmconts" : [61, 61, 61],
        "acts" : [0, 0],
        "tstate" : { "idle" : 998805, "run" : 1050, "locked" : 0, "mmap" : 0 }
      },
      "00039" : {
        "mmconts" : [62, 62, 62],
        "acts" : [1, 1],
        "tstate" : { "idle" : 998792, "run" : 1062, "locked" : 0, "mmap" : 0 }
      },
      "00040" : {
        "mmconts" : [63, 63, 63],
        "acts" : [1, 1],
        "tstate" : { "idle" : 998796, "run" : 1058, "locked" : 0, "mmap" : 0 }
      },
      "00041" : {
        "mmconts" : [61, 61, 61],
        "acts" : [1, 1],
        "tstate" : { "idle" : 998677, "run" : 1177, "locked" : 0, "mmap" : 0 }
      }
    }
  },
  "benchmark_io" : {
    "simple_times" : {
      "mcount" : {
        "mcount" : { "1 -- 1" : 3 }
      }
    },
    "stream_method" : {
      "conns" : [3, 3],
      "in" : [1098, 1098],
      "out" : [78, 78],
      "mmtasks" : [0, 0, 1],
      "load" : 0.321,
      "mcount" : {
        "mcount" : { "Success" : 3 }
      },
      "http_proto0" : {
        "mcount" : {
          "mcount" : { "OK" : 3 }
        }
      },
      "source_log" : {
        "delta" : [0, 0, 0]
      },
      "loggers" : {
        "brief_logger" : {
          "records" : [3, 3],
          "out" : [165, 165]
        }
      }
    }
  }
},
"2023-06-22 20:13:30.171 +0000" : {
  "main_scheduler" : {
    "bqs" : {
      "00037" : {
        "mmconts" : [62, 62, 62],
        "acts" : [1, 0],
        "tstate" : { "idle" : 999150, "run" : 1027, "locked" : 0, "mmap" : 0 }
      },
      "00038" : {
        "mmconts" : [60, 60, 61],
        "acts" : [3, 2],
        "tstate" : { "idle" : 998422, "run" : 1755, "locked" : 0, "mmap" : 0 }
      },
      "00039" : {
        "mmconts" : [61, 61, 62],
        "acts" : [4, 3],
        "tstate" : { "idle" : 998465, "run" : 1713, "locked" : 0, "mmap" : 0 }
      },
      "00040" : {
        "mmconts" : [63, 63, 63],
        "acts" : [1, 0],
        "tstate" : { "idle" : 999050, "run" : 1128, "locked" : 0, "mmap" : 0 }
      },
      "00041" : {
        "mmconts" : [60, 60, 61],
        "acts" : [4, 3],
        "tstate" : { "idle" : 998400, "run" : 1778, "locked" : 0, "mmap" : 0 }
      }
    }
  },
  "benchmark_io" : {
    "simple_times" : {
      "mcount" : {
        "mcount" : { "1 -- 2" : 2, "1 -- 1" : 1 }
      }
    },
    "stream_method" : {
      "conns" : [3, 2],
      "in" : [1098, 1097],
      "out" : [78, 77],
      "mmtasks" : [0, 0, 1],
      "load" : 0.325,
      "mcount" : {
        "mcount" : { "Success" : 3 }
      },
      "http_proto0" : {
        "mcount" : {
          "mcount" : { "OK" : 3 }
        }
      },
      "source_log" : {
        "delta" : [0, 0, 0]
      },
      "loggers" : {
        "brief_logger" : {
          "records" : [3, 2],
          "out" : [163, 162]
        }
      }
    }
  }
},
"2023-06-22 20:13:31.170 +0000" : {
  "main_scheduler" : {
    "bqs" : {
      "00037" : {
        "mmconts" : [62, 62, 62],
        "acts" : [1, 1],
        "tstate" : { "idle" : 998270, "run" : 914, "locked" : 0, "mmap" : 0 }
      },
      "00038" : {
        "mmconts" : [59, 59, 60],
        "acts" : [3, 3],
        "tstate" : { "idle" : 997489, "run" : 1695, "locked" : 0, "mmap" : 0 }
      },
      "00039" : {
        "mmconts" : [60, 60, 61],
        "acts" : [4, 4],
        "tstate" : { "idle" : 997736, "run" : 1448, "locked" : 0, "mmap" : 0 }
      },
      "00040" : {
        "mmconts" : [63, 63, 63],
        "acts" : [1, 1],
        "tstate" : { "idle" : 998186, "run" : 998, "locked" : 0, "mmap" : 0 }
      },
      "00041" : {
        "mmconts" : [59, 59, 60],
        "acts" : [4, 4],
        "tstate" : { "idle" : 997815, "run" : 1369, "locked" : 0, "mmap" : 0 }
      }
    }
  },
  "benchmark_io" : {
    "simple_times" : {
      "mcount" : {
        "mcount" : { "1 -- 1" : 2, "-- 1" : 1 }
      }
    },
    "stream_method" : {
      "conns" : [3, 3],
      "in" : [1098, 1098],
      "out" : [78, 78],
      "mmtasks" : [0, 0, 1],
      "load" : 0.321,
      "mcount" : {
        "mcount" : { "Success" : 3 }
      },
      "http_proto0" : {
        "mcount" : {
          "mcount" : { "OK" : 3 }
        }
      },
      "source_log" : {
        "delta" : [0, 0, 0]
      },
      "loggers" : {
        "brief_logger" : {
          "records" : [3, 3],
          "out" : [158, 158]
        }
      }
    }
  }
},
"2023-06-22 20:13:32.171 +0000" : {
  "main_scheduler" : {
    "bqs" : {
      "00037" : {
        "mmconts" : [60, 60, 62],
        "acts" : [7, 6],
        "tstate" : { "idle" : 998488, "run" : 2344, "locked" : 0, "mmap" : 0 }
      },
      "00038" : {
        "mmconts" : [59, 59, 59],
        "acts" : [0, 0],
        "tstate" : { "idle" : 999443, "run" : 1389, "locked" : 0, "mmap" : 0 }
      },
      "00039" : {
        "mmconts" : [59, 59, 60],
        "acts" : [4, 3],
        "tstate" : { "idle" : 998910, "run" : 1921, "locked" : 0, "mmap" : 0 }
      },
      "00040" : {
        "mmconts" : [63, 63, 63],
        "acts" : [1, 0],
        "tstate" : { "idle" : 999605, "run" : 1227, "locked" : 0, "mmap" : 0 }
      },
      "00041" : {
        "mmconts" : [58, 58, 59],
        "acts" : [4, 3],
        "tstate" : { "idle" : 998803, "run" : 2029, "locked" : 0, "mmap" : 0 }
      }
    }
  },
  "benchmark_io" : {
    "simple_times" : {
      "mcount" : {
        "mcount" : { "1 -- 2" : 1, "1 -- 1" : 3 }
      }
    },
    "stream_method" : {
      "conns" : [4, 3],
      "in" : [1464, 1462],
      "out" : [104, 103],
      "mmtasks" : [0, 0, 1],
      "load" : 0.329,
      "mcount" : {
        "mcount" : { "Success" : 4 }
      },
      "http_proto0" : {
        "mcount" : {
          "mcount" : { "OK" : 4 }
        }
      },
      "source_log" : {
        "delta" : [0, 0, 0]
      },
      "loggers" : {
        "brief_logger" : {
          "records" : [4, 3],
          "out" : [218, 217]
        }
      }
    }
  }
},
"2023-06-22 20:13:33.170 +0000" : {
  "main_scheduler" : {
    "bqs" : {
      "00037" : {
        "mmconts" : [59, 59, 60],
        "acts" : [4, 4],
        "tstate" : { "idle" : 997696, "run" : 1676, "locked" : 0, "mmap" : 0 }
      },
      "00038" : {
        "mmconts" : [58, 58, 59],
        "acts" : [3, 3],
        "tstate" : { "idle" : 997334, "run" : 2040, "locked" : 0, "mmap" : 0 }
      },
      "00039" : {
        "mmconts" : [58, 58, 59],
        "acts" : [4, 4],
        "tstate" : { "idle" : 997459, "run" : 1915, "locked" : 0, "mmap" : 0 }
      },
      "00040" : {
        "mmconts" : [63, 63, 63],
        "acts" : [1, 1],
        "tstate" : { "idle" : 998274, "run" : 1100, "locked" : 0, "mmap" : 0 }
      },
      "00041" : {
        "mmconts" : [58, 58, 58],
        "acts" : [1, 1],
        "tstate" : { "idle" : 998089, "run" : 1285, "locked" : 0, "mmap" : 0 }
      }
    }
  },
  "benchmark_io" : {
    "simple_times" : {
      "mcount" : {
        "mcount" : { "1 -- 2" : 2, "1 -- 1" : 1 }
      }
    },
    "stream_method" : {
      "conns" : [3, 3],
      "in" : [1098, 1098],
      "out" : [78, 78],
      "mmtasks" : [0, 0, 1],
      "load" : 0.372,
      "mcount" : {
        "mcount" : { "Success" : 3 }
      },
      "http_proto0" : {
        "mcount" : {
          "mcount" : { "OK" : 3 }
        }
      },
      "source_log" : {
        "delta" : [0, 0, 0]
      },
      "loggers" : {
        "brief_logger" : {
          "records" : [3, 3],
          "out" : [165, 165]
        }
      }
    }
  }
},
"2023-06-22 20:13:34.170 +0000" : {
  "main_scheduler" : {
    "bqs" : {
      "00037" : {
        "mmconts" : [58, 58, 59],
        "acts" : [4, 4],
        "tstate" : { "idle" : 998174, "run" : 1757, "locked" : 0, "mmap" : 0 }
      },
      "00038" : {
        "mmconts" : [57, 57, 58],
        "acts" : [3, 3],
        "tstate" : { "idle" : 997960, "run" : 1971, "locked" : 0, "mmap" : 0 }
      },
      "00039" : {
        "mmconts" : [57, 57, 58],
        "acts" : [4, 4],
        "tstate" : { "idle" : 997966, "run" : 1966, "locked" : 0, "mmap" : 0 }
      },
      "00040" : {
        "mmconts" : [63, 63, 63],
        "acts" : [1, 1],
        "tstate" : { "idle" : 998752, "run" : 1179, "locked" : 0, "mmap" : 0 }
      },
      "00041" : {
        "mmconts" : [57, 57, 58],
        "acts" : [4, 4],
        "tstate" : { "idle" : 998220, "run" : 1711, "locked" : 0, "mmap" : 0 }
      }
    }
  },
  "benchmark_io" : {
    "simple_times" : {
      "mcount" : {
        "mcount" : { "1 -- 2" : 3, "1 -- 1" : 1 }
      }
    },
    "stream_method" : {
      "conns" : [4, 4],
      "in" : [1464, 1464],
      "out" : [104, 104],
      "mmtasks" : [0, 0, 1],
      "load" : 0.327,
      "mcount" : {
        "mcount" : { "Success" : 4 }
      },
      "http_proto0" : {
        "mcount" : {
          "mcount" : { "OK" : 4 }
        }
      },
      "source_log" : {
        "delta" : [0, 0, 0]
      },
      "loggers" : {
        "brief_logger" : {
          "records" : [4, 4],
          "out" : [218, 218]
        }
      }
    }
  }
},
"2023-06-22 20:13:35.171 +0000" : {
  "main_scheduler" : {
    "bqs" : {
      "00037" : {
        "mmconts" : [57, 57, 58],
        "acts" : [4, 3],
        "tstate" : { "idle" : 998889, "run" : 1736, "locked" : 0, "mmap" : 0 }
      },
      "00038" : {
        "mmconts" : [56, 56, 57],
        "acts" : [3, 2],
        "tstate" : { "idle" : 998704, "run" : 1920, "locked" : 0, "mmap" : 0 }
      },
      "00039" : {
        "mmconts" : [56, 56, 57],
        "acts" : [4, 3],
        "tstate" : { "idle" : 998676, "run" : 1948, "locked" : 0, "mmap" : 0 }
      },
      "00040" : {
        "mmconts" : [63, 63, 63],
        "acts" : [1, 0],
        "tstate" : { "idle" : 999386, "run" : 1240, "locked" : 0, "mmap" : 0 }
      },
      "00041" : {
        "mmconts" : [56, 56, 57],
        "acts" : [4, 3],
        "tstate" : { "idle" : 998677, "run" : 1950, "locked" : 0, "mmap" : 0 }
      }
    }
  },
  "benchmark_io" : {
    "simple_times" : {
      "mcount" : {
        "mcount" : { "1 -- 2" : 3, "1 -- 1" : 1 }
      }
    },
    "stream_method" : {
      "conns" : [4, 3],
      "in" : [1464, 1463],
      "out" : [104, 103],
      "mmtasks" : [0, 0, 1],
      "load" : 0.317,
      "mcount" : {
        "mcount" : { "Success" : 4 }
      },
      "http_proto0" : {
        "mcount" : {
          "mcount" : { "OK" : 4 }
        }
      },
      "source_log" : {
        "delta" : [0, 0, 0]
      },
      "loggers" : {
        "brief_logger" : {
          "records" : [4, 3],
          "out" : [220, 219]
        }
      }
    }
  }
},
"2023-06-22 20:13:36.170 +0000" : {
  "main_scheduler" : {
    "bqs" : {
      "00037" : {
        "mmconts" : [56, 56, 57],
        "acts" : [4, 4],
        "tstate" : { "idle" : 997540, "run" : 1695, "locked" : 0, "mmap" : 0 }
      },
      "00038" : {
        "mmconts" : [55, 55, 56],
        "acts" : [3, 3],
        "tstate" : { "idle" : 997492, "run" : 1742, "locked" : 0, "mmap" : 0 }
      },
      "00039" : {
        "mmconts" : [56, 56, 56],
        "acts" : [2, 2],
        "tstate" : { "idle" : 997940, "run" : 1294, "locked" : 0, "mmap" : 0 }
      },
      "00040" : {
        "mmconts" : [63, 63, 63],
        "acts" : [1, 1],
        "tstate" : { "idle" : 998131, "run" : 1101, "locked" : 0, "mmap" : 0 }
      },
      "00041" : {
        "mmconts" : [55, 55, 56],
        "acts" : [4, 4],
        "tstate" : { "idle" : 997367, "run" : 1865, "locked" : 0, "mmap" : 0 }
      }
    }
  },
  "benchmark_io" : {
    "simple_times" : {
      "mcount" : {
        "mcount" : { "1 -- 2" : 1, "1 -- 1" : 2 }
      }
    },
    "stream_method" : {
      "conns" : [3, 3],
      "in" : [1098, 1098],
      "out" : [78, 78],
      "mmtasks" : [0, 0, 1],
      "load" : 0.326,
      "mcount" : {
        "mcount" : { "Success" : 3 }
      },
      "http_proto0" : {
        "mcount" : {
          "mcount" : { "OK" : 3 }
        }
      },
      "source_log" : {
        "delta" : [0, 0, 0]
      },
      "loggers" : {
        "brief_logger" : {
          "records" : [3, 3],
          "out" : [165, 165]
        }
      }
    }
  }
},
"2023-06-22 20:13:37.170 +0000" : {
  "main_scheduler" : {
    "bqs" : {
      "00037" : {
        "mmconts" : [55, 55, 56],
        "acts" : [4, 3],
        "tstate" : { "idle" : 998600, "run" : 1612, "locked" : 0, "mmap" : 0 }
      },
      "00038" : {
        "mmconts" : [54, 54, 55],
        "acts" : [3, 2],
        "tstate" : { "idle" : 998725, "run" : 1487, "locked" : 0, "mmap" : 0 }
      },
      "00039" : {
        "mmconts" : [54, 54, 56],
        "acts" : [6, 5],
        "tstate" : { "idle" : 998089, "run" : 2123, "locked" : 0, "mmap" : 0 }
      },
      "00040" : {
        "mmconts" : [63, 63, 63],
        "acts" : [1, 0],
        "tstate" : { "idle" : 999377, "run" : 835, "locked" : 0, "mmap" : 0 }
      },
      "00041" : {
        "mmconts" : [54, 54, 55],
        "acts" : [4, 3],
        "tstate" : { "idle" : 999077, "run" : 1135, "locked" : 0, "mmap" : 0 }
      }
    }
  },
  "benchmark_io" : {
    "simple_times" : {
      "mcount" : {
        "mcount" : { "1 -- 2" : 3, "1 -- 1" : 1, "-- 1" : 1 }
      }
    },
    "stream_method" : {
      "conns" : [5, 4],
      "in" : [1830, 1829],
      "out" : [130, 129],
      "mmtasks" : [0, 0, 1],
      "load" : 0.320,
      "mcount" : {
        "mcount" : { "Success" : 5 }
      },
      "http_proto0" : {
        "mcount" : {
          "mcount" : { "OK" : 5 }
        }
      },
      "source_log" : {
        "delta" : [0, 0, 0]
      },
      "loggers" : {
        "brief_logger" : {
          "records" : [5, 4],
          "out" : [270, 269]
        }
      }
    }
  }
},
"2023-06-22 20:13:38.170 +0000" : {
  "main_scheduler" : {
    "bqs" : {
      "00037" : {
        "mmconts" : [54, 54, 55],
        "acts" : [4, 4],
        "tstate" : { "idle" : 998021, "run" : 1783, "locked" : 0, "mmap" : 0 }
      },
      "00038" : {
        "mmconts" : [53, 53, 54],
        "acts" : [3, 3],
        "tstate" : { "idle" : 997901, "run" : 1898, "locked" : 0, "mmap" : 0 }
      },
      "00039" : {
        "mmconts" : [53, 53, 54],
        "acts" : [4, 4],
        "tstate" : { "idle" : 997753, "run" : 2043, "locked" : 0, "mmap" : 0 }
      },
      "00040" : {
        "mmconts" : [63, 63, 63],
        "acts" : [1, 1],
        "tstate" : { "idle" : 998582, "run" : 1212, "locked" : 0, "mmap" : 0 }
      },
      "00041" : {
        "mmconts" : [53, 53, 54],
        "acts" : [4, 4],
        "tstate" : { "idle" : 997861, "run" : 1930, "locked" : 0, "mmap" : 0 }
      }
    }
  },
  "benchmark_io" : {
    "simple_times" : {
      "mcount" : {
        "mcount" : { "1 -- 2" : 1, "1 -- 1" : 3 }
      }
    },
    "stream_method" : {
      "conns" : [4, 4],
      "in" : [1464, 1464],
      "out" : [104, 104],
      "mmtasks" : [0, 0, 1],
      "load" : 0.339,
      "mcount" : {
        "mcount" : { "Success" : 4 }
      },
      "http_proto0" : {
        "mcount" : {
          "mcount" : { "OK" : 4 }
        }
      },
      "source_log" : {
        "delta" : [0, 0, 0]
      },
      "loggers" : {
        "brief_logger" : {
          "records" : [4, 4],
          "out" : [220, 220]
        }
      }
    }
  }
},
"2023-06-22 20:13:39.170 +0000" : {
  "main_scheduler" : {
    "bqs" : {
      "00037" : {
        "mmconts" : [53, 53, 54],
        "acts" : [4, 3],
        "tstate" : { "idle" : 998635, "run" : 1727, "locked" : 0, "mmap" : 0 }
      },
      "00038" : {
        "mmconts" : [52, 52, 53],
        "acts" : [3, 2],
        "tstate" : { "idle" : 998484, "run" : 1883, "locked" : 0, "mmap" : 0 }
      },
      "00039" : {
        "mmconts" : [52, 52, 53],
        "acts" : [4, 3],
        "tstate" : { "idle" : 998559, "run" : 1811, "locked" : 0, "mmap" : 0 }
      },
      "00040" : {
        "mmconts" : [63, 63, 63],
        "acts" : [1, 0],
        "tstate" : { "idle" : 999162, "run" : 1210, "locked" : 0, "mmap" : 0 }
      },
      "00041" : {
        "mmconts" : [52, 52, 53],
        "acts" : [4, 3],
        "tstate" : { "idle" : 998535, "run" : 1839, "locked" : 0, "mmap" : 0 }
      }
    }
  },
  "benchmark_io" : {
    "simple_times" : {
      "mcount" : {
        "mcount" : { "1 -- 2" : 1, "1 -- 1" : 3 }
      }
    },
    "stream_method" : {
      "conns" : [4, 3],
      "in" : [1464, 1463],
      "out" : [104, 103],
      "mmtasks" : [0, 0, 1],
      "load" : 0.325,
      "mcount" : {
        "mcount" : { "Success" : 4 }
      },
      "http_proto0" : {
        "mcount" : {
          "mcount" : { "OK" : 4 }
        }
      },
      "source_log" : {
        "delta" : [0, 0, 0]
      },
      "loggers" : {
        "brief_logger" : {
          "records" : [4, 3],
          "out" : [218, 217]
        }
      }
    }
  }
},
"2023-06-22 20:13:40.171 +0000" : {
  "main_scheduler" : {
    "bqs" : {
      "00037" : {
        "mmconts" : [52, 52, 53],
        "acts" : [4, 3],
        "tstate" : { "idle" : 998568, "run" : 1718, "locked" : 0, "mmap" : 0 }
      },
      "00038" : {
        "mmconts" : [51, 51, 52],
        "acts" : [3, 2],
        "tstate" : { "idle" : 998343, "run" : 1946, "locked" : 0, "mmap" : 0 }
      },
      "00039" : {
        "mmconts" : [51, 51, 52],
        "acts" : [4, 3],
        "tstate" : { "idle" : 998395, "run" : 1894, "locked" : 0, "mmap" : 0 }
      },
      "00040" : {
        "mmconts" : [63, 63, 63],
        "acts" : [1, 0],
        "tstate" : { "idle" : 999071, "run" : 1218, "locked" : 0, "mmap" : 0 }
      },
      "00041" : {
        "mmconts" : [50, 51, 52],
        "acts" : [7, 6],
        "tstate" : { "idle" : 998286, "run" : 2003, "locked" : 0, "mmap" : 0 }
      }
    }
  },
  "benchmark_io" : {
    "simple_times" : {
      "mcount" : {
        "mcount" : { "1 -- 2" : 2, "1 -- 1" : 1, "-- 1" : 2 }
      }
    },
    "stream_method" : {
      "conns" : [5, 4],
      "in" : [1830, 1829],
      "out" : [130, 129],
      "mmtasks" : [0, 0, 1],
      "load" : 0.322,
      "mcount" : {
        "mcount" : { "Success" : 5 }
      },
      "http_proto0" : {
        "mcount" : {
          "mcount" : { "OK" : 5 }
        }
      },
      "source_log" : {
        "delta" : [0, 0, 0]
      },
      "loggers" : {
        "brief_logger" : {
          "records" : [5, 4],
          "out" : [267, 266]
        }
      }
    }
  }
},
"2023-06-22 20:13:41.170 +0000" : {
  "main_scheduler" : {
    "bqs" : {
      "00037" : {
        "mmconts" : [51, 51, 52],
        "acts" : [4, 4],
        "tstate" : { "idle" : 998037, "run" : 1259, "locked" : 0, "mmap" : 0 }
      },
      "00038" : {
        "mmconts" : [50, 50, 51],
        "acts" : [3, 3],
        "tstate" : { "idle" : 997674, "run" : 1619, "locked" : 0, "mmap" : 0 }
      },
      "00039" : {
        "mmconts" : [50, 50, 51],
        "acts" : [4, 4],
        "tstate" : { "idle" : 998099, "run" : 1194, "locked" : 0, "mmap" : 0 }
      },
      "00040" : {
        "mmconts" : [63, 63, 63],
        "acts" : [1, 1],
        "tstate" : { "idle" : 998363, "run" : 931, "locked" : 0, "mmap" : 0 }
      },
      "00041" : {
        "mmconts" : [49, 49, 50],
        "acts" : [4, 4],
        "tstate" : { "idle" : 997484, "run" : 1810, "locked" : 0, "mmap" : 0 }
      }
    }
  },
  "benchmark_io" : {
    "simple_times" : {
      "mcount" : {
        "mcount" : { "1 -- 2" : 1, "1 -- 1" : 1, "-- 1" : 2 }
      }
    },
    "stream_method" : {
      "conns" : [4, 4],
      "in" : [1464, 1465],
      "out" : [104, 104],
      "mmtasks" : [0, 0, 1],
      "load" : 0.328,
      "mcount" : {
        "mcount" : { "Success" : 4 }
      },
      "http_proto0" : {
        "mcount" : {
          "mcount" : { "OK" : 4 }
        }
      },
      "source_log" : {
        "delta" : [0, 0, 0]
      },
      "loggers" : {
        "brief_logger" : {
          "records" : [4, 4],
          "out" : [212, 212]
        }
      }
    }
  }
},
"2023-06-22 20:13:42.170 +0000" : {
  "main_scheduler" : {
    "bqs" : {
      "00037" : {
        "mmconts" : [50, 50, 51],
        "acts" : [4, 3],
        "tstate" : { "idle" : 998988, "run" : 1534, "locked" : 0, "mmap" : 0 }
      },
      "00038" : {
        "mmconts" : [48, 48, 50],
        "acts" : [6, 5],
        "tstate" : { "idle" : 998148, "run" : 2375, "locked" : 0, "mmap" : 0 }
      },
      "00039" : {
        "mmconts" : [49, 49, 50],
        "acts" : [4, 3],
        "tstate" : { "idle" : 998991, "run" : 1532, "locked" : 0, "mmap" : 0 }
      },
      "00040" : {
        "mmconts" : [63, 63, 63],
        "acts" : [1, 0],
        "tstate" : { "idle" : 999513, "run" : 1009, "locked" : 0, "mmap" : 0 }
      },
      "00041" : {
        "mmconts" : [48, 48, 49],
        "acts" : [4, 3],
        "tstate" : { "idle" : 998742, "run" : 1780, "locked" : 0, "mmap" : 0 }
      }
    }
  },
  "benchmark_io" : {
    "simple_times" : {
      "mcount" : {
        "mcount" : { "1 -- 2" : 2, "1 -- 1" : 3 }
      }
    },
    "stream_method" : {
      "conns" : [5, 4],
      "in" : [1830, 1829],
      "out" : [130, 129],
      "mmtasks" : [0, 0, 1],
      "load" : 0.328,
      "mcount" : {
        "mcount" : { "Success" : 5 }
      },
      "http_proto0" : {
        "mcount" : {
          "mcount" : { "OK" : 5 }
        }
      },
      "source_log" : {
        "delta" : [0, 0, 0]
      },
      "loggers" : {
        "brief_logger" : {
          "records" : [5, 4],
          "out" : [272, 271]
        }
      }
    }
  }
},
"2023-06-22 20:13:43.170 +0000" : {
  "main_scheduler" : {
    "bqs" : {
      "00037" : {
        "mmconts" : [48, 48, 50],
        "acts" : [7, 7],
        "tstate" : { "idle" : 997289, "run" : 2258, "locked" : 0, "mmap" : 0 }
      },
      "00038" : {
        "mmconts" : [47, 47, 48],
        "acts" : [3, 3],
        "tstate" : { "idle" : 997736, "run" : 1811, "locked" : 0, "mmap" : 0 }
      },
      "00039" : {
        "mmconts" : [48, 48, 49],
        "acts" : [4, 4],
        "tstate" : { "idle" : 997779, "run" : 1768, "locked" : 0, "mmap" : 0 }
      },
      "00040" : {
        "mmconts" : [63, 63, 63],
        "acts" : [1, 1],
        "tstate" : { "idle" : 998408, "run" : 1139, "locked" : 0, "mmap" : 0 }
      },
      "00041" : {
        "mmconts" : [47, 47, 48],
        "acts" : [4, 4],
        "tstate" : { "idle" : 997694, "run" : 1853, "locked" : 0, "mmap" : 0 }
      }
    }
  },
  "benchmark_io" : {
    "simple_times" : {
      "mcount" : {
        "mcount" : { "1 -- 2" : 3, "1 -- 1" : 2 }
      }
    },
    "stream_method" : {
      "conns" : [5, 5],
      "in" : [1830, 1830],
      "out" : [130, 130],
      "mmtasks" : [0, 0, 1],
      "load" : 0.316,
      "mcount" : {
        "mcount" : { "Success" : 5 }
      },
      "http_proto0" : {
        "mcount" : {
          "mcount" : { "OK" : 5 }
        }
      },
      "source_log" : {
        "delta" : [0, 0, 0]
      },
      "loggers" : {
        "brief_logger" : {
          "records" : [5, 5],
          "out" : [272, 272]
        }
      }
    }
  }
},
"2023-06-22 20:13:44.171 +0000" : {
  "main_scheduler" : {
    "bqs" : {
      "00037" : {
        "mmconts" : [47, 47, 48],
        "acts" : [4, 3],
        "tstate" : { "idle" : 998885, "run" : 1753, "locked" : 0, "mmap" : 0 }
      },
      "00038" : {
        "mmconts" : [46, 46, 47],
        "acts" : [3, 2],
        "tstate" : { "idle" : 998751, "run" : 1886, "locked" : 0, "mmap" : 0 }
      },
      "00039" : {
        "mmconts" : [46, 46, 48],
        "acts" : [7, 6],
        "tstate" : { "idle" : 997953, "run" : 2683, "locked" : 0, "mmap" : 0 }
      },
      "00040" : {
        "mmconts" : [63, 63, 63],
        "acts" : [1, 0],
        "tstate" : { "idle" : 999392, "run" : 1245, "locked" : 0, "mmap" : 0 }
      },
      "00041" : {
        "mmconts" : [46, 46, 47],
        "acts" : [4, 3],
        "tstate" : { "idle" : 998617, "run" : 2020, "locked" : 0, "mmap" : 0 }
      }
    }
  },
  "benchmark_io" : {
    "simple_times" : {
      "mcount" : {
        "mcount" : { "1 -- 2" : 4, "1 -- 1" : 1 }
      }
    },
    "stream_method" : {
      "conns" : [5, 4],
      "in" : [1830, 1828],
      "out" : [130, 129],
      "mmtasks" : [0, 0, 1],
      "load" : 0.309,
      "mcount" : {
        "mcount" : { "Success" : 5 }
      },
      "http_proto0" : {
        "mcount" : {
          "mcount" : { "OK" : 5 }
        }
      },
      "source_log" : {
        "delta" : [0, 0, 0]
      },
      "loggers" : {
        "brief_logger" : {
          "records" : [5, 4],
          "out" : [274, 273]
        }
      }
    }
  }
},
"2023-06-22 20:13:45.171 +0000" : {
  "main_scheduler" : {
    "bqs" : {
      "00037" : {
        "mmconts" : [45, 46, 47],
        "acts" : [7, 6],
        "tstate" : { "idle" : 997718, "run" : 2327, "locked" : 0, "mmap" : 0 }
      },
      "00038" : {
        "mmconts" : [45, 45, 46],
        "acts" : [3, 2],
        "tstate" : { "idle" : 998160, "run" : 1885, "locked" : 0, "mmap" : 0 }
      },
      "00039" : {
        "mmconts" : [45, 45, 46],
        "acts" : [4, 3],
        "tstate" : { "idle" : 998648, "run" : 1398, "locked" : 0, "mmap" : 0 }
      },
      "00040" : {
        "mmconts" : [63, 63, 63],
        "acts" : [1, 0],
        "tstate" : { "idle" : 998952, "run" : 1093, "locked" : 0, "mmap" : 0 }
      },
      "00041" : {
        "mmconts" : [44, 44, 46],
        "acts" : [7, 6],
        "tstate" : { "idle" : 997554, "run" : 2491, "locked" : 0, "mmap" : 0 }
      }
    }
  },
  "benchmark_io" : {
    "simple_times" : {
      "mcount" : {
        "mcount" : { "1 -- 2" : 3, "1 -- 1" : 2, "-- 1" : 1 }
      }
    },
    "stream_method" : {
      "conns" : [6, 5],
      "in" : [2196, 2195],
      "out" : [156, 155],
      "mmtasks" : [0, 0, 1],
      "load" : 0.332,
      "mcount" : {
        "mcount" : { "Success" : 6 }
      },
      "http_proto0" : {
        "mcount" : {
          "mcount" : { "OK" : 6 }
        }
      },
      "source_log" : {
        "delta" : [0, 0, 0]
      },
      "loggers" : {
        "brief_logger" : {
          "records" : [6, 5],
          "out" : [326, 325]
        }
      }
    }
  }
},
"2023-06-22 20:13:46.170 +0000" : {
  "main_scheduler" : {
    "bqs" : {
      "00037" : {
        "mmconts" : [44, 44, 45],
        "acts" : [4, 4],
        "tstate" : { "idle" : 997671, "run" : 1883, "locked" : 0, "mmap" : 0 }
      },
      "00038" : {
        "mmconts" : [43, 44, 45],
        "acts" : [6, 6],
        "tstate" : { "idle" : 997005, "run" : 2549, "locked" : 0, "mmap" : 0 }
      },
      "00039" : {
        "mmconts" : [44, 44, 45],
        "acts" : [4, 4],
        "tstate" : { "idle" : 997629, "run" : 1925, "locked" : 0, "mmap" : 0 }
      },
      "00040" : {
        "mmconts" : [63, 63, 63],
        "acts" : [1, 1],
        "tstate" : { "idle" : 998369, "run" : 1185, "locked" : 0, "mmap" : 0 }
      },
      "00041" : {
        "mmconts" : [43, 43, 44],
        "acts" : [4, 4],
        "tstate" : { "idle" : 997625, "run" : 1929, "locked" : 0, "mmap" : 0 }
      }
    }
  },
  "benchmark_io" : {
    "simple_times" : {
      "mcount" : {
        "mcount" : { "1 -- 2" : 2, "1 -- 1" : 3 }
      }
    },
    "stream_method" : {
      "conns" : [5, 5],
      "in" : [1830, 1830],
      "out" : [130, 130],
      "mmtasks" : [0, 0, 1],
      "load" : 0.348,
      "mcount" : {
        "mcount" : { "Success" : 5 }
      },
      "http_proto0" : {
        "mcount" : {
          "mcount" : { "OK" : 5 }
        }
      },
      "source_log" : {
        "delta" : [0, 0, 0]
      },
      "loggers" : {
        "brief_logger" : {
          "records" : [5, 5],
          "out" : [274, 274]
        }
      }
    }
  }
},
"2023-06-22 20:13:47.171 +0000" : {
  "main_scheduler" : {
    "bqs" : {
      "00037" : {
        "mmconts" : [43, 43, 44],
        "acts" : [4, 3],
        "tstate" : { "idle" : 999003, "run" : 1318, "locked" : 0, "mmap" : 0 }
      },
      "00038" : {
        "mmconts" : [42, 42, 43],
        "acts" : [3, 2],
        "tstate" : { "idle" : 998919, "run" : 1402, "locked" : 0, "mmap" : 0 }
      },
      "00039" : {
        "mmconts" : [42, 42, 44],
        "acts" : [7, 6],
        "tstate" : { "idle" : 997884, "run" : 2437, "locked" : 0, "mmap" : 0 }
      },
      "00040" : {
        "mmconts" : [63, 63, 63],
        "acts" : [1, 0],
        "tstate" : { "idle" : 999220, "run" : 1101, "locked" : 0, "mmap" : 0 }
      },
      "00041" : {
        "mmconts" : [41, 42, 43],
        "acts" : [7, 6],
        "tstate" : { "idle" : 997681, "run" : 2640, "locked" : 0, "mmap" : 0 }
      }
    }
  },
  "benchmark_io" : {
    "simple_times" : {
      "mcount" : {
        "mcount" : { "1 -- 2" : 2, "1 -- 1" : 2, "-- 1" : 2 }
      }
    },
    "stream_method" : {
      "conns" : [6, 5],
      "in" : [2196, 2195],
      "out" : [156, 155],
      "mmtasks" : [0, 0, 1],
      "load" : 0.334,
      "mcount" : {
        "mcount" : { "Success" : 6 }
      },
      "http_proto0" : {
        "mcount" : {
          "mcount" : { "OK" : 6 }
        }
      },
      "source_log" : {
        "delta" : [0, 0, 0]
      },
      "loggers" : {
        "brief_logger" : {
          "records" : [6, 5],
          "out" : [318, 317]
        }
      }
    }
  }
},
"2023-06-22 20:13:48.170 +0000" : {
  "main_scheduler" : {
    "bqs" : {
      "00037" : {
        "mmconts" : [43, 43, 43],
        "acts" : [1, 1],
        "tstate" : { "idle" : 998545, "run" : 920, "locked" : 0, "mmap" : 0 }
      },
      "00038" : {
        "mmconts" : [40, 40, 42],
        "acts" : [6, 6],
        "tstate" : { "idle" : 997126, "run" : 2339, "locked" : 0, "mmap" : 0 }
      },
      "00039" : {
        "mmconts" : [40, 41, 42],
        "acts" : [7, 7],
        "tstate" : { "idle" : 997544, "run" : 1922, "locked" : 0, "mmap" : 0 }
      },
      "00040" : {
        "mmconts" : [63, 63, 63],
        "acts" : [1, 1],
        "tstate" : { "idle" : 998430, "run" : 1036, "locked" : 0, "mmap" : 0 }
      },
      "00041" : {
        "mmconts" : [40, 40, 41],
        "acts" : [4, 4],
        "tstate" : { "idle" : 997583, "run" : 1883, "locked" : 0, "mmap" : 0 }
      }
    }
  },
  "benchmark_io" : {
    "simple_times" : {
      "mcount" : {
        "mcount" : { "1 -- 2" : 3, "1 -- 1" : 1, "-- 1" : 1 }
      }
    },
    "stream_method" : {
      "conns" : [5, 5],
      "in" : [1830, 1830],
      "out" : [130, 130],
      "mmtasks" : [0, 0, 1],
      "load" : 0.339,
      "mcount" : {
        "mcount" : { "Success" : 5 }
      },
      "http_proto0" : {
        "mcount" : {
          "mcount" : { "OK" : 5 }
        }
      },
      "source_log" : {
        "delta" : [0, 0, 0]
      },
      "loggers" : {
        "brief_logger" : {
          "records" : [5, 5],
          "out" : [270, 270]
        }
      }
    }
  }
},
"2023-06-22 20:13:49.170 +0000" : {
  "main_scheduler" : {
    "bqs" : {
      "00037" : {
        "mmconts" : [39, 40, 43],
        "acts" : [13, 12],
        "tstate" : { "idle" : 996786, "run" : 3632, "locked" : 0, "mmap" : 0 }
      },
      "00038" : {
        "mmconts" : [39, 39, 40],
        "acts" : [3, 2],
        "tstate" : { "idle" : 998610, "run" : 1806, "locked" : 0, "mmap" : 0 }
      },
      "00039" : {
        "mmconts" : [40, 40, 40],
        "acts" : [1, 0],
        "tstate" : { "idle" : 999217, "run" : 1196, "locked" : 0, "mmap" : 0 }
      },
      "00040" : {
        "mmconts" : [63, 63, 63],
        "acts" : [1, 0],
        "tstate" : { "idle" : 999293, "run" : 1119, "locked" : 0, "mmap" : 0 }
      },
      "00041" : {
        "mmconts" : [39, 39, 40],
        "acts" : [4, 3],
        "tstate" : { "idle" : 998462, "run" : 1948, "locked" : 0, "mmap" : 0 }
      }
    }
  },
  "benchmark_io" : {
    "simple_times" : {
      "mcount" : {
        "mcount" : { "2 -- 4" : 1, "1 -- 2" : 3, "1 -- 1" : 2 }
      }
    },
    "stream_method" : {
      "conns" : [6, 5],
      "in" : [2196, 2195],
      "out" : [156, 155],
      "mmtasks" : [0, 0, 1],
      "load" : 0.296,
      "mcount" : {
        "mcount" : { "Success" : 6 }
      },
      "http_proto0" : {
        "mcount" : {
          "mcount" : { "OK" : 6 }
        }
      },
      "source_log" : {
        "delta" : [0, 0, 0]
      },
      "loggers" : {
        "brief_logger" : {
          "records" : [6, 5],
          "out" : [329, 328]
        }
      }
    }
  }
},
"2023-06-22 20:13:50.171 +0000" : {
  "main_scheduler" : {
    "bqs" : {
      "00037" : {
        "mmconts" : [38, 38, 39],
        "acts" : [4, 3],
        "tstate" : { "idle" : 998712, "run" : 1754, "locked" : 0, "mmap" : 0 }
      },
      "00038" : {
        "mmconts" : [38, 38, 39],
        "acts" : [3, 2],
        "tstate" : { "idle" : 998559, "run" : 1912, "locked" : 0, "mmap" : 0 }
      },
      "00039" : {
        "mmconts" : [38, 38, 40],
        "acts" : [7, 6],
        "tstate" : { "idle" : 997958, "run" : 2516, "locked" : 0, "mmap" : 0 }
      },
      "00040" : {
        "mmconts" : [63, 63, 63],
        "acts" : [1, 0],
        "tstate" : { "idle" : 999283, "run" : 1193, "locked" : 0, "mmap" : 0 }
      },
      "00041" : {
        "mmconts" : [37, 38, 39],
        "acts" : [7, 6],
        "tstate" : { "idle" : 997884, "run" : 2596, "locked" : 0, "mmap" : 0 }
      }
    }
  },
  "benchmark_io" : {
    "simple_times" : {
      "mcount" : {
        "mcount" : { "1 -- 2" : 2, "1 -- 1" : 4 }
      }
    },
    "stream_method" : {
      "conns" : [6, 5],
      "in" : [2196, 2194],
      "out" : [156, 155],
      "mmtasks" : [0, 0, 1],
      "load" : 0.322,
      "mcount" : {
        "mcount" : { "Success" : 6 }
      },
      "http_proto0" : {
        "mcount" : {
          "mcount" : { "OK" : 6 }
        }
      },
      "source_log" : {
        "delta" : [0, 0, 0]
      },
      "loggers" : {
        "brief_logger" : {
          "records" : [6, 5],
          "out" : [330, 329]
        }
      }
    }
  }
},
"2023-06-22 20:13:51.170 +0000" : {
  "main_scheduler" : {
    "bqs" : {
      "00037" : {
        "mmconts" : [36, 37, 38],
        "acts" : [7, 7],
        "tstate" : { "idle" : 998013, "run" : 1474, "locked" : 0, "mmap" : 0 }
      },
      "00038" : {
        "mmconts" : [36, 36, 38],
        "acts" : [6, 6],
        "tstate" : { "idle" : 998267, "run" : 1219, "locked" : 0, "mmap" : 0 }
      },
      "00039" : {
        "mmconts" : [37, 37, 38],
        "acts" : [4, 4],
        "tstate" : { "idle" : 998189, "run" : 1296, "locked" : 0, "mmap" : 0 }
      },
      "00040" : {
        "mmconts" : [63, 63, 63],
        "acts" : [1, 1],
        "tstate" : { "idle" : 998764, "run" : 720, "locked" : 0, "mmap" : 0 }
      },
      "00041" : {
        "mmconts" : [36, 36, 37],
        "acts" : [4, 4],
        "tstate" : { "idle" : 998451, "run" : 1031, "locked" : 0, "mmap" : 0 }
      }
    }
  },
  "benchmark_io" : {
    "simple_times" : {
      "mcount" : {
        "mcount" : { "1 -- 2" : 1, "1 -- 1" : 1, "-- 1" : 4 }
      }
    },
    "stream_method" : {
      "conns" : [6, 6],
      "in" : [2196, 2197],
      "out" : [156, 156],
      "mmtasks" : [0, 0, 1],
      "load" : 0.340,
      "mcount" : {
        "mcount" : { "Success" : 6 }
      },
      "http_proto0" : {
        "mcount" : {
          "mcount" : { "OK" : 6 }
        }
      },
      "source_log" : {
        "delta" : [0, 0, 0]
      },
      "loggers" : {
        "brief_logger" : {
          "records" : [6, 6],
          "out" : [312, 312]
        }
      }
    }
  }
},
"2023-06-22 20:13:52.171 +0000" : {
  "main_scheduler" : {
    "bqs" : {
      "00037" : {
        "mmconts" : [34, 35, 36],
        "acts" : [7, 6],
        "tstate" : { "idle" : 997837, "run" : 2360, "locked" : 0, "mmap" : 0 }
      },
      "00038" : {
        "mmconts" : [34, 35, 36],
        "acts" : [6, 5],
        "tstate" : { "idle" : 997588, "run" : 2607, "locked" : 0, "mmap" : 0 }
      },
      "00039" : {
        "mmconts" : [35, 35, 37],
        "acts" : [7, 6],
        "tstate" : { "idle" : 998144, "run" : 2051, "locked" : 0, "mmap" : 0 }
      },
      "00040" : {
        "mmconts" : [63, 63, 63],
        "acts" : [1, 0],
        "tstate" : { "idle" : 999005, "run" : 1191, "locked" : 0, "mmap" : 0 }
      },
      "00041" : {
        "mmconts" : [35, 35, 36],
        "acts" : [4, 3],
        "tstate" : { "idle" : 998250, "run" : 1946, "locked" : 0, "mmap" : 0 }
      }
    }
  },
  "benchmark_io" : {
    "simple_times" : {
      "mcount" : {
        "mcount" : { "1 -- 2" : 2, "1 -- 1" : 4, "-- 1" : 1 }
      }
    },
    "stream_method" : {
      "conns" : [7, 6],
      "in" : [2562, 2561],
      "out" : [182, 181],
      "mmtasks" : [0, 0, 1],
      "load" : 0.339,
      "mcount" : {
        "mcount" : { "Success" : 7 }
      },
      "http_proto0" : {
        "mcount" : {
          "mcount" : { "OK" : 7 }
        }
      },
      "source_log" : {
        "delta" : [0, 0, 0]
      },
      "loggers" : {
        "brief_logger" : {
          "records" : [7, 6],
          "out" : [381, 380]
        }
      }
    }
  }
},
"2023-06-22 20:13:53.171 +0000" : {
  "main_scheduler" : {
    "bqs" : {
      "00037" : {
        "mmconts" : [33, 33, 34],
        "acts" : [4, 4],
        "tstate" : { "idle" : 998309, "run" : 1686, "locked" : 0, "mmap" : 0 }
      },
      "00038" : {
        "mmconts" : [33, 33, 34],
        "acts" : [3, 3],
        "tstate" : { "idle" : 998199, "run" : 1797, "locked" : 0, "mmap" : 0 }
      },
      "00039" : {
        "mmconts" : [34, 34, 35],
        "acts" : [4, 4],
        "tstate" : { "idle" : 998237, "run" : 1758, "locked" : 0, "mmap" : 0 }
      },
      "00040" : {
        "mmconts" : [62, 62, 63],
        "acts" : [4, 4],
        "tstate" : { "idle" : 998157, "run" : 1837, "locked" : 0, "mmap" : 0 }
      },
      "00041" : {
        "mmconts" : [33, 33, 35],
        "acts" : [7, 7],
        "tstate" : { "idle" : 997800, "run" : 2194, "locked" : 0, "mmap" : 0 }
      }
    }
  },
  "benchmark_io" : {
    "simple_times" : {
      "mcount" : {
        "mcount" : { "1 -- 2" : 3, "1 -- 1" : 2, "-- 1" : 1 }
      }
    },
    "stream_method" : {
      "conns" : [6, 5],
      "in" : [2196, 2195],
      "out" : [156, 155],
      "mmtasks" : [0, 0, 1],
      "load" : 0.291,
      "mcount" : {
        "mcount" : { "Success" : 6 }
      },
      "http_proto0" : {
        "mcount" : {
          "mcount" : { "OK" : 6 }
        }
      },
      "source_log" : {
        "delta" : [0, 0, 0]
      },
      "loggers" : {
        "brief_logger" : {
          "records" : [6, 5],
          "out" : [324, 323]
        }
      }
    }
  }
},
"2023-06-22 20:13:54.171 +0000" : {
  "main_scheduler" : {
    "bqs" : {
      "00037" : {
        "mmconts" : [33, 33, 33],
        "acts" : [1, 0],
        "tstate" : { "idle" : 999377, "run" : 919, "locked" : 0, "mmap" : 0 }
      },
      "00038" : {
        "mmconts" : [33, 33, 33],
        "acts" : [0, 0],
        "tstate" : { "idle" : 999233, "run" : 1065, "locked" : 0, "mmap" : 0 }
      },
      "00039" : {
        "mmconts" : [33, 33, 34],
        "acts" : [4, 3],
        "tstate" : { "idle" : 998670, "run" : 1630, "locked" : 0, "mmap" : 0 }
      },
      "00040" : {
        "mmconts" : [56, 59, 62],
        "acts" : [19, 18],
        "tstate" : { "idle" : 996115, "run" : 4186, "locked" : 0, "mmap" : 0 }
      },
      "00041" : {
        "mmconts" : [33, 33, 33],
        "acts" : [1, 0],
        "tstate" : { "idle" : 999124, "run" : 1178, "locked" : 0, "mmap" : 0 }
      }
    }
  },
  "benchmark_io" : {
    "simple_times" : {
      "mcount" : {
        "mcount" : { "1 -- 2" : 3, "1 -- 1" : 2, "-- 1" : 2 }
      }
    },
    "stream_method" : {
      "conns" : [7, 6],
      "in" : [2562, 2561],
      "out" : [182, 181],
      "mmtasks" : [0, 0, 1],
      "load" : 0.342,
      "mcount" : {
        "mcount" : { "Success" : 7 }
      },
      "http_proto0" : {
        "mcount" : {
          "mcount" : { "OK" : 7 }
        }
      },
      "source_log" : {
        "delta" : [0, 0, 0]
      },
      "loggers" : {
        "brief_logger" : {
          "records" : [7, 6],
          "out" : [378, 377]
        }
      }
    }
  }
},
"2023-06-22 20:13:55.171 +0000" : {
  "main_scheduler" : {
    "bqs" : {
      "00037" : {
        "mmconts" : [33, 33, 33],
        "acts" : [1, 1],
        "tstate" : { "idle" : 998901, "run" : 1064, "locked" : 0, "mmap" : 0 }
      },
      "00038" : {
        "mmconts" : [33, 33, 33],
        "acts" : [0, 0],
        "tstate" : { "idle" : 998722, "run" : 1240, "locked" : 0, "mmap" : 0 }
      },
      "00039" : {
        "mmconts" : [33, 33, 33],
        "acts" : [1, 1],
        "tstate" : { "idle" : 998766, "run" : 1195, "locked" : 0, "mmap" : 0 }
      },
      "00040" : {
        "mmconts" : [49, 52, 56],
        "acts" : [22, 22],
        "tstate" : { "idle" : 994541, "run" : 5419, "locked" : 0, "mmap" : 0 }
      },
      "00041" : {
        "mmconts" : [33, 33, 33],
        "acts" : [1, 1],
        "tstate" : { "idle" : 998578, "run" : 1381, "locked" : 0, "mmap" : 0 }
      }
    }
  },
  "benchmark_io" : {
    "simple_times" : {
      "mcount" : {
        "mcount" : { "1 -- 2" : 2, "1 -- 1" : 5 }
      }
    },
    "stream_method" : {
      "conns" : [7, 7],
      "in" : [2562, 2562],
      "out" : [182, 182],
      "mmtasks" : [0, 0, 1],
      "load" : 0.328,
      "mcount" : {
        "mcount" : { "Success" : 7 }
      },
      "http_proto0" : {
        "mcount" : {
          "mcount" : { "OK" : 7 }
        }
      },
      "source_log" : {
        "delta" : [0, 0, 0]
      },
      "loggers" : {
        "brief_logger" : {
          "records" : [7, 7],
          "out" : [385, 385]
        }
      }
    }
  }
},
"2023-06-22 20:13:56.170 +0000" : {
  "main_scheduler" : {
    "bqs" : {
      "00037" : {
        "mmconts" : [32, 32, 33],
        "acts" : [4, 4],
        "tstate" : { "idle" : 997846, "run" : 1713, "locked" : 0, "mmap" : 0 }
      },
      "00038" : {
        "mmconts" : [32, 32, 33],
        "acts" : [3, 3],
        "tstate" : { "idle" : 997685, "run" : 1877, "locked" : 0, "mmap" : 0 }
      },
      "00039" : {
        "mmconts" : [33, 33, 33],
        "acts" : [1, 1],
        "tstate" : { "idle" : 998386, "run" : 1177, "locked" : 0, "mmap" : 0 }
      },
      "00040" : {
        "mmconts" : [46, 48, 49],
        "acts" : [11, 11],
        "tstate" : { "idle" : 996358, "run" : 3206, "locked" : 0, "mmap" : 0 }
      },
      "00041" : {
        "mmconts" : [32, 32, 33],
        "acts" : [4, 4],
        "tstate" : { "idle" : 997982, "run" : 1583, "locked" : 0, "mmap" : 0 }
      }
    }
  },
  "benchmark_io" : {
    "simple_times" : {
      "mcount" : {
        "mcount" : { "1 -- 2" : 2, "1 -- 1" : 3, "-- 1" : 1 }
      }
    },
    "stream_method" : {
      "conns" : [6, 6],
      "in" : [2196, 2196],
      "out" : [156, 156],
      "mmtasks" : [0, 0, 1],
      "load" : 0.325,
      "mcount" : {
        "mcount" : { "Success" : 6 }
      },
      "http_proto0" : {
        "mcount" : {
          "mcount" : { "OK" : 6 }
        }
      },
      "source_log" : {
        "delta" : [0, 0, 0]
      },
      "loggers" : {
        "brief_logger" : {
          "records" : [6, 6],
          "out" : [324, 324]
        }
      }
    }
  }
},
"2023-06-22 20:13:57.171 +0000" : {
  "main_scheduler" : {
    "bqs" : {
      "00037" : {
        "mmconts" : [32, 32, 32],
        "acts" : [1, 0],
        "tstate" : { "idle" : 999630, "run" : 795, "locked" : 0, "mmap" : 0 }
      },
      "00038" : {
        "mmconts" : [32, 32, 32],
        "acts" : [0, 0],
        "tstate" : { "idle" : 999508, "run" : 915, "locked" : 0, "mmap" : 0 }
      },
      "00039" : {
        "mmconts" : [32, 32, 33],
        "acts" : [4, 3],
        "tstate" : { "idle" : 998876, "run" : 1513, "locked" : 0, "mmap" : 33 }
      },
      "00040" : {
        "mmconts" : [39, 41, 46],
        "acts" : [21, 20],
        "tstate" : { "idle" : 996763, "run" : 3622, "locked" : 0, "mmap" : 36 }
      },
      "00041" : {
        "mmconts" : [32, 32, 32],
        "acts" : [1, 0],
        "tstate" : { "idle" : 999394, "run" : 1027, "locked" : 0, "mmap" : 0 }
      }
    }
  },
  "benchmark_io" : {
    "simple_times" : {
      "mcount" : {
        "mcount" : { "1 -- 2" : 2, "1 -- 1" : 3, "-- 1" : 3 }
      }
    },
    "stream_method" : {
      "conns" : [8, 7],
      "in" : [2928, 2926],
      "out" : [208, 207],
      "mmtasks" : [0, 0, 1],
      "load" : 0.306,
      "mcount" : {
        "mcount" : { "Success" : 8 }
      },
      "http_proto0" : {
        "mcount" : {
          "mcount" : { "OK" : 8 }
        }
      },
      "source_log" : {
        "delta" : [0, 0, 0]
      },
      "loggers" : {
        "brief_logger" : {
          "records" : [8, 7],
          "out" : [423, 422]
        }
      }
    }
  }
},
"2023-06-22 20:13:58.170 +0000" : {
  "main_scheduler" : {
    "bqs" : {
      "00037" : {
        "mmconts" : [32, 32, 32],
        "acts" : [1, 1],
        "tstate" : { "idle" : 998297, "run" : 881, "locked" : 0, "mmap" : 0 }
      },
      "00038" : {
        "mmconts" : [32, 32, 32],
        "acts" : [0, 0],
        "tstate" : { "idle" : 998137, "run" : 1041, "locked" : 0, "mmap" : 0 }
      },
      "00039" : {
        "mmconts" : [32, 32, 32],
        "acts" : [1, 1],
        "tstate" : { "idle" : 998164, "run" : 1014, "locked" : 0, "mmap" : 0 }
      },
      "00040" : {
        "mmconts" : [32, 35, 39],
        "acts" : [22, 22],
        "tstate" : { "idle" : 994648, "run" : 4256, "locked" : 0, "mmap" : 274 }
      },
      "00041" : {
        "mmconts" : [32, 32, 32],
        "acts" : [1, 1],
        "tstate" : { "idle" : 997877, "run" : 1301, "locked" : 0, "mmap" : 0 }
      }
    }
  },
  "benchmark_io" : {
    "simple_times" : {
      "mcount" : {
        "mcount" : { "1 -- 2" : 1, "1 -- 1" : 3, "-- 1" : 3 }
      }
    },
    "stream_method" : {
      "conns" : [7, 7],
      "in" : [2562, 2564],
      "out" : [182, 182],
      "mmtasks" : [0, 0, 1],
      "load" : 0.330,
      "mcount" : {
        "mcount" : { "Success" : 7 }
      },
      "http_proto0" : {
        "mcount" : {
          "mcount" : { "OK" : 7 }
        }
      },
      "source_log" : {
        "delta" : [0, 0, 0]
      },
      "loggers" : {
        "brief_logger" : {
          "records" : [7, 7],
          "out" : [371, 371]
        }
      }
    }
  }
},
"2023-06-22 20:13:59.171 +0000" : {
  "main_scheduler" : {
    "bqs" : {
      "00037" : {
        "mmconts" : [31, 31, 32],
        "acts" : [4, 3],
        "tstate" : { "idle" : 998996, "run" : 1658, "locked" : 0, "mmap" : 104 }
      },
      "00038" : {
        "mmconts" : [30, 31, 32],
        "acts" : [6, 5],
        "tstate" : { "idle" : 998230, "run" : 2419, "locked" : 0, "mmap" : 109 }
      },
      "00039" : {
        "mmconts" : [31, 31, 32],
        "acts" : [4, 3],
        "tstate" : { "idle" : 998855, "run" : 1812, "locked" : 0, "mmap" : 90 }
      },
      "00040" : {
        "mmconts" : [31, 31, 32],
        "acts" : [4, 3],
        "tstate" : { "idle" : 999311, "run" : 1406, "locked" : 0, "mmap" : 41 }
      },
      "00041" : {
        "mmconts" : [30, 30, 32],
        "acts" : [7, 6],
        "tstate" : { "idle" : 998105, "run" : 2493, "locked" : 0, "mmap" : 159 }
      }
    }
  },
  "benchmark_io" : {
    "simple_times" : {
      "mcount" : {
        "mcount" : { "1 -- 2" : 1, "1 -- 1" : 5, "-- 1" : 1 }
      }
    },
    "stream_method" : {
      "conns" : [7, 6],
      "in" : [2562, 2559],
      "out" : [182, 181],
      "mmtasks" : [0, 0, 1],
      "load" : 0.333,
      "mcount" : {
        "mcount" : { "Success" : 7 }
      },
      "http_proto0" : {
        "mcount" : {
          "mcount" : { "OK" : 7 }
        }
      },
      "source_log" : {
        "delta" : [0, 0, 0]
      },
      "loggers" : {
        "brief_logger" : {
          "records" : [7, 6],
          "out" : [376, 375]
        }
      }
    }
  }
},
"2023-06-22 20:14:00.171 +0000" : {
  "main_scheduler" : {
    "bqs" : {
      "00037" : {
        "mmconts" : [29, 29, 31],
        "acts" : [7, 6],
        "tstate" : { "idle" : 997901, "run" : 2106, "locked" : 0, "mmap" : 169 }
      },
      "00038" : {
        "mmconts" : [29, 29, 30],
        "acts" : [3, 2],
        "tstate" : { "idle" : 998473, "run" : 1627, "locked" : 0, "mmap" : 78 }
      },
      "00039" : {
        "mmconts" : [29, 30, 31],
        "acts" : [7, 6],
        "tstate" : { "idle" : 998089, "run" : 1941, "locked" : 0, "mmap" : 149 }
      },
      "00040" : {
        "mmconts" : [29, 30, 31],
        "acts" : [7, 6],
        "tstate" : { "idle" : 998293, "run" : 1773, "locked" : 0, "mmap" : 113 }
      },
      "00041" : {
        "mmconts" : [29, 29, 30],
        "acts" : [4, 3],
        "tstate" : { "idle" : 998576, "run" : 1545, "locked" : 0, "mmap" : 58 }
      }
    }
  },
  "benchmark_io" : {
    "simple_times" : {
      "mcount" : {
        "mcount" : { "1 -- 1" : 5, "-- 1" : 3 }
      }
    },
    "stream_method" : {
      "conns" : [8, 7],
      "in" : [2928, 2927],
      "out" : [208, 207],
      "mmtasks" : [0, 0, 1],
      "load" : 0.336,
      "mcount" : {
        "mcount" : { "Success" : 8 }
      },
      "http_proto0" : {
        "mcount" : {
          "mcount" : { "OK" : 8 }
        }
      },
      "source_log" : {
        "delta" : [0, 0, 0]
      },
      "loggers" : {
        "brief_logger" : {
          "records" : [8, 7],
          "out" : [423, 422]
        }
      }
    }
  }
},
"2023-06-22 20:14:01.170 +0000" : {
  "main_scheduler" : {
    "bqs" : {
      "00037" : {
        "mmconts" : [27, 28, 29],
        "acts" : [7, 7],
        "tstate" : { "idle" : 997488, "run" : 1470, "locked" : 0, "mmap" : 55 }
      },
      "00038" : {
        "mmconts" : [28, 28, 29],
        "acts" : [3, 3],
        "tstate" : { "idle" : 997402, "run" : 1521, "locked" : 0, "mmap" : 82 }
      },
      "00039" : {
        "mmconts" : [28, 28, 29],
        "acts" : [4, 4],
        "tstate" : { "idle" : 997510, "run" : 1415, "locked" : 0, "mmap" : 76 }
      },
      "00040" : {
        "mmconts" : [28, 28, 29],
        "acts" : [4, 4],
        "tstate" : { "idle" : 997932, "run" : 1051, "locked" : 0, "mmap" : 15 }
      },
      "00041" : {
        "mmconts" : [27, 27, 29],
        "acts" : [7, 7],
        "tstate" : { "idle" : 997303, "run" : 1588, "locked" : 0, "mmap" : 105 }
      }
    }
  },
  "benchmark_io" : {
    "simple_times" : {
      "mcount" : {
        "mcount" : { "1 -- 2" : 2, "1 -- 1" : 2, "-- 1" : 3 }
      }
    },
    "stream_method" : {
      "conns" : [7, 7],
      "in" : [2562, 2564],
      "out" : [182, 182],
      "mmtasks" : [0, 0, 1],
      "load" : 0.270,
      "mcount" : {
        "mcount" : { "Success" : 7 }
      },
      "http_proto0" : {
        "mcount" : {
          "mcount" : { "OK" : 7 }
        }
      },
      "source_log" : {
        "delta" : [0, 0, 0]
      },
      "loggers" : {
        "brief_logger" : {
          "records" : [7, 7],
          "out" : [370, 370]
        }
      }
    }
  }
},
"2023-06-22 20:14:02.170 +0000" : {
  "main_scheduler" : {
    "bqs" : {
      "00037" : {
        "mmconts" : [26, 26, 27],
        "acts" : [4, 3],
        "tstate" : { "idle" : 998917, "run" : 1543, "locked" : 0, "mmap" : 78 }
      },
      "00038" : {
        "mmconts" : [26, 26, 28],
        "acts" : [6, 5],
        "tstate" : { "idle" : 998917, "run" : 1548, "locked" : 0, "mmap" : 81 }
      },
      "00039" : {
        "mmconts" : [26, 26, 28],
        "acts" : [7, 6],
        "tstate" : { "idle" : 998378, "run" : 2025, "locked" : 0, "mmap" : 147 }
      },
      "00040" : {
        "mmconts" : [26, 27, 28],
        "acts" : [7, 6],
        "tstate" : { "idle" : 998056, "run" : 2341, "locked" : 0, "mmap" : 155 }
      },
      "00041" : {
        "mmconts" : [26, 26, 27],
        "acts" : [4, 3],
        "tstate" : { "idle" : 998678, "run" : 1787, "locked" : 0, "mmap" : 90 }
      }
    }
  },
  "benchmark_io" : {
    "simple_times" : {
      "mcount" : {
        "mcount" : { "1 -- 2" : 2, "1 -- 1" : 3, "-- 1" : 3 }
      }
    },
    "stream_method" : {
      "conns" : [8, 7],
      "in" : [2928, 2926],
      "out" : [208, 207],
      "mmtasks" : [0, 0, 1],
      "load" : 0.321,
      "mcount" : {
        "mcount" : { "Success" : 8 }
      },
      "http_proto0" : {
        "mcount" : {
          "mcount" : { "OK" : 8 }
        }
      },
      "source_log" : {
        "delta" : [0, 0, 0]
      },
      "loggers" : {
        "brief_logger" : {
          "records" : [8, 7],
          "out" : [427, 426]
        }
      }
    }
  }
},
"2023-06-22 20:14:03.171 +0000" : {
  "main_scheduler" : {
    "bqs" : {
      "00037" : {
        "mmconts" : [24, 25, 26],
        "acts" : [7, 6],
        "tstate" : { "idle" : 998467, "run" : 1820, "locked" : 0, "mmap" : 107 }
      },
      "00038" : {
        "mmconts" : [24, 24, 26],
        "acts" : [6, 5],
        "tstate" : { "idle" : 998186, "run" : 2148, "locked" : 0, "mmap" : 59 }
      },
      "00039" : {
        "mmconts" : [25, 25, 26],
        "acts" : [4, 3],
        "tstate" : { "idle" : 998701, "run" : 1605, "locked" : 0, "mmap" : 87 }
      },
      "00040" : {
        "mmconts" : [25, 25, 26],
        "acts" : [4, 3],
        "tstate" : { "idle" : 998567, "run" : 1744, "locked" : 0, "mmap" : 82 }
      },
      "00041" : {
        "mmconts" : [24, 24, 26],
        "acts" : [7, 6],
        "tstate" : { "idle" : 998479, "run" : 1816, "locked" : 0, "mmap" : 97 }
      }
    }
  },
  "benchmark_io" : {
    "simple_times" : {
      "mcount" : {
        "mcount" : { "1 -- 2" : 1, "1 -- 1" : 4, "-- 1" : 3 }
      }
    },
    "stream_method" : {
      "conns" : [8, 7],
      "in" : [2928, 2926],
      "out" : [208, 207],
      "mmtasks" : [0, 0, 1],
      "load" : 0.323,
      "mcount" : {
        "mcount" : { "Success" : 8 }
      },
      "http_proto0" : {
        "mcount" : {
          "mcount" : { "OK" : 8 }
        }
      },
      "source_log" : {
        "delta" : [0, 0, 0]
      },
      "loggers" : {
        "brief_logger" : {
          "records" : [8, 7],
          "out" : [425, 424]
        }
      }
    }
  }
},
"2023-06-22 20:14:04.170 +0000" : {
  "main_scheduler" : {
    "bqs" : {
      "00037" : {
        "mmconts" : [23, 23, 24],
        "acts" : [4, 4],
        "tstate" : { "idle" : 997565, "run" : 1649, "locked" : 0, "mmap" : 67 }
      },
      "00038" : {
        "mmconts" : [23, 23, 24],
        "acts" : [3, 3],
        "tstate" : { "idle" : 997498, "run" : 1702, "locked" : 0, "mmap" : 79 }
      },
      "00039" : {
        "mmconts" : [23, 23, 25],
        "acts" : [7, 7],
        "tstate" : { "idle" : 996964, "run" : 2182, "locked" : 0, "mmap" : 134 }
      },
      "00040" : {
        "mmconts" : [23, 23, 25],
        "acts" : [7, 7],
        "tstate" : { "idle" : 996704, "run" : 2399, "locked" : 0, "mmap" : 177 }
      },
      "00041" : {
        "mmconts" : [22, 23, 24],
        "acts" : [7, 7],
        "tstate" : { "idle" : 996613, "run" : 2511, "locked" : 0, "mmap" : 156 }
      }
    }
  },
  "benchmark_io" : {
    "simple_times" : {
      "mcount" : {
        "mcount" : { "1 -- 2" : 2, "1 -- 1" : 5, "-- 1" : 1 }
      }
    },
    "stream_method" : {
      "conns" : [8, 8],
      "in" : [2928, 2930],
      "out" : [208, 208],
      "mmtasks" : [0, 0, 1],
      "load" : 0.331,
      "mcount" : {
        "mcount" : { "Success" : 8 }
      },
      "http_proto0" : {
        "mcount" : {
          "mcount" : { "OK" : 8 }
        }
      },
      "source_log" : {
        "delta" : [0, 0, 0]
      },
      "loggers" : {
        "brief_logger" : {
          "records" : [8, 8],
          "out" : [432, 432]
        }
      }
    }
  }
},
"2023-06-22 20:14:05.170 +0000" : {
  "main_scheduler" : {
    "bqs" : {
      "00037" : {
        "mmconts" : [21, 21, 23],
        "acts" : [7, 6],
        "tstate" : { "idle" : 998068, "run" : 1882, "locked" : 0, "mmap" : 97 }
      },
      "00038" : {
        "mmconts" : [21, 21, 23],
        "acts" : [6, 5],
        "tstate" : { "idle" : 997872, "run" : 2071, "locked" : 0, "mmap" : 104 }
      },
      "00039" : {
        "mmconts" : [21, 22, 23],
        "acts" : [7, 6],
        "tstate" : { "idle" : 997332, "run" : 2583, "locked" : 0, "mmap" : 131 }
      },
      "00040" : {
        "mmconts" : [21, 22, 23],
        "acts" : [7, 6],
        "tstate" : { "idle" : 997508, "run" : 2422, "locked" : 0, "mmap" : 116 }
      },
      "00041" : {
        "mmconts" : [21, 21, 22],
        "acts" : [4, 3],
        "tstate" : { "idle" : 998096, "run" : 1907, "locked" : 0, "mmap" : 43 }
      }
    }
  },
  "benchmark_io" : {
    "simple_times" : {
      "mcount" : {
        "mcount" : { "1 -- 2" : 2, "1 -- 1" : 5, "-- 1" : 2 }
      }
    },
    "stream_method" : {
      "conns" : [9, 8],
      "in" : [3294, 3293],
      "out" : [234, 233],
      "mmtasks" : [0, 0, 1],
      "load" : 0.341,
      "mcount" : {
        "mcount" : { "Success" : 9 }
      },
      "http_proto0" : {
        "mcount" : {
          "mcount" : { "OK" : 9 }
        }
      },
      "source_log" : {
        "delta" : [0, 0, 0]
      },
      "loggers" : {
        "brief_logger" : {
          "records" : [9, 8],
          "out" : [480, 479]
        }
      }
    }
  }
},
"2023-06-22 20:14:06.170 +0000" : {
  "main_scheduler" : {
    "bqs" : {
      "00037" : {
        "mmconts" : [19, 20, 21],
        "acts" : [7, 6],
        "tstate" : { "idle" : 998794, "run" : 1429, "locked" : 0, "mmap" : 90 }
      },
      "00038" : {
        "mmconts" : [19, 20, 21],
        "acts" : [6, 5],
        "tstate" : { "idle" : 999296, "run" : 967, "locked" : 0, "mmap" : 58 }
      },
      "00039" : {
        "mmconts" : [20, 20, 21],
        "acts" : [4, 3],
        "tstate" : { "idle" : 999123, "run" : 1167, "locked" : 0, "mmap" : 28 }
      },
      "00040" : {
        "mmconts" : [20, 20, 21],
        "acts" : [4, 3],
        "tstate" : { "idle" : 998887, "run" : 1328, "locked" : 0, "mmap" : 101 }
      },
      "00041" : {
        "mmconts" : [19, 19, 21],
        "acts" : [7, 6],
        "tstate" : { "idle" : 998598, "run" : 1635, "locked" : 0, "mmap" : 81 }
      }
    }
  },
  "benchmark_io" : {
    "simple_times" : {
      "mcount" : {
        "mcount" : { "25 -- 41" : 1, "1 -- 1" : 3, "-- 1" : 4 }
      }
    },
    "stream_method" : {
      "conns" : [8, 7],
      "in" : [2928, 2927],
      "out" : [208, 207],
      "mmtasks" : [0, 0, 1],
      "load" : 0.071,
      "mcount" : {
        "mcount" : { "Success" : 8 }
      },
      "http_proto0" : {
        "mcount" : {
          "mcount" : { "OK" : 8 }
        }
      },
      "source_log" : {
        "delta" : [0, 0, 0]
      },
      "loggers" : {
        "brief_logger" : {
          "records" : [8, 7],
          "out" : [422, 421]
        }
      }
    }
  }
},
"2023-06-22 20:14:07.170 +0000" : {
  "main_scheduler" : {
    "bqs" : {
      "00037" : {
        "mmconts" : [18, 18, 19],
        "acts" : [4, 4],
        "tstate" : { "idle" : 998231, "run" : 1174, "locked" : 0, "mmap" : 24 }
      },
      "00038" : {
        "mmconts" : [17, 18, 19],
        "acts" : [6, 6],
        "tstate" : { "idle" : 997084, "run" : 2277, "locked" : 0, "mmap" : 61 }
      },
      "00039" : {
        "mmconts" : [18, 18, 20],
        "acts" : [7, 7],
        "tstate" : { "idle" : 997566, "run" : 1738, "locked" : 0, "mmap" : 120 }
      },
      "00040" : {
        "mmconts" : [18, 18, 20],
        "acts" : [7, 7],
        "tstate" : { "idle" : 997203, "run" : 2085, "locked" : 0, "mmap" : 139 }
      },
      "00041" : {
        "mmconts" : [17, 18, 19],
        "acts" : [7, 7],
        "tstate" : { "idle" : 997045, "run" : 2213, "locked" : 0, "mmap" : 171 }
      }
    }
  },
  "benchmark_io" : {
    "simple_times" : {
      "mcount" : {
        "mcount" : { "1 -- 2" : 3, "1 -- 1" : 4, "-- 1" : 2 }
      }
    },
    "stream_method" : {
      "conns" : [9, 9],
      "in" : [3294, 3295],
      "out" : [234, 234],
      "mmtasks" : [0, 0, 1],
      "load" : 0.301,
      "mcount" : {
        "mcount" : { "Success" : 9 }
      },
      "http_proto0" : {
        "mcount" : {
          "mcount" : { "OK" : 9 }
        }
      },
      "source_log" : {
        "delta" : [0, 0, 0]
      },
      "loggers" : {
        "brief_logger" : {
          "records" : [9, 9],
          "out" : [483, 483]
        }
      }
    }
  }
},
"2023-06-22 20:14:08.170 +0000" : {
  "main_scheduler" : {
    "bqs" : {
      "00037" : {
        "mmconts" : [16, 16, 18],
        "acts" : [7, 6],
        "tstate" : { "idle" : 998188, "run" : 1933, "locked" : 0, "mmap" : 119 }
      },
      "00038" : {
        "mmconts" : [16, 16, 17],
        "acts" : [3, 2],
        "tstate" : { "idle" : 998378, "run" : 1833, "locked" : 0, "mmap" : 30 }
      },
      "00039" : {
        "mmconts" : [16, 17, 18],
        "acts" : [7, 6],
        "tstate" : { "idle" : 997789, "run" : 2316, "locked" : 0, "mmap" : 137 }
      },
      "00040" : {
        "mmconts" : [16, 17, 18],
        "acts" : [7, 6],
        "tstate" : { "idle" : 997592, "run" : 2473, "locked" : 0, "mmap" : 176 }
      },
      "00041" : {
        "mmconts" : [16, 16, 17],
        "acts" : [4, 3],
        "tstate" : { "idle" : 998190, "run" : 1962, "locked" : 0, "mmap" : 89 }
      }
    }
  },
  "benchmark_io" : {
    "simple_times" : {
      "mcount" : {
        "mcount" : { "1 -- 2" : 2, "1 -- 1" : 5, "-- 1" : 1 }
      }
    },
    "stream_method" : {
      "conns" : [8, 7],
      "in" : [2928, 2927],
      "out" : [208, 207],
      "mmtasks" : [0, 0, 1],
      "load" : 0.337,
      "mcount" : {
        "mcount" : { "Success" : 8 }
      },
      "http_proto0" : {
        "mcount" : {
          "mcount" : { "OK" : 8 }
        }
      },
      "source_log" : {
        "delta" : [0, 0, 0]
      },
      "loggers" : {
        "brief_logger" : {
          "records" : [8, 7],
          "out" : [430, 429]
        }
      }
    }
  }
},
"2023-06-22 20:14:09.170 +0000" : {
  "main_scheduler" : {
    "bqs" : {
      "00037" : {
        "mmconts" : [14, 15, 16],
        "acts" : [7, 6],
        "tstate" : { "idle" : 998005, "run" : 2042, "locked" : 0, "mmap" : 118 }
      },
      "00038" : {
        "mmconts" : [14, 14, 16],
        "acts" : [6, 5],
        "tstate" : { "idle" : 998349, "run" : 1769, "locked" : 0, "mmap" : 45 }
      },
      "00039" : {
        "mmconts" : [14, 15, 16],
        "acts" : [7, 6],
        "tstate" : { "idle" : 998284, "run" : 1757, "locked" : 0, "mmap" : 122 }
      },
      "00040" : {
        "mmconts" : [15, 15, 16],
        "acts" : [4, 3],
        "tstate" : { "idle" : 998976, "run" : 1142, "locked" : 0, "mmap" : 45 }
      },
      "00041" : {
        "mmconts" : [14, 14, 16],
        "acts" : [7, 6],
        "tstate" : { "idle" : 998050, "run" : 1991, "locked" : 0, "mmap" : 122 }
      }
    }
  },
  "benchmark_io" : {
    "simple_times" : {
      "mcount" : {
        "mcount" : { "1 -- 2" : 1, "1 -- 1" : 4, "-- 1" : 4 }
      }
    },
    "stream_method" : {
      "conns" : [9, 8],
      "in" : [3294, 3293],
      "out" : [234, 233],
      "mmtasks" : [0, 0, 1],
      "load" : 0.332,
      "mcount" : {
        "mcount" : { "Success" : 9 }
      },
      "http_proto0" : {
        "mcount" : {
          "mcount" : { "OK" : 9 }
        }
      },
      "source_log" : {
        "delta" : [0, 0, 0]
      },
      "loggers" : {
        "brief_logger" : {
          "records" : [9, 8],
          "out" : [471, 470]
        }
      }
    }
  }
},
"2023-06-22 20:14:10.170 +0000" : {
  "main_scheduler" : {
    "bqs" : {
      "00037" : {
        "mmconts" : [12, 13, 14],
        "acts" : [7, 7],
        "tstate" : { "idle" : 997438, "run" : 2160, "locked" : 0, "mmap" : 112 }
      },
      "00038" : {
        "mmconts" : [12, 13, 14],
        "acts" : [6, 6],
        "tstate" : { "idle" : 997321, "run" : 2323, "locked" : 0, "mmap" : 66 }
      },
      "00039" : {
        "mmconts" : [13, 13, 14],
        "acts" : [4, 4],
        "tstate" : { "idle" : 997718, "run" : 1875, "locked" : 0, "mmap" : 117 }
      },
      "00040" : {
        "mmconts" : [13, 13, 15],
        "acts" : [7, 7],
        "tstate" : { "idle" : 997068, "run" : 2464, "locked" : 0, "mmap" : 178 }
      },
      "00041" : {
        "mmconts" : [12, 12, 14],
        "acts" : [7, 7],
        "tstate" : { "idle" : 997366, "run" : 2213, "locked" : 0, "mmap" : 132 }
      }
    }
  },
  "benchmark_io" : {
    "simple_times" : {
      "mcount" : {
        "mcount" : { "1 -- 2" : 2, "1 -- 1" : 6, "-- 1" : 1 }
      }
    },
    "stream_method" : {
      "conns" : [9, 9],
      "in" : [3294, 3294],
      "out" : [234, 234],
      "mmtasks" : [0, 0, 1],
      "load" : 0.337,
      "mcount" : {
        "mcount" : { "Success" : 9 }
      },
      "http_proto0" : {
        "mcount" : {
          "mcount" : { "OK" : 9 }
        }
      },
      "source_log" : {
        "delta" : [0, 0, 0]
      },
      "loggers" : {
        "brief_logger" : {
          "records" : [9, 9],
          "out" : [484, 484]
        }
      }
    }
  }
},
"2023-06-22 20:14:11.170 +0000" : {
  "main_scheduler" : {
    "bqs" : {
      "00037" : {
        "mmconts" : [11, 11, 12],
        "acts" : [4, 4],
        "tstate" : { "idle" : 998433, "run" : 1449, "locked" : 0, "mmap" : 68 }
      },
      "00038" : {
        "mmconts" : [10, 11, 12],
        "acts" : [6, 6],
        "tstate" : { "idle" : 998264, "run" : 1637, "locked" : 0, "mmap" : 43 }
      },
      "00039" : {
        "mmconts" : [11, 11, 13],
        "acts" : [7, 7],
        "tstate" : { "idle" : 997750, "run" : 2062, "locked" : 0, "mmap" : 129 }
      },
      "00040" : {
        "mmconts" : [11, 11, 13],
        "acts" : [7, 7],
        "tstate" : { "idle" : 998332, "run" : 1471, "locked" : 0, "mmap" : 136 }
      },
      "00041" : {
        "mmconts" : [10, 11, 12],
        "acts" : [7, 7],
        "tstate" : { "idle" : 998243, "run" : 1610, "locked" : 0, "mmap" : 82 }
      }
    }
  },
  "benchmark_io" : {
    "simple_times" : {
      "mcount" : {
        "mcount" : { "1 -- 2" : 1, "1 -- 1" : 4, "-- 1" : 4 }
      }
    },
    "stream_method" : {
      "conns" : [9, 9],
      "in" : [3294, 3294],
      "out" : [234, 234],
      "mmtasks" : [0, 0, 1],
      "load" : 0.325,
      "mcount" : {
        "mcount" : { "Success" : 9 }
      },
      "http_proto0" : {
        "mcount" : {
          "mcount" : { "OK" : 9 }
        }
      },
      "source_log" : {
        "delta" : [0, 0, 0]
      },
      "loggers" : {
        "brief_logger" : {
          "records" : [9, 9],
          "out" : [472, 472]
        }
      }
    }
  }
},
"2023-06-22 20:14:12.170 +0000" : {
  "main_scheduler" : {
    "bqs" : {
      "00037" : {
        "mmconts" : [8, 9, 11],
        "acts" : [10, 9],
        "tstate" : { "idle" : 997781, "run" : 2170, "locked" : 0, "mmap" : 189 }
      },
      "00038" : {
        "mmconts" : [9, 9, 10],
        "acts" : [3, 2],
        "tstate" : { "idle" : 998609, "run" : 1495, "locked" : 0, "mmap" : 42 }
      },
      "00039" : {
        "mmconts" : [9, 9, 11],
        "acts" : [7, 6],
        "tstate" : { "idle" : 998764, "run" : 1254, "locked" : 0, "mmap" : 130 }
      },
      "00040" : {
        "mmconts" : [9, 9, 11],
        "acts" : [7, 6],
        "tstate" : { "idle" : 997860, "run" : 2112, "locked" : 0, "mmap" : 178 }
      },
      "00041" : {
        "mmconts" : [8, 9, 10],
        "acts" : [7, 6],
        "tstate" : { "idle" : 998325, "run" : 1699, "locked" : 0, "mmap" : 129 }
      }
    }
  },
  "benchmark_io" : {
    "simple_times" : {
      "mcount" : {
        "mcount" : { "1 -- 2" : 1, "1 -- 1" : 5, "-- 1" : 4 }
      }
    },
    "stream_method" : {
      "conns" : [10, 9],
      "in" : [3660, 3659],
      "out" : [260, 259],
      "mmtasks" : [0, 0, 1],
      "load" : 0.345,
      "mcount" : {
        "mcount" : { "Success" : 10 }
      },
      "http_proto0" : {
        "mcount" : {
          "mcount" : { "OK" : 10 }
        }
      },
      "source_log" : {
        "delta" : [0, 0, 0]
      },
      "loggers" : {
        "brief_logger" : {
          "records" : [10, 9],
          "out" : [526, 525]
        }
      }
    }
  }
},
"2023-06-22 20:14:13.170 +0000" : {
  "main_scheduler" : {
    "bqs" : {
      "00037" : {
        "mmconts" : [7, 7, 8],
        "acts" : [4, 4],
        "tstate" : { "idle" : 998203, "run" : 1654, "locked" : 0, "mmap" : 88 }
      },
      "00038" : {
        "mmconts" : [7, 7, 9],
        "acts" : [6, 6],
        "tstate" : { "idle" : 997384, "run" : 2401, "locked" : 0, "mmap" : 161 }
      },
      "00039" : {
        "mmconts" : [7, 7, 9],
        "acts" : [7, 7],
        "tstate" : { "idle" : 997312, "run" : 2451, "locked" : 0, "mmap" : 184 }
      },
      "00040" : {
        "mmconts" : [7, 8, 9],
        "acts" : [7, 7],
        "tstate" : { "idle" : 997286, "run" : 2462, "locked" : 0, "mmap" : 199 }
      },
      "00041" : {
        "mmconts" : [6, 7, 8],
        "acts" : [7, 7],
        "tstate" : { "idle" : 997184, "run" : 2584, "locked" : 0, "mmap" : 179 }
      }
    }
  },
  "benchmark_io" : {
    "simple_times" : {
      "mcount" : {
        "mcount" : { "1 -- 2" : 1, "1 -- 1" : 8 }
      }
    },
    "stream_method" : {
      "conns" : [9, 9],
      "in" : [3294, 3294],
      "out" : [234, 234],
      "mmtasks" : [0, 0, 1],
      "load" : 0.354,
      "mcount" : {
        "mcount" : { "Success" : 9 }
      },
      "http_proto0" : {
        "mcount" : {
          "mcount" : { "OK" : 9 }
        }
      },
      "source_log" : {
        "delta" : [0, 0, 0]
      },
      "loggers" : {
        "brief_logger" : {
          "records" : [9, 9],
          "out" : [490, 490]
        }
      }
    }
  }
},
"2023-06-22 20:14:14.170 +0000" : {
  "main_scheduler" : {
    "bqs" : {
      "00037" : {
        "mmconts" : [5, 5, 7],
        "acts" : [7, 6],
        "tstate" : { "idle" : 998257, "run" : 1762, "locked" : 0, "mmap" : 102 }
      },
      "00038" : {
        "mmconts" : [5, 5, 7],
        "acts" : [6, 5],
        "tstate" : { "idle" : 997750, "run" : 2321, "locked" : 0, "mmap" : 51 }
      },
      "00039" : {
        "mmconts" : [5, 6, 7],
        "acts" : [7, 6],
        "tstate" : { "idle" : 997488, "run" : 2458, "locked" : 0, "mmap" : 176 }
      },
      "00040" : {
        "mmconts" : [5, 6, 7],
        "acts" : [7, 6],
        "tstate" : { "idle" : 997394, "run" : 2555, "locked" : 0, "mmap" : 173 }
      },
      "00041" : {
        "mmconts" : [4, 5, 6],
        "acts" : [7, 6],
        "tstate" : { "idle" : 997379, "run" : 2560, "locked" : 0, "mmap" : 183 }
      }
    }
  },
  "benchmark_io" : {
    "simple_times" : {
      "mcount" : {
        "mcount" : { "1 -- 2" : 4, "1 -- 1" : 5, "-- 1" : 1 }
      }
    },
    "stream_method" : {
      "conns" : [10, 9],
      "in" : [3660, 3659],
      "out" : [260, 259],
      "mmtasks" : [0, 0, 1],
      "load" : 0.342,
      "mcount" : {
        "mcount" : { "Success" : 10 }
      },
      "http_proto0" : {
        "mcount" : {
          "mcount" : { "OK" : 10 }
        }
      },
      "source_log" : {
        "delta" : [0, 0, 0]
      },
      "loggers" : {
        "brief_logger" : {
          "records" : [10, 9],
          "out" : [538, 537]
        }
      }
    }
  }
},
"2023-06-22 20:14:15.171 +0000" : {
  "main_scheduler" : {
    "bqs" : {
      "00037" : {
        "mmconts" : [3, 3, 5],
        "acts" : [7, 6],
        "tstate" : { "idle" : 998662, "run" : 1826, "locked" : 0, "mmap" : 126 }
      },
      "00038" : {
        "mmconts" : [3, 3, 5],
        "acts" : [6, 5],
        "tstate" : { "idle" : 998380, "run" : 2172, "locked" : 0, "mmap" : 60 }
      },
      "00039" : {
        "mmconts" : [3, 4, 5],
        "acts" : [7, 6],
        "tstate" : { "idle" : 998124, "run" : 2339, "locked" : 0, "mmap" : 149 }
      },
      "00040" : {
        "mmconts" : [3, 4, 5],
        "acts" : [7, 6],
        "tstate" : { "idle" : 998084, "run" : 2351, "locked" : 0, "mmap" : 177 }
      },
      "00041" : {
        "mmconts" : [2, 3, 4],
        "acts" : [7, 6],
        "tstate" : { "idle" : 997938, "run" : 2490, "locked" : 0, "mmap" : 184 }
      }
    }
  },
  "benchmark_io" : {
    "simple_times" : {
      "mcount" : {
        "mcount" : { "1 -- 2" : 1, "1 -- 1" : 8, "-- 1" : 1 }
      }
    },
    "stream_method" : {
      "conns" : [10, 9],
      "in" : [3660, 3657],
      "out" : [260, 259],
      "mmtasks" : [0, 0, 1],
      "load" : 0.336,
      "mcount" : {
        "mcount" : { "Success" : 10 }
      },
      "http_proto0" : {
        "mcount" : {
          "mcount" : { "OK" : 10 }
        }
      },
      "source_log" : {
        "delta" : [0, 0, 0]
      },
      "loggers" : {
        "brief_logger" : {
          "records" : [10, 9],
          "out" : [535, 534]
        }
      }
    }
  }
},
"2023-06-22 20:14:16.071 +0000" : {
  "main_scheduler" : {
    "bqs" : {
      "00037" : {
        "mmconts" : [1, 1, 3],
        "acts" : [8, 8],
        "tstate" : { "idle" : 897872, "run" : 2129, "locked" : 0, "mmap" : 189 }
      },
      "00038" : {
        "mmconts" : [0, 1, 3],
        "acts" : [7, 7],
        "tstate" : { "idle" : 897890, "run" : 2211, "locked" : 0, "mmap" : 97 }
      },
      "00039" : {
        "mmconts" : [1, 2, 3],
        "acts" : [7, 7],
        "tstate" : { "idle" : 897683, "run" : 2334, "locked" : 0, "mmap" : 182 }
      },
      "00040" : {
        "mmconts" : [1, 2, 3],
        "acts" : [7, 7],
        "tstate" : { "idle" : 897635, "run" : 2369, "locked" : 0, "mmap" : 196 }
      },
      "00041" : {
        "mmconts" : [1, 1, 2],
        "acts" : [4, 4],
        "tstate" : { "idle" : 898352, "run" : 1781, "locked" : 0, "mmap" : 68 }
      }
    }
  },
  "benchmark_io" : {
    "simple_times" : {
      "mcount" : {
        "mcount" : { "2 -- 4" : 1, "1 -- 2" : 3, "1 -- 1" : 5 }
      }
    },
    "stream_method" : {
      "conns" : [9, 9],
      "in" : [3294, 3659],
      "out" : [234, 259],
      "mmtasks" : [0, 0, 1],
      "load" : 0.295,
      "mcount" : {
        "mcount" : { "Success" : 9 }
      },
      "http_proto0" : {
        "mcount" : {
          "mcount" : { "OK" : 9 }
        }
      },
      "source_log" : {
        "delta" : [0, 0, 0]
      },
      "loggers" : {
        "brief_logger" : {
          "records" : [9, 9],
          "out" : [488, 542]
        }
      }
    }
  }
}