2023-06-22 20:13:16,134 [INFO] root tankworker.py:153	Log file created
2023-06-22 20:13:16,134 [INFO] root tankworker.py:157	Logging handler <FileHandler /var/loadtest/tank_errors.log (WARNING)> added
2023-06-22 20:13:16,134 [INFO] root tankworker.py:157	Logging handler <StreamHandler <stdout> (INFO)> added
2023-06-22 20:13:16,134 [INFO] root tankworker.py:157	Logging handler <StreamHandler <stderr> (NOTSET)> added
2023-06-22 20:13:16,142 [INFO] root tankworker.py:69	Created a folder for the test. /var/loadtest/logs/2023-06-22_20-13-16.114990
2023-06-22 20:13:16,143 [INFO] yandextank.core.tankcore tankcore.py:254	Configuring plugins...
2023-06-22 20:13:16,143 [INFO] yandextank.core.tankcore tankcore.py:205	Loading plugins...
2023-06-22 20:13:16,143 [INFO] yandextank.core.tankcore tankcore.py:215	Trying to import module: autostop
2023-06-22 20:13:16,143 [INFO] yandextank.core.tankcore tankcore.py:216	Path: yandextank.plugins.Autostop
2023-06-22 20:13:16,143 [INFO] yandextank.core.tankcore tankcore.py:215	Trying to import module: console
2023-06-22 20:13:16,143 [INFO] yandextank.core.tankcore tankcore.py:216	Path: yandextank.plugins.Console
2023-06-22 20:13:16,144 [INFO] yandextank.core.tankcore tankcore.py:215	Trying to import module: json_report
2023-06-22 20:13:16,144 [INFO] yandextank.core.tankcore tankcore.py:216	Path: yandextank.plugins.JsonReport
2023-06-22 20:13:16,144 [INFO] yandextank.core.tankcore tankcore.py:215	Trying to import module: phantom
2023-06-22 20:13:16,144 [INFO] yandextank.core.tankcore tankcore.py:216	Path: yandextank.plugins.Phantom
2023-06-22 20:13:16,144 [INFO] yandextank.core.tankcore tankcore.py:215	Trying to import module: rcheck
2023-06-22 20:13:16,144 [INFO] yandextank.core.tankcore tankcore.py:216	Path: yandextank.plugins.ResourceCheck
2023-06-22 20:13:16,144 [INFO] yandextank.core.tankcore tankcore.py:215	Trying to import module: shellexec
2023-06-22 20:13:16,144 [INFO] yandextank.core.tankcore tankcore.py:216	Path: yandextank.plugins.ShellExec
2023-06-22 20:13:16,144 [INFO] yandextank.core.tankcore tankcore.py:215	Trying to import module: rcassert
2023-06-22 20:13:16,144 [INFO] yandextank.core.tankcore tankcore.py:216	Path: yandextank.plugins.RCAssert
2023-06-22 20:13:16,147 [INFO] yandextank.common.util util.py:578	Testing connection to resolved address 172.24.0.2 and port 80
2023-06-22 20:13:16,148 [INFO] yandextank.plugins.Phantom.utils utils.py:277	Resolved server into 172.24.0.2:80
2023-06-22 20:13:16,148 [INFO] yandextank.stepper.main main.py:197	Configuring StepperWrapper...
2023-06-22 20:13:16,148 [INFO] yandextank.stepper.main main.py:251	Using cached stpd-file: /var/loadtest/logs/_9076aced7b202675576c8d51436c18ff.stpd
2023-06-22 20:13:16,148 [INFO] yandextank.stepper.main main.py:254	rps_schedule is set. Overriding cached instances param from config: 1000
2023-06-22 20:13:16,150 [INFO] yandextank.core.tankcore tankcore.py:268	Preparing test...
2023-06-22 20:13:16,156 [INFO] yandextank.common.interfaces plugin.py:38	Checking tank resources...
2023-06-22 20:13:16,161 [INFO] yandextank.core.tankcore tankcore.py:278	Starting test...
2023-06-22 20:13:16,162 [INFO] yandextank.aggregator.tank_aggregator tank_aggregator.py:65	using verbose histogram
2023-06-22 20:13:16,164 [INFO] yandextank.core.tankcore tankcore.py:285	Plugin plugin_autostop required 0.000004 seconds to start
2023-06-22 20:13:16,164 [INFO] yandextank.core.tankcore tankcore.py:285	Plugin plugin_console required 0.000003 seconds to start
2023-06-22 20:13:16,164 [INFO] yandextank.core.tankcore tankcore.py:285	Plugin plugin_json_report required 0.000009 seconds to start
2023-06-22 20:13:16,168 [INFO] yandextank.core.tankcore tankcore.py:285	Plugin plugin_phantom required 0.003439 seconds to start
2023-06-22 20:13:16,168 [INFO] yandextank.core.tankcore tankcore.py:285	Plugin plugin_rcheck required 0.000006 seconds to start
2023-06-22 20:13:16,168 [INFO] yandextank.core.tankcore tankcore.py:285	Plugin plugin_shellexec required 0.000006 seconds to start
2023-06-22 20:13:16,168 [INFO] yandextank.core.tankcore tankcore.py:285	Plugin plugin_rcassert required 0.000004 seconds to start
2023-06-22 20:13:16,168 [INFO] yandextank.core.tankcore tankcore.py:294	Waiting for test to finish...
2023-06-22 20:13:16,168 [INFO] yandextank.core.tankcore tankcore.py:295	Artifacts dir: /var/loadtest/logs/2023-06-22_20-13-16.114990
2023-06-22 20:14:16,350 [INFO] yandextank.plugins.Phantom.plugin plugin.py:155	Phantom done its work with exit code: 0
2023-06-22 20:14:16,350 [INFO] yandextank.core.tankcore tankcore.py:331	Finishing test...
2023-06-22 20:14:16,353 [INFO] yandextank.core.tankcore tankcore.py:334	Stopping load generator and aggregator
2023-06-22 20:14:16,353 [INFO] yandextank.aggregator.tank_aggregator tank_aggregator.py:126	Closing stats reader
2023-06-22 20:14:16,353 [INFO] yandextank.aggregator.tank_aggregator tank_aggregator.py:129	Waiting for gun drain to finish
2023-06-22 20:14:16,860 [INFO] yandextank.aggregator.tank_aggregator tank_aggregator.py:131	Waiting for stats drain to finish
2023-06-22 20:14:16,860 [INFO] yandextank.aggregator.tank_aggregator tank_aggregator.py:133	Collecting remaining data
2023-06-22 20:14:16,861 [INFO] yandextank.aggregator.tank_aggregator tank_aggregator.py:111	Timestamps without stats:
2023-06-22 20:14:16,861 [INFO] yandextank.aggregator.tank_aggregator tank_aggregator.py:113	1687464855
2023-06-22 20:14:16,862 [INFO] yandextank.aggregator.tank_aggregator tank_aggregator.py:113	1687464856
2023-06-22 20:14:16,863 [INFO] yandextank.core.tankcore tankcore.py:338	Stopping monitoring
2023-06-22 20:14:16,864 [INFO] yandextank.core.tankcore tankcore.py:361	Post-processing test...
2023-06-22 20:14:16,864 [INFO] yandextank.common.util util.py:816	Trying to clean up
2023-06-22 20:14:16,864 [INFO] yandextank.core.tankcore tankcore.py:562	Cleaning up plugin plugin_autostop
2023-06-22 20:14:16,864 [INFO] yandextank.core.tankcore tankcore.py:562	Cleaning up plugin plugin_console
2023-06-22 20:14:16,864 [INFO] yandextank.core.tankcore tankcore.py:562	Cleaning up plugin plugin_json_report
2023-06-22 20:14:16,864 [INFO] yandextank.core.tankcore tankcore.py:562	Cleaning up plugin plugin_phantom
2023-06-22 20:14:16,864 [INFO] yandextank.core.tankcore tankcore.py:562	Cleaning up plugin plugin_rcheck
2023-06-22 20:14:16,864 [INFO] yandextank.core.tankcore tankcore.py:562	Cleaning up plugin plugin_shellexec
2023-06-22 20:14:16,865 [INFO] yandextank.core.tankcore tankcore.py:562	Cleaning up plugin plugin_rcassert
2023-06-22 20:14:16,865 [INFO] yandextank.core.tankcore tankcore.py:630	Releasing lock: /var/lock/lunapark__xjzdb4u.lock
2023-06-22 20:14:16,866 [INFO] yandextank.core.tankcore tankcore.py:405	Artifacts dir: /var/loadtest/logs/2023-06-22_20-13-16.114990
2023-06-22 20:14:16,866 [INFO] yandextank.core.tankcore tankcore.py:461	File not found to collect: validation_error.yaml
2023-06-22 20:14:16,866 [INFO] yandextank.core.tankcore tankcore.py:466	File already exists: /var/loadtest/logs/2023-06-22_20-13-16.114990/answ_zzy82o0n.log
2023-06-22 20:14:16,866 [INFO] yandextank.core.tankcore tankcore.py:466	File already exists: /var/loadtest/logs/2023-06-22_20-13-16.114990/phout_a_lc5nxj.log
2023-06-22 20:14:16,866 [INFO] yandextank.core.tankcore tankcore.py:466	File already exists: /var/loadtest/logs/2023-06-22_20-13-16.114990/phantom_stat_f0nn6lvi.log
2023-06-22 20:14:16,867 [INFO] yandextank.core.tankcore tankcore.py:466	File already exists: /var/loadtest/logs/2023-06-22_20-13-16.114990/phantom_ay_7dxno.log
2023-06-22 20:14:16,867 [INFO] yandextank.core.tankcore tankcore.py:466	File already exists: /var/loadtest/logs/2023-06-22_20-13-16.114990/phantom_ct97d2ds.conf
2023-06-22 20:14:16,867 [INFO] yandextank.core.tankcore tankcore.py:466	File already exists: /var/loadtest/logs/2023-06-22_20-13-16.114990/phantom_stdout_stderr_z_ieh4eo.log
