2023-06-23 19:14:01,596 [INFO] root tankworker.py:153	Log file created
2023-06-23 19:14:01,596 [INFO] root tankworker.py:157	Logging handler <FileHandler /var/loadtest/tank_errors.log (WARNING)> added
2023-06-23 19:14:01,596 [INFO] root tankworker.py:157	Logging handler <StreamHandler <stdout> (INFO)> added
2023-06-23 19:14:01,596 [INFO] root tankworker.py:157	Logging handler <StreamHandler <stderr> (NOTSET)> added
2023-06-23 19:14:01,607 [INFO] root tankworker.py:69	Created a folder for the test. /var/loadtest/logs/2023-06-23_19-14-01.576445
2023-06-23 19:14:01,608 [INFO] yandextank.core.tankcore tankcore.py:254	Configuring plugins...
2023-06-23 19:14:01,608 [INFO] yandextank.core.tankcore tankcore.py:205	Loading plugins...
2023-06-23 19:14:01,608 [INFO] yandextank.core.tankcore tankcore.py:215	Trying to import module: autostop
2023-06-23 19:14:01,608 [INFO] yandextank.core.tankcore tankcore.py:216	Path: yandextank.plugins.Autostop
2023-06-23 19:14:01,609 [INFO] yandextank.core.tankcore tankcore.py:215	Trying to import module: console
2023-06-23 19:14:01,609 [INFO] yandextank.core.tankcore tankcore.py:216	Path: yandextank.plugins.Console
2023-06-23 19:14:01,609 [INFO] yandextank.core.tankcore tankcore.py:215	Trying to import module: json_report
2023-06-23 19:14:01,609 [INFO] yandextank.core.tankcore tankcore.py:216	Path: yandextank.plugins.JsonReport
2023-06-23 19:14:01,609 [INFO] yandextank.core.tankcore tankcore.py:215	Trying to import module: phantom
2023-06-23 19:14:01,609 [INFO] yandextank.core.tankcore tankcore.py:216	Path: yandextank.plugins.Phantom
2023-06-23 19:14:01,609 [INFO] yandextank.core.tankcore tankcore.py:215	Trying to import module: rcheck
2023-06-23 19:14:01,609 [INFO] yandextank.core.tankcore tankcore.py:216	Path: yandextank.plugins.ResourceCheck
2023-06-23 19:14:01,609 [INFO] yandextank.core.tankcore tankcore.py:215	Trying to import module: shellexec
2023-06-23 19:14:01,610 [INFO] yandextank.core.tankcore tankcore.py:216	Path: yandextank.plugins.ShellExec
2023-06-23 19:14:01,610 [INFO] yandextank.core.tankcore tankcore.py:215	Trying to import module: rcassert
2023-06-23 19:14:01,610 [INFO] yandextank.core.tankcore tankcore.py:216	Path: yandextank.plugins.RCAssert
2023-06-23 19:14:01,613 [INFO] yandextank.common.util util.py:578	Testing connection to resolved address 172.24.0.2 and port 80
2023-06-23 19:14:01,613 [INFO] yandextank.plugins.Phantom.utils utils.py:277	Resolved server into 172.24.0.2:80
2023-06-23 19:14:01,613 [INFO] yandextank.stepper.main main.py:197	Configuring StepperWrapper...
2023-06-23 19:14:01,613 [INFO] yandextank.stepper.main main.py:251	Using cached stpd-file: /var/loadtest/logs/_2d29849af2bafb7a3d9fa7c4448bb742.stpd
2023-06-23 19:14:01,614 [INFO] yandextank.stepper.main main.py:254	rps_schedule is set. Overriding cached instances param from config: 1000
2023-06-23 19:14:01,616 [INFO] yandextank.core.tankcore tankcore.py:268	Preparing test...
2023-06-23 19:14:01,623 [INFO] yandextank.common.interfaces plugin.py:38	Checking tank resources...
2023-06-23 19:14:01,629 [INFO] yandextank.core.tankcore tankcore.py:278	Starting test...
2023-06-23 19:14:01,630 [INFO] yandextank.aggregator.tank_aggregator tank_aggregator.py:65	using verbose histogram
2023-06-23 19:14:01,633 [INFO] yandextank.core.tankcore tankcore.py:285	Plugin plugin_autostop required 0.000005 seconds to start
2023-06-23 19:14:01,633 [INFO] yandextank.core.tankcore tankcore.py:285	Plugin plugin_console required 0.000002 seconds to start
2023-06-23 19:14:01,633 [INFO] yandextank.core.tankcore tankcore.py:285	Plugin plugin_json_report required 0.000003 seconds to start
2023-06-23 19:14:01,637 [INFO] yandextank.core.tankcore tankcore.py:285	Plugin plugin_phantom required 0.003665 seconds to start
2023-06-23 19:14:01,637 [INFO] yandextank.core.tankcore tankcore.py:285	Plugin plugin_rcheck required 0.000007 seconds to start
2023-06-23 19:14:01,637 [INFO] yandextank.core.tankcore tankcore.py:285	Plugin plugin_shellexec required 0.000006 seconds to start
2023-06-23 19:14:01,637 [INFO] yandextank.core.tankcore tankcore.py:285	Plugin plugin_rcassert required 0.000003 seconds to start
2023-06-23 19:14:01,637 [INFO] yandextank.core.tankcore tankcore.py:294	Waiting for test to finish...
2023-06-23 19:14:01,637 [INFO] yandextank.core.tankcore tankcore.py:295	Artifacts dir: /var/loadtest/logs/2023-06-23_19-14-01.576445
2023-06-23 19:16:36,946 [INFO] yandextank.plugins.Phantom.plugin plugin.py:155	Phantom done its work with exit code: 0
2023-06-23 19:16:36,946 [INFO] yandextank.core.tankcore tankcore.py:331	Finishing test...
2023-06-23 19:16:36,947 [INFO] yandextank.core.tankcore tankcore.py:334	Stopping load generator and aggregator
2023-06-23 19:16:36,947 [INFO] yandextank.aggregator.tank_aggregator tank_aggregator.py:126	Closing stats reader
2023-06-23 19:16:36,947 [INFO] yandextank.aggregator.tank_aggregator tank_aggregator.py:129	Waiting for gun drain to finish
2023-06-23 19:16:37,294 [INFO] yandextank.aggregator.tank_aggregator tank_aggregator.py:131	Waiting for stats drain to finish
2023-06-23 19:16:37,360 [INFO] yandextank.aggregator.tank_aggregator tank_aggregator.py:133	Collecting remaining data
2023-06-23 19:16:37,360 [INFO] yandextank.aggregator.tank_aggregator tank_aggregator.py:111	Timestamps without stats:
2023-06-23 19:16:37,360 [INFO] yandextank.aggregator.tank_aggregator tank_aggregator.py:113	1687547795
2023-06-23 19:16:37,362 [INFO] yandextank.aggregator.tank_aggregator tank_aggregator.py:113	1687547796
2023-06-23 19:16:37,363 [INFO] yandextank.core.tankcore tankcore.py:338	Stopping monitoring
2023-06-23 19:16:37,363 [INFO] yandextank.core.tankcore tankcore.py:361	Post-processing test...
2023-06-23 19:16:37,364 [INFO] yandextank.common.util util.py:816	Trying to clean up
2023-06-23 19:16:37,364 [INFO] yandextank.core.tankcore tankcore.py:562	Cleaning up plugin plugin_autostop
2023-06-23 19:16:37,364 [INFO] yandextank.core.tankcore tankcore.py:562	Cleaning up plugin plugin_console
2023-06-23 19:16:37,364 [INFO] yandextank.core.tankcore tankcore.py:562	Cleaning up plugin plugin_json_report
2023-06-23 19:16:37,364 [INFO] yandextank.core.tankcore tankcore.py:562	Cleaning up plugin plugin_phantom
2023-06-23 19:16:37,364 [INFO] yandextank.core.tankcore tankcore.py:562	Cleaning up plugin plugin_rcheck
2023-06-23 19:16:37,364 [INFO] yandextank.core.tankcore tankcore.py:562	Cleaning up plugin plugin_shellexec
2023-06-23 19:16:37,364 [INFO] yandextank.core.tankcore tankcore.py:562	Cleaning up plugin plugin_rcassert
2023-06-23 19:16:37,364 [INFO] yandextank.core.tankcore tankcore.py:630	Releasing lock: /var/lock/lunapark_doc03voo.lock
2023-06-23 19:16:37,366 [INFO] yandextank.core.tankcore tankcore.py:405	Artifacts dir: /var/loadtest/logs/2023-06-23_19-14-01.576445
2023-06-23 19:16:37,366 [INFO] yandextank.core.tankcore tankcore.py:461	File not found to collect: validation_error.yaml
2023-06-23 19:16:37,366 [INFO] yandextank.core.tankcore tankcore.py:466	File already exists: /var/loadtest/logs/2023-06-23_19-14-01.576445/answ_vivwaw2k.log
2023-06-23 19:16:37,366 [INFO] yandextank.core.tankcore tankcore.py:466	File already exists: /var/loadtest/logs/2023-06-23_19-14-01.576445/phout_62jqesll.log
2023-06-23 19:16:37,366 [INFO] yandextank.core.tankcore tankcore.py:466	File already exists: /var/loadtest/logs/2023-06-23_19-14-01.576445/phantom_stat_ib5i1ulo.log
2023-06-23 19:16:37,366 [INFO] yandextank.core.tankcore tankcore.py:466	File already exists: /var/loadtest/logs/2023-06-23_19-14-01.576445/phantom_se6phmgr.log
2023-06-23 19:16:37,366 [INFO] yandextank.core.tankcore tankcore.py:466	File already exists: /var/loadtest/logs/2023-06-23_19-14-01.576445/phantom_o8oog8hm.conf
2023-06-23 19:16:37,366 [INFO] yandextank.core.tankcore tankcore.py:466	File already exists: /var/loadtest/logs/2023-06-23_19-14-01.576445/phantom_stdout_stderr_rr7seq7w.log
