2023-06-22 20:15:06,356 [INFO] root tankworker.py:153	Log file created
2023-06-22 20:15:06,356 [INFO] root tankworker.py:157	Logging handler <FileHandler /var/loadtest/tank_errors.log (WARNING)> added
2023-06-22 20:15:06,356 [INFO] root tankworker.py:157	Logging handler <StreamHandler <stdout> (INFO)> added
2023-06-22 20:15:06,356 [INFO] root tankworker.py:157	Logging handler <StreamHandler <stderr> (NOTSET)> added
2023-06-22 20:15:06,364 [INFO] root tankworker.py:69	Created a folder for the test. /var/loadtest/logs/2023-06-22_20-15-06.337524
2023-06-22 20:15:06,365 [INFO] yandextank.core.tankcore tankcore.py:254	Configuring plugins...
2023-06-22 20:15:06,365 [INFO] yandextank.core.tankcore tankcore.py:205	Loading plugins...
2023-06-22 20:15:06,365 [INFO] yandextank.core.tankcore tankcore.py:215	Trying to import module: autostop
2023-06-22 20:15:06,366 [INFO] yandextank.core.tankcore tankcore.py:216	Path: yandextank.plugins.Autostop
2023-06-22 20:15:06,366 [INFO] yandextank.core.tankcore tankcore.py:215	Trying to import module: console
2023-06-22 20:15:06,366 [INFO] yandextank.core.tankcore tankcore.py:216	Path: yandextank.plugins.Console
2023-06-22 20:15:06,366 [INFO] yandextank.core.tankcore tankcore.py:215	Trying to import module: json_report
2023-06-22 20:15:06,366 [INFO] yandextank.core.tankcore tankcore.py:216	Path: yandextank.plugins.JsonReport
2023-06-22 20:15:06,366 [INFO] yandextank.core.tankcore tankcore.py:215	Trying to import module: phantom
2023-06-22 20:15:06,366 [INFO] yandextank.core.tankcore tankcore.py:216	Path: yandextank.plugins.Phantom
2023-06-22 20:15:06,366 [INFO] yandextank.core.tankcore tankcore.py:215	Trying to import module: rcheck
2023-06-22 20:15:06,366 [INFO] yandextank.core.tankcore tankcore.py:216	Path: yandextank.plugins.ResourceCheck
2023-06-22 20:15:06,367 [INFO] yandextank.core.tankcore tankcore.py:215	Trying to import module: shellexec
2023-06-22 20:15:06,367 [INFO] yandextank.core.tankcore tankcore.py:216	Path: yandextank.plugins.ShellExec
2023-06-22 20:15:06,367 [INFO] yandextank.core.tankcore tankcore.py:215	Trying to import module: rcassert
2023-06-22 20:15:06,367 [INFO] yandextank.core.tankcore tankcore.py:216	Path: yandextank.plugins.RCAssert
2023-06-22 20:15:06,370 [INFO] yandextank.common.util util.py:578	Testing connection to resolved address 172.24.0.2 and port 80
2023-06-22 20:15:06,370 [INFO] yandextank.plugins.Phantom.utils utils.py:277	Resolved server into 172.24.0.2:80
2023-06-22 20:15:06,370 [INFO] yandextank.stepper.main main.py:197	Configuring StepperWrapper...
2023-06-22 20:15:06,370 [INFO] yandextank.stepper.main main.py:336	Making stpd-file: /var/loadtest/logs/_1b3de8c5f15ca64c7b9c8b40e202c45b.stpd
2023-06-22 20:15:06,371 [INFO] yandextank.stepper.config config.py:126	Using UriStyleGenerator ammo reader
2023-06-22 20:15:07,733 [INFO] yandextank.core.tankcore tankcore.py:268	Preparing test...
2023-06-22 20:15:07,739 [INFO] yandextank.common.interfaces plugin.py:38	Checking tank resources...
2023-06-22 20:15:07,744 [INFO] yandextank.core.tankcore tankcore.py:278	Starting test...
2023-06-22 20:15:07,745 [INFO] yandextank.aggregator.tank_aggregator tank_aggregator.py:65	using verbose histogram
2023-06-22 20:15:07,746 [INFO] yandextank.core.tankcore tankcore.py:285	Plugin plugin_autostop required 0.000005 seconds to start
2023-06-22 20:15:07,746 [INFO] yandextank.core.tankcore tankcore.py:285	Plugin plugin_console required 0.000005 seconds to start
2023-06-22 20:15:07,747 [INFO] yandextank.core.tankcore tankcore.py:285	Plugin plugin_json_report required 0.000003 seconds to start
2023-06-22 20:15:07,750 [INFO] yandextank.core.tankcore tankcore.py:285	Plugin plugin_phantom required 0.002973 seconds to start
2023-06-22 20:15:07,750 [INFO] yandextank.core.tankcore tankcore.py:285	Plugin plugin_rcheck required 0.000006 seconds to start
2023-06-22 20:15:07,750 [INFO] yandextank.core.tankcore tankcore.py:285	Plugin plugin_shellexec required 0.000009 seconds to start
2023-06-22 20:15:07,750 [INFO] yandextank.core.tankcore tankcore.py:285	Plugin plugin_rcassert required 0.000002 seconds to start
2023-06-22 20:15:07,751 [INFO] yandextank.core.tankcore tankcore.py:294	Waiting for test to finish...
2023-06-22 20:15:07,751 [INFO] yandextank.core.tankcore tankcore.py:295	Artifacts dir: /var/loadtest/logs/2023-06-22_20-15-06.337524
2023-06-22 20:17:11,749 [INFO] yandextank.plugins.Phantom.plugin plugin.py:155	Phantom done its work with exit code: 0
2023-06-22 20:17:11,750 [INFO] yandextank.core.tankcore tankcore.py:331	Finishing test...
2023-06-22 20:17:11,751 [INFO] yandextank.core.tankcore tankcore.py:334	Stopping load generator and aggregator
2023-06-22 20:17:11,751 [INFO] yandextank.aggregator.tank_aggregator tank_aggregator.py:126	Closing stats reader
2023-06-22 20:17:11,751 [INFO] yandextank.aggregator.tank_aggregator tank_aggregator.py:129	Waiting for gun drain to finish
2023-06-22 20:17:12,037 [INFO] yandextank.aggregator.tank_aggregator tank_aggregator.py:131	Waiting for stats drain to finish
2023-06-22 20:17:12,368 [INFO] yandextank.aggregator.tank_aggregator tank_aggregator.py:133	Collecting remaining data
2023-06-22 20:17:12,370 [INFO] yandextank.aggregator.tank_aggregator tank_aggregator.py:111	Timestamps without stats:
2023-06-22 20:17:12,370 [INFO] yandextank.aggregator.tank_aggregator tank_aggregator.py:113	1687465030
2023-06-22 20:17:12,372 [INFO] yandextank.aggregator.tank_aggregator tank_aggregator.py:113	1687465031
2023-06-22 20:17:12,373 [INFO] yandextank.core.tankcore tankcore.py:338	Stopping monitoring
2023-06-22 20:17:12,374 [INFO] yandextank.core.tankcore tankcore.py:361	Post-processing test...
2023-06-22 20:17:12,374 [INFO] yandextank.common.util util.py:816	Trying to clean up
2023-06-22 20:17:12,374 [INFO] yandextank.core.tankcore tankcore.py:562	Cleaning up plugin plugin_autostop
2023-06-22 20:17:12,374 [INFO] yandextank.core.tankcore tankcore.py:562	Cleaning up plugin plugin_console
2023-06-22 20:17:12,374 [INFO] yandextank.core.tankcore tankcore.py:562	Cleaning up plugin plugin_json_report
2023-06-22 20:17:12,375 [INFO] yandextank.core.tankcore tankcore.py:562	Cleaning up plugin plugin_phantom
2023-06-22 20:17:12,375 [INFO] yandextank.core.tankcore tankcore.py:562	Cleaning up plugin plugin_rcheck
2023-06-22 20:17:12,375 [INFO] yandextank.core.tankcore tankcore.py:562	Cleaning up plugin plugin_shellexec
2023-06-22 20:17:12,375 [INFO] yandextank.core.tankcore tankcore.py:562	Cleaning up plugin plugin_rcassert
2023-06-22 20:17:12,375 [INFO] yandextank.core.tankcore tankcore.py:630	Releasing lock: /var/lock/lunapark_fys9norb.lock
2023-06-22 20:17:12,376 [INFO] yandextank.core.tankcore tankcore.py:405	Artifacts dir: /var/loadtest/logs/2023-06-22_20-15-06.337524
2023-06-22 20:17:12,376 [INFO] yandextank.core.tankcore tankcore.py:461	File not found to collect: validation_error.yaml
2023-06-22 20:17:12,376 [INFO] yandextank.core.tankcore tankcore.py:466	File already exists: /var/loadtest/logs/2023-06-22_20-15-06.337524/answ_zk19ue2z.log
2023-06-22 20:17:12,377 [INFO] yandextank.core.tankcore tankcore.py:466	File already exists: /var/loadtest/logs/2023-06-22_20-15-06.337524/phout_jqcw6bu9.log
2023-06-22 20:17:12,377 [INFO] yandextank.core.tankcore tankcore.py:466	File already exists: /var/loadtest/logs/2023-06-22_20-15-06.337524/phantom_stat_q4h_6jxr.log
2023-06-22 20:17:12,377 [INFO] yandextank.core.tankcore tankcore.py:466	File already exists: /var/loadtest/logs/2023-06-22_20-15-06.337524/phantom_ca2t9yei.log
2023-06-22 20:17:12,377 [INFO] yandextank.core.tankcore tankcore.py:466	File already exists: /var/loadtest/logs/2023-06-22_20-15-06.337524/phantom_39jqms9f.conf
2023-06-22 20:17:12,377 [INFO] yandextank.core.tankcore tankcore.py:466	File already exists: /var/loadtest/logs/2023-06-22_20-15-06.337524/phantom_stdout_stderr_nlm5j1qf.log
